[2025-05-11T02:49:53.649+0700] {local_task_job_runner.py:120} INFO - ::group::Pre task execution logs
[2025-05-11T02:49:53.693+0700] {taskinstance.py:2076} INFO - Dependencies all met for dep_context=non-requeueable deps ti=<TaskInstance: stock_data_ingestion.sensing_data scheduled__2025-05-08T11:00:00+00:00 [queued]>
[2025-05-11T02:49:53.703+0700] {taskinstance.py:2076} INFO - Dependencies all met for dep_context=requeueable deps ti=<TaskInstance: stock_data_ingestion.sensing_data scheduled__2025-05-08T11:00:00+00:00 [queued]>
[2025-05-11T02:49:53.704+0700] {taskinstance.py:2306} INFO - Starting attempt 1 of 2
[2025-05-11T02:49:53.725+0700] {taskinstance.py:2330} INFO - Executing <Task(PythonSensor): sensing_data> on 2025-05-08 11:00:00+00:00
[2025-05-11T02:49:53.735+0700] {standard_task_runner.py:90} INFO - Running: ['***', 'tasks', 'run', 'stock_data_ingestion', 'sensing_data', 'scheduled__2025-05-08T11:00:00+00:00', '--job-id', '18', '--raw', '--subdir', 'DAGS_FOLDER/stock_data_ingestion.py', '--cfg-path', '/tmp/tmp6j3eyux3']
[2025-05-11T02:49:53.738+0700] {standard_task_runner.py:91} INFO - Job 18: Subtask sensing_data
[2025-05-11T02:49:53.741+0700] {logging_mixin.py:188} WARNING - /home/***/.local/lib/python3.12/site-packages/***/task/task_runner/standard_task_runner.py:61 DeprecationWarning: This process (pid=1956) is multi-threaded, use of fork() may lead to deadlocks in the child.
[2025-05-11T02:49:53.743+0700] {standard_task_runner.py:63} INFO - Started process 1965 to run task
[2025-05-11T02:49:53.816+0700] {task_command.py:426} INFO - Running <TaskInstance: stock_data_ingestion.sensing_data scheduled__2025-05-08T11:00:00+00:00 [running]> on host f94ba298fced
[2025-05-11T02:49:53.948+0700] {taskinstance.py:2648} INFO - Exporting env vars: AIRFLOW_CTX_DAG_OWNER='***' AIRFLOW_CTX_DAG_ID='stock_data_ingestion' AIRFLOW_CTX_TASK_ID='sensing_data' AIRFLOW_CTX_EXECUTION_DATE='2025-05-08T11:00:00+00:00' AIRFLOW_CTX_TRY_NUMBER='1' AIRFLOW_CTX_DAG_RUN_ID='scheduled__2025-05-08T11:00:00+00:00'
[2025-05-11T02:49:53.949+0700] {taskinstance.py:430} INFO - ::endgroup::
[2025-05-11T02:49:53.980+0700] {python.py:75} INFO - Poking callable: <function sensing_data at 0x7f951ab1e2a0>
[2025-05-11T02:49:54.010+0700] {base.py:294} INFO - Success criteria met. Exiting.
[2025-05-11T02:49:54.011+0700] {taskinstance.py:441} INFO - ::group::Post task execution logs
[2025-05-11T02:49:54.028+0700] {taskinstance.py:1206} INFO - Marking task as SUCCESS. dag_id=stock_data_ingestion, task_id=sensing_data, run_id=scheduled__2025-05-08T11:00:00+00:00, execution_date=20250508T110000, start_date=20250510T194953, end_date=20250510T194954
[2025-05-11T02:49:54.079+0700] {local_task_job_runner.py:240} INFO - Task exited with return code 0
[2025-05-11T02:49:54.121+0700] {taskinstance.py:3503} INFO - 1 downstream tasks scheduled from follow-on schedule check
[2025-05-11T02:49:54.126+0700] {local_task_job_runner.py:222} INFO - ::endgroup::
[2025-05-11T16:24:01.640+0700] {local_task_job_runner.py:120} INFO - ::group::Pre task execution logs
[2025-05-11T16:24:01.767+0700] {taskinstance.py:2076} INFO - Dependencies all met for dep_context=non-requeueable deps ti=<TaskInstance: stock_data_ingestion.sensing_data scheduled__2025-05-08T11:00:00+00:00 [queued]>
[2025-05-11T16:24:01.795+0700] {taskinstance.py:2076} INFO - Dependencies all met for dep_context=requeueable deps ti=<TaskInstance: stock_data_ingestion.sensing_data scheduled__2025-05-08T11:00:00+00:00 [queued]>
[2025-05-11T16:24:01.796+0700] {taskinstance.py:2306} INFO - Starting attempt 1 of 2
[2025-05-11T16:24:01.840+0700] {taskinstance.py:2330} INFO - Executing <Task(PythonSensor): sensing_data> on 2025-05-08 11:00:00+00:00
[2025-05-11T16:24:01.864+0700] {standard_task_runner.py:90} INFO - Running: ['***', 'tasks', 'run', 'stock_data_ingestion', 'sensing_data', 'scheduled__2025-05-08T11:00:00+00:00', '--job-id', '4', '--raw', '--subdir', 'DAGS_FOLDER/stock_data_ingestion.py', '--cfg-path', '/tmp/tmpl25juhq5']
[2025-05-11T16:24:01.881+0700] {standard_task_runner.py:91} INFO - Job 4: Subtask sensing_data
[2025-05-11T16:24:01.887+0700] {logging_mixin.py:188} WARNING - /home/***/.local/lib/python3.12/site-packages/***/task/task_runner/standard_task_runner.py:61 DeprecationWarning: This process (pid=268) is multi-threaded, use of fork() may lead to deadlocks in the child.
[2025-05-11T16:24:01.889+0700] {standard_task_runner.py:63} INFO - Started process 274 to run task
[2025-05-11T16:24:02.034+0700] {task_command.py:426} INFO - Running <TaskInstance: stock_data_ingestion.sensing_data scheduled__2025-05-08T11:00:00+00:00 [running]> on host 615e6c656dab
[2025-05-11T16:24:02.697+0700] {taskinstance.py:2648} INFO - Exporting env vars: AIRFLOW_CTX_DAG_OWNER='***' AIRFLOW_CTX_DAG_ID='stock_data_ingestion' AIRFLOW_CTX_TASK_ID='sensing_data' AIRFLOW_CTX_EXECUTION_DATE='2025-05-08T11:00:00+00:00' AIRFLOW_CTX_TRY_NUMBER='1' AIRFLOW_CTX_DAG_RUN_ID='scheduled__2025-05-08T11:00:00+00:00'
[2025-05-11T16:24:02.702+0700] {taskinstance.py:430} INFO - ::endgroup::
[2025-05-11T16:24:02.768+0700] {python.py:75} INFO - Poking callable: <function sensing_data at 0x7f3bfcc5b740>
[2025-05-11T16:24:02.819+0700] {base.py:294} INFO - Success criteria met. Exiting.
[2025-05-11T16:24:02.821+0700] {taskinstance.py:441} INFO - ::group::Post task execution logs
[2025-05-11T16:24:02.879+0700] {taskinstance.py:1206} INFO - Marking task as SUCCESS. dag_id=stock_data_ingestion, task_id=sensing_data, run_id=scheduled__2025-05-08T11:00:00+00:00, execution_date=20250508T110000, start_date=20250511T092401, end_date=20250511T092402
[2025-05-11T16:24:02.993+0700] {local_task_job_runner.py:240} INFO - Task exited with return code 0
[2025-05-11T16:24:03.024+0700] {local_task_job_runner.py:222} INFO - ::endgroup::
[2025-05-12T03:25:58.632+0700] {local_task_job_runner.py:120} INFO - ::group::Pre task execution logs
[2025-05-12T03:25:58.717+0700] {taskinstance.py:2076} INFO - Dependencies all met for dep_context=non-requeueable deps ti=<TaskInstance: stock_data_ingestion.sensing_data scheduled__2025-05-08T11:00:00+00:00 [queued]>
[2025-05-12T03:25:58.739+0700] {taskinstance.py:2076} INFO - Dependencies all met for dep_context=requeueable deps ti=<TaskInstance: stock_data_ingestion.sensing_data scheduled__2025-05-08T11:00:00+00:00 [queued]>
[2025-05-12T03:25:58.741+0700] {taskinstance.py:2306} INFO - Starting attempt 1 of 2
[2025-05-12T03:25:58.778+0700] {taskinstance.py:2330} INFO - Executing <Task(PythonSensor): sensing_data> on 2025-05-08 11:00:00+00:00
[2025-05-12T03:25:58.804+0700] {standard_task_runner.py:90} INFO - Running: ['***', 'tasks', 'run', 'stock_data_ingestion', 'sensing_data', 'scheduled__2025-05-08T11:00:00+00:00', '--job-id', '11', '--raw', '--subdir', 'DAGS_FOLDER/stock_data_ingestion.py', '--cfg-path', '/tmp/tmptk8uv8m0']
[2025-05-12T03:25:58.815+0700] {standard_task_runner.py:91} INFO - Job 11: Subtask sensing_data
[2025-05-12T03:25:58.822+0700] {logging_mixin.py:188} WARNING - /home/***/.local/lib/python3.12/site-packages/***/task/task_runner/standard_task_runner.py:61 DeprecationWarning: This process (pid=2585) is multi-threaded, use of fork() may lead to deadlocks in the child.
[2025-05-12T03:25:58.826+0700] {standard_task_runner.py:63} INFO - Started process 2596 to run task
[2025-05-12T03:25:59.031+0700] {task_command.py:426} INFO - Running <TaskInstance: stock_data_ingestion.sensing_data scheduled__2025-05-08T11:00:00+00:00 [running]> on host b08a3a418dc4
[2025-05-12T03:25:59.251+0700] {taskinstance.py:2648} INFO - Exporting env vars: AIRFLOW_CTX_DAG_OWNER='***' AIRFLOW_CTX_DAG_ID='stock_data_ingestion' AIRFLOW_CTX_TASK_ID='sensing_data' AIRFLOW_CTX_EXECUTION_DATE='2025-05-08T11:00:00+00:00' AIRFLOW_CTX_TRY_NUMBER='1' AIRFLOW_CTX_DAG_RUN_ID='scheduled__2025-05-08T11:00:00+00:00'
[2025-05-12T03:25:59.254+0700] {taskinstance.py:430} INFO - ::endgroup::
[2025-05-12T03:25:59.309+0700] {python.py:75} INFO - Poking callable: <function sensing_data at 0x7fd6382aa2a0>
[2025-05-12T03:25:59.428+0700] {base.py:294} INFO - Success criteria met. Exiting.
[2025-05-12T03:25:59.430+0700] {taskinstance.py:441} INFO - ::group::Post task execution logs
[2025-05-12T03:25:59.483+0700] {taskinstance.py:1206} INFO - Marking task as SUCCESS. dag_id=stock_data_ingestion, task_id=sensing_data, run_id=scheduled__2025-05-08T11:00:00+00:00, execution_date=20250508T110000, start_date=20250511T202558, end_date=20250511T202559
[2025-05-12T03:25:59.570+0700] {local_task_job_runner.py:240} INFO - Task exited with return code 0
[2025-05-12T03:25:59.751+0700] {taskinstance.py:3503} INFO - 1 downstream tasks scheduled from follow-on schedule check
[2025-05-12T03:25:59.763+0700] {local_task_job_runner.py:222} INFO - ::endgroup::
[2025-05-12T05:48:35.768+0700] {local_task_job_runner.py:120} INFO - ::group::Pre task execution logs
[2025-05-12T05:48:35.818+0700] {taskinstance.py:2076} INFO - Dependencies all met for dep_context=non-requeueable deps ti=<TaskInstance: stock_data_ingestion.sensing_data scheduled__2025-05-08T11:00:00+00:00 [queued]>
[2025-05-12T05:48:35.830+0700] {taskinstance.py:2076} INFO - Dependencies all met for dep_context=requeueable deps ti=<TaskInstance: stock_data_ingestion.sensing_data scheduled__2025-05-08T11:00:00+00:00 [queued]>
[2025-05-12T05:48:35.831+0700] {taskinstance.py:2306} INFO - Starting attempt 1 of 2
[2025-05-12T05:48:35.851+0700] {taskinstance.py:2330} INFO - Executing <Task(PythonSensor): sensing_data> on 2025-05-08 11:00:00+00:00
[2025-05-12T05:48:35.861+0700] {standard_task_runner.py:90} INFO - Running: ['***', 'tasks', 'run', 'stock_data_ingestion', 'sensing_data', 'scheduled__2025-05-08T11:00:00+00:00', '--job-id', '8', '--raw', '--subdir', 'DAGS_FOLDER/stock_data_ingestion.py', '--cfg-path', '/tmp/tmpoum6cx1l']
[2025-05-12T05:48:35.865+0700] {standard_task_runner.py:91} INFO - Job 8: Subtask sensing_data
[2025-05-12T05:48:35.868+0700] {logging_mixin.py:188} WARNING - /home/***/.local/lib/python3.12/site-packages/***/task/task_runner/standard_task_runner.py:61 DeprecationWarning: This process (pid=425) is multi-threaded, use of fork() may lead to deadlocks in the child.
[2025-05-12T05:48:35.870+0700] {standard_task_runner.py:63} INFO - Started process 427 to run task
[2025-05-12T05:48:35.955+0700] {task_command.py:426} INFO - Running <TaskInstance: stock_data_ingestion.sensing_data scheduled__2025-05-08T11:00:00+00:00 [running]> on host 84b3813fe61b
[2025-05-12T05:48:36.284+0700] {taskinstance.py:2648} INFO - Exporting env vars: AIRFLOW_CTX_DAG_OWNER='***' AIRFLOW_CTX_DAG_ID='stock_data_ingestion' AIRFLOW_CTX_TASK_ID='sensing_data' AIRFLOW_CTX_EXECUTION_DATE='2025-05-08T11:00:00+00:00' AIRFLOW_CTX_TRY_NUMBER='1' AIRFLOW_CTX_DAG_RUN_ID='scheduled__2025-05-08T11:00:00+00:00'
[2025-05-12T05:48:36.286+0700] {taskinstance.py:430} INFO - ::endgroup::
[2025-05-12T05:48:36.318+0700] {python.py:75} INFO - Poking callable: <function sensing_data at 0x7f0f76b7b600>
[2025-05-12T05:48:36.352+0700] {base.py:294} INFO - Success criteria met. Exiting.
[2025-05-12T05:48:36.354+0700] {taskinstance.py:441} INFO - ::group::Post task execution logs
[2025-05-12T05:48:36.371+0700] {taskinstance.py:1206} INFO - Marking task as SUCCESS. dag_id=stock_data_ingestion, task_id=sensing_data, run_id=scheduled__2025-05-08T11:00:00+00:00, execution_date=20250508T110000, start_date=20250511T224835, end_date=20250511T224836
[2025-05-12T05:48:36.407+0700] {local_task_job_runner.py:240} INFO - Task exited with return code 0
[2025-05-12T05:48:36.614+0700] {taskinstance.py:3503} INFO - 1 downstream tasks scheduled from follow-on schedule check
[2025-05-12T05:48:36.621+0700] {local_task_job_runner.py:222} INFO - ::endgroup::
[2025-05-12T15:56:54.136+0700] {local_task_job_runner.py:120} INFO - ::group::Pre task execution logs
[2025-05-12T15:56:54.287+0700] {taskinstance.py:2076} INFO - Dependencies all met for dep_context=non-requeueable deps ti=<TaskInstance: stock_data_ingestion.sensing_data scheduled__2025-05-08T11:00:00+00:00 [queued]>
[2025-05-12T15:56:54.315+0700] {taskinstance.py:2076} INFO - Dependencies all met for dep_context=requeueable deps ti=<TaskInstance: stock_data_ingestion.sensing_data scheduled__2025-05-08T11:00:00+00:00 [queued]>
[2025-05-12T15:56:54.317+0700] {taskinstance.py:2306} INFO - Starting attempt 1 of 2
[2025-05-12T15:56:54.357+0700] {taskinstance.py:2330} INFO - Executing <Task(PythonSensor): sensing_data> on 2025-05-08 11:00:00+00:00
[2025-05-12T15:56:54.378+0700] {standard_task_runner.py:90} INFO - Running: ['***', 'tasks', 'run', 'stock_data_ingestion', 'sensing_data', 'scheduled__2025-05-08T11:00:00+00:00', '--job-id', '6', '--raw', '--subdir', 'DAGS_FOLDER/stock_data_ingestion.py', '--cfg-path', '/tmp/tmp17rl54qc']
[2025-05-12T15:56:54.385+0700] {standard_task_runner.py:91} INFO - Job 6: Subtask sensing_data
[2025-05-12T15:56:54.388+0700] {logging_mixin.py:188} WARNING - /home/***/.local/lib/python3.12/site-packages/***/task/task_runner/standard_task_runner.py:61 DeprecationWarning: This process (pid=2020) is multi-threaded, use of fork() may lead to deadlocks in the child.
[2025-05-12T15:56:54.390+0700] {standard_task_runner.py:63} INFO - Started process 2024 to run task
[2025-05-12T15:56:54.587+0700] {task_command.py:426} INFO - Running <TaskInstance: stock_data_ingestion.sensing_data scheduled__2025-05-08T11:00:00+00:00 [running]> on host 8d034d8013d1
[2025-05-12T15:56:55.355+0700] {taskinstance.py:2648} INFO - Exporting env vars: AIRFLOW_CTX_DAG_OWNER='***' AIRFLOW_CTX_DAG_ID='stock_data_ingestion' AIRFLOW_CTX_TASK_ID='sensing_data' AIRFLOW_CTX_EXECUTION_DATE='2025-05-08T11:00:00+00:00' AIRFLOW_CTX_TRY_NUMBER='1' AIRFLOW_CTX_DAG_RUN_ID='scheduled__2025-05-08T11:00:00+00:00'
[2025-05-12T15:56:55.357+0700] {taskinstance.py:430} INFO - ::endgroup::
[2025-05-12T15:56:55.421+0700] {python.py:75} INFO - Poking callable: <function sensing_data at 0x7fd879437600>
[2025-05-12T15:56:55.479+0700] {base.py:294} INFO - Success criteria met. Exiting.
[2025-05-12T15:56:55.480+0700] {taskinstance.py:441} INFO - ::group::Post task execution logs
[2025-05-12T15:56:55.511+0700] {taskinstance.py:1206} INFO - Marking task as SUCCESS. dag_id=stock_data_ingestion, task_id=sensing_data, run_id=scheduled__2025-05-08T11:00:00+00:00, execution_date=20250508T110000, start_date=20250512T085654, end_date=20250512T085655
[2025-05-12T15:56:55.590+0700] {local_task_job_runner.py:240} INFO - Task exited with return code 0
[2025-05-12T15:56:56.459+0700] {taskinstance.py:3503} INFO - 1 downstream tasks scheduled from follow-on schedule check
[2025-05-12T15:56:56.480+0700] {local_task_job_runner.py:222} INFO - ::endgroup::
