[2025-05-11T03:48:05.475+0700] {local_task_job_runner.py:120} INFO - ::group::Pre task execution logs
[2025-05-11T03:48:05.531+0700] {taskinstance.py:2076} INFO - Dependencies all met for dep_context=non-requeueable deps ti=<TaskInstance: data_transformation.run_dbt_core scheduled__2025-05-09T17:00:00+00:00 [queued]>
[2025-05-11T03:48:05.544+0700] {taskinstance.py:2076} INFO - Dependencies all met for dep_context=requeueable deps ti=<TaskInstance: data_transformation.run_dbt_core scheduled__2025-05-09T17:00:00+00:00 [queued]>
[2025-05-11T03:48:05.545+0700] {taskinstance.py:2306} INFO - Starting attempt 1 of 2
[2025-05-11T03:48:05.568+0700] {taskinstance.py:2330} INFO - Executing <Task(BashOperator): run_dbt_core> on 2025-05-09 17:00:00+00:00
[2025-05-11T03:48:05.573+0700] {standard_task_runner.py:63} INFO - Started process 971 to run task
[2025-05-11T03:48:05.577+0700] {standard_task_runner.py:90} INFO - Running: ['***', 'tasks', 'run', 'data_transformation', 'run_dbt_core', 'scheduled__2025-05-09T17:00:00+00:00', '--job-id', '87', '--raw', '--subdir', 'DAGS_FOLDER/data_transformation.py', '--cfg-path', '/tmp/tmptdckn3l0']
[2025-05-11T03:48:05.580+0700] {standard_task_runner.py:91} INFO - Job 87: Subtask run_dbt_core
[2025-05-11T03:48:05.671+0700] {task_command.py:426} INFO - Running <TaskInstance: data_transformation.run_dbt_core scheduled__2025-05-09T17:00:00+00:00 [running]> on host a61c3a2f78e1
[2025-05-11T03:48:05.984+0700] {taskinstance.py:2648} INFO - Exporting env vars: AIRFLOW_CTX_DAG_OWNER='***' AIRFLOW_CTX_DAG_ID='data_transformation' AIRFLOW_CTX_TASK_ID='run_dbt_core' AIRFLOW_CTX_EXECUTION_DATE='2025-05-09T17:00:00+00:00' AIRFLOW_CTX_TRY_NUMBER='1' AIRFLOW_CTX_DAG_RUN_ID='scheduled__2025-05-09T17:00:00+00:00'
[2025-05-11T03:48:05.985+0700] {taskinstance.py:430} INFO - ::endgroup::
[2025-05-11T03:48:06.002+0700] {subprocess.py:63} INFO - Tmp dir root location: /tmp
[2025-05-11T03:48:06.003+0700] {subprocess.py:75} INFO - Running command: ['/usr/bin/bash', '-c', 'cd /opt/***/dbt && dbt run --profiles-dir /opt/***/dbt --select marts.core --exclude fct_stock_predictions']
[2025-05-11T03:48:06.013+0700] {subprocess.py:86} INFO - Output:
[2025-05-11T03:48:10.271+0700] {subprocess.py:93} INFO - [0m20:48:10  Running with dbt=1.9.4
[2025-05-11T03:48:11.062+0700] {subprocess.py:93} INFO - [0m20:48:11  Registered adapter: postgres=1.9.0
[2025-05-11T03:48:12.679+0700] {subprocess.py:93} INFO - [0m20:48:12  Found 14 models, 3 data tests, 6 sources, 434 macros
[2025-05-11T03:48:12.687+0700] {subprocess.py:93} INFO - [0m20:48:12
[2025-05-11T03:48:12.689+0700] {subprocess.py:93} INFO - [0m20:48:12  Concurrency: 4 threads (target='dev')
[2025-05-11T03:48:12.692+0700] {subprocess.py:93} INFO - [0m20:48:12
[2025-05-11T03:48:13.048+0700] {subprocess.py:93} INFO - [0m20:48:13  1 of 2 START sql table model public_core.dim_companies ......................... [RUN]
[2025-05-11T03:48:13.050+0700] {subprocess.py:93} INFO - [0m20:48:13  2 of 2 START sql table model public_core.fct_daily_stock_metrics ............... [RUN]
[2025-05-11T03:48:17.198+0700] {subprocess.py:93} INFO - [0m20:48:17  1 of 2 OK created sql table model public_core.dim_companies .................... [[32mSELECT 963[0m in 4.14s]
[2025-05-11T03:48:17.427+0700] {subprocess.py:93} INFO - [0m20:48:17  2 of 2 OK created sql table model public_core.fct_daily_stock_metrics .......... [[32mSELECT 701981[0m in 4.37s]
[2025-05-11T03:48:17.466+0700] {subprocess.py:93} INFO - [0m20:48:17
[2025-05-11T03:48:17.468+0700] {subprocess.py:93} INFO - [0m20:48:17  Finished running 2 table models in 0 hours 0 minutes and 4.77 seconds (4.77s).
[2025-05-11T03:48:17.577+0700] {subprocess.py:93} INFO - [0m20:48:17
[2025-05-11T03:48:17.578+0700] {subprocess.py:93} INFO - [0m20:48:17  [32mCompleted successfully[0m
[2025-05-11T03:48:17.580+0700] {subprocess.py:93} INFO - [0m20:48:17
[2025-05-11T03:48:17.581+0700] {subprocess.py:93} INFO - [0m20:48:17  Done. PASS=2 WARN=0 ERROR=0 SKIP=0 TOTAL=2
[2025-05-11T03:48:19.032+0700] {subprocess.py:97} INFO - Command exited with return code 0
[2025-05-11T03:48:19.039+0700] {taskinstance.py:441} INFO - ::group::Post task execution logs
[2025-05-11T03:48:19.074+0700] {taskinstance.py:1206} INFO - Marking task as SUCCESS. dag_id=data_transformation, task_id=run_dbt_core, run_id=scheduled__2025-05-09T17:00:00+00:00, execution_date=20250509T170000, start_date=20250510T204805, end_date=20250510T204819
[2025-05-11T03:48:19.136+0700] {local_task_job_runner.py:240} INFO - Task exited with return code 0
[2025-05-11T03:48:19.167+0700] {taskinstance.py:3503} INFO - 1 downstream tasks scheduled from follow-on schedule check
[2025-05-11T03:48:19.171+0700] {local_task_job_runner.py:222} INFO - ::endgroup::
