[2025-05-11T03:51:04.416+0700] {local_task_job_runner.py:120} INFO - ::group::Pre task execution logs
[2025-05-11T03:51:04.471+0700] {taskinstance.py:2076} INFO - Dependencies all met for dep_context=non-requeueable deps ti=<TaskInstance: bbca_lstm_prediction.feature_engineering scheduled__2025-05-08T11:30:00+00:00 [queued]>
[2025-05-11T03:51:04.485+0700] {taskinstance.py:2076} INFO - Dependencies all met for dep_context=requeueable deps ti=<TaskInstance: bbca_lstm_prediction.feature_engineering scheduled__2025-05-08T11:30:00+00:00 [queued]>
[2025-05-11T03:51:04.485+0700] {taskinstance.py:2306} INFO - Starting attempt 1 of 2
[2025-05-11T03:51:04.511+0700] {taskinstance.py:2330} INFO - Executing <Task(PythonOperator): feature_engineering> on 2025-05-08 11:30:00+00:00
[2025-05-11T03:51:04.528+0700] {standard_task_runner.py:90} INFO - Running: ['***', 'tasks', 'run', 'bbca_lstm_prediction', 'feature_engineering', 'scheduled__2025-05-08T11:30:00+00:00', '--job-id', '98', '--raw', '--subdir', 'DAGS_FOLDER/stock_predictions_bbca.py', '--cfg-path', '/tmp/tmpikrtrnvh']
[2025-05-11T03:51:04.535+0700] {standard_task_runner.py:91} INFO - Job 98: Subtask feature_engineering
[2025-05-11T03:51:04.544+0700] {logging_mixin.py:188} WARNING - /home/***/.local/lib/python3.12/site-packages/***/task/task_runner/standard_task_runner.py:61 DeprecationWarning: This process (pid=1272) is multi-threaded, use of fork() may lead to deadlocks in the child.
[2025-05-11T03:51:04.546+0700] {standard_task_runner.py:63} INFO - Started process 1293 to run task
[2025-05-11T03:51:04.647+0700] {task_command.py:426} INFO - Running <TaskInstance: bbca_lstm_prediction.feature_engineering scheduled__2025-05-08T11:30:00+00:00 [running]> on host a61c3a2f78e1
[2025-05-11T03:51:04.821+0700] {taskinstance.py:2648} INFO - Exporting env vars: AIRFLOW_CTX_DAG_OWNER='***' AIRFLOW_CTX_DAG_ID='bbca_lstm_prediction' AIRFLOW_CTX_TASK_ID='feature_engineering' AIRFLOW_CTX_EXECUTION_DATE='2025-05-08T11:30:00+00:00' AIRFLOW_CTX_TRY_NUMBER='1' AIRFLOW_CTX_DAG_RUN_ID='scheduled__2025-05-08T11:30:00+00:00'
[2025-05-11T03:51:04.823+0700] {taskinstance.py:430} INFO - ::endgroup::
[2025-05-11T03:51:04.936+0700] {logging_mixin.py:188} WARNING - /home/***/.local/lib/python3.12/site-packages/sklearn/preprocessing/_data.py:2829 UserWarning: n_quantiles (1000) is greater than the total number of samples (801). n_quantiles is set to n_samples.
[2025-05-11T03:51:05.410+0700] {logging_mixin.py:188} INFO - ✅ Feature engineering selesai: 30 fitur dipilih dari 42 fitur asli
[2025-05-11T03:51:05.412+0700] {python.py:237} INFO - Done. Returned value was: /opt/***/data/lstm/bbca_processed.csv
[2025-05-11T03:51:05.413+0700] {taskinstance.py:441} INFO - ::group::Post task execution logs
[2025-05-11T03:51:05.459+0700] {taskinstance.py:1206} INFO - Marking task as SUCCESS. dag_id=bbca_lstm_prediction, task_id=feature_engineering, run_id=scheduled__2025-05-08T11:30:00+00:00, execution_date=20250508T113000, start_date=20250510T205104, end_date=20250510T205105
[2025-05-11T03:51:05.526+0700] {local_task_job_runner.py:240} INFO - Task exited with return code 0
[2025-05-11T03:51:05.571+0700] {taskinstance.py:3503} INFO - 1 downstream tasks scheduled from follow-on schedule check
[2025-05-11T03:51:05.574+0700] {local_task_job_runner.py:222} INFO - ::endgroup::
