[2025-05-11T02:36:32.956+0700] {local_task_job_runner.py:120} INFO - ::group::Pre task execution logs
[2025-05-11T02:36:32.998+0700] {taskinstance.py:2076} INFO - Dependencies all met for dep_context=non-requeueable deps ti=<TaskInstance: news_data_ingestion.scrape_detik_news scheduled__2025-05-09T17:00:00+00:00 [queued]>
[2025-05-11T02:36:33.009+0700] {taskinstance.py:2076} INFO - Dependencies all met for dep_context=requeueable deps ti=<TaskInstance: news_data_ingestion.scrape_detik_news scheduled__2025-05-09T17:00:00+00:00 [queued]>
[2025-05-11T02:36:33.010+0700] {taskinstance.py:2306} INFO - Starting attempt 1 of 2
[2025-05-11T02:36:33.032+0700] {taskinstance.py:2330} INFO - Executing <Task(PythonOperator): scrape_detik_news> on 2025-05-09 17:00:00+00:00
[2025-05-11T02:36:33.041+0700] {standard_task_runner.py:90} INFO - Running: ['***', 'tasks', 'run', 'news_data_ingestion', 'scrape_detik_news', 'scheduled__2025-05-09T17:00:00+00:00', '--job-id', '9', '--raw', '--subdir', 'DAGS_FOLDER/news_data_ingestion.py', '--cfg-path', '/tmp/tmpcu7dnpkh']
[2025-05-11T02:36:33.044+0700] {standard_task_runner.py:91} INFO - Job 9: Subtask scrape_detik_news
[2025-05-11T02:36:33.046+0700] {logging_mixin.py:188} WARNING - /home/***/.local/lib/python3.12/site-packages/***/task/task_runner/standard_task_runner.py:61 DeprecationWarning: This process (pid=1213) is multi-threaded, use of fork() may lead to deadlocks in the child.
[2025-05-11T02:36:33.048+0700] {standard_task_runner.py:63} INFO - Started process 1222 to run task
[2025-05-11T02:36:33.125+0700] {task_command.py:426} INFO - Running <TaskInstance: news_data_ingestion.scrape_detik_news scheduled__2025-05-09T17:00:00+00:00 [running]> on host f94ba298fced
[2025-05-11T02:36:33.249+0700] {taskinstance.py:2648} INFO - Exporting env vars: AIRFLOW_CTX_DAG_OWNER='***' AIRFLOW_CTX_DAG_ID='news_data_ingestion' AIRFLOW_CTX_TASK_ID='scrape_detik_news' AIRFLOW_CTX_EXECUTION_DATE='2025-05-09T17:00:00+00:00' AIRFLOW_CTX_TRY_NUMBER='1' AIRFLOW_CTX_DAG_RUN_ID='scheduled__2025-05-09T17:00:00+00:00'
[2025-05-11T02:36:33.251+0700] {taskinstance.py:430} INFO - ::endgroup::
[2025-05-11T02:36:33.266+0700] {logging_mixin.py:188} INFO - Memproses 97 ticker untuk scraping berita
[2025-05-11T02:36:33.267+0700] {logging_mixin.py:188} INFO - Hanya mengambil berita setelah: 2025-05-04
[2025-05-11T02:36:33.268+0700] {logging_mixin.py:188} INFO - Mencari berita untuk: AKRA
[2025-05-11T02:36:33.995+0700] {logging_mixin.py:188} INFO - Ditemukan 10 artikel untuk AKRA
[2025-05-11T02:36:38.168+0700] {logging_mixin.py:188} INFO - Sudah mencapai batas 5 artikel terbaru untuk AKRA
[2025-05-11T02:36:38.169+0700] {logging_mixin.py:188} INFO - Menerima 5 artikel untuk AKRA
[2025-05-11T02:36:41.574+0700] {logging_mixin.py:188} INFO - Mencari berita untuk: AMMN
[2025-05-11T02:36:42.213+0700] {logging_mixin.py:188} INFO - Ditemukan 11 artikel untuk AMMN
[2025-05-11T02:36:43.189+0700] {logging_mixin.py:188} INFO - Sudah mencapai batas 5 artikel terbaru untuk AMMN
[2025-05-11T02:36:43.190+0700] {logging_mixin.py:188} INFO - Menerima 5 artikel untuk AMMN
[2025-05-11T02:36:46.806+0700] {logging_mixin.py:188} INFO - Mencari berita untuk: AMRT
[2025-05-11T02:36:47.582+0700] {logging_mixin.py:188} INFO - Ditemukan 10 artikel untuk AMRT
[2025-05-11T02:36:48.740+0700] {logging_mixin.py:188} INFO - Sudah mencapai batas 5 artikel terbaru untuk AMRT
[2025-05-11T02:36:48.741+0700] {logging_mixin.py:188} INFO - Menerima 5 artikel untuk AMRT
[2025-05-11T02:36:52.259+0700] {logging_mixin.py:188} INFO - Mencari berita untuk: ANTM
[2025-05-11T02:36:53.134+0700] {logging_mixin.py:188} INFO - Ditemukan 11 artikel untuk ANTM
[2025-05-11T02:36:54.390+0700] {logging_mixin.py:188} INFO - Sudah mencapai batas 5 artikel terbaru untuk ANTM
[2025-05-11T02:36:54.391+0700] {logging_mixin.py:188} INFO - Menerima 5 artikel untuk ANTM
[2025-05-11T02:37:00.805+0700] {logging_mixin.py:188} INFO - Mencari berita untuk: ARTO
[2025-05-11T02:37:01.564+0700] {logging_mixin.py:188} INFO - Ditemukan 10 artikel untuk ARTO
[2025-05-11T02:37:05.913+0700] {logging_mixin.py:188} INFO - Sudah mencapai batas 5 artikel terbaru untuk ARTO
[2025-05-11T02:37:05.914+0700] {logging_mixin.py:188} INFO - Menerima 5 artikel untuk ARTO
[2025-05-11T02:37:09.871+0700] {logging_mixin.py:188} INFO - Mencari berita untuk: ASII
[2025-05-11T02:37:10.551+0700] {logging_mixin.py:188} INFO - Ditemukan 11 artikel untuk ASII
[2025-05-11T02:37:12.246+0700] {logging_mixin.py:188} INFO - Sudah mencapai batas 5 artikel terbaru untuk ASII
[2025-05-11T02:37:12.246+0700] {logging_mixin.py:188} INFO - Menerima 5 artikel untuk ASII
[2025-05-11T02:37:16.307+0700] {logging_mixin.py:188} INFO - Mencari berita untuk: AUTO
[2025-05-11T02:37:17.074+0700] {logging_mixin.py:188} INFO - Ditemukan 10 artikel untuk AUTO
[2025-05-11T02:37:18.531+0700] {logging_mixin.py:188} INFO - Sudah mencapai batas 5 artikel terbaru untuk AUTO
[2025-05-11T02:37:18.532+0700] {logging_mixin.py:188} INFO - Menerima 5 artikel untuk AUTO
[2025-05-11T02:37:22.787+0700] {logging_mixin.py:188} INFO - Mencari berita untuk: AVIA
[2025-05-11T02:37:23.622+0700] {logging_mixin.py:188} INFO - Ditemukan 11 artikel untuk AVIA
[2025-05-11T02:37:25.167+0700] {logging_mixin.py:188} INFO - Sudah mencapai batas 5 artikel terbaru untuk AVIA
[2025-05-11T02:37:25.168+0700] {logging_mixin.py:188} INFO - Menerima 5 artikel untuk AVIA
[2025-05-11T02:37:31.274+0700] {logging_mixin.py:188} INFO - Mencari berita untuk: BBCA
[2025-05-11T02:37:31.968+0700] {logging_mixin.py:188} INFO - Ditemukan 11 artikel untuk BBCA
[2025-05-11T02:37:31.969+0700] {logging_mixin.py:188} INFO - Error parsing tanggal 'Senin, 11 Nov 2024 12:45 WIB': time data '11 Nov 2024 12:45' does not match format '%d %B %Y %H:%M'
[2025-05-11T02:37:33.178+0700] {logging_mixin.py:188} INFO - Error parsing tanggal 'Senin, 29 Jul 2024 08:17 WIB': time data '29 Jul 2024 08:17' does not match format '%d %B %Y %H:%M'
[2025-05-11T02:37:33.888+0700] {logging_mixin.py:188} INFO - Sudah mencapai batas 5 artikel terbaru untuk BBCA
[2025-05-11T02:37:33.889+0700] {logging_mixin.py:188} INFO - Menerima 5 artikel untuk BBCA
[2025-05-11T02:37:39.742+0700] {logging_mixin.py:188} INFO - Mencari berita untuk: BBNI
[2025-05-11T02:37:40.479+0700] {logging_mixin.py:188} INFO - Ditemukan 10 artikel untuk BBNI
[2025-05-11T02:37:41.040+0700] {logging_mixin.py:188} INFO - Error parsing tanggal 'Sabtu, 03 Agu 2024 14:30 WIB': time data '03 Agu 2024 14:30' does not match format '%d %B %Y %H:%M'
[2025-05-11T02:37:41.834+0700] {logging_mixin.py:188} INFO - Sudah mencapai batas 5 artikel terbaru untuk BBNI
[2025-05-11T02:37:41.835+0700] {logging_mixin.py:188} INFO - Menerima 5 artikel untuk BBNI
[2025-05-11T02:37:47.519+0700] {logging_mixin.py:188} INFO - Mencari berita untuk: BBRI
[2025-05-11T02:37:48.231+0700] {logging_mixin.py:188} INFO - Ditemukan 10 artikel untuk BBRI
[2025-05-11T02:37:50.298+0700] {logging_mixin.py:188} INFO - Error parsing tanggal 'Kamis, 24 Apr 2025 13:03 WIB': time data '24 Apr 2025 13:03' does not match format '%d %B %Y %H:%M'
[2025-05-11T02:37:51.404+0700] {logging_mixin.py:188} INFO - Error parsing tanggal 'Senin, 21 Apr 2025 14:05 WIB': time data '21 Apr 2025 14:05' does not match format '%d %B %Y %H:%M'
[2025-05-11T02:37:52.155+0700] {logging_mixin.py:188} INFO - Sudah mencapai batas 5 artikel terbaru untuk BBRI
[2025-05-11T02:37:52.156+0700] {logging_mixin.py:188} INFO - Menerima 5 artikel untuk BBRI
[2025-05-11T02:37:55.394+0700] {logging_mixin.py:188} INFO - Mencari berita untuk: BBTN
[2025-05-11T02:37:56.146+0700] {logging_mixin.py:188} INFO - Ditemukan 11 artikel untuk BBTN
[2025-05-11T02:37:56.928+0700] {logging_mixin.py:188} INFO - Error parsing tanggal 'Kamis, 24 Apr 2025 16:10 WIB': time data '24 Apr 2025 16:10' does not match format '%d %B %Y %H:%M'
[2025-05-11T02:37:57.930+0700] {logging_mixin.py:188} INFO - Sudah mencapai batas 5 artikel terbaru untuk BBTN
[2025-05-11T02:37:57.931+0700] {logging_mixin.py:188} INFO - Menerima 5 artikel untuk BBTN
[2025-05-11T02:38:01.386+0700] {logging_mixin.py:188} INFO - Mencari berita untuk: BBYB
[2025-05-11T02:38:02.122+0700] {logging_mixin.py:188} INFO - Ditemukan 10 artikel untuk BBYB
[2025-05-11T02:38:03.337+0700] {logging_mixin.py:188} INFO - Sudah mencapai batas 5 artikel terbaru untuk BBYB
[2025-05-11T02:38:03.337+0700] {logging_mixin.py:188} INFO - Menerima 5 artikel untuk BBYB
[2025-05-11T02:38:07.242+0700] {logging_mixin.py:188} INFO - Mencari berita untuk: BDKR
[2025-05-11T02:38:07.888+0700] {logging_mixin.py:188} INFO - Ditemukan 10 artikel untuk BDKR
[2025-05-11T02:38:09.791+0700] {logging_mixin.py:188} INFO - Sudah mencapai batas 5 artikel terbaru untuk BDKR
[2025-05-11T02:38:09.792+0700] {logging_mixin.py:188} INFO - Menerima 5 artikel untuk BDKR
[2025-05-11T02:38:15.561+0700] {logging_mixin.py:188} INFO - Mencari berita untuk: BFIN
[2025-05-11T02:38:16.234+0700] {logging_mixin.py:188} INFO - Ditemukan 11 artikel untuk BFIN
[2025-05-11T02:38:17.378+0700] {logging_mixin.py:188} INFO - Sudah mencapai batas 5 artikel terbaru untuk BFIN
[2025-05-11T02:38:17.378+0700] {logging_mixin.py:188} INFO - Menerima 5 artikel untuk BFIN
[2025-05-11T02:38:23.157+0700] {logging_mixin.py:188} INFO - Mencari berita untuk: BMRI
[2025-05-11T02:38:23.949+0700] {logging_mixin.py:188} INFO - Ditemukan 11 artikel untuk BMRI
[2025-05-11T02:38:25.138+0700] {logging_mixin.py:188} INFO - Sudah mencapai batas 5 artikel terbaru untuk BMRI
[2025-05-11T02:38:25.139+0700] {logging_mixin.py:188} INFO - Menerima 5 artikel untuk BMRI
[2025-05-11T02:38:32.103+0700] {logging_mixin.py:188} INFO - Mencari berita untuk: BMTR
[2025-05-11T02:38:32.823+0700] {logging_mixin.py:188} INFO - Ditemukan 10 artikel untuk BMTR
[2025-05-11T02:38:33.835+0700] {logging_mixin.py:188} INFO - Sudah mencapai batas 5 artikel terbaru untuk BMTR
[2025-05-11T02:38:33.836+0700] {logging_mixin.py:188} INFO - Menerima 5 artikel untuk BMTR
[2025-05-11T02:38:40.324+0700] {logging_mixin.py:188} INFO - Mencari berita untuk: BNGA
[2025-05-11T02:38:41.061+0700] {logging_mixin.py:188} INFO - Ditemukan 11 artikel untuk BNGA
[2025-05-11T02:38:41.965+0700] {logging_mixin.py:188} INFO - Sudah mencapai batas 5 artikel terbaru untuk BNGA
[2025-05-11T02:38:41.966+0700] {logging_mixin.py:188} INFO - Menerima 5 artikel untuk BNGA
[2025-05-11T02:38:47.678+0700] {logging_mixin.py:188} INFO - Mencari berita untuk: BRIS
[2025-05-11T02:38:48.307+0700] {logging_mixin.py:188} INFO - Ditemukan 10 artikel untuk BRIS
[2025-05-11T02:38:48.490+0700] {logging_mixin.py:188} INFO - Error parsing tanggal 'Sabtu, 22 Feb 2025 19:04 WIB': time data '22 Feb 2025 19:04' does not match format '%d %B %Y %H:%M'
[2025-05-11T02:38:49.817+0700] {logging_mixin.py:188} INFO - Sudah mencapai batas 5 artikel terbaru untuk BRIS
[2025-05-11T02:38:49.818+0700] {logging_mixin.py:188} INFO - Menerima 5 artikel untuk BRIS
[2025-05-11T02:38:53.577+0700] {logging_mixin.py:188} INFO - Mencari berita untuk: BRMS
[2025-05-11T02:38:54.301+0700] {logging_mixin.py:188} INFO - Ditemukan 10 artikel untuk BRMS
[2025-05-11T02:38:55.237+0700] {logging_mixin.py:188} INFO - Sudah mencapai batas 5 artikel terbaru untuk BRMS
[2025-05-11T02:38:55.238+0700] {logging_mixin.py:188} INFO - Menerima 5 artikel untuk BRMS
[2025-05-11T02:39:02.108+0700] {logging_mixin.py:188} INFO - Mencari berita untuk: BRPT
[2025-05-11T02:39:02.872+0700] {logging_mixin.py:188} INFO - Ditemukan 10 artikel untuk BRPT
[2025-05-11T02:39:03.726+0700] {logging_mixin.py:188} INFO - Sudah mencapai batas 5 artikel terbaru untuk BRPT
[2025-05-11T02:39:03.727+0700] {logging_mixin.py:188} INFO - Menerima 5 artikel untuk BRPT
[2025-05-11T02:39:10.583+0700] {logging_mixin.py:188} INFO - Mencari berita untuk: BSDE
[2025-05-11T02:39:11.261+0700] {logging_mixin.py:188} INFO - Ditemukan 10 artikel untuk BSDE
[2025-05-11T02:39:12.388+0700] {logging_mixin.py:188} INFO - Sudah mencapai batas 5 artikel terbaru untuk BSDE
[2025-05-11T02:39:12.389+0700] {logging_mixin.py:188} INFO - Menerima 5 artikel untuk BSDE
[2025-05-11T02:39:18.624+0700] {logging_mixin.py:188} INFO - Mencari berita untuk: BTPS
[2025-05-11T02:39:19.282+0700] {logging_mixin.py:188} INFO - Ditemukan 10 artikel untuk BTPS
[2025-05-11T02:39:20.253+0700] {logging_mixin.py:188} INFO - Sudah mencapai batas 5 artikel terbaru untuk BTPS
[2025-05-11T02:39:20.254+0700] {logging_mixin.py:188} INFO - Menerima 5 artikel untuk BTPS
[2025-05-11T02:39:25.285+0700] {logging_mixin.py:188} INFO - Mencari berita untuk: CMRY
[2025-05-11T02:39:26.159+0700] {logging_mixin.py:188} INFO - Ditemukan 10 artikel untuk CMRY
[2025-05-11T02:39:27.305+0700] {logging_mixin.py:188} INFO - Sudah mencapai batas 5 artikel terbaru untuk CMRY
[2025-05-11T02:39:27.305+0700] {logging_mixin.py:188} INFO - Menerima 5 artikel untuk CMRY
[2025-05-11T02:39:30.495+0700] {logging_mixin.py:188} INFO - Mencari berita untuk: CPIN
[2025-05-11T02:39:31.274+0700] {logging_mixin.py:188} INFO - Ditemukan 11 artikel untuk CPIN
[2025-05-11T02:39:32.214+0700] {logging_mixin.py:188} INFO - Sudah mencapai batas 5 artikel terbaru untuk CPIN
[2025-05-11T02:39:32.214+0700] {logging_mixin.py:188} INFO - Menerima 5 artikel untuk CPIN
[2025-05-11T02:39:38.517+0700] {logging_mixin.py:188} INFO - Mencari berita untuk: CTRA
[2025-05-11T02:39:39.215+0700] {logging_mixin.py:188} INFO - Ditemukan 10 artikel untuk CTRA
[2025-05-11T02:39:41.626+0700] {logging_mixin.py:188} INFO - Sudah mencapai batas 5 artikel terbaru untuk CTRA
[2025-05-11T02:39:41.627+0700] {logging_mixin.py:188} INFO - Menerima 5 artikel untuk CTRA
[2025-05-11T02:39:46.743+0700] {logging_mixin.py:188} INFO - Mencari berita untuk: DEWA
[2025-05-11T02:39:47.531+0700] {logging_mixin.py:188} INFO - Ditemukan 10 artikel untuk DEWA
[2025-05-11T02:39:49.548+0700] {logging_mixin.py:188} INFO - Sudah mencapai batas 5 artikel terbaru untuk DEWA
[2025-05-11T02:39:49.549+0700] {logging_mixin.py:188} INFO - Menerima 5 artikel untuk DEWA
[2025-05-11T02:39:52.558+0700] {logging_mixin.py:188} INFO - Mencari berita untuk: DSNG
[2025-05-11T02:39:53.275+0700] {logging_mixin.py:188} INFO - Ditemukan 10 artikel untuk DSNG
[2025-05-11T02:39:54.211+0700] {logging_mixin.py:188} INFO - Sudah mencapai batas 5 artikel terbaru untuk DSNG
[2025-05-11T02:39:54.212+0700] {logging_mixin.py:188} INFO - Menerima 5 artikel untuk DSNG
[2025-05-11T02:39:58.941+0700] {logging_mixin.py:188} INFO - Mencari berita untuk: ELSA
[2025-05-11T02:39:59.683+0700] {logging_mixin.py:188} INFO - Ditemukan 10 artikel untuk ELSA
[2025-05-11T02:40:00.771+0700] {logging_mixin.py:188} INFO - Sudah mencapai batas 5 artikel terbaru untuk ELSA
[2025-05-11T02:40:00.772+0700] {logging_mixin.py:188} INFO - Menerima 5 artikel untuk ELSA
[2025-05-11T02:40:05.777+0700] {logging_mixin.py:188} INFO - Mencari berita untuk: EMTK
[2025-05-11T02:40:06.524+0700] {logging_mixin.py:188} INFO - Ditemukan 10 artikel untuk EMTK
[2025-05-11T02:40:07.523+0700] {logging_mixin.py:188} INFO - Sudah mencapai batas 5 artikel terbaru untuk EMTK
[2025-05-11T02:40:07.524+0700] {logging_mixin.py:188} INFO - Menerima 5 artikel untuk EMTK
[2025-05-11T02:40:11.931+0700] {logging_mixin.py:188} INFO - Mencari berita untuk: ENRG
[2025-05-11T02:40:12.565+0700] {logging_mixin.py:188} INFO - Ditemukan 10 artikel untuk ENRG
[2025-05-11T02:40:13.634+0700] {logging_mixin.py:188} INFO - Sudah mencapai batas 5 artikel terbaru untuk ENRG
[2025-05-11T02:40:13.634+0700] {logging_mixin.py:188} INFO - Menerima 5 artikel untuk ENRG
[2025-05-11T02:40:19.192+0700] {logging_mixin.py:188} INFO - Mencari berita untuk: ERAA
[2025-05-11T02:40:19.932+0700] {logging_mixin.py:188} INFO - Ditemukan 10 artikel untuk ERAA
[2025-05-11T02:40:20.908+0700] {logging_mixin.py:188} INFO - Sudah mencapai batas 5 artikel terbaru untuk ERAA
[2025-05-11T02:40:20.909+0700] {logging_mixin.py:188} INFO - Menerima 5 artikel untuk ERAA
[2025-05-11T02:40:25.114+0700] {logging_mixin.py:188} INFO - Mencari berita untuk: ESSA
[2025-05-11T02:40:25.811+0700] {logging_mixin.py:188} INFO - Ditemukan 10 artikel untuk ESSA
[2025-05-11T02:40:26.907+0700] {logging_mixin.py:188} INFO - Sudah mencapai batas 5 artikel terbaru untuk ESSA
[2025-05-11T02:40:26.908+0700] {logging_mixin.py:188} INFO - Menerima 5 artikel untuk ESSA
[2025-05-11T02:40:31.568+0700] {logging_mixin.py:188} INFO - Mencari berita untuk: EXCL
[2025-05-11T02:40:32.337+0700] {logging_mixin.py:188} INFO - Ditemukan 10 artikel untuk EXCL
[2025-05-11T02:40:33.249+0700] {logging_mixin.py:188} INFO - Sudah mencapai batas 5 artikel terbaru untuk EXCL
[2025-05-11T02:40:33.250+0700] {logging_mixin.py:188} INFO - Menerima 5 artikel untuk EXCL
[2025-05-11T02:40:38.008+0700] {logging_mixin.py:188} INFO - Mencari berita untuk: FILM
[2025-05-11T02:40:38.776+0700] {logging_mixin.py:188} INFO - Ditemukan 10 artikel untuk FILM
[2025-05-11T02:40:42.639+0700] {logging_mixin.py:188} INFO - Sudah mencapai batas 5 artikel terbaru untuk FILM
[2025-05-11T02:40:42.639+0700] {logging_mixin.py:188} INFO - Menerima 5 artikel untuk FILM
[2025-05-11T02:40:47.940+0700] {logging_mixin.py:188} INFO - Mencari berita untuk: GGRM
[2025-05-11T02:40:48.881+0700] {logging_mixin.py:188} INFO - Ditemukan 10 artikel untuk GGRM
[2025-05-11T02:40:49.871+0700] {logging_mixin.py:188} INFO - Sudah mencapai batas 5 artikel terbaru untuk GGRM
[2025-05-11T02:40:49.872+0700] {logging_mixin.py:188} INFO - Menerima 5 artikel untuk GGRM
[2025-05-11T02:40:56.550+0700] {logging_mixin.py:188} INFO - Mencari berita untuk: GJTL
[2025-05-11T02:40:57.278+0700] {logging_mixin.py:188} INFO - Ditemukan 10 artikel untuk GJTL
[2025-05-11T02:40:58.184+0700] {logging_mixin.py:188} INFO - Sudah mencapai batas 5 artikel terbaru untuk GJTL
[2025-05-11T02:40:58.185+0700] {logging_mixin.py:188} INFO - Menerima 5 artikel untuk GJTL
[2025-05-11T02:41:02.698+0700] {logging_mixin.py:188} INFO - Mencari berita untuk: GOTO
[2025-05-11T02:41:03.442+0700] {logging_mixin.py:188} INFO - Ditemukan 12 artikel untuk GOTO
[2025-05-11T02:41:05.872+0700] {logging_mixin.py:188} INFO - Error parsing tanggal 'Minggu, 15 Okt 2023 16:30 WIB': time data '15 Okt 2023 16:30' does not match format '%d %B %Y %H:%M'
[2025-05-11T02:41:06.899+0700] {logging_mixin.py:188} INFO - Sudah mencapai batas 5 artikel terbaru untuk GOTO
[2025-05-11T02:41:06.899+0700] {logging_mixin.py:188} INFO - Menerima 5 artikel untuk GOTO
[2025-05-11T02:41:13.205+0700] {logging_mixin.py:188} INFO - Mencari berita untuk: HEAL
[2025-05-11T02:41:13.902+0700] {logging_mixin.py:188} INFO - Ditemukan 10 artikel untuk HEAL
[2025-05-11T02:41:15.528+0700] {logging_mixin.py:188} INFO - Sudah mencapai batas 5 artikel terbaru untuk HEAL
[2025-05-11T02:41:15.530+0700] {logging_mixin.py:188} INFO - Menerima 5 artikel untuk HEAL
[2025-05-11T02:41:22.271+0700] {logging_mixin.py:188} INFO - Mencari berita untuk: HMSP
[2025-05-11T02:41:22.922+0700] {logging_mixin.py:188} INFO - Ditemukan 10 artikel untuk HMSP
[2025-05-11T02:41:23.968+0700] {logging_mixin.py:188} INFO - Sudah mencapai batas 5 artikel terbaru untuk HMSP
[2025-05-11T02:41:23.969+0700] {logging_mixin.py:188} INFO - Menerima 5 artikel untuk HMSP
[2025-05-11T02:41:30.060+0700] {logging_mixin.py:188} INFO - Mencari berita untuk: HRUM
[2025-05-11T02:41:30.766+0700] {logging_mixin.py:188} INFO - Ditemukan 11 artikel untuk HRUM
[2025-05-11T02:41:31.648+0700] {logging_mixin.py:188} INFO - Sudah mencapai batas 5 artikel terbaru untuk HRUM
[2025-05-11T02:41:31.649+0700] {logging_mixin.py:188} INFO - Menerima 5 artikel untuk HRUM
[2025-05-11T02:41:36.007+0700] {logging_mixin.py:188} INFO - Mencari berita untuk: ICBP
[2025-05-11T02:41:36.796+0700] {logging_mixin.py:188} INFO - Ditemukan 11 artikel untuk ICBP
[2025-05-11T02:41:37.875+0700] {logging_mixin.py:188} INFO - Sudah mencapai batas 5 artikel terbaru untuk ICBP
[2025-05-11T02:41:37.876+0700] {logging_mixin.py:188} INFO - Menerima 5 artikel untuk ICBP
[2025-05-11T02:41:44.332+0700] {logging_mixin.py:188} INFO - Mencari berita untuk: INCO
[2025-05-11T02:41:45.111+0700] {logging_mixin.py:188} INFO - Ditemukan 10 artikel untuk INCO
[2025-05-11T02:41:46.044+0700] {logging_mixin.py:188} INFO - Sudah mencapai batas 5 artikel terbaru untuk INCO
[2025-05-11T02:41:46.045+0700] {logging_mixin.py:188} INFO - Menerima 5 artikel untuk INCO
[2025-05-11T02:41:52.855+0700] {logging_mixin.py:188} INFO - Mencari berita untuk: INDF
[2025-05-11T02:41:53.643+0700] {logging_mixin.py:188} INFO - Ditemukan 11 artikel untuk INDF
[2025-05-11T02:41:54.582+0700] {logging_mixin.py:188} INFO - Sudah mencapai batas 5 artikel terbaru untuk INDF
[2025-05-11T02:41:54.583+0700] {logging_mixin.py:188} INFO - Menerima 5 artikel untuk INDF
[2025-05-11T02:42:01.325+0700] {logging_mixin.py:188} INFO - Mencari berita untuk: INDY
[2025-05-11T02:42:02.154+0700] {logging_mixin.py:188} INFO - Ditemukan 10 artikel untuk INDY
[2025-05-11T02:42:03.310+0700] {logging_mixin.py:188} INFO - Sudah mencapai batas 5 artikel terbaru untuk INDY
[2025-05-11T02:42:03.311+0700] {logging_mixin.py:188} INFO - Menerima 5 artikel untuk INDY
[2025-05-11T02:42:09.381+0700] {logging_mixin.py:188} INFO - Mencari berita untuk: INET
[2025-05-11T02:42:10.123+0700] {logging_mixin.py:188} INFO - Ditemukan 10 artikel untuk INET
[2025-05-11T02:42:11.086+0700] {logging_mixin.py:188} INFO - Sudah mencapai batas 5 artikel terbaru untuk INET
[2025-05-11T02:42:11.087+0700] {logging_mixin.py:188} INFO - Menerima 5 artikel untuk INET
[2025-05-11T02:42:15.830+0700] {logging_mixin.py:188} INFO - Mencari berita untuk: INKP
[2025-05-11T02:42:16.559+0700] {logging_mixin.py:188} INFO - Ditemukan 10 artikel untuk INKP
[2025-05-11T02:42:17.677+0700] {logging_mixin.py:188} INFO - Sudah mencapai batas 5 artikel terbaru untuk INKP
[2025-05-11T02:42:17.678+0700] {logging_mixin.py:188} INFO - Menerima 5 artikel untuk INKP
[2025-05-11T02:42:22.802+0700] {logging_mixin.py:188} INFO - Mencari berita untuk: INTP
[2025-05-11T02:42:23.411+0700] {logging_mixin.py:188} INFO - Ditemukan 10 artikel untuk INTP
[2025-05-11T02:42:24.417+0700] {logging_mixin.py:188} INFO - Sudah mencapai batas 5 artikel terbaru untuk INTP
[2025-05-11T02:42:24.418+0700] {logging_mixin.py:188} INFO - Menerima 5 artikel untuk INTP
[2025-05-11T02:42:30.332+0700] {logging_mixin.py:188} INFO - Mencari berita untuk: ISAT
[2025-05-11T02:42:31.091+0700] {logging_mixin.py:188} INFO - Ditemukan 10 artikel untuk ISAT
[2025-05-11T02:42:32.232+0700] {logging_mixin.py:188} INFO - Sudah mencapai batas 5 artikel terbaru untuk ISAT
[2025-05-11T02:42:32.233+0700] {logging_mixin.py:188} INFO - Menerima 5 artikel untuk ISAT
[2025-05-11T02:42:37.290+0700] {logging_mixin.py:188} INFO - Mencari berita untuk: ITMG
[2025-05-11T02:42:38.031+0700] {logging_mixin.py:188} INFO - Ditemukan 10 artikel untuk ITMG
[2025-05-11T02:42:40.417+0700] {logging_mixin.py:188} INFO - Sudah mencapai batas 5 artikel terbaru untuk ITMG
[2025-05-11T02:42:40.418+0700] {logging_mixin.py:188} INFO - Menerima 5 artikel untuk ITMG
[2025-05-11T02:42:45.490+0700] {logging_mixin.py:188} INFO - Mencari berita untuk: JPFA
[2025-05-11T02:42:46.891+0700] {logging_mixin.py:188} INFO - Ditemukan 10 artikel untuk JPFA
[2025-05-11T02:42:49.337+0700] {logging_mixin.py:188} INFO - Sudah mencapai batas 5 artikel terbaru untuk JPFA
[2025-05-11T02:42:49.337+0700] {logging_mixin.py:188} INFO - Menerima 5 artikel untuk JPFA
[2025-05-11T02:42:52.887+0700] {logging_mixin.py:188} INFO - Mencari berita untuk: JSMR
[2025-05-11T02:42:53.799+0700] {logging_mixin.py:188} INFO - Ditemukan 11 artikel untuk JSMR
[2025-05-11T02:42:54.745+0700] {logging_mixin.py:188} INFO - Sudah mencapai batas 5 artikel terbaru untuk JSMR
[2025-05-11T02:42:54.746+0700] {logging_mixin.py:188} INFO - Menerima 5 artikel untuk JSMR
[2025-05-11T02:42:59.678+0700] {logging_mixin.py:188} INFO - Mencari berita untuk: KIJA
[2025-05-11T02:43:00.412+0700] {logging_mixin.py:188} INFO - Ditemukan 10 artikel untuk KIJA
[2025-05-11T02:43:01.363+0700] {logging_mixin.py:188} INFO - Sudah mencapai batas 5 artikel terbaru untuk KIJA
[2025-05-11T02:43:01.364+0700] {logging_mixin.py:188} INFO - Menerima 5 artikel untuk KIJA
[2025-05-11T02:43:07.851+0700] {logging_mixin.py:188} INFO - Mencari berita untuk: KLBF
[2025-05-11T02:43:08.536+0700] {logging_mixin.py:188} INFO - Ditemukan 10 artikel untuk KLBF
[2025-05-11T02:43:09.748+0700] {logging_mixin.py:188} INFO - Sudah mencapai batas 5 artikel terbaru untuk KLBF
[2025-05-11T02:43:09.749+0700] {logging_mixin.py:188} INFO - Menerima 5 artikel untuk KLBF
[2025-05-11T02:43:14.398+0700] {logging_mixin.py:188} INFO - Mencari berita untuk: KPIG
[2025-05-11T02:43:15.085+0700] {logging_mixin.py:188} INFO - Ditemukan 10 artikel untuk KPIG
[2025-05-11T02:43:16.038+0700] {logging_mixin.py:188} INFO - Sudah mencapai batas 5 artikel terbaru untuk KPIG
[2025-05-11T02:43:16.039+0700] {logging_mixin.py:188} INFO - Menerima 5 artikel untuk KPIG
[2025-05-11T02:43:20.783+0700] {logging_mixin.py:188} INFO - Mencari berita untuk: LSIP
[2025-05-11T02:43:21.529+0700] {logging_mixin.py:188} INFO - Ditemukan 10 artikel untuk LSIP
[2025-05-11T02:43:22.637+0700] {logging_mixin.py:188} INFO - Sudah mencapai batas 5 artikel terbaru untuk LSIP
[2025-05-11T02:43:22.637+0700] {logging_mixin.py:188} INFO - Menerima 5 artikel untuk LSIP
[2025-05-11T02:43:26.222+0700] {logging_mixin.py:188} INFO - Mencari berita untuk: MAPA
[2025-05-11T02:43:26.984+0700] {logging_mixin.py:188} INFO - Ditemukan 10 artikel untuk MAPA
[2025-05-11T02:43:27.925+0700] {logging_mixin.py:188} INFO - Sudah mencapai batas 5 artikel terbaru untuk MAPA
[2025-05-11T02:43:27.926+0700] {logging_mixin.py:188} INFO - Menerima 5 artikel untuk MAPA
[2025-05-11T02:43:32.255+0700] {logging_mixin.py:188} INFO - Mencari berita untuk: MAPI
[2025-05-11T02:43:32.994+0700] {logging_mixin.py:188} INFO - Ditemukan 10 artikel untuk MAPI
[2025-05-11T02:43:35.856+0700] {logging_mixin.py:188} INFO - Sudah mencapai batas 5 artikel terbaru untuk MAPI
[2025-05-11T02:43:35.857+0700] {logging_mixin.py:188} INFO - Menerima 5 artikel untuk MAPI
[2025-05-11T02:43:40.531+0700] {logging_mixin.py:188} INFO - Mencari berita untuk: MARK
[2025-05-11T02:43:41.209+0700] {logging_mixin.py:188} INFO - Ditemukan 11 artikel untuk MARK
[2025-05-11T02:43:43.551+0700] {logging_mixin.py:188} INFO - Sudah mencapai batas 5 artikel terbaru untuk MARK
[2025-05-11T02:43:43.551+0700] {logging_mixin.py:188} INFO - Menerima 5 artikel untuk MARK
[2025-05-11T02:43:47.278+0700] {logging_mixin.py:188} INFO - Mencari berita untuk: MBMA
[2025-05-11T02:43:47.890+0700] {logging_mixin.py:188} INFO - Ditemukan 11 artikel untuk MBMA
[2025-05-11T02:43:48.799+0700] {logging_mixin.py:188} INFO - Sudah mencapai batas 5 artikel terbaru untuk MBMA
[2025-05-11T02:43:48.799+0700] {logging_mixin.py:188} INFO - Menerima 5 artikel untuk MBMA
[2025-05-11T02:43:54.306+0700] {logging_mixin.py:188} INFO - Mencari berita untuk: MDKA
[2025-05-11T02:43:55.076+0700] {logging_mixin.py:188} INFO - Ditemukan 11 artikel untuk MDKA
[2025-05-11T02:43:56.174+0700] {logging_mixin.py:188} INFO - Sudah mencapai batas 5 artikel terbaru untuk MDKA
[2025-05-11T02:43:56.174+0700] {logging_mixin.py:188} INFO - Menerima 5 artikel untuk MDKA
[2025-05-11T02:44:00.822+0700] {logging_mixin.py:188} INFO - Mencari berita untuk: MEDC
[2025-05-11T02:44:01.602+0700] {logging_mixin.py:188} INFO - Ditemukan 10 artikel untuk MEDC
[2025-05-11T02:44:02.589+0700] {logging_mixin.py:188} INFO - Sudah mencapai batas 5 artikel terbaru untuk MEDC
[2025-05-11T02:44:02.590+0700] {logging_mixin.py:188} INFO - Menerima 5 artikel untuk MEDC
[2025-05-11T02:44:06.889+0700] {logging_mixin.py:188} INFO - Mencari berita untuk: MIDI
[2025-05-11T02:44:07.614+0700] {logging_mixin.py:188} INFO - Ditemukan 10 artikel untuk MIDI
[2025-05-11T02:44:09.922+0700] {logging_mixin.py:188} INFO - Sudah mencapai batas 5 artikel terbaru untuk MIDI
[2025-05-11T02:44:09.923+0700] {logging_mixin.py:188} INFO - Menerima 5 artikel untuk MIDI
[2025-05-11T02:44:15.590+0700] {logging_mixin.py:188} INFO - Mencari berita untuk: MIKA
[2025-05-11T02:44:16.314+0700] {logging_mixin.py:188} INFO - Ditemukan 11 artikel untuk MIKA
[2025-05-11T02:44:17.374+0700] {logging_mixin.py:188} INFO - Sudah mencapai batas 5 artikel terbaru untuk MIKA
[2025-05-11T02:44:17.375+0700] {logging_mixin.py:188} INFO - Menerima 5 artikel untuk MIKA
[2025-05-11T02:44:24.322+0700] {logging_mixin.py:188} INFO - Mencari berita untuk: MNCN
[2025-05-11T02:44:25.060+0700] {logging_mixin.py:188} INFO - Ditemukan 10 artikel untuk MNCN
[2025-05-11T02:44:26.828+0700] {logging_mixin.py:188} INFO - Sudah mencapai batas 5 artikel terbaru untuk MNCN
[2025-05-11T02:44:26.828+0700] {logging_mixin.py:188} INFO - Menerima 5 artikel untuk MNCN
[2025-05-11T02:44:31.536+0700] {logging_mixin.py:188} INFO - Mencari berita untuk: MTEL
[2025-05-11T02:44:32.361+0700] {logging_mixin.py:188} INFO - Ditemukan 10 artikel untuk MTEL
[2025-05-11T02:44:33.312+0700] {logging_mixin.py:188} INFO - Sudah mencapai batas 5 artikel terbaru untuk MTEL
[2025-05-11T02:44:33.313+0700] {logging_mixin.py:188} INFO - Menerima 5 artikel untuk MTEL
[2025-05-11T02:44:40.108+0700] {logging_mixin.py:188} INFO - Mencari berita untuk: MYOR
[2025-05-11T02:44:40.788+0700] {logging_mixin.py:188} INFO - Ditemukan 10 artikel untuk MYOR
[2025-05-11T02:44:41.722+0700] {logging_mixin.py:188} INFO - Sudah mencapai batas 5 artikel terbaru untuk MYOR
[2025-05-11T02:44:41.723+0700] {logging_mixin.py:188} INFO - Menerima 5 artikel untuk MYOR
[2025-05-11T02:44:48.536+0700] {logging_mixin.py:188} INFO - Mencari berita untuk: NCKL
[2025-05-11T02:44:49.101+0700] {logging_mixin.py:188} INFO - Ditemukan 10 artikel untuk NCKL
[2025-05-11T02:44:50.274+0700] {logging_mixin.py:188} INFO - Sudah mencapai batas 5 artikel terbaru untuk NCKL
[2025-05-11T02:44:50.275+0700] {logging_mixin.py:188} INFO - Menerima 5 artikel untuk NCKL
[2025-05-11T02:44:55.574+0700] {logging_mixin.py:188} INFO - Mencari berita untuk: NISP
[2025-05-11T02:44:56.323+0700] {logging_mixin.py:188} INFO - Ditemukan 11 artikel untuk NISP
[2025-05-11T02:44:56.874+0700] {logging_mixin.py:188} INFO - Error parsing tanggal 'Kamis, 20 Mar 2025 13:50 WIB': time data '20 Mar 2025 13:50' does not match format '%d %B %Y %H:%M'
[2025-05-11T02:44:57.890+0700] {logging_mixin.py:188} INFO - Sudah mencapai batas 5 artikel terbaru untuk NISP
[2025-05-11T02:44:57.891+0700] {logging_mixin.py:188} INFO - Menerima 5 artikel untuk NISP
[2025-05-11T02:45:03.184+0700] {logging_mixin.py:188} INFO - Mencari berita untuk: PANI
[2025-05-11T02:45:03.921+0700] {logging_mixin.py:188} INFO - Ditemukan 11 artikel untuk PANI
[2025-05-11T02:45:05.034+0700] {logging_mixin.py:188} INFO - Sudah mencapai batas 5 artikel terbaru untuk PANI
[2025-05-11T02:45:05.035+0700] {logging_mixin.py:188} INFO - Menerima 5 artikel untuk PANI
[2025-05-11T02:45:10.072+0700] {logging_mixin.py:188} INFO - Mencari berita untuk: PGAS
[2025-05-11T02:45:10.787+0700] {logging_mixin.py:188} INFO - Ditemukan 11 artikel untuk PGAS
[2025-05-11T02:45:11.013+0700] {logging_mixin.py:188} INFO - Error parsing tanggal 'Rabu, 23 Apr 2025 12:28 WIB': time data '23 Apr 2025 12:28' does not match format '%d %B %Y %H:%M'
[2025-05-11T02:45:12.311+0700] {logging_mixin.py:188} INFO - Sudah mencapai batas 5 artikel terbaru untuk PGAS
[2025-05-11T02:45:12.312+0700] {logging_mixin.py:188} INFO - Menerima 5 artikel untuk PGAS
[2025-05-11T02:45:17.911+0700] {logging_mixin.py:188} INFO - Mencari berita untuk: PGEO
[2025-05-11T02:45:18.712+0700] {logging_mixin.py:188} INFO - Ditemukan 11 artikel untuk PGEO
[2025-05-11T02:45:18.909+0700] {logging_mixin.py:188} INFO - Error parsing tanggal 'Jumat, 25 Apr 2025 09:20 WIB': time data '25 Apr 2025 09:20' does not match format '%d %B %Y %H:%M'
[2025-05-11T02:45:20.317+0700] {logging_mixin.py:188} INFO - Sudah mencapai batas 5 artikel terbaru untuk PGEO
[2025-05-11T02:45:20.318+0700] {logging_mixin.py:188} INFO - Menerima 5 artikel untuk PGEO
[2025-05-11T02:45:25.549+0700] {logging_mixin.py:188} INFO - Mencari berita untuk: PNLF
[2025-05-11T02:45:26.262+0700] {logging_mixin.py:188} INFO - Ditemukan 10 artikel untuk PNLF
[2025-05-11T02:45:27.186+0700] {logging_mixin.py:188} INFO - Sudah mencapai batas 5 artikel terbaru untuk PNLF
[2025-05-11T02:45:27.186+0700] {logging_mixin.py:188} INFO - Menerima 5 artikel untuk PNLF
[2025-05-11T02:45:32.474+0700] {logging_mixin.py:188} INFO - Mencari berita untuk: PTBA
[2025-05-11T02:45:33.208+0700] {logging_mixin.py:188} INFO - Ditemukan 11 artikel untuk PTBA
[2025-05-11T02:45:34.632+0700] {logging_mixin.py:188} INFO - Sudah mencapai batas 5 artikel terbaru untuk PTBA
[2025-05-11T02:45:34.634+0700] {logging_mixin.py:188} INFO - Menerima 5 artikel untuk PTBA
[2025-05-11T02:45:39.056+0700] {logging_mixin.py:188} INFO - Mencari berita untuk: PTPP
[2025-05-11T02:45:39.930+0700] {logging_mixin.py:188} INFO - Ditemukan 11 artikel untuk PTPP
[2025-05-11T02:45:39.931+0700] {logging_mixin.py:188} INFO - Error parsing tanggal 'Rabu, 30 Apr 2025 22:19 WIB': time data '30 Apr 2025 22:19' does not match format '%d %B %Y %H:%M'
[2025-05-11T02:45:41.501+0700] {logging_mixin.py:188} INFO - Sudah mencapai batas 5 artikel terbaru untuk PTPP
[2025-05-11T02:45:41.501+0700] {logging_mixin.py:188} INFO - Menerima 5 artikel untuk PTPP
[2025-05-11T02:45:44.765+0700] {logging_mixin.py:188} INFO - Mencari berita untuk: PTRO
[2025-05-11T02:45:45.442+0700] {logging_mixin.py:188} INFO - Ditemukan 10 artikel untuk PTRO
[2025-05-11T02:45:46.367+0700] {logging_mixin.py:188} INFO - Sudah mencapai batas 5 artikel terbaru untuk PTRO
[2025-05-11T02:45:46.368+0700] {logging_mixin.py:188} INFO - Menerima 5 artikel untuk PTRO
[2025-05-11T02:45:49.940+0700] {logging_mixin.py:188} INFO - Mencari berita untuk: PWON
[2025-05-11T02:45:50.791+0700] {logging_mixin.py:188} INFO - Ditemukan 10 artikel untuk PWON
[2025-05-11T02:45:51.896+0700] {logging_mixin.py:188} INFO - Sudah mencapai batas 5 artikel terbaru untuk PWON
[2025-05-11T02:45:51.897+0700] {logging_mixin.py:188} INFO - Menerima 5 artikel untuk PWON
[2025-05-11T02:45:55.289+0700] {logging_mixin.py:188} INFO - Mencari berita untuk: RAJA
[2025-05-11T02:45:56.056+0700] {logging_mixin.py:188} INFO - Ditemukan 10 artikel untuk RAJA
[2025-05-11T02:45:59.172+0700] {logging_mixin.py:188} INFO - Sudah mencapai batas 5 artikel terbaru untuk RAJA
[2025-05-11T02:45:59.173+0700] {logging_mixin.py:188} INFO - Menerima 5 artikel untuk RAJA
[2025-05-11T02:46:05.308+0700] {logging_mixin.py:188} INFO - Mencari berita untuk: SCMA
[2025-05-11T02:46:06.081+0700] {logging_mixin.py:188} INFO - Ditemukan 10 artikel untuk SCMA
[2025-05-11T02:46:07.523+0700] {logging_mixin.py:188} INFO - Sudah mencapai batas 5 artikel terbaru untuk SCMA
[2025-05-11T02:46:07.524+0700] {logging_mixin.py:188} INFO - Menerima 5 artikel untuk SCMA
[2025-05-11T02:46:13.489+0700] {logging_mixin.py:188} INFO - Mencari berita untuk: SIDO
[2025-05-11T02:46:14.242+0700] {logging_mixin.py:188} INFO - Ditemukan 11 artikel untuk SIDO
[2025-05-11T02:46:15.216+0700] {logging_mixin.py:188} INFO - Sudah mencapai batas 5 artikel terbaru untuk SIDO
[2025-05-11T02:46:15.217+0700] {logging_mixin.py:188} INFO - Menerima 5 artikel untuk SIDO
[2025-05-11T02:46:19.178+0700] {logging_mixin.py:188} INFO - Mencari berita untuk: SMGR
[2025-05-11T02:46:19.918+0700] {logging_mixin.py:188} INFO - Ditemukan 11 artikel untuk SMGR
[2025-05-11T02:46:21.060+0700] {logging_mixin.py:188} INFO - Sudah mencapai batas 5 artikel terbaru untuk SMGR
[2025-05-11T02:46:21.061+0700] {logging_mixin.py:188} INFO - Menerima 5 artikel untuk SMGR
[2025-05-11T02:46:25.673+0700] {logging_mixin.py:188} INFO - Mencari berita untuk: SMIL
[2025-05-11T02:46:26.424+0700] {logging_mixin.py:188} INFO - Ditemukan 10 artikel untuk SMIL
[2025-05-11T02:46:27.441+0700] {logging_mixin.py:188} INFO - Sudah mencapai batas 5 artikel terbaru untuk SMIL
[2025-05-11T02:46:27.442+0700] {logging_mixin.py:188} INFO - Menerima 5 artikel untuk SMIL
[2025-05-11T02:46:33.611+0700] {logging_mixin.py:188} INFO - Mencari berita untuk: SMRA
[2025-05-11T02:46:34.296+0700] {logging_mixin.py:188} INFO - Ditemukan 10 artikel untuk SMRA
[2025-05-11T02:46:35.195+0700] {logging_mixin.py:188} INFO - Sudah mencapai batas 5 artikel terbaru untuk SMRA
[2025-05-11T02:46:35.196+0700] {logging_mixin.py:188} INFO - Menerima 5 artikel untuk SMRA
[2025-05-11T02:46:40.458+0700] {logging_mixin.py:188} INFO - Mencari berita untuk: SRTG
[2025-05-11T02:46:41.228+0700] {logging_mixin.py:188} INFO - Ditemukan 10 artikel untuk SRTG
[2025-05-11T02:46:42.381+0700] {logging_mixin.py:188} INFO - Sudah mencapai batas 5 artikel terbaru untuk SRTG
[2025-05-11T02:46:42.381+0700] {logging_mixin.py:188} INFO - Menerima 5 artikel untuk SRTG
[2025-05-11T02:46:47.734+0700] {logging_mixin.py:188} INFO - Mencari berita untuk: SSIA
[2025-05-11T02:46:48.502+0700] {logging_mixin.py:188} INFO - Ditemukan 10 artikel untuk SSIA
[2025-05-11T02:46:50.325+0700] {logging_mixin.py:188} INFO - Sudah mencapai batas 5 artikel terbaru untuk SSIA
[2025-05-11T02:46:50.326+0700] {logging_mixin.py:188} INFO - Menerima 5 artikel untuk SSIA
[2025-05-11T02:46:54.716+0700] {logging_mixin.py:188} INFO - Mencari berita untuk: SSMS
[2025-05-11T02:46:55.464+0700] {logging_mixin.py:188} INFO - Ditemukan 10 artikel untuk SSMS
[2025-05-11T02:46:56.505+0700] {logging_mixin.py:188} INFO - Sudah mencapai batas 5 artikel terbaru untuk SSMS
[2025-05-11T02:46:56.506+0700] {logging_mixin.py:188} INFO - Menerima 5 artikel untuk SSMS
[2025-05-11T02:47:01.438+0700] {logging_mixin.py:188} INFO - Mencari berita untuk: SURI
[2025-05-11T02:47:02.187+0700] {logging_mixin.py:188} INFO - Ditemukan 10 artikel untuk SURI
[2025-05-11T02:47:03.700+0700] {logging_mixin.py:188} INFO - Sudah mencapai batas 5 artikel terbaru untuk SURI
[2025-05-11T02:47:03.701+0700] {logging_mixin.py:188} INFO - Menerima 5 artikel untuk SURI
[2025-05-11T02:47:10.599+0700] {logging_mixin.py:188} INFO - Mencari berita untuk: TINS
[2025-05-11T02:47:11.314+0700] {logging_mixin.py:188} INFO - Ditemukan 10 artikel untuk TINS
[2025-05-11T02:47:12.269+0700] {logging_mixin.py:188} INFO - Error parsing tanggal 'Selasa, 11 Mar 2025 14:54 WIB': time data '11 Mar 2025 14:54' does not match format '%d %B %Y %H:%M'
[2025-05-11T02:47:12.905+0700] {logging_mixin.py:188} INFO - Sudah mencapai batas 5 artikel terbaru untuk TINS
[2025-05-11T02:47:12.906+0700] {logging_mixin.py:188} INFO - Menerima 5 artikel untuk TINS
[2025-05-11T02:47:18.793+0700] {logging_mixin.py:188} INFO - Mencari berita untuk: TKIM
[2025-05-11T02:47:19.448+0700] {logging_mixin.py:188} INFO - Ditemukan 10 artikel untuk TKIM
[2025-05-11T02:47:20.345+0700] {logging_mixin.py:188} INFO - Sudah mencapai batas 5 artikel terbaru untuk TKIM
[2025-05-11T02:47:20.346+0700] {logging_mixin.py:188} INFO - Menerima 5 artikel untuk TKIM
[2025-05-11T02:47:26.409+0700] {logging_mixin.py:188} INFO - Mencari berita untuk: TLKM
[2025-05-11T02:47:27.038+0700] {logging_mixin.py:188} INFO - Ditemukan 10 artikel untuk TLKM
[2025-05-11T02:47:27.974+0700] {logging_mixin.py:188} INFO - Sudah mencapai batas 5 artikel terbaru untuk TLKM
[2025-05-11T02:47:27.975+0700] {logging_mixin.py:188} INFO - Menerima 5 artikel untuk TLKM
[2025-05-11T02:47:32.974+0700] {logging_mixin.py:188} INFO - Mencari berita untuk: TOBA
[2025-05-11T02:47:33.916+0700] {logging_mixin.py:188} INFO - Ditemukan 10 artikel untuk TOBA
[2025-05-11T02:47:35.556+0700] {logging_mixin.py:188} INFO - Sudah mencapai batas 5 artikel terbaru untuk TOBA
[2025-05-11T02:47:35.557+0700] {logging_mixin.py:188} INFO - Menerima 5 artikel untuk TOBA
[2025-05-11T02:47:40.881+0700] {logging_mixin.py:188} INFO - Mencari berita untuk: TOWR
[2025-05-11T02:47:41.534+0700] {logging_mixin.py:188} INFO - Ditemukan 11 artikel untuk TOWR
[2025-05-11T02:47:42.678+0700] {logging_mixin.py:188} INFO - Sudah mencapai batas 5 artikel terbaru untuk TOWR
[2025-05-11T02:47:42.679+0700] {logging_mixin.py:188} INFO - Menerima 5 artikel untuk TOWR
[2025-05-11T02:47:46.953+0700] {logging_mixin.py:188} INFO - Mencari berita untuk: TPIA
[2025-05-11T02:47:47.970+0700] {logging_mixin.py:188} INFO - Ditemukan 10 artikel untuk TPIA
[2025-05-11T02:47:49.001+0700] {logging_mixin.py:188} INFO - Sudah mencapai batas 5 artikel terbaru untuk TPIA
[2025-05-11T02:47:49.002+0700] {logging_mixin.py:188} INFO - Menerima 5 artikel untuk TPIA
[2025-05-11T02:47:52.883+0700] {logging_mixin.py:188} INFO - Mencari berita untuk: UNIQ
[2025-05-11T02:47:53.540+0700] {logging_mixin.py:188} INFO - Ditemukan 10 artikel untuk UNIQ
[2025-05-11T02:47:54.421+0700] {logging_mixin.py:188} INFO - Sudah mencapai batas 5 artikel terbaru untuk UNIQ
[2025-05-11T02:47:54.422+0700] {logging_mixin.py:188} INFO - Menerima 5 artikel untuk UNIQ
[2025-05-11T02:47:59.831+0700] {logging_mixin.py:188} INFO - Mencari berita untuk: UNTR
[2025-05-11T02:48:00.651+0700] {logging_mixin.py:188} INFO - Ditemukan 10 artikel untuk UNTR
[2025-05-11T02:48:01.709+0700] {logging_mixin.py:188} INFO - Sudah mencapai batas 5 artikel terbaru untuk UNTR
[2025-05-11T02:48:01.710+0700] {logging_mixin.py:188} INFO - Menerima 5 artikel untuk UNTR
[2025-05-11T02:48:08.312+0700] {logging_mixin.py:188} INFO - Mencari berita untuk: UNVR
[2025-05-11T02:48:09.033+0700] {logging_mixin.py:188} INFO - Ditemukan 10 artikel untuk UNVR
[2025-05-11T02:48:09.034+0700] {logging_mixin.py:188} INFO - Error parsing tanggal 'Jumat, 25 Apr 2025 12:56 WIB': time data '25 Apr 2025 12:56' does not match format '%d %B %Y %H:%M'
[2025-05-11T02:48:10.034+0700] {logging_mixin.py:188} INFO - Error parsing tanggal 'Selasa, 14 Jan 2025 16:49 WIB': time data '14 Jan 2025 16:49' does not match format '%d %B %Y %H:%M'
[2025-05-11T02:48:11.247+0700] {logging_mixin.py:188} INFO - Sudah mencapai batas 5 artikel terbaru untuk UNVR
[2025-05-11T02:48:11.248+0700] {logging_mixin.py:188} INFO - Menerima 5 artikel untuk UNVR
[2025-05-11T02:48:14.913+0700] {logging_mixin.py:188} INFO - Mencari berita untuk: WIFI
[2025-05-11T02:48:15.673+0700] {logging_mixin.py:188} INFO - Ditemukan 10 artikel untuk WIFI
[2025-05-11T02:48:17.594+0700] {logging_mixin.py:188} INFO - Sudah mencapai batas 5 artikel terbaru untuk WIFI
[2025-05-11T02:48:17.595+0700] {logging_mixin.py:188} INFO - Menerima 5 artikel untuk WIFI
[2025-05-11T02:48:22.855+0700] {logging_mixin.py:188} INFO - Berhasil kumpulkan 485 berita untuk 97 ticker
[2025-05-11T02:48:22.860+0700] {python.py:237} INFO - Done. Returned value was: 485
[2025-05-11T02:48:22.861+0700] {taskinstance.py:441} INFO - ::group::Post task execution logs
[2025-05-11T02:48:22.902+0700] {taskinstance.py:1206} INFO - Marking task as SUCCESS. dag_id=news_data_ingestion, task_id=scrape_detik_news, run_id=scheduled__2025-05-09T17:00:00+00:00, execution_date=20250509T170000, start_date=20250510T193632, end_date=20250510T194822
[2025-05-11T02:48:22.960+0700] {local_task_job_runner.py:240} INFO - Task exited with return code 0
[2025-05-11T02:48:22.999+0700] {taskinstance.py:3503} INFO - 1 downstream tasks scheduled from follow-on schedule check
[2025-05-11T02:48:23.006+0700] {local_task_job_runner.py:222} INFO - ::endgroup::
