[2025-05-11T04:31:57.030+0700] {local_task_job_runner.py:120} INFO - ::group::Pre task execution logs
[2025-05-11T04:31:57.079+0700] {taskinstance.py:2076} INFO - Dependencies all met for dep_context=non-requeueable deps ti=<TaskInstance: bbca_lstm_prediction.run_lstm_dbt scheduled__2025-05-08T11:30:00+00:00 [queued]>
[2025-05-11T04:31:57.092+0700] {taskinstance.py:2076} INFO - Dependencies all met for dep_context=requeueable deps ti=<TaskInstance: bbca_lstm_prediction.run_lstm_dbt scheduled__2025-05-08T11:30:00+00:00 [queued]>
[2025-05-11T04:31:57.093+0700] {taskinstance.py:2306} INFO - Starting attempt 12 of 13
[2025-05-11T04:31:57.114+0700] {taskinstance.py:2330} INFO - Executing <Task(BashOperator): run_lstm_dbt> on 2025-05-08 11:30:00+00:00
[2025-05-11T04:31:57.132+0700] {standard_task_runner.py:90} INFO - Running: ['***', 'tasks', 'run', 'bbca_lstm_prediction', 'run_lstm_dbt', 'scheduled__2025-05-08T11:30:00+00:00', '--job-id', '116', '--raw', '--subdir', 'DAGS_FOLDER/stock_predictions_bbca.py', '--cfg-path', '/tmp/tmpiom8ufqk']
[2025-05-11T04:31:57.159+0700] {standard_task_runner.py:91} INFO - Job 116: Subtask run_lstm_dbt
[2025-05-11T04:31:57.176+0700] {logging_mixin.py:188} WARNING - /home/***/.local/lib/python3.12/site-packages/***/task/task_runner/standard_task_runner.py:61 DeprecationWarning: This process (pid=1221) is multi-threaded, use of fork() may lead to deadlocks in the child.
[2025-05-11T04:31:57.178+0700] {standard_task_runner.py:63} INFO - Started process 1249 to run task
[2025-05-11T04:31:57.271+0700] {task_command.py:426} INFO - Running <TaskInstance: bbca_lstm_prediction.run_lstm_dbt scheduled__2025-05-08T11:30:00+00:00 [running]> on host 63831b4a45c6
[2025-05-11T04:31:57.417+0700] {taskinstance.py:2648} INFO - Exporting env vars: AIRFLOW_CTX_DAG_OWNER='***' AIRFLOW_CTX_DAG_ID='bbca_lstm_prediction' AIRFLOW_CTX_TASK_ID='run_lstm_dbt' AIRFLOW_CTX_EXECUTION_DATE='2025-05-08T11:30:00+00:00' AIRFLOW_CTX_TRY_NUMBER='12' AIRFLOW_CTX_DAG_RUN_ID='scheduled__2025-05-08T11:30:00+00:00'
[2025-05-11T04:31:57.419+0700] {taskinstance.py:430} INFO - ::endgroup::
[2025-05-11T04:31:57.438+0700] {subprocess.py:63} INFO - Tmp dir root location: /tmp
[2025-05-11T04:31:57.439+0700] {subprocess.py:75} INFO - Running command: ['/usr/bin/bash', '-c', 'cd /opt/***/dbt && dbt run --profiles-dir /opt/***/dbt --select stg_stock_predictions fct_stock_predictions lstm_performance_metrics stock_prediction_dashboard']
[2025-05-11T04:31:57.455+0700] {subprocess.py:86} INFO - Output:
[2025-05-11T04:32:01.758+0700] {subprocess.py:93} INFO - [0m21:32:01  Running with dbt=1.9.4
[2025-05-11T04:32:02.368+0700] {subprocess.py:93} INFO - [0m21:32:02  Registered adapter: postgres=1.9.0
[2025-05-11T04:32:04.272+0700] {subprocess.py:93} INFO - [0m21:32:04  Found 14 models, 3 data tests, 6 sources, 434 macros
[2025-05-11T04:32:04.279+0700] {subprocess.py:93} INFO - [0m21:32:04
[2025-05-11T04:32:04.281+0700] {subprocess.py:93} INFO - [0m21:32:04  Concurrency: 4 threads (target='dev')
[2025-05-11T04:32:04.283+0700] {subprocess.py:93} INFO - [0m21:32:04
[2025-05-11T04:32:04.572+0700] {subprocess.py:93} INFO - [0m21:32:04  1 of 4 START sql view model public_staging.stg_stock_predictions ............... [RUN]
[2025-05-11T04:32:04.798+0700] {subprocess.py:93} INFO - [0m21:32:04  1 of 4 OK created sql view model public_staging.stg_stock_predictions .......... [[32mCREATE VIEW[0m in 0.22s]
[2025-05-11T04:32:04.804+0700] {subprocess.py:93} INFO - [0m21:32:04  2 of 4 START sql table model public_core.fct_stock_predictions ................. [RUN]
[2025-05-11T04:32:05.414+0700] {subprocess.py:93} INFO - [0m21:32:05  2 of 4 OK created sql table model public_core.fct_stock_predictions ............ [[32mSELECT 1[0m in 0.60s]
[2025-05-11T04:32:05.424+0700] {subprocess.py:93} INFO - [0m21:32:05  3 of 4 START sql table model public_analytics.lstm_performance_metrics ......... [RUN]
[2025-05-11T04:32:05.427+0700] {subprocess.py:93} INFO - [0m21:32:05  4 of 4 START sql table model public_analytics.stock_prediction_dashboard ....... [RUN]
[2025-05-11T04:32:05.660+0700] {subprocess.py:93} INFO - [0m21:32:05  3 of 4 OK created sql table model public_analytics.lstm_performance_metrics .... [[32mSELECT 0[0m in 0.23s]
[2025-05-11T04:32:11.889+0700] {subprocess.py:93} INFO - [0m21:32:11  4 of 4 OK created sql table model public_analytics.stock_prediction_dashboard .. [[32mSELECT 53599[0m in 6.45s]
[2025-05-11T04:32:11.945+0700] {subprocess.py:93} INFO - [0m21:32:11
[2025-05-11T04:32:11.947+0700] {subprocess.py:93} INFO - [0m21:32:11  Finished running 3 table models, 1 view model in 0 hours 0 minutes and 7.66 seconds (7.66s).
[2025-05-11T04:32:12.146+0700] {subprocess.py:93} INFO - [0m21:32:12
[2025-05-11T04:32:12.148+0700] {subprocess.py:93} INFO - [0m21:32:12  [32mCompleted successfully[0m
[2025-05-11T04:32:12.150+0700] {subprocess.py:93} INFO - [0m21:32:12
[2025-05-11T04:32:12.152+0700] {subprocess.py:93} INFO - [0m21:32:12  Done. PASS=4 WARN=0 ERROR=0 SKIP=0 TOTAL=4
[2025-05-11T04:32:13.917+0700] {subprocess.py:97} INFO - Command exited with return code 0
[2025-05-11T04:32:13.918+0700] {taskinstance.py:441} INFO - ::group::Post task execution logs
[2025-05-11T04:32:13.960+0700] {taskinstance.py:1206} INFO - Marking task as SUCCESS. dag_id=bbca_lstm_prediction, task_id=run_lstm_dbt, run_id=scheduled__2025-05-08T11:30:00+00:00, execution_date=20250508T113000, start_date=20250510T213157, end_date=20250510T213213
[2025-05-11T04:32:14.006+0700] {local_task_job_runner.py:240} INFO - Task exited with return code 0
[2025-05-11T04:32:14.027+0700] {taskinstance.py:3503} INFO - 0 downstream tasks scheduled from follow-on schedule check
[2025-05-11T04:32:14.033+0700] {local_task_job_runner.py:222} INFO - ::endgroup::
