[2025-05-11T02:33:11.065+0700] {local_task_job_runner.py:120} INFO - ::group::Pre task execution logs
[2025-05-11T02:33:11.105+0700] {taskinstance.py:2076} INFO - Dependencies all met for dep_context=non-requeueable deps ti=<TaskInstance: bulk_stock_loader.log_import_summary manual__2025-05-10T19:14:26.076860+00:00 [queued]>
[2025-05-11T02:33:11.115+0700] {taskinstance.py:2076} INFO - Dependencies all met for dep_context=requeueable deps ti=<TaskInstance: bulk_stock_loader.log_import_summary manual__2025-05-10T19:14:26.076860+00:00 [queued]>
[2025-05-11T02:33:11.116+0700] {taskinstance.py:2306} INFO - Starting attempt 1 of 2
[2025-05-11T02:33:11.135+0700] {taskinstance.py:2330} INFO - Executing <Task(PythonOperator): log_import_summary> on 2025-05-10 19:14:26.076860+00:00
[2025-05-11T02:33:11.152+0700] {standard_task_runner.py:90} INFO - Running: ['***', 'tasks', 'run', 'bulk_stock_loader', 'log_import_summary', 'manual__2025-05-10T19:14:26.076860+00:00', '--job-id', '5', '--raw', '--subdir', 'DAGS_FOLDER/bulk_load_all_excel.py', '--cfg-path', '/tmp/tmpzbriqlze']
[2025-05-11T02:33:11.156+0700] {standard_task_runner.py:91} INFO - Job 5: Subtask log_import_summary
[2025-05-11T02:33:11.160+0700] {logging_mixin.py:188} WARNING - /home/***/.local/lib/python3.12/site-packages/***/task/task_runner/standard_task_runner.py:61 DeprecationWarning: This process (pid=1001) is multi-threaded, use of fork() may lead to deadlocks in the child.
[2025-05-11T02:33:11.161+0700] {standard_task_runner.py:63} INFO - Started process 1010 to run task
[2025-05-11T02:33:11.227+0700] {task_command.py:426} INFO - Running <TaskInstance: bulk_stock_loader.log_import_summary manual__2025-05-10T19:14:26.076860+00:00 [running]> on host f94ba298fced
[2025-05-11T02:33:11.349+0700] {taskinstance.py:2648} INFO - Exporting env vars: AIRFLOW_CTX_DAG_OWNER='***' AIRFLOW_CTX_DAG_ID='bulk_stock_loader' AIRFLOW_CTX_TASK_ID='log_import_summary' AIRFLOW_CTX_EXECUTION_DATE='2025-05-10T19:14:26.076860+00:00' AIRFLOW_CTX_TRY_NUMBER='1' AIRFLOW_CTX_DAG_RUN_ID='manual__2025-05-10T19:14:26.076860+00:00'
[2025-05-11T02:33:11.350+0700] {taskinstance.py:430} INFO - ::endgroup::
[2025-05-11T02:33:11.387+0700] {logging_mixin.py:188} INFO - 📋 RINGKASAN BULK IMPORT SELESAI:
[2025-05-11T02:33:11.388+0700] {logging_mixin.py:188} INFO -    - Total file diproses: 801
[2025-05-11T02:33:11.388+0700] {logging_mixin.py:188} INFO -    - File berhasil diimpor: 801 (100.0%)
[2025-05-11T02:33:11.389+0700] {logging_mixin.py:188} INFO -    - Total record diimpor: 701981
[2025-05-11T02:33:11.389+0700] {logging_mixin.py:188} INFO -    - Waktu selesai: 2025-05-11 02:33:11
[2025-05-11T02:33:11.390+0700] {python.py:237} INFO - Done. Returned value was: Bulk import selesai: 801/801 file, 701981 record
[2025-05-11T02:33:11.391+0700] {taskinstance.py:441} INFO - ::group::Post task execution logs
[2025-05-11T02:33:11.428+0700] {taskinstance.py:1206} INFO - Marking task as SUCCESS. dag_id=bulk_stock_loader, task_id=log_import_summary, run_id=manual__2025-05-10T19:14:26.076860+00:00, execution_date=20250510T191426, start_date=20250510T193311, end_date=20250510T193311
[2025-05-11T02:33:11.456+0700] {local_task_job_runner.py:240} INFO - Task exited with return code 0
[2025-05-11T02:33:11.485+0700] {taskinstance.py:3503} INFO - 0 downstream tasks scheduled from follow-on schedule check
[2025-05-11T02:33:11.491+0700] {local_task_job_runner.py:222} INFO - ::endgroup::
