[2025-05-11T03:51:46.068+0700] {local_task_job_runner.py:120} INFO - ::group::Pre task execution logs
[2025-05-11T03:51:46.129+0700] {taskinstance.py:2076} INFO - Dependencies all met for dep_context=non-requeueable deps ti=<TaskInstance: bbca_lstm_prediction.predict_bbca_prices scheduled__2025-05-08T11:30:00+00:00 [queued]>
[2025-05-11T03:51:46.144+0700] {taskinstance.py:2076} INFO - Dependencies all met for dep_context=requeueable deps ti=<TaskInstance: bbca_lstm_prediction.predict_bbca_prices scheduled__2025-05-08T11:30:00+00:00 [queued]>
[2025-05-11T03:51:46.145+0700] {taskinstance.py:2306} INFO - Starting attempt 1 of 2
[2025-05-11T03:51:46.170+0700] {taskinstance.py:2330} INFO - Executing <Task(PythonOperator): predict_bbca_prices> on 2025-05-08 11:30:00+00:00
[2025-05-11T03:51:46.187+0700] {standard_task_runner.py:90} INFO - Running: ['***', 'tasks', 'run', 'bbca_lstm_prediction', 'predict_bbca_prices', 'scheduled__2025-05-08T11:30:00+00:00', '--job-id', '101', '--raw', '--subdir', 'DAGS_FOLDER/stock_predictions_bbca.py', '--cfg-path', '/tmp/tmpaocjk5k6']
[2025-05-11T03:51:46.192+0700] {standard_task_runner.py:91} INFO - Job 101: Subtask predict_bbca_prices
[2025-05-11T03:51:46.202+0700] {logging_mixin.py:188} WARNING - /home/***/.local/lib/python3.12/site-packages/***/task/task_runner/standard_task_runner.py:61 DeprecationWarning: This process (pid=1360) is multi-threaded, use of fork() may lead to deadlocks in the child.
[2025-05-11T03:51:46.204+0700] {standard_task_runner.py:63} INFO - Started process 1389 to run task
[2025-05-11T03:51:46.312+0700] {task_command.py:426} INFO - Running <TaskInstance: bbca_lstm_prediction.predict_bbca_prices scheduled__2025-05-08T11:30:00+00:00 [running]> on host a61c3a2f78e1
[2025-05-11T03:51:46.493+0700] {taskinstance.py:2648} INFO - Exporting env vars: AIRFLOW_CTX_DAG_OWNER='***' AIRFLOW_CTX_DAG_ID='bbca_lstm_prediction' AIRFLOW_CTX_TASK_ID='predict_bbca_prices' AIRFLOW_CTX_EXECUTION_DATE='2025-05-08T11:30:00+00:00' AIRFLOW_CTX_TRY_NUMBER='1' AIRFLOW_CTX_DAG_RUN_ID='scheduled__2025-05-08T11:30:00+00:00'
[2025-05-11T03:51:46.495+0700] {taskinstance.py:430} INFO - ::endgroup::
[2025-05-11T03:51:46.622+0700] {logging_mixin.py:188} INFO - Error loading PyTorch LSTM model: Error(s) in loading state_dict for LSTMModel:
	Missing key(s) in state_dict: "lstm.weight_ih_l1", "lstm.weight_hh_l1", "lstm.bias_ih_l1", "lstm.bias_hh_l1". 
[2025-05-11T03:51:46.632+0700] {logging_mixin.py:188} WARNING - /home/***/.local/lib/python3.12/site-packages/sklearn/utils/validation.py:2739 UserWarning: X does not have valid feature names, but MinMaxScaler was fitted with feature names
[2025-05-11T03:51:47.514+0700] {logging_mixin.py:188} INFO - ✅ Prediksi BBCA untuk 2025-05-12 00:00:00: Rp 9,001.70
[2025-05-11T03:51:47.516+0700] {python.py:237} INFO - Done. Returned value was: 9001.7021484375
[2025-05-11T03:51:47.516+0700] {taskinstance.py:441} INFO - ::group::Post task execution logs
[2025-05-11T03:51:47.567+0700] {taskinstance.py:1206} INFO - Marking task as SUCCESS. dag_id=bbca_lstm_prediction, task_id=predict_bbca_prices, run_id=scheduled__2025-05-08T11:30:00+00:00, execution_date=20250508T113000, start_date=20250510T205146, end_date=20250510T205147
[2025-05-11T03:51:47.625+0700] {local_task_job_runner.py:240} INFO - Task exited with return code 0
[2025-05-11T03:51:47.671+0700] {taskinstance.py:3503} INFO - 1 downstream tasks scheduled from follow-on schedule check
[2025-05-11T03:51:47.674+0700] {local_task_job_runner.py:222} INFO - ::endgroup::
