[2025-05-11T06:32:34.348+0700] {local_task_job_runner.py:120} INFO - ::group::Pre task execution logs
[2025-05-11T06:32:34.386+0700] {taskinstance.py:2076} INFO - Dependencies all met for dep_context=non-requeueable deps ti=<TaskInstance: bbca_lstm_prediction_enhanced.make_predictions scheduled__2025-05-08T11:30:00+00:00 [queued]>
[2025-05-11T06:32:34.395+0700] {taskinstance.py:2076} INFO - Dependencies all met for dep_context=requeueable deps ti=<TaskInstance: bbca_lstm_prediction_enhanced.make_predictions scheduled__2025-05-08T11:30:00+00:00 [queued]>
[2025-05-11T06:32:34.396+0700] {taskinstance.py:2306} INFO - Starting attempt 1 of 2
[2025-05-11T06:32:34.415+0700] {taskinstance.py:2330} INFO - Executing <Task(PythonOperator): make_predictions> on 2025-05-08 11:30:00+00:00
[2025-05-11T06:32:34.425+0700] {standard_task_runner.py:90} INFO - Running: ['***', 'tasks', 'run', 'bbca_lstm_prediction_enhanced', 'make_predictions', 'scheduled__2025-05-08T11:30:00+00:00', '--job-id', '125', '--raw', '--subdir', 'DAGS_FOLDER/bbca_dag.py', '--cfg-path', '/tmp/tmpnfoglq27']
[2025-05-11T06:32:34.429+0700] {standard_task_runner.py:91} INFO - Job 125: Subtask make_predictions
[2025-05-11T06:32:34.437+0700] {logging_mixin.py:188} WARNING - /home/***/.local/lib/python3.12/site-packages/***/task/task_runner/standard_task_runner.py:61 DeprecationWarning: This process (pid=7842) is multi-threaded, use of fork() may lead to deadlocks in the child.
[2025-05-11T06:32:34.438+0700] {standard_task_runner.py:63} INFO - Started process 7856 to run task
[2025-05-11T06:32:34.515+0700] {task_command.py:426} INFO - Running <TaskInstance: bbca_lstm_prediction_enhanced.make_predictions scheduled__2025-05-08T11:30:00+00:00 [running]> on host 63831b4a45c6
[2025-05-11T06:32:34.657+0700] {taskinstance.py:2648} INFO - Exporting env vars: AIRFLOW_CTX_DAG_OWNER='***' AIRFLOW_CTX_DAG_ID='bbca_lstm_prediction_enhanced' AIRFLOW_CTX_TASK_ID='make_predictions' AIRFLOW_CTX_EXECUTION_DATE='2025-05-08T11:30:00+00:00' AIRFLOW_CTX_TRY_NUMBER='1' AIRFLOW_CTX_DAG_RUN_ID='scheduled__2025-05-08T11:30:00+00:00'
[2025-05-11T06:32:34.659+0700] {taskinstance.py:430} INFO - ::endgroup::
[2025-05-11T06:32:34.674+0700] {lstm_models.py:166} INFO - Making predictions for BBCA using models: ['LSTM', 'BiLSTM', 'ConvLSTM']
[2025-05-11T06:32:34.687+0700] {lstm_models.py:206} ERROR - Error making prediction: unsupported operand type(s) for *: 'decimal.Decimal' and 'float'
[2025-05-11T06:32:34.688+0700] {python.py:237} INFO - Done. Returned value was: 9000.0
[2025-05-11T06:32:34.688+0700] {taskinstance.py:441} INFO - ::group::Post task execution logs
[2025-05-11T06:32:34.729+0700] {taskinstance.py:1206} INFO - Marking task as SUCCESS. dag_id=bbca_lstm_prediction_enhanced, task_id=make_predictions, run_id=scheduled__2025-05-08T11:30:00+00:00, execution_date=20250508T113000, start_date=20250510T233234, end_date=20250510T233234
[2025-05-11T06:32:34.774+0700] {local_task_job_runner.py:240} INFO - Task exited with return code 0
[2025-05-11T06:32:34.813+0700] {taskinstance.py:3503} INFO - 1 downstream tasks scheduled from follow-on schedule check
[2025-05-11T06:32:34.820+0700] {local_task_job_runner.py:222} INFO - ::endgroup::
