[2025-05-11T03:49:37.017+0700] {local_task_job_runner.py:120} INFO - ::group::Pre task execution logs
[2025-05-11T03:49:37.091+0700] {taskinstance.py:2076} INFO - Dependencies all met for dep_context=non-requeueable deps ti=<TaskInstance: reporting_and_alerting.send_news_sentiment_report scheduled__2025-05-09T17:00:00+00:00 [queued]>
[2025-05-11T03:49:37.111+0700] {taskinstance.py:2076} INFO - Dependencies all met for dep_context=requeueable deps ti=<TaskInstance: reporting_and_alerting.send_news_sentiment_report scheduled__2025-05-09T17:00:00+00:00 [queued]>
[2025-05-11T03:49:37.112+0700] {taskinstance.py:2306} INFO - Starting attempt 1 of 2
[2025-05-11T03:49:37.142+0700] {taskinstance.py:2330} INFO - Executing <Task(PythonOperator): send_news_sentiment_report> on 2025-05-09 17:00:00+00:00
[2025-05-11T03:49:37.154+0700] {standard_task_runner.py:90} INFO - Running: ['***', 'tasks', 'run', 'reporting_and_alerting', 'send_news_sentiment_report', 'scheduled__2025-05-09T17:00:00+00:00', '--job-id', '92', '--raw', '--subdir', 'DAGS_FOLDER/reporting_and_alerting.py', '--cfg-path', '/tmp/tmperq5txpp']
[2025-05-11T03:49:37.161+0700] {standard_task_runner.py:91} INFO - Job 92: Subtask send_news_sentiment_report
[2025-05-11T03:49:37.164+0700] {logging_mixin.py:188} WARNING - /home/***/.local/lib/python3.12/site-packages/***/task/task_runner/standard_task_runner.py:61 DeprecationWarning: This process (pid=1130) is multi-threaded, use of fork() may lead to deadlocks in the child.
[2025-05-11T03:49:37.166+0700] {standard_task_runner.py:63} INFO - Started process 1139 to run task
[2025-05-11T03:49:37.283+0700] {task_command.py:426} INFO - Running <TaskInstance: reporting_and_alerting.send_news_sentiment_report scheduled__2025-05-09T17:00:00+00:00 [running]> on host a61c3a2f78e1
[2025-05-11T03:49:37.464+0700] {taskinstance.py:2648} INFO - Exporting env vars: AIRFLOW_CTX_DAG_OWNER='***' AIRFLOW_CTX_DAG_ID='reporting_and_alerting' AIRFLOW_CTX_TASK_ID='send_news_sentiment_report' AIRFLOW_CTX_EXECUTION_DATE='2025-05-09T17:00:00+00:00' AIRFLOW_CTX_TRY_NUMBER='1' AIRFLOW_CTX_DAG_RUN_ID='scheduled__2025-05-09T17:00:00+00:00'
[2025-05-11T03:49:37.466+0700] {taskinstance.py:430} INFO - ::endgroup::
[2025-05-11T03:49:37.519+0700] {logging_mixin.py:188} INFO - Menggunakan data sentimen untuk tanggal: 2025-05-11
[2025-05-11T03:49:37.538+0700] {logging_mixin.py:188} WARNING - /opt/***/dags/reporting_and_alerting.py:184 UserWarning: pandas only supports SQLAlchemy connectable (engine/connection) or database string URI or sqlite3 DBAPI2 connection. Other DBAPI2 objects are not tested. Please consider using SQLAlchemy.
[2025-05-11T03:49:37.585+0700] {logging_mixin.py:188} INFO - Menggunakan berita terbaru dari tanggal: 2025-05-11
[2025-05-11T03:49:37.588+0700] {logging_mixin.py:188} WARNING - /opt/***/dags/reporting_and_alerting.py:244 UserWarning: pandas only supports SQLAlchemy connectable (engine/connection) or database string URI or sqlite3 DBAPI2 connection. Other DBAPI2 objects are not tested. Please consider using SQLAlchemy.
[2025-05-11T03:49:38.398+0700] {logging_mixin.py:188} INFO - Status Telegram (Sentimen): 200, Response: {"ok":true,"result":{"message_id":57,"from":{"id":7918924633,"is_bot":true,"first_name":"Cuan Saham Indonesia","username":"mrcuanmax_bot"},"chat":{"id":213349272,"first_name":"Haris","username":"hrizriz","type":"private"},"date":1746910181,"text":"\ud83d\udcf0 LAPORAN SENTIMEN BERITA (2025-05-11) \ud83d\udcf0\n\nTop 5 Saham dengan Sentimen Positif:\n1. ANTM: Sentimen 0.20 (5 berita)\n2. BRIS: Sentimen 0.20 (5 berita)\n3. RAJA: Sentimen 0.20 (5 berita)\n4. ASII: Sentimen 0.20 (5 berita)\n5. PTPP: Sentimen 0.20 (5 berita)\n\nTop 5 Saham dengan Sentimen Negatif:\n1. SURI: Sentimen -0.20 (5 berita)\n2. BBRI: Sentimen -0.20 (5 berita)\n3. BBCA: Sentimen -0.20 (5 berita)\n4. DEWA: Sentimen -0.20 (5 berita)\n5. UNVR: Sentimen -0.20 (5 berita)\n\nBerita Terbaru:\n\n1. WIFI: Cabuli Bocah Tetangga saat Bayar Tagihan WiFi, Pemuda di Sidimpuan Ditangkap\n\n2. UNVR: Sah! Pemegang Saham UNVR Setujui Divestasi Bisnis Es Krim\n\n3. UNVR: Harga Saham UNVR Lompat 17%, Ini Penyebabnya\n\n4. TINS: Tingkatkan Cadangan Timah, TINS Kembali Aktif Eksplorasi\n\n5. RAJA: AC Milan Si Raja Comeback","entities":[{"offset":3,"length":36,"type":"bold"},{"offset":44,"length":36,"type":"bold"},{"offset":84,"length":4,"type":"bold"},{"offset":118,"length":4,"type":"bold"},{"offset":152,"length":4,"type":"bold"},{"offset":186,"length":4,"type":"bold"},{"offset":220,"length":4,"type":"bold"},{"offset":252,"length":36,"type":"bold"},{"offset":292,"length":4,"type":"bold"},{"offset":327,"length":4,"type":"bold"},{"offset":362,"length":4,"type":"bold"},{"offset":397,"length":4,"type":"bold"},{"offset":432,"length":4,"type":"bold"},{"offset":465,"length":15,"type":"bold"},{"offset":485,"length":4,"type":"bold"},{"offset":491,"length":76,"type":"text_link","url":"https://www.detik.com/sumut/hukum-dan-kriminal/d-7908337/cabuli-bocah-tetangga-saat-bayar-tagihan-wifi-pemuda-di-sidimpuan-ditangkap"},{"offset":572,"length":4,"type":"bold"},{"offset":578,"length":57,"type":"text_link","url":"https://finance.detik.com/bursa-dan-valas/d-7732242/sah-pemegang-saham-unvr-setujui-divestasi-bisnis-es-krim"},{"offset":640,"length":4,"type":"bold"},{"offset":646,"length":44,"type":"text_link","url":"https://finance.detik.com/bursa-dan-valas/d-7885340/harga-saham-unvr-lompat-17-ini-penyebabnya"},{"offset":695,"length":4,"type":"bold"},{"offset":701,"length":56,"type":"text_link","url":"https://finance.detik.com/energi/d-7817791/tingkatkan-cadangan-timah-tins-kembali-aktif-eksplorasi"},{"offset":762,"length":4,"type":"bold"},{"offset":768,"length":25,"type":"text_link","url":"https://sport.detik.com/sepakbola/liga-italia/d-7908224/ac-milan-si-raja-comeback"}],"link_preview_options":{"is_disabled":true}}}
[2025-05-11T03:49:38.402+0700] {python.py:237} INFO - Done. Returned value was: Laporan sentimen berita terkirim: 97 saham
[2025-05-11T03:49:38.404+0700] {taskinstance.py:441} INFO - ::group::Post task execution logs
[2025-05-11T03:49:38.478+0700] {taskinstance.py:1206} INFO - Marking task as SUCCESS. dag_id=reporting_and_alerting, task_id=send_news_sentiment_report, run_id=scheduled__2025-05-09T17:00:00+00:00, execution_date=20250509T170000, start_date=20250510T204937, end_date=20250510T204938
[2025-05-11T03:49:38.548+0700] {local_task_job_runner.py:240} INFO - Task exited with return code 0
[2025-05-11T03:49:38.607+0700] {taskinstance.py:3503} INFO - 0 downstream tasks scheduled from follow-on schedule check
[2025-05-11T03:49:38.618+0700] {local_task_job_runner.py:222} INFO - ::endgroup::
[2025-05-11T16:50:59.207+0700] {local_task_job_runner.py:120} INFO - ::group::Pre task execution logs
[2025-05-11T16:50:59.277+0700] {taskinstance.py:2076} INFO - Dependencies all met for dep_context=non-requeueable deps ti=<TaskInstance: reporting_and_alerting.send_news_sentiment_report scheduled__2025-05-09T17:00:00+00:00 [queued]>
[2025-05-11T16:50:59.294+0700] {taskinstance.py:2076} INFO - Dependencies all met for dep_context=requeueable deps ti=<TaskInstance: reporting_and_alerting.send_news_sentiment_report scheduled__2025-05-09T17:00:00+00:00 [queued]>
[2025-05-11T16:50:59.295+0700] {taskinstance.py:2306} INFO - Starting attempt 1 of 2
[2025-05-11T16:50:59.319+0700] {taskinstance.py:2330} INFO - Executing <Task(PythonOperator): send_news_sentiment_report> on 2025-05-09 17:00:00+00:00
[2025-05-11T16:50:59.332+0700] {logging_mixin.py:188} WARNING - /home/***/.local/lib/python3.12/site-packages/***/task/task_runner/standard_task_runner.py:61 DeprecationWarning: This process (pid=3227) is multi-threaded, use of fork() may lead to deadlocks in the child.
[2025-05-11T16:50:59.334+0700] {standard_task_runner.py:63} INFO - Started process 3234 to run task
[2025-05-11T16:50:59.333+0700] {standard_task_runner.py:90} INFO - Running: ['***', 'tasks', 'run', 'reporting_and_alerting', 'send_news_sentiment_report', 'scheduled__2025-05-09T17:00:00+00:00', '--job-id', '141', '--raw', '--subdir', 'DAGS_FOLDER/reporting_and_alerting.py', '--cfg-path', '/tmp/tmpyl9rg4rp']
[2025-05-11T16:50:59.337+0700] {standard_task_runner.py:91} INFO - Job 141: Subtask send_news_sentiment_report
[2025-05-11T16:50:59.747+0700] {task_command.py:426} INFO - Running <TaskInstance: reporting_and_alerting.send_news_sentiment_report scheduled__2025-05-09T17:00:00+00:00 [running]> on host 615e6c656dab
[2025-05-11T16:50:59.933+0700] {taskinstance.py:2648} INFO - Exporting env vars: AIRFLOW_CTX_DAG_OWNER='***' AIRFLOW_CTX_DAG_ID='reporting_and_alerting' AIRFLOW_CTX_TASK_ID='send_news_sentiment_report' AIRFLOW_CTX_EXECUTION_DATE='2025-05-09T17:00:00+00:00' AIRFLOW_CTX_TRY_NUMBER='1' AIRFLOW_CTX_DAG_RUN_ID='scheduled__2025-05-09T17:00:00+00:00'
[2025-05-11T16:50:59.936+0700] {taskinstance.py:430} INFO - ::endgroup::
[2025-05-11T16:50:59.981+0700] {logging_mixin.py:188} INFO - Menggunakan data sentimen untuk tanggal: 2025-05-11
[2025-05-11T16:51:00.000+0700] {logging_mixin.py:188} WARNING - /opt/***/dags/reporting_and_alerting.py:190 UserWarning: pandas only supports SQLAlchemy connectable (engine/connection) or database string URI or sqlite3 DBAPI2 connection. Other DBAPI2 objects are not tested. Please consider using SQLAlchemy.
[2025-05-11T16:51:00.052+0700] {logging_mixin.py:188} INFO - Menggunakan berita terbaru dari tanggal: 2025-05-11
[2025-05-11T16:51:00.057+0700] {logging_mixin.py:188} WARNING - /opt/***/dags/reporting_and_alerting.py:250 UserWarning: pandas only supports SQLAlchemy connectable (engine/connection) or database string URI or sqlite3 DBAPI2 connection. Other DBAPI2 objects are not tested. Please consider using SQLAlchemy.
[2025-05-11T16:51:01.268+0700] {logging_mixin.py:188} INFO - Status Telegram (Sentimen): 200, Response: {"ok":true,"result":{"message_id":65,"from":{"id":7918924633,"is_bot":true,"first_name":"Cuan Saham Indonesia","username":"mrcuanmax_bot"},"chat":{"id":213349272,"first_name":"Haris","username":"hrizriz","type":"private"},"date":1746957065,"text":"\ud83d\udcf0 LAPORAN SENTIMEN BERITA (2025-05-11) \ud83d\udcf0\n\nTop 5 Saham dengan Sentimen Positif:\n1. PNLF: Sentimen 0.20 (5 berita)\n2. AMMN: Sentimen 0.20 (5 berita)\n3. AMRT: Sentimen 0.20 (5 berita)\n4. ANTM: Sentimen 0.20 (5 berita)\n5. ARTO: Sentimen 0.20 (5 berita)\n\nTop 5 Saham dengan Sentimen Negatif:\n1. FILM: Sentimen -0.40 (5 berita)\n   Signal: Sell\n2. SURI: Sentimen -0.40 (5 berita)\n   Signal: Sell\n3. BBCA: Sentimen -0.20 (5 berita)\n4. EXCL: Sentimen -0.20 (5 berita)\n5. UNVR: Sentimen -0.20 (5 berita)\n\nBerita Terbaru:\n\n1. UNVR: Sah! Pemegang Saham UNVR Setujui Divestasi Bisnis Es Krim\n\n2. UNVR: Harga Saham UNVR Lompat 17%, Ini Penyebabnya\n\n3. TINS: Tingkatkan Cadangan Timah, TINS Kembali Aktif Eksplorasi\n\n4. SURI: Belum Ada Toilet Portabel di CFD, Walkot Depok Harap Toko Buka Lebih Awal\n\n5. SIDO: Penawaran Saham Perdana Sido Muncul","entities":[{"offset":3,"length":36,"type":"bold"},{"offset":44,"length":36,"type":"bold"},{"offset":84,"length":4,"type":"bold"},{"offset":118,"length":4,"type":"bold"},{"offset":152,"length":4,"type":"bold"},{"offset":186,"length":4,"type":"bold"},{"offset":220,"length":4,"type":"bold"},{"offset":252,"length":36,"type":"bold"},{"offset":292,"length":4,"type":"bold"},{"offset":343,"length":4,"type":"bold"},{"offset":394,"length":4,"type":"bold"},{"offset":429,"length":4,"type":"bold"},{"offset":464,"length":4,"type":"bold"},{"offset":497,"length":15,"type":"bold"},{"offset":517,"length":4,"type":"bold"},{"offset":523,"length":57,"type":"text_link","url":"https://finance.detik.com/bursa-dan-valas/d-7732242/sah-pemegang-saham-unvr-setujui-divestasi-bisnis-es-krim"},{"offset":585,"length":4,"type":"bold"},{"offset":591,"length":44,"type":"text_link","url":"https://finance.detik.com/bursa-dan-valas/d-7885340/harga-saham-unvr-lompat-17-ini-penyebabnya"},{"offset":640,"length":4,"type":"bold"},{"offset":646,"length":56,"type":"text_link","url":"https://finance.detik.com/energi/d-7817791/tingkatkan-cadangan-timah-tins-kembali-aktif-eksplorasi"},{"offset":707,"length":4,"type":"bold"},{"offset":713,"length":73,"type":"text_link","url":"https://news.detik.com/berita/d-7909836/belum-ada-toilet-portabel-di-cfd-walkot-depok-harap-toko-buka-lebih-awal"},{"offset":791,"length":4,"type":"bold"},{"offset":797,"length":35,"type":"text_link","url":"https://finance.detik.com/foto-bisnis/d-2439291/penawaran-saham-perdana-sido-muncul"}],"link_preview_options":{"is_disabled":true}}}
[2025-05-11T16:51:01.272+0700] {python.py:237} INFO - Done. Returned value was: Laporan sentimen berita terkirim: 97 saham
[2025-05-11T16:51:01.273+0700] {taskinstance.py:441} INFO - ::group::Post task execution logs
[2025-05-11T16:51:01.342+0700] {taskinstance.py:1206} INFO - Marking task as SUCCESS. dag_id=reporting_and_alerting, task_id=send_news_sentiment_report, run_id=scheduled__2025-05-09T17:00:00+00:00, execution_date=20250509T170000, start_date=20250511T095059, end_date=20250511T095101
[2025-05-11T16:51:01.383+0700] {local_task_job_runner.py:240} INFO - Task exited with return code 0
[2025-05-11T16:51:01.737+0700] {taskinstance.py:3503} INFO - 0 downstream tasks scheduled from follow-on schedule check
[2025-05-11T16:51:01.744+0700] {local_task_job_runner.py:222} INFO - ::endgroup::
