[2025-05-11T03:51:30.733+0700] {local_task_job_runner.py:120} INFO - ::group::Pre task execution logs
[2025-05-11T03:51:30.771+0700] {taskinstance.py:2076} INFO - Dependencies all met for dep_context=non-requeueable deps ti=<TaskInstance: bbca_lstm_prediction.train_bbca_lstm scheduled__2025-05-08T11:30:00+00:00 [queued]>
[2025-05-11T03:51:30.780+0700] {taskinstance.py:2076} INFO - Dependencies all met for dep_context=requeueable deps ti=<TaskInstance: bbca_lstm_prediction.train_bbca_lstm scheduled__2025-05-08T11:30:00+00:00 [queued]>
[2025-05-11T03:51:30.781+0700] {taskinstance.py:2306} INFO - Starting attempt 1 of 2
[2025-05-11T03:51:30.799+0700] {taskinstance.py:2330} INFO - Executing <Task(PythonOperator): train_bbca_lstm> on 2025-05-08 11:30:00+00:00
[2025-05-11T03:51:30.810+0700] {standard_task_runner.py:90} INFO - Running: ['***', 'tasks', 'run', 'bbca_lstm_prediction', 'train_bbca_lstm', 'scheduled__2025-05-08T11:30:00+00:00', '--job-id', '100', '--raw', '--subdir', 'DAGS_FOLDER/stock_predictions_bbca.py', '--cfg-path', '/tmp/tmp5nm0nnnz']
[2025-05-11T03:51:30.813+0700] {standard_task_runner.py:91} INFO - Job 100: Subtask train_bbca_lstm
[2025-05-11T03:51:30.819+0700] {logging_mixin.py:188} WARNING - /home/***/.local/lib/python3.12/site-packages/***/task/task_runner/standard_task_runner.py:61 DeprecationWarning: This process (pid=1336) is multi-threaded, use of fork() may lead to deadlocks in the child.
[2025-05-11T03:51:30.820+0700] {standard_task_runner.py:63} INFO - Started process 1352 to run task
[2025-05-11T03:51:30.907+0700] {task_command.py:426} INFO - Running <TaskInstance: bbca_lstm_prediction.train_bbca_lstm scheduled__2025-05-08T11:30:00+00:00 [running]> on host a61c3a2f78e1
[2025-05-11T03:51:31.031+0700] {taskinstance.py:2648} INFO - Exporting env vars: AIRFLOW_CTX_DAG_OWNER='***' AIRFLOW_CTX_DAG_ID='bbca_lstm_prediction' AIRFLOW_CTX_TASK_ID='train_bbca_lstm' AIRFLOW_CTX_EXECUTION_DATE='2025-05-08T11:30:00+00:00' AIRFLOW_CTX_TRY_NUMBER='1' AIRFLOW_CTX_DAG_RUN_ID='scheduled__2025-05-08T11:30:00+00:00'
[2025-05-11T03:51:31.034+0700] {taskinstance.py:430} INFO - ::endgroup::
[2025-05-11T03:51:31.094+0700] {logging_mixin.py:188} INFO - Menggunakan parameter hasil tuning: {'seq_length': 5, 'hidden_dim': 64, 'num_layers': 1, 'learning_rate': 0.01, 'dropout': 0.2}
[2025-05-11T03:51:31.251+0700] {logging_mixin.py:188} WARNING - /home/***/.local/lib/python3.12/site-packages/torch/nn/modules/rnn.py:123 UserWarning: dropout option adds dropout after all but last recurrent layer, so non-zero dropout expects num_layers greater than 1, but got dropout=0.2 and num_layers=1
[2025-05-11T03:51:33.419+0700] {logging_mixin.py:188} INFO - Epoch [10/100], Loss: 0.076600
[2025-05-11T03:51:33.593+0700] {logging_mixin.py:188} INFO - Epoch [20/100], Loss: 0.031827
[2025-05-11T03:51:33.812+0700] {logging_mixin.py:188} INFO - Epoch [30/100], Loss: 0.025681
[2025-05-11T03:51:34.116+0700] {logging_mixin.py:188} INFO - Epoch [40/100], Loss: 0.010586
[2025-05-11T03:51:34.361+0700] {logging_mixin.py:188} INFO - Epoch [50/100], Loss: 0.007560
[2025-05-11T03:51:34.555+0700] {logging_mixin.py:188} INFO - Epoch [60/100], Loss: 0.004855
[2025-05-11T03:51:34.700+0700] {logging_mixin.py:188} INFO - Epoch [70/100], Loss: 0.004807
[2025-05-11T03:51:34.869+0700] {logging_mixin.py:188} INFO - Epoch [80/100], Loss: 0.004676
[2025-05-11T03:51:34.994+0700] {logging_mixin.py:188} INFO - Early stopping pada epoch 87
[2025-05-11T03:51:35.022+0700] {logging_mixin.py:188} INFO - ✅ LSTM model untuk BBCA berhasil dilatih dan disimpan
[2025-05-11T03:51:35.024+0700] {python.py:237} INFO - Done. Returned value was: /opt/***/data/lstm/bbca_lstm_model.pth
[2025-05-11T03:51:35.025+0700] {taskinstance.py:441} INFO - ::group::Post task execution logs
[2025-05-11T03:51:35.072+0700] {taskinstance.py:1206} INFO - Marking task as SUCCESS. dag_id=bbca_lstm_prediction, task_id=train_bbca_lstm, run_id=scheduled__2025-05-08T11:30:00+00:00, execution_date=20250508T113000, start_date=20250510T205130, end_date=20250510T205135
[2025-05-11T03:51:35.174+0700] {local_task_job_runner.py:240} INFO - Task exited with return code 0
[2025-05-11T03:51:35.248+0700] {taskinstance.py:3503} INFO - 2 downstream tasks scheduled from follow-on schedule check
[2025-05-11T03:51:35.254+0700] {local_task_job_runner.py:222} INFO - ::endgroup::
