[2025-05-11T02:49:17.988+0700] {local_task_job_runner.py:120} INFO - ::group::Pre task execution logs
[2025-05-11T02:49:18.031+0700] {taskinstance.py:2076} INFO - Dependencies all met for dep_context=non-requeueable deps ti=<TaskInstance: data_transformation.wait_for_news_data scheduled__2025-05-09T17:00:00+00:00 [queued]>
[2025-05-11T02:49:18.042+0700] {taskinstance.py:2076} INFO - Dependencies all met for dep_context=requeueable deps ti=<TaskInstance: data_transformation.wait_for_news_data scheduled__2025-05-09T17:00:00+00:00 [queued]>
[2025-05-11T02:49:18.043+0700] {taskinstance.py:2306} INFO - Starting attempt 1 of 2
[2025-05-11T02:49:18.067+0700] {taskinstance.py:2330} INFO - Executing <Task(ExternalTaskSensor): wait_for_news_data> on 2025-05-09 17:00:00+00:00
[2025-05-11T02:49:18.073+0700] {standard_task_runner.py:63} INFO - Started process 1880 to run task
[2025-05-11T02:49:18.077+0700] {standard_task_runner.py:90} INFO - Running: ['***', 'tasks', 'run', 'data_transformation', 'wait_for_news_data', 'scheduled__2025-05-09T17:00:00+00:00', '--job-id', '12', '--raw', '--subdir', 'DAGS_FOLDER/data_transformation.py', '--cfg-path', '/tmp/tmp84eva230']
[2025-05-11T02:49:18.081+0700] {standard_task_runner.py:91} INFO - Job 12: Subtask wait_for_news_data
[2025-05-11T02:49:18.163+0700] {task_command.py:426} INFO - Running <TaskInstance: data_transformation.wait_for_news_data scheduled__2025-05-09T17:00:00+00:00 [running]> on host f94ba298fced
[2025-05-11T02:49:18.419+0700] {taskinstance.py:2648} INFO - Exporting env vars: AIRFLOW_CTX_DAG_OWNER='***' AIRFLOW_CTX_DAG_ID='data_transformation' AIRFLOW_CTX_TASK_ID='wait_for_news_data' AIRFLOW_CTX_EXECUTION_DATE='2025-05-09T17:00:00+00:00' AIRFLOW_CTX_TRY_NUMBER='1' AIRFLOW_CTX_DAG_RUN_ID='scheduled__2025-05-09T17:00:00+00:00'
[2025-05-11T02:49:18.420+0700] {taskinstance.py:430} INFO - ::endgroup::
[2025-05-11T02:49:18.435+0700] {baseoperator.py:400} WARNING - ExternalTaskSensor.execute cannot be called outside TaskInstance!
[2025-05-11T02:49:18.451+0700] {external_task.py:258} INFO - Poking for tasks ['end_task'] in dag news_data_ingestion on 2025-05-09T17:00:00+00:00 ... 
[2025-05-11T02:49:18.457+0700] {logging_mixin.py:188} WARNING - /home/***/.local/lib/python3.12/site-packages/***/utils/session.py:79 DeprecationWarning: This method is deprecated and will be removed in future.
[2025-05-11T02:49:18.476+0700] {base.py:294} INFO - Success criteria met. Exiting.
[2025-05-11T02:49:18.477+0700] {taskinstance.py:441} INFO - ::group::Post task execution logs
[2025-05-11T02:49:18.492+0700] {taskinstance.py:1206} INFO - Marking task as SUCCESS. dag_id=data_transformation, task_id=wait_for_news_data, run_id=scheduled__2025-05-09T17:00:00+00:00, execution_date=20250509T170000, start_date=20250510T194918, end_date=20250510T194918
[2025-05-11T02:49:18.534+0700] {local_task_job_runner.py:240} INFO - Task exited with return code 0
[2025-05-11T02:49:18.593+0700] {taskinstance.py:3503} INFO - 0 downstream tasks scheduled from follow-on schedule check
[2025-05-11T02:49:18.599+0700] {local_task_job_runner.py:222} INFO - ::endgroup::
[2025-05-11T16:23:59.904+0700] {local_task_job_runner.py:120} INFO - ::group::Pre task execution logs
[2025-05-11T16:24:00.122+0700] {taskinstance.py:2076} INFO - Dependencies all met for dep_context=non-requeueable deps ti=<TaskInstance: data_transformation.wait_for_news_data scheduled__2025-05-09T17:00:00+00:00 [queued]>
[2025-05-11T16:24:00.176+0700] {taskinstance.py:2076} INFO - Dependencies all met for dep_context=requeueable deps ti=<TaskInstance: data_transformation.wait_for_news_data scheduled__2025-05-09T17:00:00+00:00 [queued]>
[2025-05-11T16:24:00.179+0700] {taskinstance.py:2306} INFO - Starting attempt 1 of 2
[2025-05-11T16:24:00.273+0700] {taskinstance.py:2330} INFO - Executing <Task(ExternalTaskSensor): wait_for_news_data> on 2025-05-09 17:00:00+00:00
[2025-05-11T16:24:00.290+0700] {logging_mixin.py:188} WARNING - /home/***/.local/lib/python3.12/site-packages/***/task/task_runner/standard_task_runner.py:61 DeprecationWarning: This process (pid=261) is multi-threaded, use of fork() may lead to deadlocks in the child.
[2025-05-11T16:24:00.303+0700] {standard_task_runner.py:63} INFO - Started process 270 to run task
[2025-05-11T16:24:00.300+0700] {standard_task_runner.py:90} INFO - Running: ['***', 'tasks', 'run', 'data_transformation', 'wait_for_news_data', 'scheduled__2025-05-09T17:00:00+00:00', '--job-id', '2', '--raw', '--subdir', 'DAGS_FOLDER/data_transformation.py', '--cfg-path', '/tmp/tmpj_23qx57']
[2025-05-11T16:24:00.307+0700] {standard_task_runner.py:91} INFO - Job 2: Subtask wait_for_news_data
[2025-05-11T16:24:00.550+0700] {task_command.py:426} INFO - Running <TaskInstance: data_transformation.wait_for_news_data scheduled__2025-05-09T17:00:00+00:00 [running]> on host 615e6c656dab
[2025-05-11T16:24:00.922+0700] {taskinstance.py:2648} INFO - Exporting env vars: AIRFLOW_CTX_DAG_OWNER='***' AIRFLOW_CTX_DAG_ID='data_transformation' AIRFLOW_CTX_TASK_ID='wait_for_news_data' AIRFLOW_CTX_EXECUTION_DATE='2025-05-09T17:00:00+00:00' AIRFLOW_CTX_TRY_NUMBER='1' AIRFLOW_CTX_DAG_RUN_ID='scheduled__2025-05-09T17:00:00+00:00'
[2025-05-11T16:24:00.924+0700] {taskinstance.py:430} INFO - ::endgroup::
[2025-05-11T16:24:00.959+0700] {baseoperator.py:400} WARNING - ExternalTaskSensor.execute cannot be called outside TaskInstance!
[2025-05-11T16:24:00.992+0700] {external_task.py:258} INFO - Poking for tasks ['end_task'] in dag news_data_ingestion on 2025-05-09T17:00:00+00:00 ... 
[2025-05-11T16:24:00.998+0700] {logging_mixin.py:188} WARNING - /home/***/.local/lib/python3.12/site-packages/***/utils/session.py:79 DeprecationWarning: This method is deprecated and will be removed in future.
[2025-05-11T16:24:01.056+0700] {taskinstance.py:441} INFO - ::group::Post task execution logs
[2025-05-11T16:24:01.171+0700] {taskinstance.py:2865} INFO - Rescheduling task, marking task as UP_FOR_RESCHEDULE
[2025-05-11T16:24:01.223+0700] {local_task_job_runner.py:240} INFO - Task exited with return code 0
[2025-05-11T16:24:01.266+0700] {local_task_job_runner.py:222} INFO - ::endgroup::
[2025-05-11T16:25:01.944+0700] {local_task_job_runner.py:120} INFO - ::group::Pre task execution logs
[2025-05-11T16:25:02.013+0700] {taskinstance.py:2076} INFO - Dependencies all met for dep_context=non-requeueable deps ti=<TaskInstance: data_transformation.wait_for_news_data scheduled__2025-05-09T17:00:00+00:00 [queued]>
[2025-05-11T16:25:02.028+0700] {taskinstance.py:2076} INFO - Dependencies all met for dep_context=requeueable deps ti=<TaskInstance: data_transformation.wait_for_news_data scheduled__2025-05-09T17:00:00+00:00 [queued]>
[2025-05-11T16:25:02.029+0700] {taskinstance.py:2306} INFO - Starting attempt 1 of 2
[2025-05-11T16:25:02.059+0700] {taskinstance.py:2330} INFO - Executing <Task(ExternalTaskSensor): wait_for_news_data> on 2025-05-09 17:00:00+00:00
[2025-05-11T16:25:02.071+0700] {logging_mixin.py:188} WARNING - /home/***/.local/lib/python3.12/site-packages/***/task/task_runner/standard_task_runner.py:61 DeprecationWarning: This process (pid=386) is multi-threaded, use of fork() may lead to deadlocks in the child.
[2025-05-11T16:25:02.074+0700] {standard_task_runner.py:63} INFO - Started process 387 to run task
[2025-05-11T16:25:02.071+0700] {standard_task_runner.py:90} INFO - Running: ['***', 'tasks', 'run', 'data_transformation', 'wait_for_news_data', 'scheduled__2025-05-09T17:00:00+00:00', '--job-id', '15', '--raw', '--subdir', 'DAGS_FOLDER/data_transformation.py', '--cfg-path', '/tmp/tmpwppdkhy7']
[2025-05-11T16:25:02.075+0700] {standard_task_runner.py:91} INFO - Job 15: Subtask wait_for_news_data
[2025-05-11T16:25:02.197+0700] {task_command.py:426} INFO - Running <TaskInstance: data_transformation.wait_for_news_data scheduled__2025-05-09T17:00:00+00:00 [running]> on host 615e6c656dab
[2025-05-11T16:25:02.414+0700] {taskinstance.py:2648} INFO - Exporting env vars: AIRFLOW_CTX_DAG_OWNER='***' AIRFLOW_CTX_DAG_ID='data_transformation' AIRFLOW_CTX_TASK_ID='wait_for_news_data' AIRFLOW_CTX_EXECUTION_DATE='2025-05-09T17:00:00+00:00' AIRFLOW_CTX_TRY_NUMBER='1' AIRFLOW_CTX_DAG_RUN_ID='scheduled__2025-05-09T17:00:00+00:00'
[2025-05-11T16:25:02.416+0700] {taskinstance.py:430} INFO - ::endgroup::
[2025-05-11T16:25:02.439+0700] {baseoperator.py:400} WARNING - ExternalTaskSensor.execute cannot be called outside TaskInstance!
[2025-05-11T16:25:02.461+0700] {external_task.py:258} INFO - Poking for tasks ['end_task'] in dag news_data_ingestion on 2025-05-09T17:00:00+00:00 ... 
[2025-05-11T16:25:02.465+0700] {logging_mixin.py:188} WARNING - /home/***/.local/lib/python3.12/site-packages/***/utils/session.py:79 DeprecationWarning: This method is deprecated and will be removed in future.
[2025-05-11T16:25:02.496+0700] {taskinstance.py:441} INFO - ::group::Post task execution logs
[2025-05-11T16:25:02.545+0700] {taskinstance.py:2865} INFO - Rescheduling task, marking task as UP_FOR_RESCHEDULE
[2025-05-11T16:25:02.570+0700] {local_task_job_runner.py:240} INFO - Task exited with return code 0
[2025-05-11T16:25:02.651+0700] {taskinstance.py:3503} INFO - 0 downstream tasks scheduled from follow-on schedule check
[2025-05-11T16:25:02.672+0700] {local_task_job_runner.py:222} INFO - ::endgroup::
[2025-05-11T16:26:04.021+0700] {local_task_job_runner.py:120} INFO - ::group::Pre task execution logs
[2025-05-11T16:26:04.091+0700] {taskinstance.py:2076} INFO - Dependencies all met for dep_context=non-requeueable deps ti=<TaskInstance: data_transformation.wait_for_news_data scheduled__2025-05-09T17:00:00+00:00 [queued]>
[2025-05-11T16:26:04.106+0700] {taskinstance.py:2076} INFO - Dependencies all met for dep_context=requeueable deps ti=<TaskInstance: data_transformation.wait_for_news_data scheduled__2025-05-09T17:00:00+00:00 [queued]>
[2025-05-11T16:26:04.107+0700] {taskinstance.py:2306} INFO - Starting attempt 1 of 2
[2025-05-11T16:26:04.134+0700] {taskinstance.py:2330} INFO - Executing <Task(ExternalTaskSensor): wait_for_news_data> on 2025-05-09 17:00:00+00:00
[2025-05-11T16:26:04.144+0700] {logging_mixin.py:188} WARNING - /home/***/.local/lib/python3.12/site-packages/***/task/task_runner/standard_task_runner.py:61 DeprecationWarning: This process (pid=498) is multi-threaded, use of fork() may lead to deadlocks in the child.
[2025-05-11T16:26:04.147+0700] {standard_task_runner.py:63} INFO - Started process 499 to run task
[2025-05-11T16:26:04.144+0700] {standard_task_runner.py:90} INFO - Running: ['***', 'tasks', 'run', 'data_transformation', 'wait_for_news_data', 'scheduled__2025-05-09T17:00:00+00:00', '--job-id', '20', '--raw', '--subdir', 'DAGS_FOLDER/data_transformation.py', '--cfg-path', '/tmp/tmpcnlsvm38']
[2025-05-11T16:26:04.149+0700] {standard_task_runner.py:91} INFO - Job 20: Subtask wait_for_news_data
[2025-05-11T16:26:04.245+0700] {task_command.py:426} INFO - Running <TaskInstance: data_transformation.wait_for_news_data scheduled__2025-05-09T17:00:00+00:00 [running]> on host 615e6c656dab
[2025-05-11T16:26:04.437+0700] {taskinstance.py:2648} INFO - Exporting env vars: AIRFLOW_CTX_DAG_OWNER='***' AIRFLOW_CTX_DAG_ID='data_transformation' AIRFLOW_CTX_TASK_ID='wait_for_news_data' AIRFLOW_CTX_EXECUTION_DATE='2025-05-09T17:00:00+00:00' AIRFLOW_CTX_TRY_NUMBER='1' AIRFLOW_CTX_DAG_RUN_ID='scheduled__2025-05-09T17:00:00+00:00'
[2025-05-11T16:26:04.439+0700] {taskinstance.py:430} INFO - ::endgroup::
[2025-05-11T16:26:04.460+0700] {baseoperator.py:400} WARNING - ExternalTaskSensor.execute cannot be called outside TaskInstance!
[2025-05-11T16:26:04.481+0700] {external_task.py:258} INFO - Poking for tasks ['end_task'] in dag news_data_ingestion on 2025-05-09T17:00:00+00:00 ... 
[2025-05-11T16:26:04.484+0700] {logging_mixin.py:188} WARNING - /home/***/.local/lib/python3.12/site-packages/***/utils/session.py:79 DeprecationWarning: This method is deprecated and will be removed in future.
[2025-05-11T16:26:04.507+0700] {taskinstance.py:441} INFO - ::group::Post task execution logs
[2025-05-11T16:26:04.546+0700] {taskinstance.py:2865} INFO - Rescheduling task, marking task as UP_FOR_RESCHEDULE
[2025-05-11T16:26:04.564+0700] {local_task_job_runner.py:240} INFO - Task exited with return code 0
[2025-05-11T16:26:04.624+0700] {taskinstance.py:3503} INFO - 0 downstream tasks scheduled from follow-on schedule check
[2025-05-11T16:26:04.629+0700] {local_task_job_runner.py:222} INFO - ::endgroup::
[2025-05-11T16:27:06.116+0700] {local_task_job_runner.py:120} INFO - ::group::Pre task execution logs
[2025-05-11T16:27:06.190+0700] {taskinstance.py:2076} INFO - Dependencies all met for dep_context=non-requeueable deps ti=<TaskInstance: data_transformation.wait_for_news_data scheduled__2025-05-09T17:00:00+00:00 [queued]>
[2025-05-11T16:27:06.207+0700] {taskinstance.py:2076} INFO - Dependencies all met for dep_context=requeueable deps ti=<TaskInstance: data_transformation.wait_for_news_data scheduled__2025-05-09T17:00:00+00:00 [queued]>
[2025-05-11T16:27:06.208+0700] {taskinstance.py:2306} INFO - Starting attempt 1 of 2
[2025-05-11T16:27:06.242+0700] {taskinstance.py:2330} INFO - Executing <Task(ExternalTaskSensor): wait_for_news_data> on 2025-05-09 17:00:00+00:00
[2025-05-11T16:27:06.257+0700] {logging_mixin.py:188} WARNING - /home/***/.local/lib/python3.12/site-packages/***/task/task_runner/standard_task_runner.py:61 DeprecationWarning: This process (pid=613) is multi-threaded, use of fork() may lead to deadlocks in the child.
[2025-05-11T16:27:06.259+0700] {standard_task_runner.py:63} INFO - Started process 615 to run task
[2025-05-11T16:27:06.256+0700] {standard_task_runner.py:90} INFO - Running: ['***', 'tasks', 'run', 'data_transformation', 'wait_for_news_data', 'scheduled__2025-05-09T17:00:00+00:00', '--job-id', '26', '--raw', '--subdir', 'DAGS_FOLDER/data_transformation.py', '--cfg-path', '/tmp/tmp5kiz7ky_']
[2025-05-11T16:27:06.263+0700] {standard_task_runner.py:91} INFO - Job 26: Subtask wait_for_news_data
[2025-05-11T16:27:06.397+0700] {task_command.py:426} INFO - Running <TaskInstance: data_transformation.wait_for_news_data scheduled__2025-05-09T17:00:00+00:00 [running]> on host 615e6c656dab
[2025-05-11T16:27:06.579+0700] {taskinstance.py:2648} INFO - Exporting env vars: AIRFLOW_CTX_DAG_OWNER='***' AIRFLOW_CTX_DAG_ID='data_transformation' AIRFLOW_CTX_TASK_ID='wait_for_news_data' AIRFLOW_CTX_EXECUTION_DATE='2025-05-09T17:00:00+00:00' AIRFLOW_CTX_TRY_NUMBER='1' AIRFLOW_CTX_DAG_RUN_ID='scheduled__2025-05-09T17:00:00+00:00'
[2025-05-11T16:27:06.580+0700] {taskinstance.py:430} INFO - ::endgroup::
[2025-05-11T16:27:06.602+0700] {baseoperator.py:400} WARNING - ExternalTaskSensor.execute cannot be called outside TaskInstance!
[2025-05-11T16:27:06.620+0700] {external_task.py:258} INFO - Poking for tasks ['end_task'] in dag news_data_ingestion on 2025-05-09T17:00:00+00:00 ... 
[2025-05-11T16:27:06.623+0700] {logging_mixin.py:188} WARNING - /home/***/.local/lib/python3.12/site-packages/***/utils/session.py:79 DeprecationWarning: This method is deprecated and will be removed in future.
[2025-05-11T16:27:06.649+0700] {taskinstance.py:441} INFO - ::group::Post task execution logs
[2025-05-11T16:27:06.686+0700] {taskinstance.py:2865} INFO - Rescheduling task, marking task as UP_FOR_RESCHEDULE
[2025-05-11T16:27:06.718+0700] {local_task_job_runner.py:240} INFO - Task exited with return code 0
[2025-05-11T16:27:06.778+0700] {taskinstance.py:3503} INFO - 0 downstream tasks scheduled from follow-on schedule check
[2025-05-11T16:27:06.783+0700] {local_task_job_runner.py:222} INFO - ::endgroup::
[2025-05-11T16:28:08.399+0700] {local_task_job_runner.py:120} INFO - ::group::Pre task execution logs
[2025-05-11T16:28:08.511+0700] {taskinstance.py:2076} INFO - Dependencies all met for dep_context=non-requeueable deps ti=<TaskInstance: data_transformation.wait_for_news_data scheduled__2025-05-09T17:00:00+00:00 [queued]>
[2025-05-11T16:28:08.530+0700] {taskinstance.py:2076} INFO - Dependencies all met for dep_context=requeueable deps ti=<TaskInstance: data_transformation.wait_for_news_data scheduled__2025-05-09T17:00:00+00:00 [queued]>
[2025-05-11T16:28:08.531+0700] {taskinstance.py:2306} INFO - Starting attempt 1 of 2
[2025-05-11T16:28:08.579+0700] {taskinstance.py:2330} INFO - Executing <Task(ExternalTaskSensor): wait_for_news_data> on 2025-05-09 17:00:00+00:00
[2025-05-11T16:28:08.596+0700] {logging_mixin.py:188} WARNING - /home/***/.local/lib/python3.12/site-packages/***/task/task_runner/standard_task_runner.py:61 DeprecationWarning: This process (pid=713) is multi-threaded, use of fork() may lead to deadlocks in the child.
[2025-05-11T16:28:08.599+0700] {standard_task_runner.py:63} INFO - Started process 721 to run task
[2025-05-11T16:28:08.595+0700] {standard_task_runner.py:90} INFO - Running: ['***', 'tasks', 'run', 'data_transformation', 'wait_for_news_data', 'scheduled__2025-05-09T17:00:00+00:00', '--job-id', '31', '--raw', '--subdir', 'DAGS_FOLDER/data_transformation.py', '--cfg-path', '/tmp/tmp6k4fvb_2']
[2025-05-11T16:28:08.601+0700] {standard_task_runner.py:91} INFO - Job 31: Subtask wait_for_news_data
[2025-05-11T16:28:08.762+0700] {task_command.py:426} INFO - Running <TaskInstance: data_transformation.wait_for_news_data scheduled__2025-05-09T17:00:00+00:00 [running]> on host 615e6c656dab
[2025-05-11T16:28:09.037+0700] {taskinstance.py:2648} INFO - Exporting env vars: AIRFLOW_CTX_DAG_OWNER='***' AIRFLOW_CTX_DAG_ID='data_transformation' AIRFLOW_CTX_TASK_ID='wait_for_news_data' AIRFLOW_CTX_EXECUTION_DATE='2025-05-09T17:00:00+00:00' AIRFLOW_CTX_TRY_NUMBER='1' AIRFLOW_CTX_DAG_RUN_ID='scheduled__2025-05-09T17:00:00+00:00'
[2025-05-11T16:28:09.039+0700] {taskinstance.py:430} INFO - ::endgroup::
[2025-05-11T16:28:09.082+0700] {baseoperator.py:400} WARNING - ExternalTaskSensor.execute cannot be called outside TaskInstance!
[2025-05-11T16:28:09.118+0700] {external_task.py:258} INFO - Poking for tasks ['end_task'] in dag news_data_ingestion on 2025-05-09T17:00:00+00:00 ... 
[2025-05-11T16:28:09.131+0700] {logging_mixin.py:188} WARNING - /home/***/.local/lib/python3.12/site-packages/***/utils/session.py:79 DeprecationWarning: This method is deprecated and will be removed in future.
[2025-05-11T16:28:09.189+0700] {taskinstance.py:441} INFO - ::group::Post task execution logs
[2025-05-11T16:28:09.298+0700] {taskinstance.py:2865} INFO - Rescheduling task, marking task as UP_FOR_RESCHEDULE
[2025-05-11T16:28:09.340+0700] {local_task_job_runner.py:240} INFO - Task exited with return code 0
[2025-05-11T16:28:09.468+0700] {taskinstance.py:3503} INFO - 0 downstream tasks scheduled from follow-on schedule check
[2025-05-11T16:28:09.473+0700] {local_task_job_runner.py:222} INFO - ::endgroup::
[2025-05-11T16:29:09.867+0700] {local_task_job_runner.py:120} INFO - ::group::Pre task execution logs
[2025-05-11T16:29:09.959+0700] {taskinstance.py:2076} INFO - Dependencies all met for dep_context=non-requeueable deps ti=<TaskInstance: data_transformation.wait_for_news_data scheduled__2025-05-09T17:00:00+00:00 [queued]>
[2025-05-11T16:29:09.979+0700] {taskinstance.py:2076} INFO - Dependencies all met for dep_context=requeueable deps ti=<TaskInstance: data_transformation.wait_for_news_data scheduled__2025-05-09T17:00:00+00:00 [queued]>
[2025-05-11T16:29:09.980+0700] {taskinstance.py:2306} INFO - Starting attempt 1 of 2
[2025-05-11T16:29:10.014+0700] {taskinstance.py:2330} INFO - Executing <Task(ExternalTaskSensor): wait_for_news_data> on 2025-05-09 17:00:00+00:00
[2025-05-11T16:29:10.025+0700] {logging_mixin.py:188} WARNING - /home/***/.local/lib/python3.12/site-packages/***/task/task_runner/standard_task_runner.py:61 DeprecationWarning: This process (pid=825) is multi-threaded, use of fork() may lead to deadlocks in the child.
[2025-05-11T16:29:10.029+0700] {standard_task_runner.py:63} INFO - Started process 828 to run task
[2025-05-11T16:29:10.026+0700] {standard_task_runner.py:90} INFO - Running: ['***', 'tasks', 'run', 'data_transformation', 'wait_for_news_data', 'scheduled__2025-05-09T17:00:00+00:00', '--job-id', '35', '--raw', '--subdir', 'DAGS_FOLDER/data_transformation.py', '--cfg-path', '/tmp/tmp4eb6stqn']
[2025-05-11T16:29:10.031+0700] {standard_task_runner.py:91} INFO - Job 35: Subtask wait_for_news_data
[2025-05-11T16:29:10.146+0700] {task_command.py:426} INFO - Running <TaskInstance: data_transformation.wait_for_news_data scheduled__2025-05-09T17:00:00+00:00 [running]> on host 615e6c656dab
[2025-05-11T16:29:10.363+0700] {taskinstance.py:2648} INFO - Exporting env vars: AIRFLOW_CTX_DAG_OWNER='***' AIRFLOW_CTX_DAG_ID='data_transformation' AIRFLOW_CTX_TASK_ID='wait_for_news_data' AIRFLOW_CTX_EXECUTION_DATE='2025-05-09T17:00:00+00:00' AIRFLOW_CTX_TRY_NUMBER='1' AIRFLOW_CTX_DAG_RUN_ID='scheduled__2025-05-09T17:00:00+00:00'
[2025-05-11T16:29:10.365+0700] {taskinstance.py:430} INFO - ::endgroup::
[2025-05-11T16:29:10.394+0700] {baseoperator.py:400} WARNING - ExternalTaskSensor.execute cannot be called outside TaskInstance!
[2025-05-11T16:29:10.420+0700] {external_task.py:258} INFO - Poking for tasks ['end_task'] in dag news_data_ingestion on 2025-05-09T17:00:00+00:00 ... 
[2025-05-11T16:29:10.424+0700] {logging_mixin.py:188} WARNING - /home/***/.local/lib/python3.12/site-packages/***/utils/session.py:79 DeprecationWarning: This method is deprecated and will be removed in future.
[2025-05-11T16:29:10.460+0700] {taskinstance.py:441} INFO - ::group::Post task execution logs
[2025-05-11T16:29:10.505+0700] {taskinstance.py:2865} INFO - Rescheduling task, marking task as UP_FOR_RESCHEDULE
[2025-05-11T16:29:10.526+0700] {local_task_job_runner.py:240} INFO - Task exited with return code 0
[2025-05-11T16:29:10.606+0700] {taskinstance.py:3503} INFO - 0 downstream tasks scheduled from follow-on schedule check
[2025-05-11T16:29:10.612+0700] {local_task_job_runner.py:222} INFO - ::endgroup::
[2025-05-11T16:30:11.693+0700] {local_task_job_runner.py:120} INFO - ::group::Pre task execution logs
[2025-05-11T16:30:11.780+0700] {taskinstance.py:2076} INFO - Dependencies all met for dep_context=non-requeueable deps ti=<TaskInstance: data_transformation.wait_for_news_data scheduled__2025-05-09T17:00:00+00:00 [queued]>
[2025-05-11T16:30:11.800+0700] {taskinstance.py:2076} INFO - Dependencies all met for dep_context=requeueable deps ti=<TaskInstance: data_transformation.wait_for_news_data scheduled__2025-05-09T17:00:00+00:00 [queued]>
[2025-05-11T16:30:11.801+0700] {taskinstance.py:2306} INFO - Starting attempt 1 of 2
[2025-05-11T16:30:11.842+0700] {taskinstance.py:2330} INFO - Executing <Task(ExternalTaskSensor): wait_for_news_data> on 2025-05-09 17:00:00+00:00
[2025-05-11T16:30:11.868+0700] {logging_mixin.py:188} WARNING - /home/***/.local/lib/python3.12/site-packages/***/task/task_runner/standard_task_runner.py:61 DeprecationWarning: This process (pid=930) is multi-threaded, use of fork() may lead to deadlocks in the child.
[2025-05-11T16:30:11.864+0700] {standard_task_runner.py:90} INFO - Running: ['***', 'tasks', 'run', 'data_transformation', 'wait_for_news_data', 'scheduled__2025-05-09T17:00:00+00:00', '--job-id', '41', '--raw', '--subdir', 'DAGS_FOLDER/data_transformation.py', '--cfg-path', '/tmp/tmp9cz6qpml']
[2025-05-11T16:30:11.871+0700] {standard_task_runner.py:63} INFO - Started process 933 to run task
[2025-05-11T16:30:11.871+0700] {standard_task_runner.py:91} INFO - Job 41: Subtask wait_for_news_data
[2025-05-11T16:30:12.011+0700] {task_command.py:426} INFO - Running <TaskInstance: data_transformation.wait_for_news_data scheduled__2025-05-09T17:00:00+00:00 [running]> on host 615e6c656dab
[2025-05-11T16:30:12.253+0700] {taskinstance.py:2648} INFO - Exporting env vars: AIRFLOW_CTX_DAG_OWNER='***' AIRFLOW_CTX_DAG_ID='data_transformation' AIRFLOW_CTX_TASK_ID='wait_for_news_data' AIRFLOW_CTX_EXECUTION_DATE='2025-05-09T17:00:00+00:00' AIRFLOW_CTX_TRY_NUMBER='1' AIRFLOW_CTX_DAG_RUN_ID='scheduled__2025-05-09T17:00:00+00:00'
[2025-05-11T16:30:12.254+0700] {taskinstance.py:430} INFO - ::endgroup::
[2025-05-11T16:30:12.281+0700] {baseoperator.py:400} WARNING - ExternalTaskSensor.execute cannot be called outside TaskInstance!
[2025-05-11T16:30:12.304+0700] {external_task.py:258} INFO - Poking for tasks ['end_task'] in dag news_data_ingestion on 2025-05-09T17:00:00+00:00 ... 
[2025-05-11T16:30:12.308+0700] {logging_mixin.py:188} WARNING - /home/***/.local/lib/python3.12/site-packages/***/utils/session.py:79 DeprecationWarning: This method is deprecated and will be removed in future.
[2025-05-11T16:30:12.338+0700] {taskinstance.py:441} INFO - ::group::Post task execution logs
[2025-05-11T16:30:12.383+0700] {taskinstance.py:2865} INFO - Rescheduling task, marking task as UP_FOR_RESCHEDULE
[2025-05-11T16:30:12.410+0700] {local_task_job_runner.py:240} INFO - Task exited with return code 0
[2025-05-11T16:30:12.489+0700] {taskinstance.py:3503} INFO - 0 downstream tasks scheduled from follow-on schedule check
[2025-05-11T16:30:12.496+0700] {local_task_job_runner.py:222} INFO - ::endgroup::
[2025-05-11T16:31:12.923+0700] {local_task_job_runner.py:120} INFO - ::group::Pre task execution logs
[2025-05-11T16:31:12.987+0700] {taskinstance.py:2076} INFO - Dependencies all met for dep_context=non-requeueable deps ti=<TaskInstance: data_transformation.wait_for_news_data scheduled__2025-05-09T17:00:00+00:00 [queued]>
[2025-05-11T16:31:13.001+0700] {taskinstance.py:2076} INFO - Dependencies all met for dep_context=requeueable deps ti=<TaskInstance: data_transformation.wait_for_news_data scheduled__2025-05-09T17:00:00+00:00 [queued]>
[2025-05-11T16:31:13.002+0700] {taskinstance.py:2306} INFO - Starting attempt 1 of 2
[2025-05-11T16:31:13.027+0700] {taskinstance.py:2330} INFO - Executing <Task(ExternalTaskSensor): wait_for_news_data> on 2025-05-09 17:00:00+00:00
[2025-05-11T16:31:13.037+0700] {logging_mixin.py:188} WARNING - /home/***/.local/lib/python3.12/site-packages/***/task/task_runner/standard_task_runner.py:61 DeprecationWarning: This process (pid=1046) is multi-threaded, use of fork() may lead to deadlocks in the child.
[2025-05-11T16:31:13.039+0700] {standard_task_runner.py:63} INFO - Started process 1048 to run task
[2025-05-11T16:31:13.037+0700] {standard_task_runner.py:90} INFO - Running: ['***', 'tasks', 'run', 'data_transformation', 'wait_for_news_data', 'scheduled__2025-05-09T17:00:00+00:00', '--job-id', '45', '--raw', '--subdir', 'DAGS_FOLDER/data_transformation.py', '--cfg-path', '/tmp/tmptz9x6gml']
[2025-05-11T16:31:13.041+0700] {standard_task_runner.py:91} INFO - Job 45: Subtask wait_for_news_data
[2025-05-11T16:31:13.145+0700] {task_command.py:426} INFO - Running <TaskInstance: data_transformation.wait_for_news_data scheduled__2025-05-09T17:00:00+00:00 [running]> on host 615e6c656dab
[2025-05-11T16:31:13.319+0700] {taskinstance.py:2648} INFO - Exporting env vars: AIRFLOW_CTX_DAG_OWNER='***' AIRFLOW_CTX_DAG_ID='data_transformation' AIRFLOW_CTX_TASK_ID='wait_for_news_data' AIRFLOW_CTX_EXECUTION_DATE='2025-05-09T17:00:00+00:00' AIRFLOW_CTX_TRY_NUMBER='1' AIRFLOW_CTX_DAG_RUN_ID='scheduled__2025-05-09T17:00:00+00:00'
[2025-05-11T16:31:13.321+0700] {taskinstance.py:430} INFO - ::endgroup::
[2025-05-11T16:31:13.341+0700] {baseoperator.py:400} WARNING - ExternalTaskSensor.execute cannot be called outside TaskInstance!
[2025-05-11T16:31:13.362+0700] {external_task.py:258} INFO - Poking for tasks ['end_task'] in dag news_data_ingestion on 2025-05-09T17:00:00+00:00 ... 
[2025-05-11T16:31:13.366+0700] {logging_mixin.py:188} WARNING - /home/***/.local/lib/python3.12/site-packages/***/utils/session.py:79 DeprecationWarning: This method is deprecated and will be removed in future.
[2025-05-11T16:31:13.390+0700] {taskinstance.py:441} INFO - ::group::Post task execution logs
[2025-05-11T16:31:13.427+0700] {taskinstance.py:2865} INFO - Rescheduling task, marking task as UP_FOR_RESCHEDULE
[2025-05-11T16:31:13.455+0700] {local_task_job_runner.py:240} INFO - Task exited with return code 0
[2025-05-11T16:31:13.518+0700] {taskinstance.py:3503} INFO - 0 downstream tasks scheduled from follow-on schedule check
[2025-05-11T16:31:13.524+0700] {local_task_job_runner.py:222} INFO - ::endgroup::
[2025-05-11T16:32:14.836+0700] {local_task_job_runner.py:120} INFO - ::group::Pre task execution logs
[2025-05-11T16:32:14.905+0700] {taskinstance.py:2076} INFO - Dependencies all met for dep_context=non-requeueable deps ti=<TaskInstance: data_transformation.wait_for_news_data scheduled__2025-05-09T17:00:00+00:00 [queued]>
[2025-05-11T16:32:14.920+0700] {taskinstance.py:2076} INFO - Dependencies all met for dep_context=requeueable deps ti=<TaskInstance: data_transformation.wait_for_news_data scheduled__2025-05-09T17:00:00+00:00 [queued]>
[2025-05-11T16:32:14.921+0700] {taskinstance.py:2306} INFO - Starting attempt 1 of 2
[2025-05-11T16:32:14.946+0700] {taskinstance.py:2330} INFO - Executing <Task(ExternalTaskSensor): wait_for_news_data> on 2025-05-09 17:00:00+00:00
[2025-05-11T16:32:14.957+0700] {logging_mixin.py:188} WARNING - /home/***/.local/lib/python3.12/site-packages/***/task/task_runner/standard_task_runner.py:61 DeprecationWarning: This process (pid=1150) is multi-threaded, use of fork() may lead to deadlocks in the child.
[2025-05-11T16:32:14.955+0700] {standard_task_runner.py:90} INFO - Running: ['***', 'tasks', 'run', 'data_transformation', 'wait_for_news_data', 'scheduled__2025-05-09T17:00:00+00:00', '--job-id', '50', '--raw', '--subdir', 'DAGS_FOLDER/data_transformation.py', '--cfg-path', '/tmp/tmpodl6lwqr']
[2025-05-11T16:32:14.960+0700] {standard_task_runner.py:63} INFO - Started process 1151 to run task
[2025-05-11T16:32:14.960+0700] {standard_task_runner.py:91} INFO - Job 50: Subtask wait_for_news_data
[2025-05-11T16:32:15.062+0700] {task_command.py:426} INFO - Running <TaskInstance: data_transformation.wait_for_news_data scheduled__2025-05-09T17:00:00+00:00 [running]> on host 615e6c656dab
[2025-05-11T16:32:15.228+0700] {taskinstance.py:2648} INFO - Exporting env vars: AIRFLOW_CTX_DAG_OWNER='***' AIRFLOW_CTX_DAG_ID='data_transformation' AIRFLOW_CTX_TASK_ID='wait_for_news_data' AIRFLOW_CTX_EXECUTION_DATE='2025-05-09T17:00:00+00:00' AIRFLOW_CTX_TRY_NUMBER='1' AIRFLOW_CTX_DAG_RUN_ID='scheduled__2025-05-09T17:00:00+00:00'
[2025-05-11T16:32:15.230+0700] {taskinstance.py:430} INFO - ::endgroup::
[2025-05-11T16:32:15.253+0700] {baseoperator.py:400} WARNING - ExternalTaskSensor.execute cannot be called outside TaskInstance!
[2025-05-11T16:32:15.273+0700] {external_task.py:258} INFO - Poking for tasks ['end_task'] in dag news_data_ingestion on 2025-05-09T17:00:00+00:00 ... 
[2025-05-11T16:32:15.277+0700] {logging_mixin.py:188} WARNING - /home/***/.local/lib/python3.12/site-packages/***/utils/session.py:79 DeprecationWarning: This method is deprecated and will be removed in future.
[2025-05-11T16:32:15.301+0700] {taskinstance.py:441} INFO - ::group::Post task execution logs
[2025-05-11T16:32:15.338+0700] {taskinstance.py:2865} INFO - Rescheduling task, marking task as UP_FOR_RESCHEDULE
[2025-05-11T16:32:15.377+0700] {local_task_job_runner.py:240} INFO - Task exited with return code 0
[2025-05-11T16:32:15.435+0700] {taskinstance.py:3503} INFO - 0 downstream tasks scheduled from follow-on schedule check
[2025-05-11T16:32:15.438+0700] {local_task_job_runner.py:222} INFO - ::endgroup::
[2025-05-11T16:33:16.703+0700] {local_task_job_runner.py:120} INFO - ::group::Pre task execution logs
[2025-05-11T16:33:16.764+0700] {taskinstance.py:2076} INFO - Dependencies all met for dep_context=non-requeueable deps ti=<TaskInstance: data_transformation.wait_for_news_data scheduled__2025-05-09T17:00:00+00:00 [queued]>
[2025-05-11T16:33:16.780+0700] {taskinstance.py:2076} INFO - Dependencies all met for dep_context=requeueable deps ti=<TaskInstance: data_transformation.wait_for_news_data scheduled__2025-05-09T17:00:00+00:00 [queued]>
[2025-05-11T16:33:16.781+0700] {taskinstance.py:2306} INFO - Starting attempt 1 of 2
[2025-05-11T16:33:16.804+0700] {taskinstance.py:2330} INFO - Executing <Task(ExternalTaskSensor): wait_for_news_data> on 2025-05-09 17:00:00+00:00
[2025-05-11T16:33:16.817+0700] {logging_mixin.py:188} WARNING - /home/***/.local/lib/python3.12/site-packages/***/task/task_runner/standard_task_runner.py:61 DeprecationWarning: This process (pid=1266) is multi-threaded, use of fork() may lead to deadlocks in the child.
[2025-05-11T16:33:16.819+0700] {standard_task_runner.py:63} INFO - Started process 1267 to run task
[2025-05-11T16:33:16.816+0700] {standard_task_runner.py:90} INFO - Running: ['***', 'tasks', 'run', 'data_transformation', 'wait_for_news_data', 'scheduled__2025-05-09T17:00:00+00:00', '--job-id', '56', '--raw', '--subdir', 'DAGS_FOLDER/data_transformation.py', '--cfg-path', '/tmp/tmpe3ea8ftm']
[2025-05-11T16:33:16.821+0700] {standard_task_runner.py:91} INFO - Job 56: Subtask wait_for_news_data
[2025-05-11T16:33:16.921+0700] {task_command.py:426} INFO - Running <TaskInstance: data_transformation.wait_for_news_data scheduled__2025-05-09T17:00:00+00:00 [running]> on host 615e6c656dab
[2025-05-11T16:33:17.114+0700] {taskinstance.py:2648} INFO - Exporting env vars: AIRFLOW_CTX_DAG_OWNER='***' AIRFLOW_CTX_DAG_ID='data_transformation' AIRFLOW_CTX_TASK_ID='wait_for_news_data' AIRFLOW_CTX_EXECUTION_DATE='2025-05-09T17:00:00+00:00' AIRFLOW_CTX_TRY_NUMBER='1' AIRFLOW_CTX_DAG_RUN_ID='scheduled__2025-05-09T17:00:00+00:00'
[2025-05-11T16:33:17.116+0700] {taskinstance.py:430} INFO - ::endgroup::
[2025-05-11T16:33:17.139+0700] {baseoperator.py:400} WARNING - ExternalTaskSensor.execute cannot be called outside TaskInstance!
[2025-05-11T16:33:17.160+0700] {external_task.py:258} INFO - Poking for tasks ['end_task'] in dag news_data_ingestion on 2025-05-09T17:00:00+00:00 ... 
[2025-05-11T16:33:17.163+0700] {logging_mixin.py:188} WARNING - /home/***/.local/lib/python3.12/site-packages/***/utils/session.py:79 DeprecationWarning: This method is deprecated and will be removed in future.
[2025-05-11T16:33:17.189+0700] {taskinstance.py:441} INFO - ::group::Post task execution logs
[2025-05-11T16:33:17.227+0700] {taskinstance.py:2865} INFO - Rescheduling task, marking task as UP_FOR_RESCHEDULE
[2025-05-11T16:33:17.275+0700] {local_task_job_runner.py:240} INFO - Task exited with return code 0
[2025-05-11T16:33:17.336+0700] {taskinstance.py:3503} INFO - 0 downstream tasks scheduled from follow-on schedule check
[2025-05-11T16:33:17.342+0700] {local_task_job_runner.py:222} INFO - ::endgroup::
[2025-05-11T16:34:18.484+0700] {local_task_job_runner.py:120} INFO - ::group::Pre task execution logs
[2025-05-11T16:34:18.581+0700] {taskinstance.py:2076} INFO - Dependencies all met for dep_context=non-requeueable deps ti=<TaskInstance: data_transformation.wait_for_news_data scheduled__2025-05-09T17:00:00+00:00 [queued]>
[2025-05-11T16:34:18.601+0700] {taskinstance.py:2076} INFO - Dependencies all met for dep_context=requeueable deps ti=<TaskInstance: data_transformation.wait_for_news_data scheduled__2025-05-09T17:00:00+00:00 [queued]>
[2025-05-11T16:34:18.602+0700] {taskinstance.py:2306} INFO - Starting attempt 1 of 2
[2025-05-11T16:34:18.630+0700] {taskinstance.py:2330} INFO - Executing <Task(ExternalTaskSensor): wait_for_news_data> on 2025-05-09 17:00:00+00:00
[2025-05-11T16:34:18.641+0700] {logging_mixin.py:188} WARNING - /home/***/.local/lib/python3.12/site-packages/***/task/task_runner/standard_task_runner.py:61 DeprecationWarning: This process (pid=1375) is multi-threaded, use of fork() may lead to deadlocks in the child.
[2025-05-11T16:34:18.644+0700] {standard_task_runner.py:63} INFO - Started process 1377 to run task
[2025-05-11T16:34:18.642+0700] {standard_task_runner.py:90} INFO - Running: ['***', 'tasks', 'run', 'data_transformation', 'wait_for_news_data', 'scheduled__2025-05-09T17:00:00+00:00', '--job-id', '60', '--raw', '--subdir', 'DAGS_FOLDER/data_transformation.py', '--cfg-path', '/tmp/tmpzxpn70k7']
[2025-05-11T16:34:18.646+0700] {standard_task_runner.py:91} INFO - Job 60: Subtask wait_for_news_data
[2025-05-11T16:34:18.759+0700] {task_command.py:426} INFO - Running <TaskInstance: data_transformation.wait_for_news_data scheduled__2025-05-09T17:00:00+00:00 [running]> on host 615e6c656dab
[2025-05-11T16:34:18.970+0700] {taskinstance.py:2648} INFO - Exporting env vars: AIRFLOW_CTX_DAG_OWNER='***' AIRFLOW_CTX_DAG_ID='data_transformation' AIRFLOW_CTX_TASK_ID='wait_for_news_data' AIRFLOW_CTX_EXECUTION_DATE='2025-05-09T17:00:00+00:00' AIRFLOW_CTX_TRY_NUMBER='1' AIRFLOW_CTX_DAG_RUN_ID='scheduled__2025-05-09T17:00:00+00:00'
[2025-05-11T16:34:18.971+0700] {taskinstance.py:430} INFO - ::endgroup::
[2025-05-11T16:34:19.002+0700] {baseoperator.py:400} WARNING - ExternalTaskSensor.execute cannot be called outside TaskInstance!
[2025-05-11T16:34:19.034+0700] {external_task.py:258} INFO - Poking for tasks ['end_task'] in dag news_data_ingestion on 2025-05-09T17:00:00+00:00 ... 
[2025-05-11T16:34:19.041+0700] {logging_mixin.py:188} WARNING - /home/***/.local/lib/python3.12/site-packages/***/utils/session.py:79 DeprecationWarning: This method is deprecated and will be removed in future.
[2025-05-11T16:34:19.080+0700] {taskinstance.py:441} INFO - ::group::Post task execution logs
[2025-05-11T16:34:19.222+0700] {taskinstance.py:2865} INFO - Rescheduling task, marking task as UP_FOR_RESCHEDULE
[2025-05-11T16:34:19.261+0700] {local_task_job_runner.py:240} INFO - Task exited with return code 0
[2025-05-11T16:34:19.298+0700] {local_task_job_runner.py:222} INFO - ::endgroup::
[2025-05-11T16:35:19.796+0700] {local_task_job_runner.py:120} INFO - ::group::Pre task execution logs
[2025-05-11T16:35:19.884+0700] {taskinstance.py:2076} INFO - Dependencies all met for dep_context=non-requeueable deps ti=<TaskInstance: data_transformation.wait_for_news_data scheduled__2025-05-09T17:00:00+00:00 [queued]>
[2025-05-11T16:35:19.901+0700] {taskinstance.py:2076} INFO - Dependencies all met for dep_context=requeueable deps ti=<TaskInstance: data_transformation.wait_for_news_data scheduled__2025-05-09T17:00:00+00:00 [queued]>
[2025-05-11T16:35:19.902+0700] {taskinstance.py:2306} INFO - Starting attempt 1 of 2
[2025-05-11T16:35:19.966+0700] {taskinstance.py:2330} INFO - Executing <Task(ExternalTaskSensor): wait_for_news_data> on 2025-05-09 17:00:00+00:00
[2025-05-11T16:35:19.978+0700] {logging_mixin.py:188} WARNING - /home/***/.local/lib/python3.12/site-packages/***/task/task_runner/standard_task_runner.py:61 DeprecationWarning: This process (pid=1489) is multi-threaded, use of fork() may lead to deadlocks in the child.
[2025-05-11T16:35:19.980+0700] {standard_task_runner.py:63} INFO - Started process 1493 to run task
[2025-05-11T16:35:19.978+0700] {standard_task_runner.py:90} INFO - Running: ['***', 'tasks', 'run', 'data_transformation', 'wait_for_news_data', 'scheduled__2025-05-09T17:00:00+00:00', '--job-id', '65', '--raw', '--subdir', 'DAGS_FOLDER/data_transformation.py', '--cfg-path', '/tmp/tmpwt_sr02c']
[2025-05-11T16:35:19.981+0700] {standard_task_runner.py:91} INFO - Job 65: Subtask wait_for_news_data
[2025-05-11T16:35:20.080+0700] {task_command.py:426} INFO - Running <TaskInstance: data_transformation.wait_for_news_data scheduled__2025-05-09T17:00:00+00:00 [running]> on host 615e6c656dab
[2025-05-11T16:35:20.249+0700] {taskinstance.py:2648} INFO - Exporting env vars: AIRFLOW_CTX_DAG_OWNER='***' AIRFLOW_CTX_DAG_ID='data_transformation' AIRFLOW_CTX_TASK_ID='wait_for_news_data' AIRFLOW_CTX_EXECUTION_DATE='2025-05-09T17:00:00+00:00' AIRFLOW_CTX_TRY_NUMBER='1' AIRFLOW_CTX_DAG_RUN_ID='scheduled__2025-05-09T17:00:00+00:00'
[2025-05-11T16:35:20.251+0700] {taskinstance.py:430} INFO - ::endgroup::
[2025-05-11T16:35:20.276+0700] {baseoperator.py:400} WARNING - ExternalTaskSensor.execute cannot be called outside TaskInstance!
[2025-05-11T16:35:20.297+0700] {external_task.py:258} INFO - Poking for tasks ['end_task'] in dag news_data_ingestion on 2025-05-09T17:00:00+00:00 ... 
[2025-05-11T16:35:20.300+0700] {logging_mixin.py:188} WARNING - /home/***/.local/lib/python3.12/site-packages/***/utils/session.py:79 DeprecationWarning: This method is deprecated and will be removed in future.
[2025-05-11T16:35:20.327+0700] {taskinstance.py:441} INFO - ::group::Post task execution logs
[2025-05-11T16:35:20.366+0700] {taskinstance.py:2865} INFO - Rescheduling task, marking task as UP_FOR_RESCHEDULE
[2025-05-11T16:35:20.396+0700] {local_task_job_runner.py:240} INFO - Task exited with return code 0
[2025-05-11T16:35:20.457+0700] {taskinstance.py:3503} INFO - 0 downstream tasks scheduled from follow-on schedule check
[2025-05-11T16:35:20.466+0700] {local_task_job_runner.py:222} INFO - ::endgroup::
[2025-05-11T16:36:21.123+0700] {local_task_job_runner.py:120} INFO - ::group::Pre task execution logs
[2025-05-11T16:36:21.198+0700] {taskinstance.py:2076} INFO - Dependencies all met for dep_context=non-requeueable deps ti=<TaskInstance: data_transformation.wait_for_news_data scheduled__2025-05-09T17:00:00+00:00 [queued]>
[2025-05-11T16:36:21.214+0700] {taskinstance.py:2076} INFO - Dependencies all met for dep_context=requeueable deps ti=<TaskInstance: data_transformation.wait_for_news_data scheduled__2025-05-09T17:00:00+00:00 [queued]>
[2025-05-11T16:36:21.216+0700] {taskinstance.py:2306} INFO - Starting attempt 1 of 2
[2025-05-11T16:36:21.241+0700] {taskinstance.py:2330} INFO - Executing <Task(ExternalTaskSensor): wait_for_news_data> on 2025-05-09 17:00:00+00:00
[2025-05-11T16:36:21.252+0700] {logging_mixin.py:188} WARNING - /home/***/.local/lib/python3.12/site-packages/***/task/task_runner/standard_task_runner.py:61 DeprecationWarning: This process (pid=1595) is multi-threaded, use of fork() may lead to deadlocks in the child.
[2025-05-11T16:36:21.251+0700] {standard_task_runner.py:90} INFO - Running: ['***', 'tasks', 'run', 'data_transformation', 'wait_for_news_data', 'scheduled__2025-05-09T17:00:00+00:00', '--job-id', '70', '--raw', '--subdir', 'DAGS_FOLDER/data_transformation.py', '--cfg-path', '/tmp/tmp8r8jppkv']
[2025-05-11T16:36:21.254+0700] {standard_task_runner.py:63} INFO - Started process 1596 to run task
[2025-05-11T16:36:21.254+0700] {standard_task_runner.py:91} INFO - Job 70: Subtask wait_for_news_data
[2025-05-11T16:36:21.353+0700] {task_command.py:426} INFO - Running <TaskInstance: data_transformation.wait_for_news_data scheduled__2025-05-09T17:00:00+00:00 [running]> on host 615e6c656dab
[2025-05-11T16:36:21.520+0700] {taskinstance.py:2648} INFO - Exporting env vars: AIRFLOW_CTX_DAG_OWNER='***' AIRFLOW_CTX_DAG_ID='data_transformation' AIRFLOW_CTX_TASK_ID='wait_for_news_data' AIRFLOW_CTX_EXECUTION_DATE='2025-05-09T17:00:00+00:00' AIRFLOW_CTX_TRY_NUMBER='1' AIRFLOW_CTX_DAG_RUN_ID='scheduled__2025-05-09T17:00:00+00:00'
[2025-05-11T16:36:21.522+0700] {taskinstance.py:430} INFO - ::endgroup::
[2025-05-11T16:36:21.544+0700] {baseoperator.py:400} WARNING - ExternalTaskSensor.execute cannot be called outside TaskInstance!
[2025-05-11T16:36:21.565+0700] {external_task.py:258} INFO - Poking for tasks ['end_task'] in dag news_data_ingestion on 2025-05-09T17:00:00+00:00 ... 
[2025-05-11T16:36:21.568+0700] {logging_mixin.py:188} WARNING - /home/***/.local/lib/python3.12/site-packages/***/utils/session.py:79 DeprecationWarning: This method is deprecated and will be removed in future.
[2025-05-11T16:36:21.593+0700] {taskinstance.py:441} INFO - ::group::Post task execution logs
[2025-05-11T16:36:21.630+0700] {taskinstance.py:2865} INFO - Rescheduling task, marking task as UP_FOR_RESCHEDULE
[2025-05-11T16:36:21.672+0700] {local_task_job_runner.py:240} INFO - Task exited with return code 0
[2025-05-11T16:36:21.733+0700] {taskinstance.py:3503} INFO - 0 downstream tasks scheduled from follow-on schedule check
[2025-05-11T16:36:21.737+0700] {local_task_job_runner.py:222} INFO - ::endgroup::
[2025-05-11T16:37:23.287+0700] {local_task_job_runner.py:120} INFO - ::group::Pre task execution logs
[2025-05-11T16:37:23.364+0700] {taskinstance.py:2076} INFO - Dependencies all met for dep_context=non-requeueable deps ti=<TaskInstance: data_transformation.wait_for_news_data scheduled__2025-05-09T17:00:00+00:00 [queued]>
[2025-05-11T16:37:23.380+0700] {taskinstance.py:2076} INFO - Dependencies all met for dep_context=requeueable deps ti=<TaskInstance: data_transformation.wait_for_news_data scheduled__2025-05-09T17:00:00+00:00 [queued]>
[2025-05-11T16:37:23.381+0700] {taskinstance.py:2306} INFO - Starting attempt 1 of 2
[2025-05-11T16:37:23.412+0700] {taskinstance.py:2330} INFO - Executing <Task(ExternalTaskSensor): wait_for_news_data> on 2025-05-09 17:00:00+00:00
[2025-05-11T16:37:23.423+0700] {logging_mixin.py:188} WARNING - /home/***/.local/lib/python3.12/site-packages/***/task/task_runner/standard_task_runner.py:61 DeprecationWarning: This process (pid=1704) is multi-threaded, use of fork() may lead to deadlocks in the child.
[2025-05-11T16:37:23.425+0700] {standard_task_runner.py:63} INFO - Started process 1707 to run task
[2025-05-11T16:37:23.422+0700] {standard_task_runner.py:90} INFO - Running: ['***', 'tasks', 'run', 'data_transformation', 'wait_for_news_data', 'scheduled__2025-05-09T17:00:00+00:00', '--job-id', '76', '--raw', '--subdir', 'DAGS_FOLDER/data_transformation.py', '--cfg-path', '/tmp/tmpv5_dfkee']
[2025-05-11T16:37:23.426+0700] {standard_task_runner.py:91} INFO - Job 76: Subtask wait_for_news_data
[2025-05-11T16:37:23.529+0700] {task_command.py:426} INFO - Running <TaskInstance: data_transformation.wait_for_news_data scheduled__2025-05-09T17:00:00+00:00 [running]> on host 615e6c656dab
[2025-05-11T16:37:23.719+0700] {taskinstance.py:2648} INFO - Exporting env vars: AIRFLOW_CTX_DAG_OWNER='***' AIRFLOW_CTX_DAG_ID='data_transformation' AIRFLOW_CTX_TASK_ID='wait_for_news_data' AIRFLOW_CTX_EXECUTION_DATE='2025-05-09T17:00:00+00:00' AIRFLOW_CTX_TRY_NUMBER='1' AIRFLOW_CTX_DAG_RUN_ID='scheduled__2025-05-09T17:00:00+00:00'
[2025-05-11T16:37:23.720+0700] {taskinstance.py:430} INFO - ::endgroup::
[2025-05-11T16:37:23.741+0700] {baseoperator.py:400} WARNING - ExternalTaskSensor.execute cannot be called outside TaskInstance!
[2025-05-11T16:37:23.764+0700] {external_task.py:258} INFO - Poking for tasks ['end_task'] in dag news_data_ingestion on 2025-05-09T17:00:00+00:00 ... 
[2025-05-11T16:37:23.767+0700] {logging_mixin.py:188} WARNING - /home/***/.local/lib/python3.12/site-packages/***/utils/session.py:79 DeprecationWarning: This method is deprecated and will be removed in future.
[2025-05-11T16:37:23.792+0700] {base.py:294} INFO - Success criteria met. Exiting.
[2025-05-11T16:37:23.792+0700] {taskinstance.py:441} INFO - ::group::Post task execution logs
[2025-05-11T16:37:23.814+0700] {taskinstance.py:1206} INFO - Marking task as SUCCESS. dag_id=data_transformation, task_id=wait_for_news_data, run_id=scheduled__2025-05-09T17:00:00+00:00, execution_date=20250509T170000, start_date=20250511T093723, end_date=20250511T093723
[2025-05-11T16:37:23.842+0700] {local_task_job_runner.py:240} INFO - Task exited with return code 0
[2025-05-11T16:37:23.917+0700] {taskinstance.py:3503} INFO - 0 downstream tasks scheduled from follow-on schedule check
[2025-05-11T16:37:23.921+0700] {local_task_job_runner.py:222} INFO - ::endgroup::
