[2025-05-11T06:30:14.805+0700] {local_task_job_runner.py:120} INFO - ::group::Pre task execution logs
[2025-05-11T06:30:14.849+0700] {taskinstance.py:2076} INFO - Dependencies all met for dep_context=non-requeueable deps ti=<TaskInstance: bbca_lstm_prediction_enhanced.hyperparameter_tuning scheduled__2025-05-08T11:30:00+00:00 [queued]>
[2025-05-11T06:30:14.859+0700] {taskinstance.py:2076} INFO - Dependencies all met for dep_context=requeueable deps ti=<TaskInstance: bbca_lstm_prediction_enhanced.hyperparameter_tuning scheduled__2025-05-08T11:30:00+00:00 [queued]>
[2025-05-11T06:30:14.860+0700] {taskinstance.py:2306} INFO - Starting attempt 2 of 3
[2025-05-11T06:30:14.880+0700] {taskinstance.py:2330} INFO - Executing <Task(PythonOperator): hyperparameter_tuning> on 2025-05-08 11:30:00+00:00
[2025-05-11T06:30:14.889+0700] {standard_task_runner.py:63} INFO - Started process 7664 to run task
[2025-05-11T06:30:14.893+0700] {standard_task_runner.py:90} INFO - Running: ['***', 'tasks', 'run', 'bbca_lstm_prediction_enhanced', 'hyperparameter_tuning', 'scheduled__2025-05-08T11:30:00+00:00', '--job-id', '121', '--raw', '--subdir', 'DAGS_FOLDER/bbca_dag.py', '--cfg-path', '/tmp/tmpy4jex_wq']
[2025-05-11T06:30:14.897+0700] {standard_task_runner.py:91} INFO - Job 121: Subtask hyperparameter_tuning
[2025-05-11T06:30:14.990+0700] {task_command.py:426} INFO - Running <TaskInstance: bbca_lstm_prediction_enhanced.hyperparameter_tuning scheduled__2025-05-08T11:30:00+00:00 [running]> on host 63831b4a45c6
[2025-05-11T06:30:15.482+0700] {taskinstance.py:2648} INFO - Exporting env vars: AIRFLOW_CTX_DAG_OWNER='***' AIRFLOW_CTX_DAG_ID='bbca_lstm_prediction_enhanced' AIRFLOW_CTX_TASK_ID='hyperparameter_tuning' AIRFLOW_CTX_EXECUTION_DATE='2025-05-08T11:30:00+00:00' AIRFLOW_CTX_TRY_NUMBER='2' AIRFLOW_CTX_DAG_RUN_ID='scheduled__2025-05-08T11:30:00+00:00'
[2025-05-11T06:30:15.484+0700] {taskinstance.py:430} INFO - ::endgroup::
[2025-05-11T06:30:15.522+0700] {bbca_dag.py:109} INFO - Starting hyperparameter tuning with data path: /opt/***/data/lstm/bbca_data.csv
[2025-05-11T06:30:15.523+0700] {bbca_dag.py:115} INFO - Tuning LSTM
[2025-05-11T06:30:15.524+0700] {bbca_dag.py:119} ERROR - Error tuning LSTM: name 'hyperparameter_tuning' is not defined
[2025-05-11T06:30:15.525+0700] {bbca_dag.py:115} INFO - Tuning BiLSTM
[2025-05-11T06:30:15.526+0700] {bbca_dag.py:119} ERROR - Error tuning BiLSTM: name 'hyperparameter_tuning' is not defined
[2025-05-11T06:30:15.526+0700] {bbca_dag.py:115} INFO - Tuning ConvLSTM
[2025-05-11T06:30:15.527+0700] {bbca_dag.py:119} ERROR - Error tuning ConvLSTM: name 'hyperparameter_tuning' is not defined
[2025-05-11T06:30:15.528+0700] {python.py:237} INFO - Done. Returned value was: {'LSTM': {'error': "name 'hyperparameter_tuning' is not defined"}, 'BiLSTM': {'error': "name 'hyperparameter_tuning' is not defined"}, 'ConvLSTM': {'error': "name 'hyperparameter_tuning' is not defined"}}
[2025-05-11T06:30:15.529+0700] {taskinstance.py:441} INFO - ::group::Post task execution logs
[2025-05-11T06:30:15.581+0700] {taskinstance.py:1206} INFO - Marking task as SUCCESS. dag_id=bbca_lstm_prediction_enhanced, task_id=hyperparameter_tuning, run_id=scheduled__2025-05-08T11:30:00+00:00, execution_date=20250508T113000, start_date=20250510T233014, end_date=20250510T233015
[2025-05-11T06:30:15.629+0700] {local_task_job_runner.py:240} INFO - Task exited with return code 0
[2025-05-11T06:30:15.679+0700] {taskinstance.py:3503} INFO - 1 downstream tasks scheduled from follow-on schedule check
[2025-05-11T06:30:15.685+0700] {local_task_job_runner.py:222} INFO - ::endgroup::
