[2025-05-11T06:32:16.472+0700] {local_task_job_runner.py:120} INFO - ::group::Pre task execution logs
[2025-05-11T06:32:16.510+0700] {taskinstance.py:2076} INFO - Dependencies all met for dep_context=non-requeueable deps ti=<TaskInstance: bbca_lstm_prediction_enhanced.hyperparameter_tuning scheduled__2025-05-08T11:30:00+00:00 [queued]>
[2025-05-11T06:32:16.519+0700] {taskinstance.py:2076} INFO - Dependencies all met for dep_context=requeueable deps ti=<TaskInstance: bbca_lstm_prediction_enhanced.hyperparameter_tuning scheduled__2025-05-08T11:30:00+00:00 [queued]>
[2025-05-11T06:32:16.520+0700] {taskinstance.py:2306} INFO - Starting attempt 3 of 4
[2025-05-11T06:32:16.539+0700] {taskinstance.py:2330} INFO - Executing <Task(PythonOperator): hyperparameter_tuning> on 2025-05-08 11:30:00+00:00
[2025-05-11T06:32:16.548+0700] {standard_task_runner.py:90} INFO - Running: ['***', 'tasks', 'run', 'bbca_lstm_prediction_enhanced', 'hyperparameter_tuning', 'scheduled__2025-05-08T11:30:00+00:00', '--job-id', '123', '--raw', '--subdir', 'DAGS_FOLDER/bbca_dag.py', '--cfg-path', '/tmp/tmpbbewrlsx']
[2025-05-11T06:32:16.551+0700] {standard_task_runner.py:91} INFO - Job 123: Subtask hyperparameter_tuning
[2025-05-11T06:32:16.558+0700] {logging_mixin.py:188} WARNING - /home/***/.local/lib/python3.12/site-packages/***/task/task_runner/standard_task_runner.py:61 DeprecationWarning: This process (pid=7808) is multi-threaded, use of fork() may lead to deadlocks in the child.
[2025-05-11T06:32:16.559+0700] {standard_task_runner.py:63} INFO - Started process 7826 to run task
[2025-05-11T06:32:16.624+0700] {task_command.py:426} INFO - Running <TaskInstance: bbca_lstm_prediction_enhanced.hyperparameter_tuning scheduled__2025-05-08T11:30:00+00:00 [running]> on host 63831b4a45c6
[2025-05-11T06:32:16.747+0700] {taskinstance.py:2648} INFO - Exporting env vars: AIRFLOW_CTX_DAG_OWNER='***' AIRFLOW_CTX_DAG_ID='bbca_lstm_prediction_enhanced' AIRFLOW_CTX_TASK_ID='hyperparameter_tuning' AIRFLOW_CTX_EXECUTION_DATE='2025-05-08T11:30:00+00:00' AIRFLOW_CTX_TRY_NUMBER='3' AIRFLOW_CTX_DAG_RUN_ID='scheduled__2025-05-08T11:30:00+00:00'
[2025-05-11T06:32:16.749+0700] {taskinstance.py:430} INFO - ::endgroup::
[2025-05-11T06:32:16.776+0700] {bbca_dag.py:109} INFO - Starting hyperparameter tuning with data path: /opt/***/data/lstm/bbca_data.csv
[2025-05-11T06:32:16.777+0700] {bbca_dag.py:115} INFO - Tuning LSTM
[2025-05-11T06:32:16.777+0700] {lstm_models.py:139} INFO - Hyperparameter tuning for LSTM using data from /opt/***/data/lstm/bbca_data.csv
[2025-05-11T06:32:16.778+0700] {bbca_dag.py:115} INFO - Tuning BiLSTM
[2025-05-11T06:32:16.779+0700] {lstm_models.py:139} INFO - Hyperparameter tuning for BiLSTM using data from /opt/***/data/lstm/bbca_data.csv
[2025-05-11T06:32:16.780+0700] {bbca_dag.py:115} INFO - Tuning ConvLSTM
[2025-05-11T06:32:16.780+0700] {lstm_models.py:139} INFO - Hyperparameter tuning for ConvLSTM using data from /opt/***/data/lstm/bbca_data.csv
[2025-05-11T06:32:16.781+0700] {python.py:237} INFO - Done. Returned value was: {'LSTM': {'seq_length': 10, 'hidden_dim': 64, 'num_layers': 2, 'learning_rate': 0.01, 'dropout': 0.2}, 'BiLSTM': {'seq_length': 10, 'hidden_dim': 64, 'num_layers': 2, 'learning_rate': 0.01, 'dropout': 0.2}, 'ConvLSTM': {'seq_length': 10, 'hidden_dim': 64, 'num_layers': 2, 'learning_rate': 0.01, 'dropout': 0.2}}
[2025-05-11T06:32:16.781+0700] {taskinstance.py:441} INFO - ::group::Post task execution logs
[2025-05-11T06:32:16.819+0700] {taskinstance.py:1206} INFO - Marking task as SUCCESS. dag_id=bbca_lstm_prediction_enhanced, task_id=hyperparameter_tuning, run_id=scheduled__2025-05-08T11:30:00+00:00, execution_date=20250508T113000, start_date=20250510T233216, end_date=20250510T233216
[2025-05-11T06:32:16.854+0700] {local_task_job_runner.py:240} INFO - Task exited with return code 0
[2025-05-11T06:32:16.887+0700] {taskinstance.py:3503} INFO - 1 downstream tasks scheduled from follow-on schedule check
[2025-05-11T06:32:16.893+0700] {local_task_job_runner.py:222} INFO - ::endgroup::
