[2025-05-11T03:49:44.449+0700] {local_task_job_runner.py:120} INFO - ::group::Pre task execution logs
[2025-05-11T03:49:44.534+0700] {taskinstance.py:2076} INFO - Dependencies all met for dep_context=non-requeueable deps ti=<TaskInstance: reporting_and_alerting.send_technical_signal_report scheduled__2025-05-09T17:00:00+00:00 [queued]>
[2025-05-11T03:49:44.553+0700] {taskinstance.py:2076} INFO - Dependencies all met for dep_context=requeueable deps ti=<TaskInstance: reporting_and_alerting.send_technical_signal_report scheduled__2025-05-09T17:00:00+00:00 [queued]>
[2025-05-11T03:49:44.554+0700] {taskinstance.py:2306} INFO - Starting attempt 1 of 2
[2025-05-11T03:49:44.581+0700] {taskinstance.py:2330} INFO - Executing <Task(PythonOperator): send_technical_signal_report> on 2025-05-09 17:00:00+00:00
[2025-05-11T03:49:44.594+0700] {standard_task_runner.py:90} INFO - Running: ['***', 'tasks', 'run', 'reporting_and_alerting', 'send_technical_signal_report', 'scheduled__2025-05-09T17:00:00+00:00', '--job-id', '93', '--raw', '--subdir', 'DAGS_FOLDER/reporting_and_alerting.py', '--cfg-path', '/tmp/tmpdntjhi68']
[2025-05-11T03:49:44.600+0700] {standard_task_runner.py:91} INFO - Job 93: Subtask send_technical_signal_report
[2025-05-11T03:49:44.606+0700] {logging_mixin.py:188} WARNING - /home/***/.local/lib/python3.12/site-packages/***/task/task_runner/standard_task_runner.py:61 DeprecationWarning: This process (pid=1143) is multi-threaded, use of fork() may lead to deadlocks in the child.
[2025-05-11T03:49:44.608+0700] {standard_task_runner.py:63} INFO - Started process 1156 to run task
[2025-05-11T03:49:44.700+0700] {task_command.py:426} INFO - Running <TaskInstance: reporting_and_alerting.send_technical_signal_report scheduled__2025-05-09T17:00:00+00:00 [running]> on host a61c3a2f78e1
[2025-05-11T03:49:44.852+0700] {taskinstance.py:2648} INFO - Exporting env vars: AIRFLOW_CTX_DAG_OWNER='***' AIRFLOW_CTX_DAG_ID='reporting_and_alerting' AIRFLOW_CTX_TASK_ID='send_technical_signal_report' AIRFLOW_CTX_EXECUTION_DATE='2025-05-09T17:00:00+00:00' AIRFLOW_CTX_TRY_NUMBER='1' AIRFLOW_CTX_DAG_RUN_ID='scheduled__2025-05-09T17:00:00+00:00'
[2025-05-11T03:49:44.854+0700] {taskinstance.py:430} INFO - ::endgroup::
[2025-05-11T03:49:44.901+0700] {logging_mixin.py:188} WARNING - /opt/***/dags/reporting_and_alerting.py:337 UserWarning: pandas only supports SQLAlchemy connectable (engine/connection) or database string URI or sqlite3 DBAPI2 connection. Other DBAPI2 objects are not tested. Please consider using SQLAlchemy.
[2025-05-11T03:49:46.080+0700] {logging_mixin.py:188} INFO - Status Telegram (Teknikal): 200
[2025-05-11T03:49:46.082+0700] {python.py:237} INFO - Done. Returned value was: Laporan sinyal teknikal terkirim: 3 saham
[2025-05-11T03:49:46.084+0700] {taskinstance.py:441} INFO - ::group::Post task execution logs
[2025-05-11T03:49:46.123+0700] {taskinstance.py:1206} INFO - Marking task as SUCCESS. dag_id=reporting_and_alerting, task_id=send_technical_signal_report, run_id=scheduled__2025-05-09T17:00:00+00:00, execution_date=20250509T170000, start_date=20250510T204944, end_date=20250510T204946
[2025-05-11T03:49:46.151+0700] {local_task_job_runner.py:240} INFO - Task exited with return code 0
[2025-05-11T03:49:46.182+0700] {taskinstance.py:3503} INFO - 0 downstream tasks scheduled from follow-on schedule check
[2025-05-11T03:49:46.189+0700] {local_task_job_runner.py:222} INFO - ::endgroup::
