[2025-05-11T03:50:27.506+0700] {local_task_job_runner.py:120} INFO - ::group::Pre task execution logs
[2025-05-11T03:50:27.547+0700] {taskinstance.py:2076} INFO - Dependencies all met for dep_context=non-requeueable deps ti=<TaskInstance: bbca_lstm_prediction.wait_for_transformation scheduled__2025-05-08T11:30:00+00:00 [queued]>
[2025-05-11T03:50:27.557+0700] {taskinstance.py:2076} INFO - Dependencies all met for dep_context=requeueable deps ti=<TaskInstance: bbca_lstm_prediction.wait_for_transformation scheduled__2025-05-08T11:30:00+00:00 [queued]>
[2025-05-11T03:50:27.558+0700] {taskinstance.py:2306} INFO - Starting attempt 1 of 2
[2025-05-11T03:50:27.578+0700] {taskinstance.py:2330} INFO - Executing <Task(ExternalTaskSensor): wait_for_transformation> on 2025-05-08 11:30:00+00:00
[2025-05-11T03:50:27.590+0700] {standard_task_runner.py:90} INFO - Running: ['***', 'tasks', 'run', 'bbca_lstm_prediction', 'wait_for_transformation', 'scheduled__2025-05-08T11:30:00+00:00', '--job-id', '95', '--raw', '--subdir', 'DAGS_FOLDER/stock_predictions_bbca.py', '--cfg-path', '/tmp/tmpoc5keghp']
[2025-05-11T03:50:27.595+0700] {standard_task_runner.py:91} INFO - Job 95: Subtask wait_for_transformation
[2025-05-11T03:50:27.602+0700] {logging_mixin.py:188} WARNING - /home/***/.local/lib/python3.12/site-packages/***/task/task_runner/standard_task_runner.py:61 DeprecationWarning: This process (pid=1194) is multi-threaded, use of fork() may lead to deadlocks in the child.
[2025-05-11T03:50:27.604+0700] {standard_task_runner.py:63} INFO - Started process 1210 to run task
[2025-05-11T03:50:27.685+0700] {task_command.py:426} INFO - Running <TaskInstance: bbca_lstm_prediction.wait_for_transformation scheduled__2025-05-08T11:30:00+00:00 [running]> on host a61c3a2f78e1
[2025-05-11T03:50:27.823+0700] {taskinstance.py:2648} INFO - Exporting env vars: AIRFLOW_CTX_DAG_OWNER='***' AIRFLOW_CTX_DAG_ID='bbca_lstm_prediction' AIRFLOW_CTX_TASK_ID='wait_for_transformation' AIRFLOW_CTX_EXECUTION_DATE='2025-05-08T11:30:00+00:00' AIRFLOW_CTX_TRY_NUMBER='1' AIRFLOW_CTX_DAG_RUN_ID='scheduled__2025-05-08T11:30:00+00:00'
[2025-05-11T03:50:27.825+0700] {taskinstance.py:430} INFO - ::endgroup::
[2025-05-11T03:50:27.843+0700] {baseoperator.py:400} WARNING - ExternalTaskSensor.execute cannot be called outside TaskInstance!
[2025-05-11T03:50:27.861+0700] {external_task.py:258} INFO - Poking for tasks ['end_task'] in dag data_transformation on 2025-05-08T11:30:00+00:00 ... 
[2025-05-11T03:50:27.870+0700] {logging_mixin.py:188} WARNING - /home/***/.local/lib/python3.12/site-packages/***/utils/session.py:79 DeprecationWarning: This method is deprecated and will be removed in future.
[2025-05-11T03:50:27.891+0700] {taskinstance.py:441} INFO - ::group::Post task execution logs
[2025-05-11T03:50:27.923+0700] {taskinstance.py:2865} INFO - Rescheduling task, marking task as UP_FOR_RESCHEDULE
[2025-05-11T03:50:27.939+0700] {local_task_job_runner.py:240} INFO - Task exited with return code 0
[2025-05-11T03:50:27.984+0700] {taskinstance.py:3503} INFO - 0 downstream tasks scheduled from follow-on schedule check
[2025-05-11T03:50:27.991+0700] {local_task_job_runner.py:222} INFO - ::endgroup::
