[2025-05-11T03:48:23.709+0700] {local_task_job_runner.py:120} INFO - ::group::Pre task execution logs
[2025-05-11T03:48:23.762+0700] {taskinstance.py:2076} INFO - Dependencies all met for dep_context=non-requeueable deps ti=<TaskInstance: data_transformation.run_dbt_analytics scheduled__2025-05-09T17:00:00+00:00 [queued]>
[2025-05-11T03:48:23.775+0700] {taskinstance.py:2076} INFO - Dependencies all met for dep_context=requeueable deps ti=<TaskInstance: data_transformation.run_dbt_analytics scheduled__2025-05-09T17:00:00+00:00 [queued]>
[2025-05-11T03:48:23.776+0700] {taskinstance.py:2306} INFO - Starting attempt 1 of 2
[2025-05-11T03:48:23.798+0700] {taskinstance.py:2330} INFO - Executing <Task(BashOperator): run_dbt_analytics> on 2025-05-09 17:00:00+00:00
[2025-05-11T03:48:23.809+0700] {standard_task_runner.py:63} INFO - Started process 1017 to run task
[2025-05-11T03:48:23.813+0700] {standard_task_runner.py:90} INFO - Running: ['***', 'tasks', 'run', 'data_transformation', 'run_dbt_analytics', 'scheduled__2025-05-09T17:00:00+00:00', '--job-id', '88', '--raw', '--subdir', 'DAGS_FOLDER/data_transformation.py', '--cfg-path', '/tmp/tmpkijj_mmo']
[2025-05-11T03:48:23.817+0700] {standard_task_runner.py:91} INFO - Job 88: Subtask run_dbt_analytics
[2025-05-11T03:48:23.906+0700] {task_command.py:426} INFO - Running <TaskInstance: data_transformation.run_dbt_analytics scheduled__2025-05-09T17:00:00+00:00 [running]> on host a61c3a2f78e1
[2025-05-11T03:48:24.185+0700] {taskinstance.py:2648} INFO - Exporting env vars: AIRFLOW_CTX_DAG_OWNER='***' AIRFLOW_CTX_DAG_ID='data_transformation' AIRFLOW_CTX_TASK_ID='run_dbt_analytics' AIRFLOW_CTX_EXECUTION_DATE='2025-05-09T17:00:00+00:00' AIRFLOW_CTX_TRY_NUMBER='1' AIRFLOW_CTX_DAG_RUN_ID='scheduled__2025-05-09T17:00:00+00:00'
[2025-05-11T03:48:24.186+0700] {taskinstance.py:430} INFO - ::endgroup::
[2025-05-11T03:48:24.200+0700] {subprocess.py:63} INFO - Tmp dir root location: /tmp
[2025-05-11T03:48:24.201+0700] {subprocess.py:75} INFO - Running command: ['/usr/bin/bash', '-c', 'cd /opt/***/dbt && dbt run --profiles-dir /opt/***/dbt --select marts.analytics --exclude lstm_performance_metrics stock_prediction_dashboard']
[2025-05-11T03:48:24.211+0700] {subprocess.py:86} INFO - Output:
[2025-05-11T03:48:27.321+0700] {subprocess.py:93} INFO - [0m20:48:27  Running with dbt=1.9.4
[2025-05-11T03:48:27.733+0700] {subprocess.py:93} INFO - [0m20:48:27  Registered adapter: postgres=1.9.0
[2025-05-11T03:48:28.735+0700] {subprocess.py:93} INFO - [0m20:48:28  Found 14 models, 3 data tests, 6 sources, 434 macros
[2025-05-11T03:48:28.743+0700] {subprocess.py:93} INFO - [0m20:48:28
[2025-05-11T03:48:28.745+0700] {subprocess.py:93} INFO - [0m20:48:28  Concurrency: 4 threads (target='dev')
[2025-05-11T03:48:28.747+0700] {subprocess.py:93} INFO - [0m20:48:28
[2025-05-11T03:48:29.037+0700] {subprocess.py:93} INFO - [0m20:48:29  1 of 7 START sql table model public_analytics.daily_stock_metrics .............. [RUN]
[2025-05-11T03:48:29.039+0700] {subprocess.py:93} INFO - [0m20:48:29  2 of 7 START sql table model public_analytics.stock_performance_daily .......... [RUN]
[2025-05-11T03:48:29.042+0700] {subprocess.py:93} INFO - [0m20:48:29  3 of 7 START sql table model public_analytics.stock_performance_monthly ........ [RUN]
[2025-05-11T03:48:29.044+0700] {subprocess.py:93} INFO - [0m20:48:29  4 of 7 START sql table model public_analytics.stock_performance_weekly ......... [RUN]
[2025-05-11T03:48:29.632+0700] {subprocess.py:93} INFO - [0m20:48:29  2 of 7 OK created sql table model public_analytics.stock_performance_daily ..... [[32mSELECT 960[0m in 0.58s]
[2025-05-11T03:48:29.642+0700] {subprocess.py:93} INFO - [0m20:48:29  5 of 7 START sql table model public_analytics.technical_indicators_macd ........ [RUN]
[2025-05-11T03:48:35.530+0700] {subprocess.py:93} INFO - [0m20:48:35  1 of 7 OK created sql table model public_analytics.daily_stock_metrics ......... [[32mSELECT 701981[0m in 6.48s]
[2025-05-11T03:48:35.539+0700] {subprocess.py:93} INFO - [0m20:48:35  6 of 7 START sql table model public_analytics.technical_indicators_rsi ......... [RUN]
[2025-05-11T03:48:36.712+0700] {subprocess.py:93} INFO - [0m20:48:36  3 of 7 OK created sql table model public_analytics.stock_performance_monthly ... [[32mSELECT 960[0m in 7.66s]
[2025-05-11T03:48:36.723+0700] {subprocess.py:93} INFO - [0m20:48:36  7 of 7 START sql table model public_analytics.news_sentiment_analysis .......... [RUN]
[2025-05-11T03:48:37.429+0700] {subprocess.py:93} INFO - [0m20:48:37  4 of 7 OK created sql table model public_analytics.stock_performance_weekly .... [[32mSELECT 960[0m in 8.37s]
[2025-05-11T03:48:37.640+0700] {subprocess.py:93} INFO - [0m20:48:37  7 of 7 OK created sql table model public_analytics.news_sentiment_analysis ..... [[32mSELECT 19279[0m in 0.91s]
[2025-05-11T03:48:40.546+0700] {subprocess.py:93} INFO - [0m20:48:40  5 of 7 OK created sql table model public_analytics.technical_indicators_macd ... [[32mSELECT 701981[0m in 10.90s]
[2025-05-11T03:48:45.506+0700] {subprocess.py:93} INFO - [0m20:48:45  6 of 7 OK created sql table model public_analytics.technical_indicators_rsi .... [[32mSELECT 701018[0m in 9.96s]
[2025-05-11T03:48:45.555+0700] {subprocess.py:93} INFO - [0m20:48:45
[2025-05-11T03:48:45.557+0700] {subprocess.py:93} INFO - [0m20:48:45  Finished running 7 table models in 0 hours 0 minutes and 16.81 seconds (16.81s).
[2025-05-11T03:48:45.694+0700] {subprocess.py:93} INFO - [0m20:48:45
[2025-05-11T03:48:45.697+0700] {subprocess.py:93} INFO - [0m20:48:45  [32mCompleted successfully[0m
[2025-05-11T03:48:45.700+0700] {subprocess.py:93} INFO - [0m20:48:45
[2025-05-11T03:48:45.703+0700] {subprocess.py:93} INFO - [0m20:48:45  Done. PASS=7 WARN=0 ERROR=0 SKIP=0 TOTAL=7
[2025-05-11T03:48:47.545+0700] {subprocess.py:97} INFO - Command exited with return code 0
[2025-05-11T03:48:47.547+0700] {taskinstance.py:441} INFO - ::group::Post task execution logs
[2025-05-11T03:48:47.609+0700] {taskinstance.py:1206} INFO - Marking task as SUCCESS. dag_id=data_transformation, task_id=run_dbt_analytics, run_id=scheduled__2025-05-09T17:00:00+00:00, execution_date=20250509T170000, start_date=20250510T204823, end_date=20250510T204847
[2025-05-11T03:48:47.646+0700] {local_task_job_runner.py:240} INFO - Task exited with return code 0
[2025-05-11T03:48:47.700+0700] {taskinstance.py:3503} INFO - 1 downstream tasks scheduled from follow-on schedule check
[2025-05-11T03:48:47.704+0700] {local_task_job_runner.py:222} INFO - ::endgroup::
