[2025-05-11T02:50:19.319+0700] {local_task_job_runner.py:120} INFO - ::group::Pre task execution logs
[2025-05-11T02:50:19.385+0700] {taskinstance.py:2076} INFO - Dependencies all met for dep_context=non-requeueable deps ti=<TaskInstance: stock_data_ingestion.import_excel_files scheduled__2025-05-08T11:00:00+00:00 [queued]>
[2025-05-11T02:50:19.401+0700] {taskinstance.py:2076} INFO - Dependencies all met for dep_context=requeueable deps ti=<TaskInstance: stock_data_ingestion.import_excel_files scheduled__2025-05-08T11:00:00+00:00 [queued]>
[2025-05-11T02:50:19.402+0700] {taskinstance.py:2306} INFO - Starting attempt 1 of 2
[2025-05-11T02:50:19.428+0700] {taskinstance.py:2330} INFO - Executing <Task(PythonOperator): import_excel_files> on 2025-05-08 11:00:00+00:00
[2025-05-11T02:50:19.439+0700] {standard_task_runner.py:90} INFO - Running: ['***', 'tasks', 'run', 'stock_data_ingestion', 'import_excel_files', 'scheduled__2025-05-08T11:00:00+00:00', '--job-id', '22', '--raw', '--subdir', 'DAGS_FOLDER/stock_data_ingestion.py', '--cfg-path', '/tmp/tmp_qji7770']
[2025-05-11T02:50:19.445+0700] {standard_task_runner.py:91} INFO - Job 22: Subtask import_excel_files
[2025-05-11T02:50:19.451+0700] {logging_mixin.py:188} WARNING - /home/***/.local/lib/python3.12/site-packages/***/task/task_runner/standard_task_runner.py:61 DeprecationWarning: This process (pid=2008) is multi-threaded, use of fork() may lead to deadlocks in the child.
[2025-05-11T02:50:19.453+0700] {standard_task_runner.py:63} INFO - Started process 2027 to run task
[2025-05-11T02:50:19.556+0700] {task_command.py:426} INFO - Running <TaskInstance: stock_data_ingestion.import_excel_files scheduled__2025-05-08T11:00:00+00:00 [running]> on host f94ba298fced
[2025-05-11T02:50:19.764+0700] {taskinstance.py:2648} INFO - Exporting env vars: AIRFLOW_CTX_DAG_OWNER='***' AIRFLOW_CTX_DAG_ID='stock_data_ingestion' AIRFLOW_CTX_TASK_ID='import_excel_files' AIRFLOW_CTX_EXECUTION_DATE='2025-05-08T11:00:00+00:00' AIRFLOW_CTX_TRY_NUMBER='1' AIRFLOW_CTX_DAG_RUN_ID='scheduled__2025-05-08T11:00:00+00:00'
[2025-05-11T02:50:19.766+0700] {taskinstance.py:430} INFO - ::endgroup::
[2025-05-11T02:50:19.793+0700] {logging_mixin.py:188} INFO - ⏰ Waktu sekarang 02:50:19.792126, menggunakan data untuk tanggal bisnis sebelumnya.
[2025-05-11T02:50:19.826+0700] {logging_mixin.py:188} INFO - 🚫 Tidak ada file cocok untuk tanggal yang ditentukan, skip import.
[2025-05-11T02:50:19.827+0700] {python.py:237} INFO - Done. Returned value was: None
[2025-05-11T02:50:19.829+0700] {taskinstance.py:441} INFO - ::group::Post task execution logs
[2025-05-11T02:50:19.850+0700] {taskinstance.py:1206} INFO - Marking task as SUCCESS. dag_id=stock_data_ingestion, task_id=import_excel_files, run_id=scheduled__2025-05-08T11:00:00+00:00, execution_date=20250508T110000, start_date=20250510T195019, end_date=20250510T195019
[2025-05-11T02:50:19.910+0700] {local_task_job_runner.py:240} INFO - Task exited with return code 0
[2025-05-11T02:50:19.946+0700] {taskinstance.py:3503} INFO - 0 downstream tasks scheduled from follow-on schedule check
[2025-05-11T02:50:19.953+0700] {local_task_job_runner.py:222} INFO - ::endgroup::
