[2025-05-11T02:48:27.778+0700] {local_task_job_runner.py:120} INFO - ::group::Pre task execution logs
[2025-05-11T02:48:27.814+0700] {taskinstance.py:2076} INFO - Dependencies all met for dep_context=non-requeueable deps ti=<TaskInstance: news_data_ingestion.process_detik_news scheduled__2025-05-09T17:00:00+00:00 [queued]>
[2025-05-11T02:48:27.822+0700] {taskinstance.py:2076} INFO - Dependencies all met for dep_context=requeueable deps ti=<TaskInstance: news_data_ingestion.process_detik_news scheduled__2025-05-09T17:00:00+00:00 [queued]>
[2025-05-11T02:48:27.823+0700] {taskinstance.py:2306} INFO - Starting attempt 1 of 2
[2025-05-11T02:48:27.840+0700] {taskinstance.py:2330} INFO - Executing <Task(PythonOperator): process_detik_news> on 2025-05-09 17:00:00+00:00
[2025-05-11T02:48:27.850+0700] {standard_task_runner.py:90} INFO - Running: ['***', 'tasks', 'run', 'news_data_ingestion', 'process_detik_news', 'scheduled__2025-05-09T17:00:00+00:00', '--job-id', '10', '--raw', '--subdir', 'DAGS_FOLDER/news_data_ingestion.py', '--cfg-path', '/tmp/tmpnikvq70r']
[2025-05-11T02:48:27.854+0700] {standard_task_runner.py:91} INFO - Job 10: Subtask process_detik_news
[2025-05-11T02:48:27.857+0700] {logging_mixin.py:188} WARNING - /home/***/.local/lib/python3.12/site-packages/***/task/task_runner/standard_task_runner.py:61 DeprecationWarning: This process (pid=1808) is multi-threaded, use of fork() may lead to deadlocks in the child.
[2025-05-11T02:48:27.858+0700] {standard_task_runner.py:63} INFO - Started process 1817 to run task
[2025-05-11T02:48:27.942+0700] {task_command.py:426} INFO - Running <TaskInstance: news_data_ingestion.process_detik_news scheduled__2025-05-09T17:00:00+00:00 [running]> on host f94ba298fced
[2025-05-11T02:48:28.067+0700] {taskinstance.py:2648} INFO - Exporting env vars: AIRFLOW_CTX_DAG_OWNER='***' AIRFLOW_CTX_DAG_ID='news_data_ingestion' AIRFLOW_CTX_TASK_ID='process_detik_news' AIRFLOW_CTX_EXECUTION_DATE='2025-05-09T17:00:00+00:00' AIRFLOW_CTX_TRY_NUMBER='1' AIRFLOW_CTX_DAG_RUN_ID='scheduled__2025-05-09T17:00:00+00:00'
[2025-05-11T02:48:28.069+0700] {taskinstance.py:430} INFO - ::endgroup::
[2025-05-11T02:48:28.091+0700] {logging_mixin.py:188} INFO - Memproses 485 berita dari Detik...
[2025-05-11T02:48:28.271+0700] {logging_mixin.py:188} INFO - Data berita Detik berhasil disimpan: 43 berita, 97 ticker sentiment
[2025-05-11T02:48:28.272+0700] {python.py:237} INFO - Done. Returned value was: 485
[2025-05-11T02:48:28.272+0700] {taskinstance.py:441} INFO - ::group::Post task execution logs
[2025-05-11T02:48:28.306+0700] {taskinstance.py:1206} INFO - Marking task as SUCCESS. dag_id=news_data_ingestion, task_id=process_detik_news, run_id=scheduled__2025-05-09T17:00:00+00:00, execution_date=20250509T170000, start_date=20250510T194827, end_date=20250510T194828
[2025-05-11T02:48:28.354+0700] {local_task_job_runner.py:240} INFO - Task exited with return code 0
[2025-05-11T02:48:28.402+0700] {taskinstance.py:3503} INFO - 0 downstream tasks scheduled from follow-on schedule check
[2025-05-11T02:48:28.405+0700] {local_task_job_runner.py:222} INFO - ::endgroup::
