[2025-05-11T06:33:04.509+0700] {local_task_job_runner.py:120} INFO - ::group::Pre task execution logs
[2025-05-11T06:33:04.551+0700] {taskinstance.py:2076} INFO - Dependencies all met for dep_context=non-requeueable deps ti=<TaskInstance: bbca_lstm_prediction_enhanced.run_dbt_models scheduled__2025-05-08T11:30:00+00:00 [queued]>
[2025-05-11T06:33:04.562+0700] {taskinstance.py:2076} INFO - Dependencies all met for dep_context=requeueable deps ti=<TaskInstance: bbca_lstm_prediction_enhanced.run_dbt_models scheduled__2025-05-08T11:30:00+00:00 [queued]>
[2025-05-11T06:33:04.563+0700] {taskinstance.py:2306} INFO - Starting attempt 1 of 2
[2025-05-11T06:33:04.584+0700] {taskinstance.py:2330} INFO - Executing <Task(BashOperator): run_dbt_models> on 2025-05-08 11:30:00+00:00
[2025-05-11T06:33:04.595+0700] {standard_task_runner.py:90} INFO - Running: ['***', 'tasks', 'run', 'bbca_lstm_prediction_enhanced', 'run_dbt_models', 'scheduled__2025-05-08T11:30:00+00:00', '--job-id', '128', '--raw', '--subdir', 'DAGS_FOLDER/bbca_dag.py', '--cfg-path', '/tmp/tmp96hjvk8u']
[2025-05-11T06:33:04.598+0700] {standard_task_runner.py:91} INFO - Job 128: Subtask run_dbt_models
[2025-05-11T06:33:04.606+0700] {logging_mixin.py:188} WARNING - /home/***/.local/lib/python3.12/site-packages/***/task/task_runner/standard_task_runner.py:61 DeprecationWarning: This process (pid=7900) is multi-threaded, use of fork() may lead to deadlocks in the child.
[2025-05-11T06:33:04.607+0700] {standard_task_runner.py:63} INFO - Started process 7915 to run task
[2025-05-11T06:33:04.678+0700] {task_command.py:426} INFO - Running <TaskInstance: bbca_lstm_prediction_enhanced.run_dbt_models scheduled__2025-05-08T11:30:00+00:00 [running]> on host 63831b4a45c6
[2025-05-11T06:33:04.804+0700] {taskinstance.py:2648} INFO - Exporting env vars: AIRFLOW_CTX_DAG_OWNER='***' AIRFLOW_CTX_DAG_ID='bbca_lstm_prediction_enhanced' AIRFLOW_CTX_TASK_ID='run_dbt_models' AIRFLOW_CTX_EXECUTION_DATE='2025-05-08T11:30:00+00:00' AIRFLOW_CTX_TRY_NUMBER='1' AIRFLOW_CTX_DAG_RUN_ID='scheduled__2025-05-08T11:30:00+00:00'
[2025-05-11T06:33:04.805+0700] {taskinstance.py:430} INFO - ::endgroup::
[2025-05-11T06:33:04.820+0700] {subprocess.py:63} INFO - Tmp dir root location: /tmp
[2025-05-11T06:33:04.821+0700] {subprocess.py:75} INFO - Running command: ['/usr/bin/bash', '-c', 'cd /opt/***/dbt && dbt run --profiles-dir /opt/***/dbt --select stg_stock_predictions fct_stock_predictions lstm_performance_metrics stock_prediction_dashboard']
[2025-05-11T06:33:04.835+0700] {subprocess.py:86} INFO - Output:
[2025-05-11T06:33:08.041+0700] {subprocess.py:93} INFO - [0m23:33:08  Running with dbt=1.9.4
[2025-05-11T06:33:08.502+0700] {subprocess.py:93} INFO - [0m23:33:08  Registered adapter: postgres=1.9.0
[2025-05-11T06:33:09.548+0700] {subprocess.py:93} INFO - [0m23:33:09  Found 14 models, 3 data tests, 6 sources, 434 macros
[2025-05-11T06:33:09.555+0700] {subprocess.py:93} INFO - [0m23:33:09
[2025-05-11T06:33:09.557+0700] {subprocess.py:93} INFO - [0m23:33:09  Concurrency: 4 threads (target='dev')
[2025-05-11T06:33:09.559+0700] {subprocess.py:93} INFO - [0m23:33:09
[2025-05-11T06:33:09.871+0700] {subprocess.py:93} INFO - [0m23:33:09  1 of 4 START sql view model public_staging.stg_stock_predictions ............... [RUN]
[2025-05-11T06:33:10.139+0700] {subprocess.py:93} INFO - [0m23:33:10  1 of 4 OK created sql view model public_staging.stg_stock_predictions .......... [[32mCREATE VIEW[0m in 0.26s]
[2025-05-11T06:33:10.148+0700] {subprocess.py:93} INFO - [0m23:33:10  2 of 4 START sql table model public_core.fct_stock_predictions ................. [RUN]
[2025-05-11T06:33:11.702+0700] {subprocess.py:93} INFO - [0m23:33:11  2 of 4 OK created sql table model public_core.fct_stock_predictions ............ [[32mSELECT 1[0m in 1.55s]
[2025-05-11T06:33:11.712+0700] {subprocess.py:93} INFO - [0m23:33:11  3 of 4 START sql table model public_analytics.lstm_performance_metrics ......... [RUN]
[2025-05-11T06:33:11.715+0700] {subprocess.py:93} INFO - [0m23:33:11  4 of 4 START sql table model public_analytics.stock_prediction_dashboard ....... [RUN]
[2025-05-11T06:33:11.916+0700] {subprocess.py:93} INFO - [0m23:33:11  3 of 4 OK created sql table model public_analytics.lstm_performance_metrics .... [[32mSELECT 0[0m in 0.20s]
[2025-05-11T06:33:19.469+0700] {subprocess.py:93} INFO - [0m23:33:19  4 of 4 OK created sql table model public_analytics.stock_prediction_dashboard .. [[32mSELECT 53599[0m in 7.75s]
[2025-05-11T06:33:19.518+0700] {subprocess.py:93} INFO - [0m23:33:19
[2025-05-11T06:33:19.520+0700] {subprocess.py:93} INFO - [0m23:33:19  Finished running 3 table models, 1 view model in 0 hours 0 minutes and 9.96 seconds (9.96s).
[2025-05-11T06:33:19.658+0700] {subprocess.py:93} INFO - [0m23:33:19
[2025-05-11T06:33:19.661+0700] {subprocess.py:93} INFO - [0m23:33:19  [32mCompleted successfully[0m
[2025-05-11T06:33:19.664+0700] {subprocess.py:93} INFO - [0m23:33:19
[2025-05-11T06:33:19.666+0700] {subprocess.py:93} INFO - [0m23:33:19  Done. PASS=4 WARN=0 ERROR=0 SKIP=0 TOTAL=4
[2025-05-11T06:33:21.379+0700] {subprocess.py:97} INFO - Command exited with return code 0
[2025-05-11T06:33:21.381+0700] {taskinstance.py:441} INFO - ::group::Post task execution logs
[2025-05-11T06:33:21.440+0700] {taskinstance.py:1206} INFO - Marking task as SUCCESS. dag_id=bbca_lstm_prediction_enhanced, task_id=run_dbt_models, run_id=scheduled__2025-05-08T11:30:00+00:00, execution_date=20250508T113000, start_date=20250510T233304, end_date=20250510T233321
[2025-05-11T06:33:21.494+0700] {local_task_job_runner.py:240} INFO - Task exited with return code 0
[2025-05-11T06:33:21.521+0700] {taskinstance.py:3503} INFO - 0 downstream tasks scheduled from follow-on schedule check
[2025-05-11T06:33:21.528+0700] {local_task_job_runner.py:222} INFO - ::endgroup::
[2025-05-11T16:52:16.025+0700] {local_task_job_runner.py:120} INFO - ::group::Pre task execution logs
[2025-05-11T16:52:16.147+0700] {taskinstance.py:2076} INFO - Dependencies all met for dep_context=non-requeueable deps ti=<TaskInstance: bbca_lstm_prediction_enhanced.run_dbt_models scheduled__2025-05-08T11:30:00+00:00 [queued]>
[2025-05-11T16:52:16.169+0700] {taskinstance.py:2076} INFO - Dependencies all met for dep_context=requeueable deps ti=<TaskInstance: bbca_lstm_prediction_enhanced.run_dbt_models scheduled__2025-05-08T11:30:00+00:00 [queued]>
[2025-05-11T16:52:16.170+0700] {taskinstance.py:2306} INFO - Starting attempt 1 of 2
[2025-05-11T16:52:16.208+0700] {taskinstance.py:2330} INFO - Executing <Task(BashOperator): run_dbt_models> on 2025-05-08 11:30:00+00:00
[2025-05-11T16:52:16.229+0700] {logging_mixin.py:188} WARNING - /home/***/.local/lib/python3.12/site-packages/***/task/task_runner/standard_task_runner.py:61 DeprecationWarning: This process (pid=3398) is multi-threaded, use of fork() may lead to deadlocks in the child.
[2025-05-11T16:52:16.231+0700] {standard_task_runner.py:63} INFO - Started process 3415 to run task
[2025-05-11T16:52:16.229+0700] {standard_task_runner.py:90} INFO - Running: ['***', 'tasks', 'run', 'bbca_lstm_prediction_enhanced', 'run_dbt_models', 'scheduled__2025-05-08T11:30:00+00:00', '--job-id', '156', '--raw', '--subdir', 'DAGS_FOLDER/bbca_dag.py', '--cfg-path', '/tmp/tmp3l0q9d9i']
[2025-05-11T16:52:16.234+0700] {standard_task_runner.py:91} INFO - Job 156: Subtask run_dbt_models
[2025-05-11T16:52:16.370+0700] {task_command.py:426} INFO - Running <TaskInstance: bbca_lstm_prediction_enhanced.run_dbt_models scheduled__2025-05-08T11:30:00+00:00 [running]> on host 615e6c656dab
[2025-05-11T16:52:16.603+0700] {taskinstance.py:2648} INFO - Exporting env vars: AIRFLOW_CTX_DAG_OWNER='***' AIRFLOW_CTX_DAG_ID='bbca_lstm_prediction_enhanced' AIRFLOW_CTX_TASK_ID='run_dbt_models' AIRFLOW_CTX_EXECUTION_DATE='2025-05-08T11:30:00+00:00' AIRFLOW_CTX_TRY_NUMBER='1' AIRFLOW_CTX_DAG_RUN_ID='scheduled__2025-05-08T11:30:00+00:00'
[2025-05-11T16:52:16.607+0700] {taskinstance.py:430} INFO - ::endgroup::
[2025-05-11T16:52:16.638+0700] {subprocess.py:63} INFO - Tmp dir root location: /tmp
[2025-05-11T16:52:16.640+0700] {subprocess.py:75} INFO - Running command: ['/usr/bin/bash', '-c', 'cd /opt/***/dbt && dbt run --profiles-dir /opt/***/dbt --select stg_stock_predictions fct_stock_predictions lstm_performance_metrics stock_prediction_dashboard']
[2025-05-11T16:52:16.676+0700] {subprocess.py:86} INFO - Output:
[2025-05-11T16:52:24.117+0700] {subprocess.py:93} INFO - [0m09:52:24  Running with dbt=1.9.4
[2025-05-11T16:52:25.414+0700] {subprocess.py:93} INFO - [0m09:52:25  Registered adapter: postgres=1.9.0
[2025-05-11T16:52:28.232+0700] {subprocess.py:93} INFO - [0m09:52:28  Found 14 models, 3 data tests, 6 sources, 434 macros
[2025-05-11T16:52:28.251+0700] {subprocess.py:93} INFO - [0m09:52:28
[2025-05-11T16:52:28.255+0700] {subprocess.py:93} INFO - [0m09:52:28  Concurrency: 4 threads (target='dev')
[2025-05-11T16:52:28.265+0700] {subprocess.py:93} INFO - [0m09:52:28
[2025-05-11T16:52:28.889+0700] {subprocess.py:93} INFO - [0m09:52:28  1 of 4 START sql view model public_staging.stg_stock_predictions ............... [RUN]
[2025-05-11T16:52:29.353+0700] {subprocess.py:93} INFO - [0m09:52:29  1 of 4 OK created sql view model public_staging.stg_stock_predictions .......... [[32mCREATE VIEW[0m in 0.45s]
[2025-05-11T16:52:29.365+0700] {subprocess.py:93} INFO - [0m09:52:29  2 of 4 START sql table model public_core.fct_stock_predictions ................. [RUN]
[2025-05-11T16:52:29.686+0700] {subprocess.py:93} INFO - [0m09:52:29  2 of 4 OK created sql table model public_core.fct_stock_predictions ............ [[32mSELECT 0[0m in 0.31s]
[2025-05-11T16:52:29.699+0700] {subprocess.py:93} INFO - [0m09:52:29  3 of 4 START sql table model public_analytics.lstm_performance_metrics ......... [RUN]
[2025-05-11T16:52:29.702+0700] {subprocess.py:93} INFO - [0m09:52:29  4 of 4 START sql table model public_analytics.stock_prediction_dashboard ....... [RUN]
[2025-05-11T16:52:29.949+0700] {subprocess.py:93} INFO - [0m09:52:29  3 of 4 OK created sql table model public_analytics.lstm_performance_metrics .... [[32mSELECT 0[0m in 0.23s]
[2025-05-11T16:52:37.941+0700] {subprocess.py:93} INFO - [0m09:52:37  4 of 4 OK created sql table model public_analytics.stock_prediction_dashboard .. [[32mSELECT 53599[0m in 8.23s]
[2025-05-11T16:52:38.007+0700] {subprocess.py:93} INFO - [0m09:52:38
[2025-05-11T16:52:38.010+0700] {subprocess.py:93} INFO - [0m09:52:38  Finished running 3 table models, 1 view model in 0 hours 0 minutes and 9.72 seconds (9.72s).
[2025-05-11T16:52:38.271+0700] {subprocess.py:93} INFO - [0m09:52:38
[2025-05-11T16:52:38.276+0700] {subprocess.py:93} INFO - [0m09:52:38  [32mCompleted successfully[0m
[2025-05-11T16:52:38.280+0700] {subprocess.py:93} INFO - [0m09:52:38
[2025-05-11T16:52:38.283+0700] {subprocess.py:93} INFO - [0m09:52:38  Done. PASS=4 WARN=0 ERROR=0 SKIP=0 TOTAL=4
[2025-05-11T16:52:40.670+0700] {subprocess.py:97} INFO - Command exited with return code 0
[2025-05-11T16:52:40.673+0700] {taskinstance.py:441} INFO - ::group::Post task execution logs
[2025-05-11T16:52:40.762+0700] {taskinstance.py:1206} INFO - Marking task as SUCCESS. dag_id=bbca_lstm_prediction_enhanced, task_id=run_dbt_models, run_id=scheduled__2025-05-08T11:30:00+00:00, execution_date=20250508T113000, start_date=20250511T095216, end_date=20250511T095240
[2025-05-11T16:52:40.877+0700] {local_task_job_runner.py:240} INFO - Task exited with return code 0
[2025-05-11T16:52:40.924+0700] {taskinstance.py:3503} INFO - 0 downstream tasks scheduled from follow-on schedule check
[2025-05-11T16:52:40.930+0700] {local_task_job_runner.py:222} INFO - ::endgroup::
