[2025-05-11T03:50:53.782+0700] {local_task_job_runner.py:120} INFO - ::group::Pre task execution logs
[2025-05-11T03:50:53.840+0700] {taskinstance.py:2076} INFO - Dependencies all met for dep_context=non-requeueable deps ti=<TaskInstance: bbca_lstm_prediction.extract_bbca_data scheduled__2025-05-08T11:30:00+00:00 [queued]>
[2025-05-11T03:50:53.852+0700] {taskinstance.py:2076} INFO - Dependencies all met for dep_context=requeueable deps ti=<TaskInstance: bbca_lstm_prediction.extract_bbca_data scheduled__2025-05-08T11:30:00+00:00 [queued]>
[2025-05-11T03:50:53.859+0700] {taskinstance.py:2306} INFO - Starting attempt 1 of 2
[2025-05-11T03:50:53.891+0700] {taskinstance.py:2330} INFO - Executing <Task(PythonOperator): extract_bbca_data> on 2025-05-08 11:30:00+00:00
[2025-05-11T03:50:53.906+0700] {standard_task_runner.py:90} INFO - Running: ['***', 'tasks', 'run', 'bbca_lstm_prediction', 'extract_bbca_data', 'scheduled__2025-05-08T11:30:00+00:00', '--job-id', '97', '--raw', '--subdir', 'DAGS_FOLDER/stock_predictions_bbca.py', '--cfg-path', '/tmp/tmps4exko1j']
[2025-05-11T03:50:53.913+0700] {standard_task_runner.py:91} INFO - Job 97: Subtask extract_bbca_data
[2025-05-11T03:50:53.928+0700] {logging_mixin.py:188} WARNING - /home/***/.local/lib/python3.12/site-packages/***/task/task_runner/standard_task_runner.py:61 DeprecationWarning: This process (pid=1253) is multi-threaded, use of fork() may lead to deadlocks in the child.
[2025-05-11T03:50:53.930+0700] {standard_task_runner.py:63} INFO - Started process 1271 to run task
[2025-05-11T03:50:54.065+0700] {task_command.py:426} INFO - Running <TaskInstance: bbca_lstm_prediction.extract_bbca_data scheduled__2025-05-08T11:30:00+00:00 [running]> on host a61c3a2f78e1
[2025-05-11T03:50:54.223+0700] {taskinstance.py:2648} INFO - Exporting env vars: AIRFLOW_CTX_DAG_OWNER='***' AIRFLOW_CTX_DAG_ID='bbca_lstm_prediction' AIRFLOW_CTX_TASK_ID='extract_bbca_data' AIRFLOW_CTX_EXECUTION_DATE='2025-05-08T11:30:00+00:00' AIRFLOW_CTX_TRY_NUMBER='1' AIRFLOW_CTX_DAG_RUN_ID='scheduled__2025-05-08T11:30:00+00:00'
[2025-05-11T03:50:54.225+0700] {taskinstance.py:430} INFO - ::endgroup::
[2025-05-11T03:50:54.268+0700] {logging_mixin.py:188} WARNING - /opt/***/dags/stock_predictions_bbca.py:156 UserWarning: pandas only supports SQLAlchemy connectable (engine/connection) or database string URI or sqlite3 DBAPI2 connection. Other DBAPI2 objects are not tested. Please consider using SQLAlchemy.
[2025-05-11T03:50:54.310+0700] {logging_mixin.py:188} WARNING - /opt/***/dags/stock_predictions_bbca.py:163 FutureWarning: DataFrame.fillna with 'method' is deprecated and will raise in a future version. Use obj.ffill() or obj.bfill() instead.
[2025-05-11T03:50:54.360+0700] {logging_mixin.py:188} WARNING - /opt/***/dags/stock_predictions_bbca.py:241 FutureWarning: DataFrame.fillna with 'method' is deprecated and will raise in a future version. Use obj.ffill() or obj.bfill() instead.
[2025-05-11T03:50:54.441+0700] {logging_mixin.py:188} INFO - ✅ Data BBCA diambil: 801 baris
[2025-05-11T03:50:54.442+0700] {python.py:237} INFO - Done. Returned value was: /opt/***/data/lstm/bbca_data.csv
[2025-05-11T03:50:54.443+0700] {taskinstance.py:441} INFO - ::group::Post task execution logs
[2025-05-11T03:50:54.487+0700] {taskinstance.py:1206} INFO - Marking task as SUCCESS. dag_id=bbca_lstm_prediction, task_id=extract_bbca_data, run_id=scheduled__2025-05-08T11:30:00+00:00, execution_date=20250508T113000, start_date=20250510T205053, end_date=20250510T205054
[2025-05-11T03:50:54.547+0700] {local_task_job_runner.py:240} INFO - Task exited with return code 0
[2025-05-11T03:50:54.585+0700] {taskinstance.py:3503} INFO - 1 downstream tasks scheduled from follow-on schedule check
[2025-05-11T03:50:54.591+0700] {local_task_job_runner.py:222} INFO - ::endgroup::
