[2025-05-11T02:49:23.518+0700] {local_task_job_runner.py:120} INFO - ::group::Pre task execution logs
[2025-05-11T02:49:23.568+0700] {taskinstance.py:2076} INFO - Dependencies all met for dep_context=non-requeueable deps ti=<TaskInstance: data_transformation.wait_for_bulk_load scheduled__2025-05-09T17:00:00+00:00 [queued]>
[2025-05-11T02:49:23.580+0700] {taskinstance.py:2076} INFO - Dependencies all met for dep_context=requeueable deps ti=<TaskInstance: data_transformation.wait_for_bulk_load scheduled__2025-05-09T17:00:00+00:00 [queued]>
[2025-05-11T02:49:23.581+0700] {taskinstance.py:2306} INFO - Starting attempt 1 of 2
[2025-05-11T02:49:23.610+0700] {taskinstance.py:2330} INFO - Executing <Task(ExternalTaskSensor): wait_for_bulk_load> on 2025-05-09 17:00:00+00:00
[2025-05-11T02:49:23.615+0700] {standard_task_runner.py:63} INFO - Started process 1897 to run task
[2025-05-11T02:49:23.627+0700] {standard_task_runner.py:90} INFO - Running: ['***', 'tasks', 'run', 'data_transformation', 'wait_for_bulk_load', 'scheduled__2025-05-09T17:00:00+00:00', '--job-id', '13', '--raw', '--subdir', 'DAGS_FOLDER/data_transformation.py', '--cfg-path', '/tmp/tmpzxlr6khj']
[2025-05-11T02:49:23.635+0700] {standard_task_runner.py:91} INFO - Job 13: Subtask wait_for_bulk_load
[2025-05-11T02:49:23.792+0700] {task_command.py:426} INFO - Running <TaskInstance: data_transformation.wait_for_bulk_load scheduled__2025-05-09T17:00:00+00:00 [running]> on host f94ba298fced
[2025-05-11T02:49:24.135+0700] {taskinstance.py:2648} INFO - Exporting env vars: AIRFLOW_CTX_DAG_OWNER='***' AIRFLOW_CTX_DAG_ID='data_transformation' AIRFLOW_CTX_TASK_ID='wait_for_bulk_load' AIRFLOW_CTX_EXECUTION_DATE='2025-05-09T17:00:00+00:00' AIRFLOW_CTX_TRY_NUMBER='1' AIRFLOW_CTX_DAG_RUN_ID='scheduled__2025-05-09T17:00:00+00:00'
[2025-05-11T02:49:24.136+0700] {taskinstance.py:430} INFO - ::endgroup::
[2025-05-11T02:49:24.157+0700] {baseoperator.py:400} WARNING - ExternalTaskSensor.execute cannot be called outside TaskInstance!
[2025-05-11T02:49:24.174+0700] {external_task.py:258} INFO - Poking for tasks ['end_task'] in dag bulk_stock_loader on 2025-05-09T17:00:00+00:00 ... 
[2025-05-11T02:49:24.193+0700] {dagbag.py:545} INFO - Filling up the DagBag from /opt/***/dags/bulk_load_all_excel.py
[2025-05-11T02:49:24.661+0700] {logging_mixin.py:188} WARNING - /home/***/.local/lib/python3.12/site-packages/***/utils/session.py:79 DeprecationWarning: This method is deprecated and will be removed in future.
[2025-05-11T02:49:24.680+0700] {taskinstance.py:441} INFO - ::group::Post task execution logs
[2025-05-11T02:49:24.713+0700] {taskinstance.py:2865} INFO - Rescheduling task, marking task as UP_FOR_RESCHEDULE
[2025-05-11T02:49:24.758+0700] {local_task_job_runner.py:240} INFO - Task exited with return code 0
[2025-05-11T02:49:24.813+0700] {taskinstance.py:3503} INFO - 0 downstream tasks scheduled from follow-on schedule check
[2025-05-11T02:49:24.820+0700] {local_task_job_runner.py:222} INFO - ::endgroup::
[2025-05-11T02:50:31.267+0700] {local_task_job_runner.py:120} INFO - ::group::Pre task execution logs
[2025-05-11T02:50:31.330+0700] {taskinstance.py:2076} INFO - Dependencies all met for dep_context=non-requeueable deps ti=<TaskInstance: data_transformation.wait_for_bulk_load scheduled__2025-05-09T17:00:00+00:00 [queued]>
[2025-05-11T02:50:31.343+0700] {taskinstance.py:2076} INFO - Dependencies all met for dep_context=requeueable deps ti=<TaskInstance: data_transformation.wait_for_bulk_load scheduled__2025-05-09T17:00:00+00:00 [queued]>
[2025-05-11T02:50:31.344+0700] {taskinstance.py:2306} INFO - Starting attempt 1 of 2
[2025-05-11T02:50:31.373+0700] {taskinstance.py:2330} INFO - Executing <Task(ExternalTaskSensor): wait_for_bulk_load> on 2025-05-09 17:00:00+00:00
[2025-05-11T02:50:31.380+0700] {standard_task_runner.py:63} INFO - Started process 2050 to run task
[2025-05-11T02:50:31.384+0700] {standard_task_runner.py:90} INFO - Running: ['***', 'tasks', 'run', 'data_transformation', 'wait_for_bulk_load', 'scheduled__2025-05-09T17:00:00+00:00', '--job-id', '24', '--raw', '--subdir', 'DAGS_FOLDER/data_transformation.py', '--cfg-path', '/tmp/tmpmm319vqy']
[2025-05-11T02:50:31.388+0700] {standard_task_runner.py:91} INFO - Job 24: Subtask wait_for_bulk_load
[2025-05-11T02:50:31.489+0700] {task_command.py:426} INFO - Running <TaskInstance: data_transformation.wait_for_bulk_load scheduled__2025-05-09T17:00:00+00:00 [running]> on host f94ba298fced
[2025-05-11T02:50:31.899+0700] {taskinstance.py:2648} INFO - Exporting env vars: AIRFLOW_CTX_DAG_OWNER='***' AIRFLOW_CTX_DAG_ID='data_transformation' AIRFLOW_CTX_TASK_ID='wait_for_bulk_load' AIRFLOW_CTX_EXECUTION_DATE='2025-05-09T17:00:00+00:00' AIRFLOW_CTX_TRY_NUMBER='1' AIRFLOW_CTX_DAG_RUN_ID='scheduled__2025-05-09T17:00:00+00:00'
[2025-05-11T02:50:31.900+0700] {taskinstance.py:430} INFO - ::endgroup::
[2025-05-11T02:50:31.921+0700] {baseoperator.py:400} WARNING - ExternalTaskSensor.execute cannot be called outside TaskInstance!
[2025-05-11T02:50:31.941+0700] {external_task.py:258} INFO - Poking for tasks ['end_task'] in dag bulk_stock_loader on 2025-05-09T17:00:00+00:00 ... 
[2025-05-11T02:50:31.961+0700] {dagbag.py:545} INFO - Filling up the DagBag from /opt/***/dags/bulk_load_all_excel.py
[2025-05-11T02:50:32.629+0700] {logging_mixin.py:188} WARNING - /home/***/.local/lib/python3.12/site-packages/***/utils/session.py:79 DeprecationWarning: This method is deprecated and will be removed in future.
[2025-05-11T02:50:32.656+0700] {taskinstance.py:441} INFO - ::group::Post task execution logs
[2025-05-11T02:50:32.697+0700] {taskinstance.py:2865} INFO - Rescheduling task, marking task as UP_FOR_RESCHEDULE
[2025-05-11T02:50:32.728+0700] {local_task_job_runner.py:240} INFO - Task exited with return code 0
[2025-05-11T02:50:32.804+0700] {taskinstance.py:3503} INFO - 0 downstream tasks scheduled from follow-on schedule check
[2025-05-11T02:50:32.811+0700] {local_task_job_runner.py:222} INFO - ::endgroup::
[2025-05-11T02:51:13.846+0700] {local_task_job_runner.py:120} INFO - ::group::Pre task execution logs
[2025-05-11T02:51:13.890+0700] {taskinstance.py:2076} INFO - Dependencies all met for dep_context=non-requeueable deps ti=<TaskInstance: data_transformation.wait_for_bulk_load scheduled__2025-05-09T17:00:00+00:00 [queued]>
[2025-05-11T02:51:13.900+0700] {taskinstance.py:2076} INFO - Dependencies all met for dep_context=requeueable deps ti=<TaskInstance: data_transformation.wait_for_bulk_load scheduled__2025-05-09T17:00:00+00:00 [queued]>
[2025-05-11T02:51:13.901+0700] {taskinstance.py:2306} INFO - Starting attempt 1 of 2
[2025-05-11T02:51:13.920+0700] {taskinstance.py:2330} INFO - Executing <Task(ExternalTaskSensor): wait_for_bulk_load> on 2025-05-09 17:00:00+00:00
[2025-05-11T02:51:13.925+0700] {standard_task_runner.py:63} INFO - Started process 2115 to run task
[2025-05-11T02:51:13.928+0700] {standard_task_runner.py:90} INFO - Running: ['***', 'tasks', 'run', 'data_transformation', 'wait_for_bulk_load', 'scheduled__2025-05-09T17:00:00+00:00', '--job-id', '27', '--raw', '--subdir', 'DAGS_FOLDER/data_transformation.py', '--cfg-path', '/tmp/tmpoewdl9d2']
[2025-05-11T02:51:13.931+0700] {standard_task_runner.py:91} INFO - Job 27: Subtask wait_for_bulk_load
[2025-05-11T02:51:14.004+0700] {task_command.py:426} INFO - Running <TaskInstance: data_transformation.wait_for_bulk_load scheduled__2025-05-09T17:00:00+00:00 [running]> on host f94ba298fced
[2025-05-11T02:51:14.269+0700] {taskinstance.py:2648} INFO - Exporting env vars: AIRFLOW_CTX_DAG_OWNER='***' AIRFLOW_CTX_DAG_ID='data_transformation' AIRFLOW_CTX_TASK_ID='wait_for_bulk_load' AIRFLOW_CTX_EXECUTION_DATE='2025-05-09T17:00:00+00:00' AIRFLOW_CTX_TRY_NUMBER='1' AIRFLOW_CTX_DAG_RUN_ID='scheduled__2025-05-09T17:00:00+00:00'
[2025-05-11T02:51:14.270+0700] {taskinstance.py:430} INFO - ::endgroup::
[2025-05-11T02:51:14.283+0700] {baseoperator.py:400} WARNING - ExternalTaskSensor.execute cannot be called outside TaskInstance!
[2025-05-11T02:51:14.297+0700] {external_task.py:258} INFO - Poking for tasks ['end_task'] in dag bulk_stock_loader on 2025-05-09T17:00:00+00:00 ... 
[2025-05-11T02:51:14.314+0700] {dagbag.py:545} INFO - Filling up the DagBag from /opt/***/dags/bulk_load_all_excel.py
[2025-05-11T02:51:14.772+0700] {logging_mixin.py:188} WARNING - /home/***/.local/lib/python3.12/site-packages/***/utils/session.py:79 DeprecationWarning: This method is deprecated and will be removed in future.
[2025-05-11T02:51:14.793+0700] {taskinstance.py:441} INFO - ::group::Post task execution logs
[2025-05-11T02:51:14.827+0700] {taskinstance.py:2865} INFO - Rescheduling task, marking task as UP_FOR_RESCHEDULE
[2025-05-11T02:51:14.865+0700] {local_task_job_runner.py:240} INFO - Task exited with return code 0
[2025-05-11T02:51:14.919+0700] {taskinstance.py:3503} INFO - 0 downstream tasks scheduled from follow-on schedule check
[2025-05-11T02:51:14.926+0700] {local_task_job_runner.py:222} INFO - ::endgroup::
