[2025-05-11T02:49:40.350+0700] {local_task_job_runner.py:120} INFO - ::group::Pre task execution logs
[2025-05-11T02:49:40.444+0700] {taskinstance.py:2076} INFO - Dependencies all met for dep_context=non-requeueable deps ti=<TaskInstance: data_transformation.wait_for_bulk_load manual__2025-05-10T19:33:18.293156+00:00 [queued]>
[2025-05-11T02:49:40.469+0700] {taskinstance.py:2076} INFO - Dependencies all met for dep_context=requeueable deps ti=<TaskInstance: data_transformation.wait_for_bulk_load manual__2025-05-10T19:33:18.293156+00:00 [queued]>
[2025-05-11T02:49:40.471+0700] {taskinstance.py:2306} INFO - Starting attempt 1 of 2
[2025-05-11T02:49:40.510+0700] {taskinstance.py:2330} INFO - Executing <Task(ExternalTaskSensor): wait_for_bulk_load> on 2025-05-10 19:33:18.293156+00:00
[2025-05-11T02:49:40.519+0700] {standard_task_runner.py:63} INFO - Started process 1930 to run task
[2025-05-11T02:49:40.524+0700] {standard_task_runner.py:90} INFO - Running: ['***', 'tasks', 'run', 'data_transformation', 'wait_for_bulk_load', 'manual__2025-05-10T19:33:18.293156+00:00', '--job-id', '16', '--raw', '--subdir', 'DAGS_FOLDER/data_transformation.py', '--cfg-path', '/tmp/tmpvg_4aekz']
[2025-05-11T02:49:40.530+0700] {standard_task_runner.py:91} INFO - Job 16: Subtask wait_for_bulk_load
[2025-05-11T02:49:40.663+0700] {task_command.py:426} INFO - Running <TaskInstance: data_transformation.wait_for_bulk_load manual__2025-05-10T19:33:18.293156+00:00 [running]> on host f94ba298fced
[2025-05-11T02:49:41.117+0700] {taskinstance.py:2648} INFO - Exporting env vars: AIRFLOW_CTX_DAG_OWNER='***' AIRFLOW_CTX_DAG_ID='data_transformation' AIRFLOW_CTX_TASK_ID='wait_for_bulk_load' AIRFLOW_CTX_EXECUTION_DATE='2025-05-10T19:33:18.293156+00:00' AIRFLOW_CTX_TRY_NUMBER='1' AIRFLOW_CTX_DAG_RUN_ID='manual__2025-05-10T19:33:18.293156+00:00'
[2025-05-11T02:49:41.118+0700] {taskinstance.py:430} INFO - ::endgroup::
[2025-05-11T02:49:41.137+0700] {baseoperator.py:400} WARNING - ExternalTaskSensor.execute cannot be called outside TaskInstance!
[2025-05-11T02:49:41.156+0700] {external_task.py:258} INFO - Poking for tasks ['end_task'] in dag bulk_stock_loader on 2025-05-10T19:33:18.293156+00:00 ... 
[2025-05-11T02:49:41.180+0700] {dagbag.py:545} INFO - Filling up the DagBag from /opt/***/dags/bulk_load_all_excel.py
[2025-05-11T02:49:41.701+0700] {logging_mixin.py:188} WARNING - /home/***/.local/lib/python3.12/site-packages/***/utils/session.py:79 DeprecationWarning: This method is deprecated and will be removed in future.
[2025-05-11T02:49:41.721+0700] {taskinstance.py:441} INFO - ::group::Post task execution logs
[2025-05-11T02:49:41.753+0700] {taskinstance.py:2865} INFO - Rescheduling task, marking task as UP_FOR_RESCHEDULE
[2025-05-11T02:49:41.784+0700] {local_task_job_runner.py:240} INFO - Task exited with return code 0
[2025-05-11T02:49:41.835+0700] {taskinstance.py:3503} INFO - 0 downstream tasks scheduled from follow-on schedule check
[2025-05-11T02:49:41.842+0700] {local_task_job_runner.py:222} INFO - ::endgroup::
