[2025-05-11T06:32:55.186+0700] {local_task_job_runner.py:120} INFO - ::group::Pre task execution logs
[2025-05-11T06:32:55.245+0700] {taskinstance.py:2076} INFO - Dependencies all met for dep_context=non-requeueable deps ti=<TaskInstance: bbca_lstm_prediction_enhanced.update_actual_prices scheduled__2025-05-08T11:30:00+00:00 [queued]>
[2025-05-11T06:32:55.261+0700] {taskinstance.py:2076} INFO - Dependencies all met for dep_context=requeueable deps ti=<TaskInstance: bbca_lstm_prediction_enhanced.update_actual_prices scheduled__2025-05-08T11:30:00+00:00 [queued]>
[2025-05-11T06:32:55.262+0700] {taskinstance.py:2306} INFO - Starting attempt 1 of 2
[2025-05-11T06:32:55.289+0700] {taskinstance.py:2330} INFO - Executing <Task(PythonOperator): update_actual_prices> on 2025-05-08 11:30:00+00:00
[2025-05-11T06:32:55.302+0700] {standard_task_runner.py:90} INFO - Running: ['***', 'tasks', 'run', 'bbca_lstm_prediction_enhanced', 'update_actual_prices', 'scheduled__2025-05-08T11:30:00+00:00', '--job-id', '127', '--raw', '--subdir', 'DAGS_FOLDER/bbca_dag.py', '--cfg-path', '/tmp/tmplltw4fik']
[2025-05-11T06:32:55.308+0700] {standard_task_runner.py:91} INFO - Job 127: Subtask update_actual_prices
[2025-05-11T06:32:55.318+0700] {logging_mixin.py:188} WARNING - /home/***/.local/lib/python3.12/site-packages/***/task/task_runner/standard_task_runner.py:61 DeprecationWarning: This process (pid=7879) is multi-threaded, use of fork() may lead to deadlocks in the child.
[2025-05-11T06:32:55.320+0700] {standard_task_runner.py:63} INFO - Started process 7899 to run task
[2025-05-11T06:32:55.437+0700] {task_command.py:426} INFO - Running <TaskInstance: bbca_lstm_prediction_enhanced.update_actual_prices scheduled__2025-05-08T11:30:00+00:00 [running]> on host 63831b4a45c6
[2025-05-11T06:32:55.613+0700] {taskinstance.py:2648} INFO - Exporting env vars: AIRFLOW_CTX_DAG_OWNER='***' AIRFLOW_CTX_DAG_ID='bbca_lstm_prediction_enhanced' AIRFLOW_CTX_TASK_ID='update_actual_prices' AIRFLOW_CTX_EXECUTION_DATE='2025-05-08T11:30:00+00:00' AIRFLOW_CTX_TRY_NUMBER='1' AIRFLOW_CTX_DAG_RUN_ID='scheduled__2025-05-08T11:30:00+00:00'
[2025-05-11T06:32:55.616+0700] {taskinstance.py:430} INFO - ::endgroup::
[2025-05-11T06:32:55.651+0700] {python.py:237} INFO - Done. Returned value was: 0
[2025-05-11T06:32:55.652+0700] {taskinstance.py:441} INFO - ::group::Post task execution logs
[2025-05-11T06:32:55.699+0700] {taskinstance.py:1206} INFO - Marking task as SUCCESS. dag_id=bbca_lstm_prediction_enhanced, task_id=update_actual_prices, run_id=scheduled__2025-05-08T11:30:00+00:00, execution_date=20250508T113000, start_date=20250510T233255, end_date=20250510T233255
[2025-05-11T06:32:55.736+0700] {local_task_job_runner.py:240} INFO - Task exited with return code 0
[2025-05-11T06:32:55.778+0700] {taskinstance.py:3503} INFO - 1 downstream tasks scheduled from follow-on schedule check
[2025-05-11T06:32:55.785+0700] {local_task_job_runner.py:222} INFO - ::endgroup::
[2025-05-11T16:52:07.984+0700] {local_task_job_runner.py:120} INFO - ::group::Pre task execution logs
[2025-05-11T16:52:08.061+0700] {taskinstance.py:2076} INFO - Dependencies all met for dep_context=non-requeueable deps ti=<TaskInstance: bbca_lstm_prediction_enhanced.update_actual_prices scheduled__2025-05-08T11:30:00+00:00 [queued]>
[2025-05-11T16:52:08.083+0700] {taskinstance.py:2076} INFO - Dependencies all met for dep_context=requeueable deps ti=<TaskInstance: bbca_lstm_prediction_enhanced.update_actual_prices scheduled__2025-05-08T11:30:00+00:00 [queued]>
[2025-05-11T16:52:08.084+0700] {taskinstance.py:2306} INFO - Starting attempt 1 of 2
[2025-05-11T16:52:08.111+0700] {taskinstance.py:2330} INFO - Executing <Task(PythonOperator): update_actual_prices> on 2025-05-08 11:30:00+00:00
[2025-05-11T16:52:08.129+0700] {logging_mixin.py:188} WARNING - /home/***/.local/lib/python3.12/site-packages/***/task/task_runner/standard_task_runner.py:61 DeprecationWarning: This process (pid=3395) is multi-threaded, use of fork() may lead to deadlocks in the child.
[2025-05-11T16:52:08.133+0700] {standard_task_runner.py:63} INFO - Started process 3397 to run task
[2025-05-11T16:52:08.130+0700] {standard_task_runner.py:90} INFO - Running: ['***', 'tasks', 'run', 'bbca_lstm_prediction_enhanced', 'update_actual_prices', 'scheduled__2025-05-08T11:30:00+00:00', '--job-id', '155', '--raw', '--subdir', 'DAGS_FOLDER/bbca_dag.py', '--cfg-path', '/tmp/tmp80y8ia91']
[2025-05-11T16:52:08.135+0700] {standard_task_runner.py:91} INFO - Job 155: Subtask update_actual_prices
[2025-05-11T16:52:08.265+0700] {task_command.py:426} INFO - Running <TaskInstance: bbca_lstm_prediction_enhanced.update_actual_prices scheduled__2025-05-08T11:30:00+00:00 [running]> on host 615e6c656dab
[2025-05-11T16:52:08.519+0700] {taskinstance.py:2648} INFO - Exporting env vars: AIRFLOW_CTX_DAG_OWNER='***' AIRFLOW_CTX_DAG_ID='bbca_lstm_prediction_enhanced' AIRFLOW_CTX_TASK_ID='update_actual_prices' AIRFLOW_CTX_EXECUTION_DATE='2025-05-08T11:30:00+00:00' AIRFLOW_CTX_TRY_NUMBER='1' AIRFLOW_CTX_DAG_RUN_ID='scheduled__2025-05-08T11:30:00+00:00'
[2025-05-11T16:52:08.521+0700] {taskinstance.py:430} INFO - ::endgroup::
[2025-05-11T16:52:08.566+0700] {python.py:237} INFO - Done. Returned value was: 0
[2025-05-11T16:52:08.568+0700] {taskinstance.py:441} INFO - ::group::Post task execution logs
[2025-05-11T16:52:08.642+0700] {taskinstance.py:1206} INFO - Marking task as SUCCESS. dag_id=bbca_lstm_prediction_enhanced, task_id=update_actual_prices, run_id=scheduled__2025-05-08T11:30:00+00:00, execution_date=20250508T113000, start_date=20250511T095208, end_date=20250511T095208
[2025-05-11T16:52:08.711+0700] {local_task_job_runner.py:240} INFO - Task exited with return code 0
[2025-05-11T16:52:08.772+0700] {taskinstance.py:3503} INFO - 1 downstream tasks scheduled from follow-on schedule check
[2025-05-11T16:52:08.780+0700] {local_task_job_runner.py:222} INFO - ::endgroup::
