[2025-05-11T03:47:52.422+0700] {local_task_job_runner.py:120} INFO - ::group::Pre task execution logs
[2025-05-11T03:47:52.467+0700] {taskinstance.py:2076} INFO - Dependencies all met for dep_context=non-requeueable deps ti=<TaskInstance: data_transformation.run_dbt_staging scheduled__2025-05-09T17:00:00+00:00 [queued]>
[2025-05-11T03:47:52.478+0700] {taskinstance.py:2076} INFO - Dependencies all met for dep_context=requeueable deps ti=<TaskInstance: data_transformation.run_dbt_staging scheduled__2025-05-09T17:00:00+00:00 [queued]>
[2025-05-11T03:47:52.478+0700] {taskinstance.py:2306} INFO - Starting attempt 14 of 15
[2025-05-11T03:47:52.498+0700] {taskinstance.py:2330} INFO - Executing <Task(BashOperator): run_dbt_staging> on 2025-05-09 17:00:00+00:00
[2025-05-11T03:47:52.503+0700] {standard_task_runner.py:63} INFO - Started process 936 to run task
[2025-05-11T03:47:52.506+0700] {standard_task_runner.py:90} INFO - Running: ['***', 'tasks', 'run', 'data_transformation', 'run_dbt_staging', 'scheduled__2025-05-09T17:00:00+00:00', '--job-id', '86', '--raw', '--subdir', 'DAGS_FOLDER/data_transformation.py', '--cfg-path', '/tmp/tmply14mw8_']
[2025-05-11T03:47:52.509+0700] {standard_task_runner.py:91} INFO - Job 86: Subtask run_dbt_staging
[2025-05-11T03:47:52.583+0700] {task_command.py:426} INFO - Running <TaskInstance: data_transformation.run_dbt_staging scheduled__2025-05-09T17:00:00+00:00 [running]> on host a61c3a2f78e1
[2025-05-11T03:47:52.858+0700] {taskinstance.py:2648} INFO - Exporting env vars: AIRFLOW_CTX_DAG_OWNER='***' AIRFLOW_CTX_DAG_ID='data_transformation' AIRFLOW_CTX_TASK_ID='run_dbt_staging' AIRFLOW_CTX_EXECUTION_DATE='2025-05-09T17:00:00+00:00' AIRFLOW_CTX_TRY_NUMBER='14' AIRFLOW_CTX_DAG_RUN_ID='scheduled__2025-05-09T17:00:00+00:00'
[2025-05-11T03:47:52.860+0700] {taskinstance.py:430} INFO - ::endgroup::
[2025-05-11T03:47:52.873+0700] {subprocess.py:63} INFO - Tmp dir root location: /tmp
[2025-05-11T03:47:52.874+0700] {subprocess.py:75} INFO - Running command: ['/usr/bin/bash', '-c', 'cd /opt/***/dbt && dbt run --profiles-dir /opt/***/dbt --select staging --exclude stg_stock_predictions']
[2025-05-11T03:47:52.882+0700] {subprocess.py:86} INFO - Output:
[2025-05-11T03:47:56.259+0700] {subprocess.py:93} INFO - [0m20:47:56  Running with dbt=1.9.4
[2025-05-11T03:47:56.701+0700] {subprocess.py:93} INFO - [0m20:47:56  Registered adapter: postgres=1.9.0
[2025-05-11T03:47:58.742+0700] {subprocess.py:93} INFO - [0m20:47:58  Found 14 models, 3 data tests, 6 sources, 434 macros
[2025-05-11T03:47:58.748+0700] {subprocess.py:93} INFO - [0m20:47:58
[2025-05-11T03:47:58.750+0700] {subprocess.py:93} INFO - [0m20:47:58  Concurrency: 4 threads (target='dev')
[2025-05-11T03:47:58.752+0700] {subprocess.py:93} INFO - [0m20:47:58
[2025-05-11T03:47:59.068+0700] {subprocess.py:93} INFO - [0m20:47:59  1 of 1 START sql view model public_staging.stg_daily_stock_summary ............. [RUN]
[2025-05-11T03:47:59.301+0700] {subprocess.py:93} INFO - [0m20:47:59  1 of 1 OK created sql view model public_staging.stg_daily_stock_summary ........ [[32mCREATE VIEW[0m in 0.23s]
[2025-05-11T03:47:59.339+0700] {subprocess.py:93} INFO - [0m20:47:59
[2025-05-11T03:47:59.341+0700] {subprocess.py:93} INFO - [0m20:47:59  Finished running 1 view model in 0 hours 0 minutes and 0.59 seconds (0.59s).
[2025-05-11T03:47:59.442+0700] {subprocess.py:93} INFO - [0m20:47:59
[2025-05-11T03:47:59.444+0700] {subprocess.py:93} INFO - [0m20:47:59  [32mCompleted successfully[0m
[2025-05-11T03:47:59.446+0700] {subprocess.py:93} INFO - [0m20:47:59
[2025-05-11T03:47:59.447+0700] {subprocess.py:93} INFO - [0m20:47:59  Done. PASS=1 WARN=0 ERROR=0 SKIP=0 TOTAL=1
[2025-05-11T03:48:01.038+0700] {subprocess.py:97} INFO - Command exited with return code 0
[2025-05-11T03:48:01.039+0700] {taskinstance.py:441} INFO - ::group::Post task execution logs
[2025-05-11T03:48:01.082+0700] {taskinstance.py:1206} INFO - Marking task as SUCCESS. dag_id=data_transformation, task_id=run_dbt_staging, run_id=scheduled__2025-05-09T17:00:00+00:00, execution_date=20250509T170000, start_date=20250510T204752, end_date=20250510T204801
[2025-05-11T03:48:01.137+0700] {local_task_job_runner.py:240} INFO - Task exited with return code 0
[2025-05-11T03:48:01.172+0700] {taskinstance.py:3503} INFO - 1 downstream tasks scheduled from follow-on schedule check
[2025-05-11T03:48:01.178+0700] {local_task_job_runner.py:222} INFO - ::endgroup::
