[2025-05-11T03:52:10.402+0700] {local_task_job_runner.py:120} INFO - ::group::Pre task execution logs
[2025-05-11T03:52:10.458+0700] {taskinstance.py:2076} INFO - Dependencies all met for dep_context=non-requeueable deps ti=<TaskInstance: bbca_lstm_prediction.update_actual_prices scheduled__2025-05-08T11:30:00+00:00 [queued]>
[2025-05-11T03:52:10.472+0700] {taskinstance.py:2076} INFO - Dependencies all met for dep_context=requeueable deps ti=<TaskInstance: bbca_lstm_prediction.update_actual_prices scheduled__2025-05-08T11:30:00+00:00 [queued]>
[2025-05-11T03:52:10.473+0700] {taskinstance.py:2306} INFO - Starting attempt 1 of 2
[2025-05-11T03:52:10.496+0700] {taskinstance.py:2330} INFO - Executing <Task(PythonOperator): update_actual_prices> on 2025-05-08 11:30:00+00:00
[2025-05-11T03:52:10.510+0700] {standard_task_runner.py:90} INFO - Running: ['***', 'tasks', 'run', 'bbca_lstm_prediction', 'update_actual_prices', 'scheduled__2025-05-08T11:30:00+00:00', '--job-id', '103', '--raw', '--subdir', 'DAGS_FOLDER/stock_predictions_bbca.py', '--cfg-path', '/tmp/tmpl0d7dm5n']
[2025-05-11T03:52:10.515+0700] {standard_task_runner.py:91} INFO - Job 103: Subtask update_actual_prices
[2025-05-11T03:52:10.534+0700] {logging_mixin.py:188} WARNING - /home/***/.local/lib/python3.12/site-packages/***/task/task_runner/standard_task_runner.py:61 DeprecationWarning: This process (pid=1425) is multi-threaded, use of fork() may lead to deadlocks in the child.
[2025-05-11T03:52:10.535+0700] {standard_task_runner.py:63} INFO - Started process 1443 to run task
[2025-05-11T03:52:10.616+0700] {task_command.py:426} INFO - Running <TaskInstance: bbca_lstm_prediction.update_actual_prices scheduled__2025-05-08T11:30:00+00:00 [running]> on host a61c3a2f78e1
[2025-05-11T03:52:10.823+0700] {taskinstance.py:2648} INFO - Exporting env vars: AIRFLOW_CTX_DAG_OWNER='***' AIRFLOW_CTX_DAG_ID='bbca_lstm_prediction' AIRFLOW_CTX_TASK_ID='update_actual_prices' AIRFLOW_CTX_EXECUTION_DATE='2025-05-08T11:30:00+00:00' AIRFLOW_CTX_TRY_NUMBER='1' AIRFLOW_CTX_DAG_RUN_ID='scheduled__2025-05-08T11:30:00+00:00'
[2025-05-11T03:52:10.826+0700] {taskinstance.py:430} INFO - ::endgroup::
[2025-05-11T03:52:10.873+0700] {logging_mixin.py:188} INFO - ✅ Updated 0 baris dengan harga aktual dan menghitung metrik model
[2025-05-11T03:52:10.874+0700] {python.py:237} INFO - Done. Returned value was: 0
[2025-05-11T03:52:10.875+0700] {taskinstance.py:441} INFO - ::group::Post task execution logs
[2025-05-11T03:52:10.944+0700] {taskinstance.py:1206} INFO - Marking task as SUCCESS. dag_id=bbca_lstm_prediction, task_id=update_actual_prices, run_id=scheduled__2025-05-08T11:30:00+00:00, execution_date=20250508T113000, start_date=20250510T205210, end_date=20250510T205210
[2025-05-11T03:52:10.991+0700] {local_task_job_runner.py:240} INFO - Task exited with return code 0
[2025-05-11T03:52:11.077+0700] {taskinstance.py:3503} INFO - 1 downstream tasks scheduled from follow-on schedule check
[2025-05-11T03:52:11.108+0700] {local_task_job_runner.py:222} INFO - ::endgroup::
[2025-05-11T16:57:49.522+0700] {local_task_job_runner.py:120} INFO - ::group::Pre task execution logs
[2025-05-11T16:57:49.565+0700] {taskinstance.py:2076} INFO - Dependencies all met for dep_context=non-requeueable deps ti=<TaskInstance: bbca_lstm_prediction.update_actual_prices scheduled__2025-05-08T11:30:00+00:00 [queued]>
[2025-05-11T16:57:49.576+0700] {taskinstance.py:2076} INFO - Dependencies all met for dep_context=requeueable deps ti=<TaskInstance: bbca_lstm_prediction.update_actual_prices scheduled__2025-05-08T11:30:00+00:00 [queued]>
[2025-05-11T16:57:49.577+0700] {taskinstance.py:2306} INFO - Starting attempt 1 of 2
[2025-05-11T16:57:49.598+0700] {taskinstance.py:2330} INFO - Executing <Task(PythonOperator): update_actual_prices> on 2025-05-08 11:30:00+00:00
[2025-05-11T16:57:49.621+0700] {logging_mixin.py:188} WARNING - /home/***/.local/lib/python3.12/site-packages/***/task/task_runner/standard_task_runner.py:61 DeprecationWarning: This process (pid=3934) is multi-threaded, use of fork() may lead to deadlocks in the child.
[2025-05-11T16:57:49.619+0700] {standard_task_runner.py:90} INFO - Running: ['***', 'tasks', 'run', 'bbca_lstm_prediction', 'update_actual_prices', 'scheduled__2025-05-08T11:30:00+00:00', '--job-id', '160', '--raw', '--subdir', 'DAGS_FOLDER/stock_predictions_bbca.py', '--cfg-path', '/tmp/tmpsltuic0y']
[2025-05-11T16:57:49.623+0700] {standard_task_runner.py:63} INFO - Started process 3955 to run task
[2025-05-11T16:57:49.623+0700] {standard_task_runner.py:91} INFO - Job 160: Subtask update_actual_prices
[2025-05-11T16:57:49.702+0700] {task_command.py:426} INFO - Running <TaskInstance: bbca_lstm_prediction.update_actual_prices scheduled__2025-05-08T11:30:00+00:00 [running]> on host 615e6c656dab
[2025-05-11T16:57:49.828+0700] {taskinstance.py:2648} INFO - Exporting env vars: AIRFLOW_CTX_DAG_OWNER='***' AIRFLOW_CTX_DAG_ID='bbca_lstm_prediction' AIRFLOW_CTX_TASK_ID='update_actual_prices' AIRFLOW_CTX_EXECUTION_DATE='2025-05-08T11:30:00+00:00' AIRFLOW_CTX_TRY_NUMBER='1' AIRFLOW_CTX_DAG_RUN_ID='scheduled__2025-05-08T11:30:00+00:00'
[2025-05-11T16:57:49.830+0700] {taskinstance.py:430} INFO - ::endgroup::
[2025-05-11T16:57:49.862+0700] {logging_mixin.py:188} INFO - Model LSTM untuk BBCA: RMSE 124.85, MAE 124.85, MAPE 1.44% (berdasarkan 1 prediksi)
[2025-05-11T16:57:49.863+0700] {logging_mixin.py:188} INFO - ✅ Updated 1 baris dengan harga aktual dan menghitung metrik model
[2025-05-11T16:57:49.863+0700] {python.py:237} INFO - Done. Returned value was: 1
[2025-05-11T16:57:49.864+0700] {taskinstance.py:441} INFO - ::group::Post task execution logs
[2025-05-11T16:57:49.904+0700] {taskinstance.py:1206} INFO - Marking task as SUCCESS. dag_id=bbca_lstm_prediction, task_id=update_actual_prices, run_id=scheduled__2025-05-08T11:30:00+00:00, execution_date=20250508T113000, start_date=20250511T095749, end_date=20250511T095749
[2025-05-11T16:57:49.959+0700] {local_task_job_runner.py:240} INFO - Task exited with return code 0
[2025-05-11T16:57:49.990+0700] {taskinstance.py:3503} INFO - 1 downstream tasks scheduled from follow-on schedule check
[2025-05-11T16:57:49.996+0700] {local_task_job_runner.py:222} INFO - ::endgroup::
[2025-05-12T03:57:07.827+0700] {local_task_job_runner.py:120} INFO - ::group::Pre task execution logs
[2025-05-12T03:57:07.900+0700] {taskinstance.py:2076} INFO - Dependencies all met for dep_context=non-requeueable deps ti=<TaskInstance: bbca_lstm_prediction.update_actual_prices scheduled__2025-05-08T11:30:00+00:00 [queued]>
[2025-05-12T03:57:07.918+0700] {taskinstance.py:2076} INFO - Dependencies all met for dep_context=requeueable deps ti=<TaskInstance: bbca_lstm_prediction.update_actual_prices scheduled__2025-05-08T11:30:00+00:00 [queued]>
[2025-05-12T03:57:07.920+0700] {taskinstance.py:2306} INFO - Starting attempt 1 of 2
[2025-05-12T03:57:07.948+0700] {taskinstance.py:2330} INFO - Executing <Task(PythonOperator): update_actual_prices> on 2025-05-08 11:30:00+00:00
[2025-05-12T03:57:07.968+0700] {standard_task_runner.py:90} INFO - Running: ['***', 'tasks', 'run', 'bbca_lstm_prediction', 'update_actual_prices', 'scheduled__2025-05-08T11:30:00+00:00', '--job-id', '47', '--raw', '--subdir', 'DAGS_FOLDER/stock_predictions_bbca.py', '--cfg-path', '/tmp/tmpw7cd8an9']
[2025-05-12T03:57:07.974+0700] {standard_task_runner.py:91} INFO - Job 47: Subtask update_actual_prices
[2025-05-12T03:57:07.989+0700] {logging_mixin.py:188} WARNING - /home/***/.local/lib/python3.12/site-packages/***/task/task_runner/standard_task_runner.py:61 DeprecationWarning: This process (pid=4163) is multi-threaded, use of fork() may lead to deadlocks in the child.
[2025-05-12T03:57:07.991+0700] {standard_task_runner.py:63} INFO - Started process 4186 to run task
[2025-05-12T03:57:08.121+0700] {task_command.py:426} INFO - Running <TaskInstance: bbca_lstm_prediction.update_actual_prices scheduled__2025-05-08T11:30:00+00:00 [running]> on host b08a3a418dc4
[2025-05-12T03:57:08.387+0700] {taskinstance.py:2648} INFO - Exporting env vars: AIRFLOW_CTX_DAG_OWNER='***' AIRFLOW_CTX_DAG_ID='bbca_lstm_prediction' AIRFLOW_CTX_TASK_ID='update_actual_prices' AIRFLOW_CTX_EXECUTION_DATE='2025-05-08T11:30:00+00:00' AIRFLOW_CTX_TRY_NUMBER='1' AIRFLOW_CTX_DAG_RUN_ID='scheduled__2025-05-08T11:30:00+00:00'
[2025-05-12T03:57:08.391+0700] {taskinstance.py:430} INFO - ::endgroup::
[2025-05-12T03:57:08.446+0700] {logging_mixin.py:188} INFO - ✅ Updated 0 baris dengan harga aktual dan menghitung metrik model
[2025-05-12T03:57:08.447+0700] {python.py:237} INFO - Done. Returned value was: 0
[2025-05-12T03:57:08.449+0700] {taskinstance.py:441} INFO - ::group::Post task execution logs
[2025-05-12T03:57:08.512+0700] {taskinstance.py:1206} INFO - Marking task as SUCCESS. dag_id=bbca_lstm_prediction, task_id=update_actual_prices, run_id=scheduled__2025-05-08T11:30:00+00:00, execution_date=20250508T113000, start_date=20250511T205707, end_date=20250511T205708
[2025-05-12T03:57:08.569+0700] {local_task_job_runner.py:240} INFO - Task exited with return code 0
[2025-05-12T03:57:08.629+0700] {taskinstance.py:3503} INFO - 1 downstream tasks scheduled from follow-on schedule check
[2025-05-12T03:57:08.641+0700] {local_task_job_runner.py:222} INFO - ::endgroup::
[2025-05-12T06:21:23.099+0700] {local_task_job_runner.py:120} INFO - ::group::Pre task execution logs
[2025-05-12T06:21:23.138+0700] {taskinstance.py:2076} INFO - Dependencies all met for dep_context=non-requeueable deps ti=<TaskInstance: bbca_lstm_prediction.update_actual_prices scheduled__2025-05-08T11:30:00+00:00 [queued]>
[2025-05-12T06:21:23.148+0700] {taskinstance.py:2076} INFO - Dependencies all met for dep_context=requeueable deps ti=<TaskInstance: bbca_lstm_prediction.update_actual_prices scheduled__2025-05-08T11:30:00+00:00 [queued]>
[2025-05-12T06:21:23.149+0700] {taskinstance.py:2306} INFO - Starting attempt 1 of 2
[2025-05-12T06:21:23.168+0700] {taskinstance.py:2330} INFO - Executing <Task(PythonOperator): update_actual_prices> on 2025-05-08 11:30:00+00:00
[2025-05-12T06:21:23.180+0700] {logging_mixin.py:188} WARNING - /home/***/.local/lib/python3.12/site-packages/***/task/task_runner/standard_task_runner.py:61 DeprecationWarning: This process (pid=4045) is multi-threaded, use of fork() may lead to deadlocks in the child.
[2025-05-12T06:21:23.179+0700] {standard_task_runner.py:90} INFO - Running: ['***', 'tasks', 'run', 'bbca_lstm_prediction', 'update_actual_prices', 'scheduled__2025-05-08T11:30:00+00:00', '--job-id', '151', '--raw', '--subdir', 'DAGS_FOLDER/stock_predictions_bbca.py', '--cfg-path', '/tmp/tmpkicb6_2q']
[2025-05-12T06:21:23.182+0700] {standard_task_runner.py:63} INFO - Started process 4059 to run task
[2025-05-12T06:21:23.182+0700] {standard_task_runner.py:91} INFO - Job 151: Subtask update_actual_prices
[2025-05-12T06:21:23.267+0700] {task_command.py:426} INFO - Running <TaskInstance: bbca_lstm_prediction.update_actual_prices scheduled__2025-05-08T11:30:00+00:00 [running]> on host 84b3813fe61b
[2025-05-12T06:21:23.379+0700] {taskinstance.py:2648} INFO - Exporting env vars: AIRFLOW_CTX_DAG_OWNER='***' AIRFLOW_CTX_DAG_ID='bbca_lstm_prediction' AIRFLOW_CTX_TASK_ID='update_actual_prices' AIRFLOW_CTX_EXECUTION_DATE='2025-05-08T11:30:00+00:00' AIRFLOW_CTX_TRY_NUMBER='1' AIRFLOW_CTX_DAG_RUN_ID='scheduled__2025-05-08T11:30:00+00:00'
[2025-05-12T06:21:23.381+0700] {taskinstance.py:430} INFO - ::endgroup::
[2025-05-12T06:21:23.404+0700] {logging_mixin.py:188} INFO - ✅ Updated 0 baris dengan harga aktual dan menghitung metrik model
[2025-05-12T06:21:23.405+0700] {python.py:237} INFO - Done. Returned value was: 0
[2025-05-12T06:21:23.406+0700] {taskinstance.py:441} INFO - ::group::Post task execution logs
[2025-05-12T06:21:23.442+0700] {taskinstance.py:1206} INFO - Marking task as SUCCESS. dag_id=bbca_lstm_prediction, task_id=update_actual_prices, run_id=scheduled__2025-05-08T11:30:00+00:00, execution_date=20250508T113000, start_date=20250511T232123, end_date=20250511T232123
[2025-05-12T06:21:23.477+0700] {local_task_job_runner.py:240} INFO - Task exited with return code 0
[2025-05-12T06:21:23.506+0700] {taskinstance.py:3503} INFO - 1 downstream tasks scheduled from follow-on schedule check
[2025-05-12T06:21:23.512+0700] {local_task_job_runner.py:222} INFO - ::endgroup::
