[2025-05-11T02:49:13.246+0700] {local_task_job_runner.py:120} INFO - ::group::Pre task execution logs
[2025-05-11T02:49:13.286+0700] {taskinstance.py:2076} INFO - Dependencies all met for dep_context=non-requeueable deps ti=<TaskInstance: data_transformation.wait_for_stock_data scheduled__2025-05-09T17:00:00+00:00 [queued]>
[2025-05-11T02:49:13.296+0700] {taskinstance.py:2076} INFO - Dependencies all met for dep_context=requeueable deps ti=<TaskInstance: data_transformation.wait_for_stock_data scheduled__2025-05-09T17:00:00+00:00 [queued]>
[2025-05-11T02:49:13.297+0700] {taskinstance.py:2306} INFO - Starting attempt 1 of 2
[2025-05-11T02:49:13.316+0700] {taskinstance.py:2330} INFO - Executing <Task(ExternalTaskSensor): wait_for_stock_data> on 2025-05-09 17:00:00+00:00
[2025-05-11T02:49:13.320+0700] {standard_task_runner.py:63} INFO - Started process 1865 to run task
[2025-05-11T02:49:13.323+0700] {standard_task_runner.py:90} INFO - Running: ['***', 'tasks', 'run', 'data_transformation', 'wait_for_stock_data', 'scheduled__2025-05-09T17:00:00+00:00', '--job-id', '11', '--raw', '--subdir', 'DAGS_FOLDER/data_transformation.py', '--cfg-path', '/tmp/tmpuntuzrgr']
[2025-05-11T02:49:13.326+0700] {standard_task_runner.py:91} INFO - Job 11: Subtask wait_for_stock_data
[2025-05-11T02:49:13.395+0700] {task_command.py:426} INFO - Running <TaskInstance: data_transformation.wait_for_stock_data scheduled__2025-05-09T17:00:00+00:00 [running]> on host f94ba298fced
[2025-05-11T02:49:13.645+0700] {taskinstance.py:2648} INFO - Exporting env vars: AIRFLOW_CTX_DAG_OWNER='***' AIRFLOW_CTX_DAG_ID='data_transformation' AIRFLOW_CTX_TASK_ID='wait_for_stock_data' AIRFLOW_CTX_EXECUTION_DATE='2025-05-09T17:00:00+00:00' AIRFLOW_CTX_TRY_NUMBER='1' AIRFLOW_CTX_DAG_RUN_ID='scheduled__2025-05-09T17:00:00+00:00'
[2025-05-11T02:49:13.646+0700] {taskinstance.py:430} INFO - ::endgroup::
[2025-05-11T02:49:13.660+0700] {baseoperator.py:400} WARNING - ExternalTaskSensor.execute cannot be called outside TaskInstance!
[2025-05-11T02:49:13.674+0700] {external_task.py:258} INFO - Poking for tasks ['end_task'] in dag stock_data_ingestion on 2025-05-09T17:00:00+00:00 ... 
[2025-05-11T02:49:13.681+0700] {logging_mixin.py:188} WARNING - /home/***/.local/lib/python3.12/site-packages/***/utils/session.py:79 DeprecationWarning: This method is deprecated and will be removed in future.
[2025-05-11T02:49:13.699+0700] {taskinstance.py:441} INFO - ::group::Post task execution logs
[2025-05-11T02:49:13.728+0700] {taskinstance.py:2865} INFO - Rescheduling task, marking task as UP_FOR_RESCHEDULE
[2025-05-11T02:49:13.778+0700] {local_task_job_runner.py:240} INFO - Task exited with return code 0
[2025-05-11T02:49:13.818+0700] {taskinstance.py:3503} INFO - 0 downstream tasks scheduled from follow-on schedule check
[2025-05-11T02:49:13.824+0700] {local_task_job_runner.py:222} INFO - ::endgroup::
[2025-05-11T02:50:25.028+0700] {local_task_job_runner.py:120} INFO - ::group::Pre task execution logs
[2025-05-11T02:50:25.075+0700] {taskinstance.py:2076} INFO - Dependencies all met for dep_context=non-requeueable deps ti=<TaskInstance: data_transformation.wait_for_stock_data scheduled__2025-05-09T17:00:00+00:00 [queued]>
[2025-05-11T02:50:25.087+0700] {taskinstance.py:2076} INFO - Dependencies all met for dep_context=requeueable deps ti=<TaskInstance: data_transformation.wait_for_stock_data scheduled__2025-05-09T17:00:00+00:00 [queued]>
[2025-05-11T02:50:25.088+0700] {taskinstance.py:2306} INFO - Starting attempt 1 of 2
[2025-05-11T02:50:25.110+0700] {taskinstance.py:2330} INFO - Executing <Task(ExternalTaskSensor): wait_for_stock_data> on 2025-05-09 17:00:00+00:00
[2025-05-11T02:50:25.117+0700] {standard_task_runner.py:63} INFO - Started process 2040 to run task
[2025-05-11T02:50:25.120+0700] {standard_task_runner.py:90} INFO - Running: ['***', 'tasks', 'run', 'data_transformation', 'wait_for_stock_data', 'scheduled__2025-05-09T17:00:00+00:00', '--job-id', '23', '--raw', '--subdir', 'DAGS_FOLDER/data_transformation.py', '--cfg-path', '/tmp/tmp8v0c_3ml']
[2025-05-11T02:50:25.123+0700] {standard_task_runner.py:91} INFO - Job 23: Subtask wait_for_stock_data
[2025-05-11T02:50:25.204+0700] {task_command.py:426} INFO - Running <TaskInstance: data_transformation.wait_for_stock_data scheduled__2025-05-09T17:00:00+00:00 [running]> on host f94ba298fced
[2025-05-11T02:50:25.493+0700] {taskinstance.py:2648} INFO - Exporting env vars: AIRFLOW_CTX_DAG_OWNER='***' AIRFLOW_CTX_DAG_ID='data_transformation' AIRFLOW_CTX_TASK_ID='wait_for_stock_data' AIRFLOW_CTX_EXECUTION_DATE='2025-05-09T17:00:00+00:00' AIRFLOW_CTX_TRY_NUMBER='1' AIRFLOW_CTX_DAG_RUN_ID='scheduled__2025-05-09T17:00:00+00:00'
[2025-05-11T02:50:25.494+0700] {taskinstance.py:430} INFO - ::endgroup::
[2025-05-11T02:50:25.509+0700] {baseoperator.py:400} WARNING - ExternalTaskSensor.execute cannot be called outside TaskInstance!
[2025-05-11T02:50:25.525+0700] {external_task.py:258} INFO - Poking for tasks ['end_task'] in dag stock_data_ingestion on 2025-05-09T17:00:00+00:00 ... 
[2025-05-11T02:50:25.531+0700] {logging_mixin.py:188} WARNING - /home/***/.local/lib/python3.12/site-packages/***/utils/session.py:79 DeprecationWarning: This method is deprecated and will be removed in future.
[2025-05-11T02:50:25.551+0700] {taskinstance.py:441} INFO - ::group::Post task execution logs
[2025-05-11T02:50:25.581+0700] {taskinstance.py:2865} INFO - Rescheduling task, marking task as UP_FOR_RESCHEDULE
[2025-05-11T02:50:25.616+0700] {local_task_job_runner.py:240} INFO - Task exited with return code 0
[2025-05-11T02:50:25.668+0700] {taskinstance.py:3503} INFO - 0 downstream tasks scheduled from follow-on schedule check
[2025-05-11T02:50:25.671+0700] {local_task_job_runner.py:222} INFO - ::endgroup::
[2025-05-11T02:51:08.363+0700] {local_task_job_runner.py:120} INFO - ::group::Pre task execution logs
[2025-05-11T02:51:08.419+0700] {taskinstance.py:2076} INFO - Dependencies all met for dep_context=non-requeueable deps ti=<TaskInstance: data_transformation.wait_for_stock_data scheduled__2025-05-09T17:00:00+00:00 [queued]>
[2025-05-11T02:51:08.432+0700] {taskinstance.py:2076} INFO - Dependencies all met for dep_context=requeueable deps ti=<TaskInstance: data_transformation.wait_for_stock_data scheduled__2025-05-09T17:00:00+00:00 [queued]>
[2025-05-11T02:51:08.433+0700] {taskinstance.py:2306} INFO - Starting attempt 1 of 2
[2025-05-11T02:51:08.458+0700] {taskinstance.py:2330} INFO - Executing <Task(ExternalTaskSensor): wait_for_stock_data> on 2025-05-09 17:00:00+00:00
[2025-05-11T02:51:08.464+0700] {standard_task_runner.py:63} INFO - Started process 2099 to run task
[2025-05-11T02:51:08.468+0700] {standard_task_runner.py:90} INFO - Running: ['***', 'tasks', 'run', 'data_transformation', 'wait_for_stock_data', 'scheduled__2025-05-09T17:00:00+00:00', '--job-id', '26', '--raw', '--subdir', 'DAGS_FOLDER/data_transformation.py', '--cfg-path', '/tmp/tmplqo_3bcs']
[2025-05-11T02:51:08.471+0700] {standard_task_runner.py:91} INFO - Job 26: Subtask wait_for_stock_data
[2025-05-11T02:51:08.574+0700] {task_command.py:426} INFO - Running <TaskInstance: data_transformation.wait_for_stock_data scheduled__2025-05-09T17:00:00+00:00 [running]> on host f94ba298fced
[2025-05-11T02:51:09.067+0700] {taskinstance.py:2648} INFO - Exporting env vars: AIRFLOW_CTX_DAG_OWNER='***' AIRFLOW_CTX_DAG_ID='data_transformation' AIRFLOW_CTX_TASK_ID='wait_for_stock_data' AIRFLOW_CTX_EXECUTION_DATE='2025-05-09T17:00:00+00:00' AIRFLOW_CTX_TRY_NUMBER='1' AIRFLOW_CTX_DAG_RUN_ID='scheduled__2025-05-09T17:00:00+00:00'
[2025-05-11T02:51:09.068+0700] {taskinstance.py:430} INFO - ::endgroup::
[2025-05-11T02:51:09.108+0700] {baseoperator.py:400} WARNING - ExternalTaskSensor.execute cannot be called outside TaskInstance!
[2025-05-11T02:51:09.141+0700] {external_task.py:258} INFO - Poking for tasks ['end_task'] in dag stock_data_ingestion on 2025-05-09T17:00:00+00:00 ... 
[2025-05-11T02:51:09.150+0700] {logging_mixin.py:188} WARNING - /home/***/.local/lib/python3.12/site-packages/***/utils/session.py:79 DeprecationWarning: This method is deprecated and will be removed in future.
[2025-05-11T02:51:09.173+0700] {taskinstance.py:441} INFO - ::group::Post task execution logs
[2025-05-11T02:51:09.212+0700] {taskinstance.py:2865} INFO - Rescheduling task, marking task as UP_FOR_RESCHEDULE
[2025-05-11T02:51:09.245+0700] {local_task_job_runner.py:240} INFO - Task exited with return code 0
[2025-05-11T02:51:09.318+0700] {taskinstance.py:3503} INFO - 0 downstream tasks scheduled from follow-on schedule check
[2025-05-11T02:51:09.325+0700] {local_task_job_runner.py:222} INFO - ::endgroup::
[2025-05-11T16:23:59.941+0700] {local_task_job_runner.py:120} INFO - ::group::Pre task execution logs
[2025-05-11T16:24:00.207+0700] {taskinstance.py:2076} INFO - Dependencies all met for dep_context=non-requeueable deps ti=<TaskInstance: data_transformation.wait_for_stock_data scheduled__2025-05-09T17:00:00+00:00 [queued]>
[2025-05-11T16:24:00.230+0700] {taskinstance.py:2076} INFO - Dependencies all met for dep_context=requeueable deps ti=<TaskInstance: data_transformation.wait_for_stock_data scheduled__2025-05-09T17:00:00+00:00 [queued]>
[2025-05-11T16:24:00.232+0700] {taskinstance.py:2306} INFO - Starting attempt 1 of 2
[2025-05-11T16:24:00.288+0700] {taskinstance.py:2330} INFO - Executing <Task(ExternalTaskSensor): wait_for_stock_data> on 2025-05-09 17:00:00+00:00
[2025-05-11T16:24:00.304+0700] {logging_mixin.py:188} WARNING - /home/***/.local/lib/python3.12/site-packages/***/task/task_runner/standard_task_runner.py:61 DeprecationWarning: This process (pid=265) is multi-threaded, use of fork() may lead to deadlocks in the child.
[2025-05-11T16:24:00.312+0700] {standard_task_runner.py:63} INFO - Started process 271 to run task
[2025-05-11T16:24:00.315+0700] {standard_task_runner.py:90} INFO - Running: ['***', 'tasks', 'run', 'data_transformation', 'wait_for_stock_data', 'scheduled__2025-05-09T17:00:00+00:00', '--job-id', '3', '--raw', '--subdir', 'DAGS_FOLDER/data_transformation.py', '--cfg-path', '/tmp/tmplnxb5uw6']
[2025-05-11T16:24:00.320+0700] {standard_task_runner.py:91} INFO - Job 3: Subtask wait_for_stock_data
[2025-05-11T16:24:00.555+0700] {task_command.py:426} INFO - Running <TaskInstance: data_transformation.wait_for_stock_data scheduled__2025-05-09T17:00:00+00:00 [running]> on host 615e6c656dab
[2025-05-11T16:24:00.886+0700] {taskinstance.py:2648} INFO - Exporting env vars: AIRFLOW_CTX_DAG_OWNER='***' AIRFLOW_CTX_DAG_ID='data_transformation' AIRFLOW_CTX_TASK_ID='wait_for_stock_data' AIRFLOW_CTX_EXECUTION_DATE='2025-05-09T17:00:00+00:00' AIRFLOW_CTX_TRY_NUMBER='1' AIRFLOW_CTX_DAG_RUN_ID='scheduled__2025-05-09T17:00:00+00:00'
[2025-05-11T16:24:00.888+0700] {taskinstance.py:430} INFO - ::endgroup::
[2025-05-11T16:24:00.957+0700] {baseoperator.py:400} WARNING - ExternalTaskSensor.execute cannot be called outside TaskInstance!
[2025-05-11T16:24:00.989+0700] {external_task.py:258} INFO - Poking for tasks ['end_task'] in dag stock_data_ingestion on 2025-05-09T17:00:00+00:00 ... 
[2025-05-11T16:24:00.994+0700] {logging_mixin.py:188} WARNING - /home/***/.local/lib/python3.12/site-packages/***/utils/session.py:79 DeprecationWarning: This method is deprecated and will be removed in future.
[2025-05-11T16:24:01.039+0700] {taskinstance.py:441} INFO - ::group::Post task execution logs
[2025-05-11T16:24:01.143+0700] {taskinstance.py:2865} INFO - Rescheduling task, marking task as UP_FOR_RESCHEDULE
[2025-05-11T16:24:01.182+0700] {local_task_job_runner.py:240} INFO - Task exited with return code 0
[2025-05-11T16:24:01.291+0700] {taskinstance.py:3503} INFO - 0 downstream tasks scheduled from follow-on schedule check
[2025-05-11T16:24:01.302+0700] {local_task_job_runner.py:222} INFO - ::endgroup::
[2025-05-11T16:25:01.949+0700] {local_task_job_runner.py:120} INFO - ::group::Pre task execution logs
[2025-05-11T16:25:02.028+0700] {taskinstance.py:2076} INFO - Dependencies all met for dep_context=non-requeueable deps ti=<TaskInstance: data_transformation.wait_for_stock_data scheduled__2025-05-09T17:00:00+00:00 [queued]>
[2025-05-11T16:25:02.044+0700] {taskinstance.py:2076} INFO - Dependencies all met for dep_context=requeueable deps ti=<TaskInstance: data_transformation.wait_for_stock_data scheduled__2025-05-09T17:00:00+00:00 [queued]>
[2025-05-11T16:25:02.045+0700] {taskinstance.py:2306} INFO - Starting attempt 1 of 2
[2025-05-11T16:25:02.079+0700] {taskinstance.py:2330} INFO - Executing <Task(ExternalTaskSensor): wait_for_stock_data> on 2025-05-09 17:00:00+00:00
[2025-05-11T16:25:02.090+0700] {logging_mixin.py:188} WARNING - /home/***/.local/lib/python3.12/site-packages/***/task/task_runner/standard_task_runner.py:61 DeprecationWarning: This process (pid=385) is multi-threaded, use of fork() may lead to deadlocks in the child.
[2025-05-11T16:25:02.092+0700] {standard_task_runner.py:63} INFO - Started process 388 to run task
[2025-05-11T16:25:02.090+0700] {standard_task_runner.py:90} INFO - Running: ['***', 'tasks', 'run', 'data_transformation', 'wait_for_stock_data', 'scheduled__2025-05-09T17:00:00+00:00', '--job-id', '16', '--raw', '--subdir', 'DAGS_FOLDER/data_transformation.py', '--cfg-path', '/tmp/tmpfyvjel8c']
[2025-05-11T16:25:02.094+0700] {standard_task_runner.py:91} INFO - Job 16: Subtask wait_for_stock_data
[2025-05-11T16:25:02.225+0700] {task_command.py:426} INFO - Running <TaskInstance: data_transformation.wait_for_stock_data scheduled__2025-05-09T17:00:00+00:00 [running]> on host 615e6c656dab
[2025-05-11T16:25:02.426+0700] {taskinstance.py:2648} INFO - Exporting env vars: AIRFLOW_CTX_DAG_OWNER='***' AIRFLOW_CTX_DAG_ID='data_transformation' AIRFLOW_CTX_TASK_ID='wait_for_stock_data' AIRFLOW_CTX_EXECUTION_DATE='2025-05-09T17:00:00+00:00' AIRFLOW_CTX_TRY_NUMBER='1' AIRFLOW_CTX_DAG_RUN_ID='scheduled__2025-05-09T17:00:00+00:00'
[2025-05-11T16:25:02.428+0700] {taskinstance.py:430} INFO - ::endgroup::
[2025-05-11T16:25:02.453+0700] {baseoperator.py:400} WARNING - ExternalTaskSensor.execute cannot be called outside TaskInstance!
[2025-05-11T16:25:02.477+0700] {external_task.py:258} INFO - Poking for tasks ['end_task'] in dag stock_data_ingestion on 2025-05-09T17:00:00+00:00 ... 
[2025-05-11T16:25:02.481+0700] {logging_mixin.py:188} WARNING - /home/***/.local/lib/python3.12/site-packages/***/utils/session.py:79 DeprecationWarning: This method is deprecated and will be removed in future.
[2025-05-11T16:25:02.511+0700] {taskinstance.py:441} INFO - ::group::Post task execution logs
[2025-05-11T16:25:02.570+0700] {taskinstance.py:2865} INFO - Rescheduling task, marking task as UP_FOR_RESCHEDULE
[2025-05-11T16:25:02.590+0700] {local_task_job_runner.py:240} INFO - Task exited with return code 0
[2025-05-11T16:25:02.620+0700] {local_task_job_runner.py:222} INFO - ::endgroup::
[2025-05-11T16:26:04.025+0700] {local_task_job_runner.py:120} INFO - ::group::Pre task execution logs
[2025-05-11T16:26:04.097+0700] {taskinstance.py:2076} INFO - Dependencies all met for dep_context=non-requeueable deps ti=<TaskInstance: data_transformation.wait_for_stock_data scheduled__2025-05-09T17:00:00+00:00 [queued]>
[2025-05-11T16:26:04.111+0700] {taskinstance.py:2076} INFO - Dependencies all met for dep_context=requeueable deps ti=<TaskInstance: data_transformation.wait_for_stock_data scheduled__2025-05-09T17:00:00+00:00 [queued]>
[2025-05-11T16:26:04.112+0700] {taskinstance.py:2306} INFO - Starting attempt 1 of 2
[2025-05-11T16:26:04.139+0700] {taskinstance.py:2330} INFO - Executing <Task(ExternalTaskSensor): wait_for_stock_data> on 2025-05-09 17:00:00+00:00
[2025-05-11T16:26:04.150+0700] {logging_mixin.py:188} WARNING - /home/***/.local/lib/python3.12/site-packages/***/task/task_runner/standard_task_runner.py:61 DeprecationWarning: This process (pid=497) is multi-threaded, use of fork() may lead to deadlocks in the child.
[2025-05-11T16:26:04.149+0700] {standard_task_runner.py:90} INFO - Running: ['***', 'tasks', 'run', 'data_transformation', 'wait_for_stock_data', 'scheduled__2025-05-09T17:00:00+00:00', '--job-id', '21', '--raw', '--subdir', 'DAGS_FOLDER/data_transformation.py', '--cfg-path', '/tmp/tmp4vl677pc']
[2025-05-11T16:26:04.152+0700] {standard_task_runner.py:63} INFO - Started process 500 to run task
[2025-05-11T16:26:04.153+0700] {standard_task_runner.py:91} INFO - Job 21: Subtask wait_for_stock_data
[2025-05-11T16:26:04.250+0700] {task_command.py:426} INFO - Running <TaskInstance: data_transformation.wait_for_stock_data scheduled__2025-05-09T17:00:00+00:00 [running]> on host 615e6c656dab
[2025-05-11T16:26:04.440+0700] {taskinstance.py:2648} INFO - Exporting env vars: AIRFLOW_CTX_DAG_OWNER='***' AIRFLOW_CTX_DAG_ID='data_transformation' AIRFLOW_CTX_TASK_ID='wait_for_stock_data' AIRFLOW_CTX_EXECUTION_DATE='2025-05-09T17:00:00+00:00' AIRFLOW_CTX_TRY_NUMBER='1' AIRFLOW_CTX_DAG_RUN_ID='scheduled__2025-05-09T17:00:00+00:00'
[2025-05-11T16:26:04.441+0700] {taskinstance.py:430} INFO - ::endgroup::
[2025-05-11T16:26:04.463+0700] {baseoperator.py:400} WARNING - ExternalTaskSensor.execute cannot be called outside TaskInstance!
[2025-05-11T16:26:04.481+0700] {external_task.py:258} INFO - Poking for tasks ['end_task'] in dag stock_data_ingestion on 2025-05-09T17:00:00+00:00 ... 
[2025-05-11T16:26:04.485+0700] {logging_mixin.py:188} WARNING - /home/***/.local/lib/python3.12/site-packages/***/utils/session.py:79 DeprecationWarning: This method is deprecated and will be removed in future.
[2025-05-11T16:26:04.508+0700] {taskinstance.py:441} INFO - ::group::Post task execution logs
[2025-05-11T16:26:04.568+0700] {taskinstance.py:2865} INFO - Rescheduling task, marking task as UP_FOR_RESCHEDULE
[2025-05-11T16:26:04.609+0700] {local_task_job_runner.py:240} INFO - Task exited with return code 0
[2025-05-11T16:26:04.669+0700] {taskinstance.py:3503} INFO - 0 downstream tasks scheduled from follow-on schedule check
[2025-05-11T16:26:04.675+0700] {local_task_job_runner.py:222} INFO - ::endgroup::
[2025-05-11T16:27:06.116+0700] {local_task_job_runner.py:120} INFO - ::group::Pre task execution logs
[2025-05-11T16:27:06.191+0700] {taskinstance.py:2076} INFO - Dependencies all met for dep_context=non-requeueable deps ti=<TaskInstance: data_transformation.wait_for_stock_data scheduled__2025-05-09T17:00:00+00:00 [queued]>
[2025-05-11T16:27:06.207+0700] {taskinstance.py:2076} INFO - Dependencies all met for dep_context=requeueable deps ti=<TaskInstance: data_transformation.wait_for_stock_data scheduled__2025-05-09T17:00:00+00:00 [queued]>
[2025-05-11T16:27:06.208+0700] {taskinstance.py:2306} INFO - Starting attempt 1 of 2
[2025-05-11T16:27:06.278+0700] {taskinstance.py:2330} INFO - Executing <Task(ExternalTaskSensor): wait_for_stock_data> on 2025-05-09 17:00:00+00:00
[2025-05-11T16:27:06.291+0700] {logging_mixin.py:188} WARNING - /home/***/.local/lib/python3.12/site-packages/***/task/task_runner/standard_task_runner.py:61 DeprecationWarning: This process (pid=614) is multi-threaded, use of fork() may lead to deadlocks in the child.
[2025-05-11T16:27:06.291+0700] {standard_task_runner.py:90} INFO - Running: ['***', 'tasks', 'run', 'data_transformation', 'wait_for_stock_data', 'scheduled__2025-05-09T17:00:00+00:00', '--job-id', '25', '--raw', '--subdir', 'DAGS_FOLDER/data_transformation.py', '--cfg-path', '/tmp/tmp8rhp0eef']
[2025-05-11T16:27:06.296+0700] {standard_task_runner.py:63} INFO - Started process 616 to run task
[2025-05-11T16:27:06.296+0700] {standard_task_runner.py:91} INFO - Job 25: Subtask wait_for_stock_data
[2025-05-11T16:27:06.418+0700] {task_command.py:426} INFO - Running <TaskInstance: data_transformation.wait_for_stock_data scheduled__2025-05-09T17:00:00+00:00 [running]> on host 615e6c656dab
[2025-05-11T16:27:06.593+0700] {taskinstance.py:2648} INFO - Exporting env vars: AIRFLOW_CTX_DAG_OWNER='***' AIRFLOW_CTX_DAG_ID='data_transformation' AIRFLOW_CTX_TASK_ID='wait_for_stock_data' AIRFLOW_CTX_EXECUTION_DATE='2025-05-09T17:00:00+00:00' AIRFLOW_CTX_TRY_NUMBER='1' AIRFLOW_CTX_DAG_RUN_ID='scheduled__2025-05-09T17:00:00+00:00'
[2025-05-11T16:27:06.596+0700] {taskinstance.py:430} INFO - ::endgroup::
[2025-05-11T16:27:06.618+0700] {baseoperator.py:400} WARNING - ExternalTaskSensor.execute cannot be called outside TaskInstance!
[2025-05-11T16:27:06.636+0700] {external_task.py:258} INFO - Poking for tasks ['end_task'] in dag stock_data_ingestion on 2025-05-09T17:00:00+00:00 ... 
[2025-05-11T16:27:06.639+0700] {logging_mixin.py:188} WARNING - /home/***/.local/lib/python3.12/site-packages/***/utils/session.py:79 DeprecationWarning: This method is deprecated and will be removed in future.
[2025-05-11T16:27:06.665+0700] {taskinstance.py:441} INFO - ::group::Post task execution logs
[2025-05-11T16:27:06.704+0700] {taskinstance.py:2865} INFO - Rescheduling task, marking task as UP_FOR_RESCHEDULE
[2025-05-11T16:27:06.753+0700] {local_task_job_runner.py:240} INFO - Task exited with return code 0
[2025-05-11T16:27:06.778+0700] {local_task_job_runner.py:222} INFO - ::endgroup::
[2025-05-11T16:28:08.391+0700] {local_task_job_runner.py:120} INFO - ::group::Pre task execution logs
[2025-05-11T16:28:08.502+0700] {taskinstance.py:2076} INFO - Dependencies all met for dep_context=non-requeueable deps ti=<TaskInstance: data_transformation.wait_for_stock_data scheduled__2025-05-09T17:00:00+00:00 [queued]>
[2025-05-11T16:28:08.525+0700] {taskinstance.py:2076} INFO - Dependencies all met for dep_context=requeueable deps ti=<TaskInstance: data_transformation.wait_for_stock_data scheduled__2025-05-09T17:00:00+00:00 [queued]>
[2025-05-11T16:28:08.527+0700] {taskinstance.py:2306} INFO - Starting attempt 1 of 2
[2025-05-11T16:28:08.564+0700] {taskinstance.py:2330} INFO - Executing <Task(ExternalTaskSensor): wait_for_stock_data> on 2025-05-09 17:00:00+00:00
[2025-05-11T16:28:08.580+0700] {logging_mixin.py:188} WARNING - /home/***/.local/lib/python3.12/site-packages/***/task/task_runner/standard_task_runner.py:61 DeprecationWarning: This process (pid=714) is multi-threaded, use of fork() may lead to deadlocks in the child.
[2025-05-11T16:28:08.583+0700] {standard_task_runner.py:63} INFO - Started process 720 to run task
[2025-05-11T16:28:08.578+0700] {standard_task_runner.py:90} INFO - Running: ['***', 'tasks', 'run', 'data_transformation', 'wait_for_stock_data', 'scheduled__2025-05-09T17:00:00+00:00', '--job-id', '30', '--raw', '--subdir', 'DAGS_FOLDER/data_transformation.py', '--cfg-path', '/tmp/tmp3rsae5ph']
[2025-05-11T16:28:08.586+0700] {standard_task_runner.py:91} INFO - Job 30: Subtask wait_for_stock_data
[2025-05-11T16:28:08.737+0700] {task_command.py:426} INFO - Running <TaskInstance: data_transformation.wait_for_stock_data scheduled__2025-05-09T17:00:00+00:00 [running]> on host 615e6c656dab
[2025-05-11T16:28:09.020+0700] {taskinstance.py:2648} INFO - Exporting env vars: AIRFLOW_CTX_DAG_OWNER='***' AIRFLOW_CTX_DAG_ID='data_transformation' AIRFLOW_CTX_TASK_ID='wait_for_stock_data' AIRFLOW_CTX_EXECUTION_DATE='2025-05-09T17:00:00+00:00' AIRFLOW_CTX_TRY_NUMBER='1' AIRFLOW_CTX_DAG_RUN_ID='scheduled__2025-05-09T17:00:00+00:00'
[2025-05-11T16:28:09.022+0700] {taskinstance.py:430} INFO - ::endgroup::
[2025-05-11T16:28:09.074+0700] {baseoperator.py:400} WARNING - ExternalTaskSensor.execute cannot be called outside TaskInstance!
[2025-05-11T16:28:09.124+0700] {external_task.py:258} INFO - Poking for tasks ['end_task'] in dag stock_data_ingestion on 2025-05-09T17:00:00+00:00 ... 
[2025-05-11T16:28:09.134+0700] {logging_mixin.py:188} WARNING - /home/***/.local/lib/python3.12/site-packages/***/utils/session.py:79 DeprecationWarning: This method is deprecated and will be removed in future.
[2025-05-11T16:28:09.195+0700] {taskinstance.py:441} INFO - ::group::Post task execution logs
[2025-05-11T16:28:09.328+0700] {taskinstance.py:2865} INFO - Rescheduling task, marking task as UP_FOR_RESCHEDULE
[2025-05-11T16:28:09.368+0700] {local_task_job_runner.py:240} INFO - Task exited with return code 0
[2025-05-11T16:28:09.425+0700] {local_task_job_runner.py:222} INFO - ::endgroup::
[2025-05-11T16:29:09.869+0700] {local_task_job_runner.py:120} INFO - ::group::Pre task execution logs
[2025-05-11T16:29:09.960+0700] {taskinstance.py:2076} INFO - Dependencies all met for dep_context=non-requeueable deps ti=<TaskInstance: data_transformation.wait_for_stock_data scheduled__2025-05-09T17:00:00+00:00 [queued]>
[2025-05-11T16:29:09.979+0700] {taskinstance.py:2076} INFO - Dependencies all met for dep_context=requeueable deps ti=<TaskInstance: data_transformation.wait_for_stock_data scheduled__2025-05-09T17:00:00+00:00 [queued]>
[2025-05-11T16:29:09.981+0700] {taskinstance.py:2306} INFO - Starting attempt 1 of 2
[2025-05-11T16:29:10.030+0700] {taskinstance.py:2330} INFO - Executing <Task(ExternalTaskSensor): wait_for_stock_data> on 2025-05-09 17:00:00+00:00
[2025-05-11T16:29:10.043+0700] {logging_mixin.py:188} WARNING - /home/***/.local/lib/python3.12/site-packages/***/task/task_runner/standard_task_runner.py:61 DeprecationWarning: This process (pid=824) is multi-threaded, use of fork() may lead to deadlocks in the child.
[2025-05-11T16:29:10.046+0700] {standard_task_runner.py:63} INFO - Started process 829 to run task
[2025-05-11T16:29:10.041+0700] {standard_task_runner.py:90} INFO - Running: ['***', 'tasks', 'run', 'data_transformation', 'wait_for_stock_data', 'scheduled__2025-05-09T17:00:00+00:00', '--job-id', '36', '--raw', '--subdir', 'DAGS_FOLDER/data_transformation.py', '--cfg-path', '/tmp/tmpmv03keor']
[2025-05-11T16:29:10.048+0700] {standard_task_runner.py:91} INFO - Job 36: Subtask wait_for_stock_data
[2025-05-11T16:29:10.163+0700] {task_command.py:426} INFO - Running <TaskInstance: data_transformation.wait_for_stock_data scheduled__2025-05-09T17:00:00+00:00 [running]> on host 615e6c656dab
[2025-05-11T16:29:10.373+0700] {taskinstance.py:2648} INFO - Exporting env vars: AIRFLOW_CTX_DAG_OWNER='***' AIRFLOW_CTX_DAG_ID='data_transformation' AIRFLOW_CTX_TASK_ID='wait_for_stock_data' AIRFLOW_CTX_EXECUTION_DATE='2025-05-09T17:00:00+00:00' AIRFLOW_CTX_TRY_NUMBER='1' AIRFLOW_CTX_DAG_RUN_ID='scheduled__2025-05-09T17:00:00+00:00'
[2025-05-11T16:29:10.375+0700] {taskinstance.py:430} INFO - ::endgroup::
[2025-05-11T16:29:10.408+0700] {baseoperator.py:400} WARNING - ExternalTaskSensor.execute cannot be called outside TaskInstance!
[2025-05-11T16:29:10.432+0700] {external_task.py:258} INFO - Poking for tasks ['end_task'] in dag stock_data_ingestion on 2025-05-09T17:00:00+00:00 ... 
[2025-05-11T16:29:10.435+0700] {logging_mixin.py:188} WARNING - /home/***/.local/lib/python3.12/site-packages/***/utils/session.py:79 DeprecationWarning: This method is deprecated and will be removed in future.
[2025-05-11T16:29:10.465+0700] {taskinstance.py:441} INFO - ::group::Post task execution logs
[2025-05-11T16:29:10.527+0700] {taskinstance.py:2865} INFO - Rescheduling task, marking task as UP_FOR_RESCHEDULE
[2025-05-11T16:29:10.543+0700] {local_task_job_runner.py:240} INFO - Task exited with return code 0
[2025-05-11T16:29:10.570+0700] {local_task_job_runner.py:222} INFO - ::endgroup::
[2025-05-11T16:30:11.688+0700] {local_task_job_runner.py:120} INFO - ::group::Pre task execution logs
[2025-05-11T16:30:11.777+0700] {taskinstance.py:2076} INFO - Dependencies all met for dep_context=non-requeueable deps ti=<TaskInstance: data_transformation.wait_for_stock_data scheduled__2025-05-09T17:00:00+00:00 [queued]>
[2025-05-11T16:30:11.797+0700] {taskinstance.py:2076} INFO - Dependencies all met for dep_context=requeueable deps ti=<TaskInstance: data_transformation.wait_for_stock_data scheduled__2025-05-09T17:00:00+00:00 [queued]>
[2025-05-11T16:30:11.798+0700] {taskinstance.py:2306} INFO - Starting attempt 1 of 2
[2025-05-11T16:30:11.833+0700] {taskinstance.py:2330} INFO - Executing <Task(ExternalTaskSensor): wait_for_stock_data> on 2025-05-09 17:00:00+00:00
[2025-05-11T16:30:11.854+0700] {logging_mixin.py:188} WARNING - /home/***/.local/lib/python3.12/site-packages/***/task/task_runner/standard_task_runner.py:61 DeprecationWarning: This process (pid=931) is multi-threaded, use of fork() may lead to deadlocks in the child.
[2025-05-11T16:30:11.856+0700] {standard_task_runner.py:63} INFO - Started process 932 to run task
[2025-05-11T16:30:11.853+0700] {standard_task_runner.py:90} INFO - Running: ['***', 'tasks', 'run', 'data_transformation', 'wait_for_stock_data', 'scheduled__2025-05-09T17:00:00+00:00', '--job-id', '40', '--raw', '--subdir', 'DAGS_FOLDER/data_transformation.py', '--cfg-path', '/tmp/tmpdcagcodg']
[2025-05-11T16:30:11.865+0700] {standard_task_runner.py:91} INFO - Job 40: Subtask wait_for_stock_data
[2025-05-11T16:30:12.005+0700] {task_command.py:426} INFO - Running <TaskInstance: data_transformation.wait_for_stock_data scheduled__2025-05-09T17:00:00+00:00 [running]> on host 615e6c656dab
[2025-05-11T16:30:12.266+0700] {taskinstance.py:2648} INFO - Exporting env vars: AIRFLOW_CTX_DAG_OWNER='***' AIRFLOW_CTX_DAG_ID='data_transformation' AIRFLOW_CTX_TASK_ID='wait_for_stock_data' AIRFLOW_CTX_EXECUTION_DATE='2025-05-09T17:00:00+00:00' AIRFLOW_CTX_TRY_NUMBER='1' AIRFLOW_CTX_DAG_RUN_ID='scheduled__2025-05-09T17:00:00+00:00'
[2025-05-11T16:30:12.268+0700] {taskinstance.py:430} INFO - ::endgroup::
[2025-05-11T16:30:12.299+0700] {baseoperator.py:400} WARNING - ExternalTaskSensor.execute cannot be called outside TaskInstance!
[2025-05-11T16:30:12.324+0700] {external_task.py:258} INFO - Poking for tasks ['end_task'] in dag stock_data_ingestion on 2025-05-09T17:00:00+00:00 ... 
[2025-05-11T16:30:12.329+0700] {logging_mixin.py:188} WARNING - /home/***/.local/lib/python3.12/site-packages/***/utils/session.py:79 DeprecationWarning: This method is deprecated and will be removed in future.
[2025-05-11T16:30:12.355+0700] {taskinstance.py:441} INFO - ::group::Post task execution logs
[2025-05-11T16:30:12.411+0700] {taskinstance.py:2865} INFO - Rescheduling task, marking task as UP_FOR_RESCHEDULE
[2025-05-11T16:30:12.435+0700] {local_task_job_runner.py:240} INFO - Task exited with return code 0
[2025-05-11T16:30:12.462+0700] {local_task_job_runner.py:222} INFO - ::endgroup::
[2025-05-11T16:31:12.929+0700] {local_task_job_runner.py:120} INFO - ::group::Pre task execution logs
[2025-05-11T16:31:12.993+0700] {taskinstance.py:2076} INFO - Dependencies all met for dep_context=non-requeueable deps ti=<TaskInstance: data_transformation.wait_for_stock_data scheduled__2025-05-09T17:00:00+00:00 [queued]>
[2025-05-11T16:31:13.007+0700] {taskinstance.py:2076} INFO - Dependencies all met for dep_context=requeueable deps ti=<TaskInstance: data_transformation.wait_for_stock_data scheduled__2025-05-09T17:00:00+00:00 [queued]>
[2025-05-11T16:31:13.008+0700] {taskinstance.py:2306} INFO - Starting attempt 1 of 2
[2025-05-11T16:31:13.040+0700] {taskinstance.py:2330} INFO - Executing <Task(ExternalTaskSensor): wait_for_stock_data> on 2025-05-09 17:00:00+00:00
[2025-05-11T16:31:13.052+0700] {logging_mixin.py:188} WARNING - /home/***/.local/lib/python3.12/site-packages/***/task/task_runner/standard_task_runner.py:61 DeprecationWarning: This process (pid=1047) is multi-threaded, use of fork() may lead to deadlocks in the child.
[2025-05-11T16:31:13.051+0700] {standard_task_runner.py:90} INFO - Running: ['***', 'tasks', 'run', 'data_transformation', 'wait_for_stock_data', 'scheduled__2025-05-09T17:00:00+00:00', '--job-id', '46', '--raw', '--subdir', 'DAGS_FOLDER/data_transformation.py', '--cfg-path', '/tmp/tmp6ntzna7x']
[2025-05-11T16:31:13.054+0700] {standard_task_runner.py:63} INFO - Started process 1049 to run task
[2025-05-11T16:31:13.054+0700] {standard_task_runner.py:91} INFO - Job 46: Subtask wait_for_stock_data
[2025-05-11T16:31:13.153+0700] {task_command.py:426} INFO - Running <TaskInstance: data_transformation.wait_for_stock_data scheduled__2025-05-09T17:00:00+00:00 [running]> on host 615e6c656dab
[2025-05-11T16:31:13.324+0700] {taskinstance.py:2648} INFO - Exporting env vars: AIRFLOW_CTX_DAG_OWNER='***' AIRFLOW_CTX_DAG_ID='data_transformation' AIRFLOW_CTX_TASK_ID='wait_for_stock_data' AIRFLOW_CTX_EXECUTION_DATE='2025-05-09T17:00:00+00:00' AIRFLOW_CTX_TRY_NUMBER='1' AIRFLOW_CTX_DAG_RUN_ID='scheduled__2025-05-09T17:00:00+00:00'
[2025-05-11T16:31:13.326+0700] {taskinstance.py:430} INFO - ::endgroup::
[2025-05-11T16:31:13.347+0700] {baseoperator.py:400} WARNING - ExternalTaskSensor.execute cannot be called outside TaskInstance!
[2025-05-11T16:31:13.367+0700] {external_task.py:258} INFO - Poking for tasks ['end_task'] in dag stock_data_ingestion on 2025-05-09T17:00:00+00:00 ... 
[2025-05-11T16:31:13.369+0700] {logging_mixin.py:188} WARNING - /home/***/.local/lib/python3.12/site-packages/***/utils/session.py:79 DeprecationWarning: This method is deprecated and will be removed in future.
[2025-05-11T16:31:13.395+0700] {taskinstance.py:441} INFO - ::group::Post task execution logs
[2025-05-11T16:31:13.449+0700] {taskinstance.py:2865} INFO - Rescheduling task, marking task as UP_FOR_RESCHEDULE
[2025-05-11T16:31:13.470+0700] {local_task_job_runner.py:240} INFO - Task exited with return code 0
[2025-05-11T16:31:13.490+0700] {local_task_job_runner.py:222} INFO - ::endgroup::
[2025-05-11T16:32:14.844+0700] {local_task_job_runner.py:120} INFO - ::group::Pre task execution logs
[2025-05-11T16:32:14.913+0700] {taskinstance.py:2076} INFO - Dependencies all met for dep_context=non-requeueable deps ti=<TaskInstance: data_transformation.wait_for_stock_data scheduled__2025-05-09T17:00:00+00:00 [queued]>
[2025-05-11T16:32:14.928+0700] {taskinstance.py:2076} INFO - Dependencies all met for dep_context=requeueable deps ti=<TaskInstance: data_transformation.wait_for_stock_data scheduled__2025-05-09T17:00:00+00:00 [queued]>
[2025-05-11T16:32:14.929+0700] {taskinstance.py:2306} INFO - Starting attempt 1 of 2
[2025-05-11T16:32:14.952+0700] {taskinstance.py:2330} INFO - Executing <Task(ExternalTaskSensor): wait_for_stock_data> on 2025-05-09 17:00:00+00:00
[2025-05-11T16:32:14.965+0700] {logging_mixin.py:188} WARNING - /home/***/.local/lib/python3.12/site-packages/***/task/task_runner/standard_task_runner.py:61 DeprecationWarning: This process (pid=1149) is multi-threaded, use of fork() may lead to deadlocks in the child.
[2025-05-11T16:32:14.967+0700] {standard_task_runner.py:63} INFO - Started process 1152 to run task
[2025-05-11T16:32:14.964+0700] {standard_task_runner.py:90} INFO - Running: ['***', 'tasks', 'run', 'data_transformation', 'wait_for_stock_data', 'scheduled__2025-05-09T17:00:00+00:00', '--job-id', '51', '--raw', '--subdir', 'DAGS_FOLDER/data_transformation.py', '--cfg-path', '/tmp/tmpinjnnym8']
[2025-05-11T16:32:14.968+0700] {standard_task_runner.py:91} INFO - Job 51: Subtask wait_for_stock_data
[2025-05-11T16:32:15.067+0700] {task_command.py:426} INFO - Running <TaskInstance: data_transformation.wait_for_stock_data scheduled__2025-05-09T17:00:00+00:00 [running]> on host 615e6c656dab
[2025-05-11T16:32:15.234+0700] {taskinstance.py:2648} INFO - Exporting env vars: AIRFLOW_CTX_DAG_OWNER='***' AIRFLOW_CTX_DAG_ID='data_transformation' AIRFLOW_CTX_TASK_ID='wait_for_stock_data' AIRFLOW_CTX_EXECUTION_DATE='2025-05-09T17:00:00+00:00' AIRFLOW_CTX_TRY_NUMBER='1' AIRFLOW_CTX_DAG_RUN_ID='scheduled__2025-05-09T17:00:00+00:00'
[2025-05-11T16:32:15.236+0700] {taskinstance.py:430} INFO - ::endgroup::
[2025-05-11T16:32:15.260+0700] {baseoperator.py:400} WARNING - ExternalTaskSensor.execute cannot be called outside TaskInstance!
[2025-05-11T16:32:15.282+0700] {external_task.py:258} INFO - Poking for tasks ['end_task'] in dag stock_data_ingestion on 2025-05-09T17:00:00+00:00 ... 
[2025-05-11T16:32:15.285+0700] {logging_mixin.py:188} WARNING - /home/***/.local/lib/python3.12/site-packages/***/utils/session.py:79 DeprecationWarning: This method is deprecated and will be removed in future.
[2025-05-11T16:32:15.311+0700] {taskinstance.py:441} INFO - ::group::Post task execution logs
[2025-05-11T16:32:15.355+0700] {taskinstance.py:2865} INFO - Rescheduling task, marking task as UP_FOR_RESCHEDULE
[2025-05-11T16:32:15.383+0700] {local_task_job_runner.py:240} INFO - Task exited with return code 0
[2025-05-11T16:32:15.404+0700] {local_task_job_runner.py:222} INFO - ::endgroup::
[2025-05-11T16:33:16.700+0700] {local_task_job_runner.py:120} INFO - ::group::Pre task execution logs
[2025-05-11T16:33:16.764+0700] {taskinstance.py:2076} INFO - Dependencies all met for dep_context=non-requeueable deps ti=<TaskInstance: data_transformation.wait_for_stock_data scheduled__2025-05-09T17:00:00+00:00 [queued]>
[2025-05-11T16:33:16.780+0700] {taskinstance.py:2076} INFO - Dependencies all met for dep_context=requeueable deps ti=<TaskInstance: data_transformation.wait_for_stock_data scheduled__2025-05-09T17:00:00+00:00 [queued]>
[2025-05-11T16:33:16.781+0700] {taskinstance.py:2306} INFO - Starting attempt 1 of 2
[2025-05-11T16:33:16.804+0700] {taskinstance.py:2330} INFO - Executing <Task(ExternalTaskSensor): wait_for_stock_data> on 2025-05-09 17:00:00+00:00
[2025-05-11T16:33:16.817+0700] {logging_mixin.py:188} WARNING - /home/***/.local/lib/python3.12/site-packages/***/task/task_runner/standard_task_runner.py:61 DeprecationWarning: This process (pid=1265) is multi-threaded, use of fork() may lead to deadlocks in the child.
[2025-05-11T16:33:16.819+0700] {standard_task_runner.py:63} INFO - Started process 1268 to run task
[2025-05-11T16:33:16.816+0700] {standard_task_runner.py:90} INFO - Running: ['***', 'tasks', 'run', 'data_transformation', 'wait_for_stock_data', 'scheduled__2025-05-09T17:00:00+00:00', '--job-id', '55', '--raw', '--subdir', 'DAGS_FOLDER/data_transformation.py', '--cfg-path', '/tmp/tmp6maxwjo0']
[2025-05-11T16:33:16.821+0700] {standard_task_runner.py:91} INFO - Job 55: Subtask wait_for_stock_data
[2025-05-11T16:33:16.929+0700] {task_command.py:426} INFO - Running <TaskInstance: data_transformation.wait_for_stock_data scheduled__2025-05-09T17:00:00+00:00 [running]> on host 615e6c656dab
[2025-05-11T16:33:17.131+0700] {taskinstance.py:2648} INFO - Exporting env vars: AIRFLOW_CTX_DAG_OWNER='***' AIRFLOW_CTX_DAG_ID='data_transformation' AIRFLOW_CTX_TASK_ID='wait_for_stock_data' AIRFLOW_CTX_EXECUTION_DATE='2025-05-09T17:00:00+00:00' AIRFLOW_CTX_TRY_NUMBER='1' AIRFLOW_CTX_DAG_RUN_ID='scheduled__2025-05-09T17:00:00+00:00'
[2025-05-11T16:33:17.133+0700] {taskinstance.py:430} INFO - ::endgroup::
[2025-05-11T16:33:17.156+0700] {baseoperator.py:400} WARNING - ExternalTaskSensor.execute cannot be called outside TaskInstance!
[2025-05-11T16:33:17.178+0700] {external_task.py:258} INFO - Poking for tasks ['end_task'] in dag stock_data_ingestion on 2025-05-09T17:00:00+00:00 ... 
[2025-05-11T16:33:17.181+0700] {logging_mixin.py:188} WARNING - /home/***/.local/lib/python3.12/site-packages/***/utils/session.py:79 DeprecationWarning: This method is deprecated and will be removed in future.
[2025-05-11T16:33:17.206+0700] {taskinstance.py:441} INFO - ::group::Post task execution logs
[2025-05-11T16:33:17.247+0700] {taskinstance.py:2865} INFO - Rescheduling task, marking task as UP_FOR_RESCHEDULE
[2025-05-11T16:33:17.275+0700] {local_task_job_runner.py:240} INFO - Task exited with return code 0
[2025-05-11T16:33:17.297+0700] {local_task_job_runner.py:222} INFO - ::endgroup::
[2025-05-11T16:34:18.489+0700] {local_task_job_runner.py:120} INFO - ::group::Pre task execution logs
[2025-05-11T16:34:18.584+0700] {taskinstance.py:2076} INFO - Dependencies all met for dep_context=non-requeueable deps ti=<TaskInstance: data_transformation.wait_for_stock_data scheduled__2025-05-09T17:00:00+00:00 [queued]>
[2025-05-11T16:34:18.603+0700] {taskinstance.py:2076} INFO - Dependencies all met for dep_context=requeueable deps ti=<TaskInstance: data_transformation.wait_for_stock_data scheduled__2025-05-09T17:00:00+00:00 [queued]>
[2025-05-11T16:34:18.604+0700] {taskinstance.py:2306} INFO - Starting attempt 1 of 2
[2025-05-11T16:34:18.635+0700] {taskinstance.py:2330} INFO - Executing <Task(ExternalTaskSensor): wait_for_stock_data> on 2025-05-09 17:00:00+00:00
[2025-05-11T16:34:18.647+0700] {logging_mixin.py:188} WARNING - /home/***/.local/lib/python3.12/site-packages/***/task/task_runner/standard_task_runner.py:61 DeprecationWarning: This process (pid=1376) is multi-threaded, use of fork() may lead to deadlocks in the child.
[2025-05-11T16:34:18.646+0700] {standard_task_runner.py:90} INFO - Running: ['***', 'tasks', 'run', 'data_transformation', 'wait_for_stock_data', 'scheduled__2025-05-09T17:00:00+00:00', '--job-id', '61', '--raw', '--subdir', 'DAGS_FOLDER/data_transformation.py', '--cfg-path', '/tmp/tmpscny50ws']
[2025-05-11T16:34:18.649+0700] {standard_task_runner.py:63} INFO - Started process 1378 to run task
[2025-05-11T16:34:18.650+0700] {standard_task_runner.py:91} INFO - Job 61: Subtask wait_for_stock_data
[2025-05-11T16:34:18.765+0700] {task_command.py:426} INFO - Running <TaskInstance: data_transformation.wait_for_stock_data scheduled__2025-05-09T17:00:00+00:00 [running]> on host 615e6c656dab
[2025-05-11T16:34:18.973+0700] {taskinstance.py:2648} INFO - Exporting env vars: AIRFLOW_CTX_DAG_OWNER='***' AIRFLOW_CTX_DAG_ID='data_transformation' AIRFLOW_CTX_TASK_ID='wait_for_stock_data' AIRFLOW_CTX_EXECUTION_DATE='2025-05-09T17:00:00+00:00' AIRFLOW_CTX_TRY_NUMBER='1' AIRFLOW_CTX_DAG_RUN_ID='scheduled__2025-05-09T17:00:00+00:00'
[2025-05-11T16:34:18.976+0700] {taskinstance.py:430} INFO - ::endgroup::
[2025-05-11T16:34:19.001+0700] {baseoperator.py:400} WARNING - ExternalTaskSensor.execute cannot be called outside TaskInstance!
[2025-05-11T16:34:19.028+0700] {external_task.py:258} INFO - Poking for tasks ['end_task'] in dag stock_data_ingestion on 2025-05-09T17:00:00+00:00 ... 
[2025-05-11T16:34:19.036+0700] {logging_mixin.py:188} WARNING - /home/***/.local/lib/python3.12/site-packages/***/utils/session.py:79 DeprecationWarning: This method is deprecated and will be removed in future.
[2025-05-11T16:34:19.080+0700] {taskinstance.py:441} INFO - ::group::Post task execution logs
[2025-05-11T16:34:19.192+0700] {taskinstance.py:2865} INFO - Rescheduling task, marking task as UP_FOR_RESCHEDULE
[2025-05-11T16:34:19.228+0700] {local_task_job_runner.py:240} INFO - Task exited with return code 0
[2025-05-11T16:34:19.323+0700] {taskinstance.py:3503} INFO - 0 downstream tasks scheduled from follow-on schedule check
[2025-05-11T16:34:19.331+0700] {local_task_job_runner.py:222} INFO - ::endgroup::
[2025-05-11T16:35:19.802+0700] {local_task_job_runner.py:120} INFO - ::group::Pre task execution logs
[2025-05-11T16:35:19.893+0700] {taskinstance.py:2076} INFO - Dependencies all met for dep_context=non-requeueable deps ti=<TaskInstance: data_transformation.wait_for_stock_data scheduled__2025-05-09T17:00:00+00:00 [queued]>
[2025-05-11T16:35:19.910+0700] {taskinstance.py:2076} INFO - Dependencies all met for dep_context=requeueable deps ti=<TaskInstance: data_transformation.wait_for_stock_data scheduled__2025-05-09T17:00:00+00:00 [queued]>
[2025-05-11T16:35:19.911+0700] {taskinstance.py:2306} INFO - Starting attempt 1 of 2
[2025-05-11T16:35:19.984+0700] {taskinstance.py:2330} INFO - Executing <Task(ExternalTaskSensor): wait_for_stock_data> on 2025-05-09 17:00:00+00:00
[2025-05-11T16:35:19.995+0700] {logging_mixin.py:188} WARNING - /home/***/.local/lib/python3.12/site-packages/***/task/task_runner/standard_task_runner.py:61 DeprecationWarning: This process (pid=1490) is multi-threaded, use of fork() may lead to deadlocks in the child.
[2025-05-11T16:35:19.994+0700] {standard_task_runner.py:90} INFO - Running: ['***', 'tasks', 'run', 'data_transformation', 'wait_for_stock_data', 'scheduled__2025-05-09T17:00:00+00:00', '--job-id', '66', '--raw', '--subdir', 'DAGS_FOLDER/data_transformation.py', '--cfg-path', '/tmp/tmpwj52pugh']
[2025-05-11T16:35:19.997+0700] {standard_task_runner.py:63} INFO - Started process 1494 to run task
[2025-05-11T16:35:19.998+0700] {standard_task_runner.py:91} INFO - Job 66: Subtask wait_for_stock_data
[2025-05-11T16:35:20.097+0700] {task_command.py:426} INFO - Running <TaskInstance: data_transformation.wait_for_stock_data scheduled__2025-05-09T17:00:00+00:00 [running]> on host 615e6c656dab
[2025-05-11T16:35:20.273+0700] {taskinstance.py:2648} INFO - Exporting env vars: AIRFLOW_CTX_DAG_OWNER='***' AIRFLOW_CTX_DAG_ID='data_transformation' AIRFLOW_CTX_TASK_ID='wait_for_stock_data' AIRFLOW_CTX_EXECUTION_DATE='2025-05-09T17:00:00+00:00' AIRFLOW_CTX_TRY_NUMBER='1' AIRFLOW_CTX_DAG_RUN_ID='scheduled__2025-05-09T17:00:00+00:00'
[2025-05-11T16:35:20.274+0700] {taskinstance.py:430} INFO - ::endgroup::
[2025-05-11T16:35:20.298+0700] {baseoperator.py:400} WARNING - ExternalTaskSensor.execute cannot be called outside TaskInstance!
[2025-05-11T16:35:20.318+0700] {external_task.py:258} INFO - Poking for tasks ['end_task'] in dag stock_data_ingestion on 2025-05-09T17:00:00+00:00 ... 
[2025-05-11T16:35:20.322+0700] {logging_mixin.py:188} WARNING - /home/***/.local/lib/python3.12/site-packages/***/utils/session.py:79 DeprecationWarning: This method is deprecated and will be removed in future.
[2025-05-11T16:35:20.346+0700] {taskinstance.py:441} INFO - ::group::Post task execution logs
[2025-05-11T16:35:20.385+0700] {taskinstance.py:2865} INFO - Rescheduling task, marking task as UP_FOR_RESCHEDULE
[2025-05-11T16:35:20.413+0700] {local_task_job_runner.py:240} INFO - Task exited with return code 0
[2025-05-11T16:35:20.434+0700] {local_task_job_runner.py:222} INFO - ::endgroup::
[2025-05-11T16:36:21.130+0700] {local_task_job_runner.py:120} INFO - ::group::Pre task execution logs
[2025-05-11T16:36:21.212+0700] {taskinstance.py:2076} INFO - Dependencies all met for dep_context=non-requeueable deps ti=<TaskInstance: data_transformation.wait_for_stock_data scheduled__2025-05-09T17:00:00+00:00 [queued]>
[2025-05-11T16:36:21.229+0700] {taskinstance.py:2076} INFO - Dependencies all met for dep_context=requeueable deps ti=<TaskInstance: data_transformation.wait_for_stock_data scheduled__2025-05-09T17:00:00+00:00 [queued]>
[2025-05-11T16:36:21.230+0700] {taskinstance.py:2306} INFO - Starting attempt 1 of 2
[2025-05-11T16:36:21.255+0700] {taskinstance.py:2330} INFO - Executing <Task(ExternalTaskSensor): wait_for_stock_data> on 2025-05-09 17:00:00+00:00
[2025-05-11T16:36:21.266+0700] {logging_mixin.py:188} WARNING - /home/***/.local/lib/python3.12/site-packages/***/task/task_runner/standard_task_runner.py:61 DeprecationWarning: This process (pid=1594) is multi-threaded, use of fork() may lead to deadlocks in the child.
[2025-05-11T16:36:21.268+0700] {standard_task_runner.py:63} INFO - Started process 1597 to run task
[2025-05-11T16:36:21.266+0700] {standard_task_runner.py:90} INFO - Running: ['***', 'tasks', 'run', 'data_transformation', 'wait_for_stock_data', 'scheduled__2025-05-09T17:00:00+00:00', '--job-id', '71', '--raw', '--subdir', 'DAGS_FOLDER/data_transformation.py', '--cfg-path', '/tmp/tmpatsosyr2']
[2025-05-11T16:36:21.269+0700] {standard_task_runner.py:91} INFO - Job 71: Subtask wait_for_stock_data
[2025-05-11T16:36:21.366+0700] {task_command.py:426} INFO - Running <TaskInstance: data_transformation.wait_for_stock_data scheduled__2025-05-09T17:00:00+00:00 [running]> on host 615e6c656dab
[2025-05-11T16:36:21.531+0700] {taskinstance.py:2648} INFO - Exporting env vars: AIRFLOW_CTX_DAG_OWNER='***' AIRFLOW_CTX_DAG_ID='data_transformation' AIRFLOW_CTX_TASK_ID='wait_for_stock_data' AIRFLOW_CTX_EXECUTION_DATE='2025-05-09T17:00:00+00:00' AIRFLOW_CTX_TRY_NUMBER='1' AIRFLOW_CTX_DAG_RUN_ID='scheduled__2025-05-09T17:00:00+00:00'
[2025-05-11T16:36:21.533+0700] {taskinstance.py:430} INFO - ::endgroup::
[2025-05-11T16:36:21.554+0700] {baseoperator.py:400} WARNING - ExternalTaskSensor.execute cannot be called outside TaskInstance!
[2025-05-11T16:36:21.575+0700] {external_task.py:258} INFO - Poking for tasks ['end_task'] in dag stock_data_ingestion on 2025-05-09T17:00:00+00:00 ... 
[2025-05-11T16:36:21.578+0700] {logging_mixin.py:188} WARNING - /home/***/.local/lib/python3.12/site-packages/***/utils/session.py:79 DeprecationWarning: This method is deprecated and will be removed in future.
[2025-05-11T16:36:21.603+0700] {taskinstance.py:441} INFO - ::group::Post task execution logs
[2025-05-11T16:36:21.648+0700] {taskinstance.py:2865} INFO - Rescheduling task, marking task as UP_FOR_RESCHEDULE
[2025-05-11T16:36:21.684+0700] {local_task_job_runner.py:240} INFO - Task exited with return code 0
[2025-05-11T16:36:21.706+0700] {local_task_job_runner.py:222} INFO - ::endgroup::
[2025-05-11T16:37:23.273+0700] {local_task_job_runner.py:120} INFO - ::group::Pre task execution logs
[2025-05-11T16:37:23.350+0700] {taskinstance.py:2076} INFO - Dependencies all met for dep_context=non-requeueable deps ti=<TaskInstance: data_transformation.wait_for_stock_data scheduled__2025-05-09T17:00:00+00:00 [queued]>
[2025-05-11T16:37:23.366+0700] {taskinstance.py:2076} INFO - Dependencies all met for dep_context=requeueable deps ti=<TaskInstance: data_transformation.wait_for_stock_data scheduled__2025-05-09T17:00:00+00:00 [queued]>
[2025-05-11T16:37:23.367+0700] {taskinstance.py:2306} INFO - Starting attempt 1 of 2
[2025-05-11T16:37:23.392+0700] {taskinstance.py:2330} INFO - Executing <Task(ExternalTaskSensor): wait_for_stock_data> on 2025-05-09 17:00:00+00:00
[2025-05-11T16:37:23.403+0700] {logging_mixin.py:188} WARNING - /home/***/.local/lib/python3.12/site-packages/***/task/task_runner/standard_task_runner.py:61 DeprecationWarning: This process (pid=1705) is multi-threaded, use of fork() may lead to deadlocks in the child.
[2025-05-11T16:37:23.402+0700] {standard_task_runner.py:90} INFO - Running: ['***', 'tasks', 'run', 'data_transformation', 'wait_for_stock_data', 'scheduled__2025-05-09T17:00:00+00:00', '--job-id', '75', '--raw', '--subdir', 'DAGS_FOLDER/data_transformation.py', '--cfg-path', '/tmp/tmpaddkd1w3']
[2025-05-11T16:37:23.406+0700] {standard_task_runner.py:63} INFO - Started process 1706 to run task
[2025-05-11T16:37:23.406+0700] {standard_task_runner.py:91} INFO - Job 75: Subtask wait_for_stock_data
[2025-05-11T16:37:23.512+0700] {task_command.py:426} INFO - Running <TaskInstance: data_transformation.wait_for_stock_data scheduled__2025-05-09T17:00:00+00:00 [running]> on host 615e6c656dab
[2025-05-11T16:37:23.702+0700] {taskinstance.py:2648} INFO - Exporting env vars: AIRFLOW_CTX_DAG_OWNER='***' AIRFLOW_CTX_DAG_ID='data_transformation' AIRFLOW_CTX_TASK_ID='wait_for_stock_data' AIRFLOW_CTX_EXECUTION_DATE='2025-05-09T17:00:00+00:00' AIRFLOW_CTX_TRY_NUMBER='1' AIRFLOW_CTX_DAG_RUN_ID='scheduled__2025-05-09T17:00:00+00:00'
[2025-05-11T16:37:23.703+0700] {taskinstance.py:430} INFO - ::endgroup::
[2025-05-11T16:37:23.729+0700] {baseoperator.py:400} WARNING - ExternalTaskSensor.execute cannot be called outside TaskInstance!
[2025-05-11T16:37:23.750+0700] {external_task.py:258} INFO - Poking for tasks ['end_task'] in dag stock_data_ingestion on 2025-05-09T17:00:00+00:00 ... 
[2025-05-11T16:37:23.754+0700] {logging_mixin.py:188} WARNING - /home/***/.local/lib/python3.12/site-packages/***/utils/session.py:79 DeprecationWarning: This method is deprecated and will be removed in future.
[2025-05-11T16:37:23.782+0700] {taskinstance.py:441} INFO - ::group::Post task execution logs
[2025-05-11T16:37:23.824+0700] {taskinstance.py:2865} INFO - Rescheduling task, marking task as UP_FOR_RESCHEDULE
[2025-05-11T16:37:23.862+0700] {local_task_job_runner.py:240} INFO - Task exited with return code 0
[2025-05-11T16:37:23.891+0700] {local_task_job_runner.py:222} INFO - ::endgroup::
[2025-05-11T16:38:24.619+0700] {local_task_job_runner.py:120} INFO - ::group::Pre task execution logs
[2025-05-11T16:38:24.675+0700] {taskinstance.py:2076} INFO - Dependencies all met for dep_context=non-requeueable deps ti=<TaskInstance: data_transformation.wait_for_stock_data scheduled__2025-05-09T17:00:00+00:00 [queued]>
[2025-05-11T16:38:24.688+0700] {taskinstance.py:2076} INFO - Dependencies all met for dep_context=requeueable deps ti=<TaskInstance: data_transformation.wait_for_stock_data scheduled__2025-05-09T17:00:00+00:00 [queued]>
[2025-05-11T16:38:24.689+0700] {taskinstance.py:2306} INFO - Starting attempt 1 of 2
[2025-05-11T16:38:24.708+0700] {taskinstance.py:2330} INFO - Executing <Task(ExternalTaskSensor): wait_for_stock_data> on 2025-05-09 17:00:00+00:00
[2025-05-11T16:38:24.716+0700] {logging_mixin.py:188} WARNING - /home/***/.local/lib/python3.12/site-packages/***/task/task_runner/standard_task_runner.py:61 DeprecationWarning: This process (pid=1813) is multi-threaded, use of fork() may lead to deadlocks in the child.
[2025-05-11T16:38:24.718+0700] {standard_task_runner.py:63} INFO - Started process 1814 to run task
[2025-05-11T16:38:24.716+0700] {standard_task_runner.py:90} INFO - Running: ['***', 'tasks', 'run', 'data_transformation', 'wait_for_stock_data', 'scheduled__2025-05-09T17:00:00+00:00', '--job-id', '80', '--raw', '--subdir', 'DAGS_FOLDER/data_transformation.py', '--cfg-path', '/tmp/tmpz0nwq_do']
[2025-05-11T16:38:24.719+0700] {standard_task_runner.py:91} INFO - Job 80: Subtask wait_for_stock_data
[2025-05-11T16:38:24.802+0700] {task_command.py:426} INFO - Running <TaskInstance: data_transformation.wait_for_stock_data scheduled__2025-05-09T17:00:00+00:00 [running]> on host 615e6c656dab
[2025-05-11T16:38:24.935+0700] {taskinstance.py:2648} INFO - Exporting env vars: AIRFLOW_CTX_DAG_OWNER='***' AIRFLOW_CTX_DAG_ID='data_transformation' AIRFLOW_CTX_TASK_ID='wait_for_stock_data' AIRFLOW_CTX_EXECUTION_DATE='2025-05-09T17:00:00+00:00' AIRFLOW_CTX_TRY_NUMBER='1' AIRFLOW_CTX_DAG_RUN_ID='scheduled__2025-05-09T17:00:00+00:00'
[2025-05-11T16:38:24.937+0700] {taskinstance.py:430} INFO - ::endgroup::
[2025-05-11T16:38:24.954+0700] {baseoperator.py:400} WARNING - ExternalTaskSensor.execute cannot be called outside TaskInstance!
[2025-05-11T16:38:24.970+0700] {external_task.py:258} INFO - Poking for tasks ['end_task'] in dag stock_data_ingestion on 2025-05-09T17:00:00+00:00 ... 
[2025-05-11T16:38:24.973+0700] {logging_mixin.py:188} WARNING - /home/***/.local/lib/python3.12/site-packages/***/utils/session.py:79 DeprecationWarning: This method is deprecated and will be removed in future.
[2025-05-11T16:38:24.993+0700] {taskinstance.py:441} INFO - ::group::Post task execution logs
[2025-05-11T16:38:25.022+0700] {taskinstance.py:2865} INFO - Rescheduling task, marking task as UP_FOR_RESCHEDULE
[2025-05-11T16:38:25.054+0700] {local_task_job_runner.py:240} INFO - Task exited with return code 0
[2025-05-11T16:38:25.122+0700] {taskinstance.py:3503} INFO - 0 downstream tasks scheduled from follow-on schedule check
[2025-05-11T16:38:25.125+0700] {local_task_job_runner.py:222} INFO - ::endgroup::
[2025-05-11T16:39:25.390+0700] {local_task_job_runner.py:120} INFO - ::group::Pre task execution logs
[2025-05-11T16:39:25.449+0700] {taskinstance.py:2076} INFO - Dependencies all met for dep_context=non-requeueable deps ti=<TaskInstance: data_transformation.wait_for_stock_data scheduled__2025-05-09T17:00:00+00:00 [queued]>
[2025-05-11T16:39:25.462+0700] {taskinstance.py:2076} INFO - Dependencies all met for dep_context=requeueable deps ti=<TaskInstance: data_transformation.wait_for_stock_data scheduled__2025-05-09T17:00:00+00:00 [queued]>
[2025-05-11T16:39:25.463+0700] {taskinstance.py:2306} INFO - Starting attempt 1 of 2
[2025-05-11T16:39:25.484+0700] {taskinstance.py:2330} INFO - Executing <Task(ExternalTaskSensor): wait_for_stock_data> on 2025-05-09 17:00:00+00:00
[2025-05-11T16:39:25.494+0700] {logging_mixin.py:188} WARNING - /home/***/.local/lib/python3.12/site-packages/***/task/task_runner/standard_task_runner.py:61 DeprecationWarning: This process (pid=1919) is multi-threaded, use of fork() may lead to deadlocks in the child.
[2025-05-11T16:39:25.496+0700] {standard_task_runner.py:63} INFO - Started process 1926 to run task
[2025-05-11T16:39:25.494+0700] {standard_task_runner.py:90} INFO - Running: ['***', 'tasks', 'run', 'data_transformation', 'wait_for_stock_data', 'scheduled__2025-05-09T17:00:00+00:00', '--job-id', '84', '--raw', '--subdir', 'DAGS_FOLDER/data_transformation.py', '--cfg-path', '/tmp/tmp0yjvdn7n']
[2025-05-11T16:39:25.497+0700] {standard_task_runner.py:91} INFO - Job 84: Subtask wait_for_stock_data
[2025-05-11T16:39:25.590+0700] {task_command.py:426} INFO - Running <TaskInstance: data_transformation.wait_for_stock_data scheduled__2025-05-09T17:00:00+00:00 [running]> on host 615e6c656dab
[2025-05-11T16:39:25.745+0700] {taskinstance.py:2648} INFO - Exporting env vars: AIRFLOW_CTX_DAG_OWNER='***' AIRFLOW_CTX_DAG_ID='data_transformation' AIRFLOW_CTX_TASK_ID='wait_for_stock_data' AIRFLOW_CTX_EXECUTION_DATE='2025-05-09T17:00:00+00:00' AIRFLOW_CTX_TRY_NUMBER='1' AIRFLOW_CTX_DAG_RUN_ID='scheduled__2025-05-09T17:00:00+00:00'
[2025-05-11T16:39:25.747+0700] {taskinstance.py:430} INFO - ::endgroup::
[2025-05-11T16:39:25.767+0700] {baseoperator.py:400} WARNING - ExternalTaskSensor.execute cannot be called outside TaskInstance!
[2025-05-11T16:39:25.786+0700] {external_task.py:258} INFO - Poking for tasks ['end_task'] in dag stock_data_ingestion on 2025-05-09T17:00:00+00:00 ... 
[2025-05-11T16:39:25.789+0700] {logging_mixin.py:188} WARNING - /home/***/.local/lib/python3.12/site-packages/***/utils/session.py:79 DeprecationWarning: This method is deprecated and will be removed in future.
[2025-05-11T16:39:25.812+0700] {taskinstance.py:441} INFO - ::group::Post task execution logs
[2025-05-11T16:39:25.847+0700] {taskinstance.py:2865} INFO - Rescheduling task, marking task as UP_FOR_RESCHEDULE
[2025-05-11T16:39:25.871+0700] {local_task_job_runner.py:240} INFO - Task exited with return code 0
[2025-05-11T16:39:25.936+0700] {taskinstance.py:3503} INFO - 0 downstream tasks scheduled from follow-on schedule check
[2025-05-11T16:39:25.940+0700] {local_task_job_runner.py:222} INFO - ::endgroup::
[2025-05-11T16:40:26.740+0700] {local_task_job_runner.py:120} INFO - ::group::Pre task execution logs
[2025-05-11T16:40:26.810+0700] {taskinstance.py:2076} INFO - Dependencies all met for dep_context=non-requeueable deps ti=<TaskInstance: data_transformation.wait_for_stock_data scheduled__2025-05-09T17:00:00+00:00 [queued]>
[2025-05-11T16:40:26.825+0700] {taskinstance.py:2076} INFO - Dependencies all met for dep_context=requeueable deps ti=<TaskInstance: data_transformation.wait_for_stock_data scheduled__2025-05-09T17:00:00+00:00 [queued]>
[2025-05-11T16:40:26.826+0700] {taskinstance.py:2306} INFO - Starting attempt 1 of 2
[2025-05-11T16:40:26.855+0700] {taskinstance.py:2330} INFO - Executing <Task(ExternalTaskSensor): wait_for_stock_data> on 2025-05-09 17:00:00+00:00
[2025-05-11T16:40:26.864+0700] {logging_mixin.py:188} WARNING - /home/***/.local/lib/python3.12/site-packages/***/task/task_runner/standard_task_runner.py:61 DeprecationWarning: This process (pid=2021) is multi-threaded, use of fork() may lead to deadlocks in the child.
[2025-05-11T16:40:26.866+0700] {standard_task_runner.py:63} INFO - Started process 2022 to run task
[2025-05-11T16:40:26.864+0700] {standard_task_runner.py:90} INFO - Running: ['***', 'tasks', 'run', 'data_transformation', 'wait_for_stock_data', 'scheduled__2025-05-09T17:00:00+00:00', '--job-id', '87', '--raw', '--subdir', 'DAGS_FOLDER/data_transformation.py', '--cfg-path', '/tmp/tmpbwhtb4jr']
[2025-05-11T16:40:26.868+0700] {standard_task_runner.py:91} INFO - Job 87: Subtask wait_for_stock_data
[2025-05-11T16:40:26.961+0700] {task_command.py:426} INFO - Running <TaskInstance: data_transformation.wait_for_stock_data scheduled__2025-05-09T17:00:00+00:00 [running]> on host 615e6c656dab
[2025-05-11T16:40:27.118+0700] {taskinstance.py:2648} INFO - Exporting env vars: AIRFLOW_CTX_DAG_OWNER='***' AIRFLOW_CTX_DAG_ID='data_transformation' AIRFLOW_CTX_TASK_ID='wait_for_stock_data' AIRFLOW_CTX_EXECUTION_DATE='2025-05-09T17:00:00+00:00' AIRFLOW_CTX_TRY_NUMBER='1' AIRFLOW_CTX_DAG_RUN_ID='scheduled__2025-05-09T17:00:00+00:00'
[2025-05-11T16:40:27.120+0700] {taskinstance.py:430} INFO - ::endgroup::
[2025-05-11T16:40:27.143+0700] {baseoperator.py:400} WARNING - ExternalTaskSensor.execute cannot be called outside TaskInstance!
[2025-05-11T16:40:27.161+0700] {external_task.py:258} INFO - Poking for tasks ['end_task'] in dag stock_data_ingestion on 2025-05-09T17:00:00+00:00 ... 
[2025-05-11T16:40:27.164+0700] {logging_mixin.py:188} WARNING - /home/***/.local/lib/python3.12/site-packages/***/utils/session.py:79 DeprecationWarning: This method is deprecated and will be removed in future.
[2025-05-11T16:40:27.186+0700] {taskinstance.py:441} INFO - ::group::Post task execution logs
[2025-05-11T16:40:27.222+0700] {taskinstance.py:2865} INFO - Rescheduling task, marking task as UP_FOR_RESCHEDULE
[2025-05-11T16:40:27.242+0700] {local_task_job_runner.py:240} INFO - Task exited with return code 0
[2025-05-11T16:40:27.307+0700] {taskinstance.py:3503} INFO - 0 downstream tasks scheduled from follow-on schedule check
[2025-05-11T16:40:27.314+0700] {local_task_job_runner.py:222} INFO - ::endgroup::
[2025-05-11T16:41:28.607+0700] {local_task_job_runner.py:120} INFO - ::group::Pre task execution logs
[2025-05-11T16:41:28.684+0700] {taskinstance.py:2076} INFO - Dependencies all met for dep_context=non-requeueable deps ti=<TaskInstance: data_transformation.wait_for_stock_data scheduled__2025-05-09T17:00:00+00:00 [queued]>
[2025-05-11T16:41:28.704+0700] {taskinstance.py:2076} INFO - Dependencies all met for dep_context=requeueable deps ti=<TaskInstance: data_transformation.wait_for_stock_data scheduled__2025-05-09T17:00:00+00:00 [queued]>
[2025-05-11T16:41:28.706+0700] {taskinstance.py:2306} INFO - Starting attempt 1 of 2
[2025-05-11T16:41:28.743+0700] {taskinstance.py:2330} INFO - Executing <Task(ExternalTaskSensor): wait_for_stock_data> on 2025-05-09 17:00:00+00:00
[2025-05-11T16:41:28.755+0700] {logging_mixin.py:188} WARNING - /home/***/.local/lib/python3.12/site-packages/***/task/task_runner/standard_task_runner.py:61 DeprecationWarning: This process (pid=2131) is multi-threaded, use of fork() may lead to deadlocks in the child.
[2025-05-11T16:41:28.754+0700] {standard_task_runner.py:90} INFO - Running: ['***', 'tasks', 'run', 'data_transformation', 'wait_for_stock_data', 'scheduled__2025-05-09T17:00:00+00:00', '--job-id', '91', '--raw', '--subdir', 'DAGS_FOLDER/data_transformation.py', '--cfg-path', '/tmp/tmpu5xatltv']
[2025-05-11T16:41:28.758+0700] {standard_task_runner.py:63} INFO - Started process 2134 to run task
[2025-05-11T16:41:28.758+0700] {standard_task_runner.py:91} INFO - Job 91: Subtask wait_for_stock_data
[2025-05-11T16:41:28.875+0700] {task_command.py:426} INFO - Running <TaskInstance: data_transformation.wait_for_stock_data scheduled__2025-05-09T17:00:00+00:00 [running]> on host 615e6c656dab
[2025-05-11T16:41:29.060+0700] {taskinstance.py:2648} INFO - Exporting env vars: AIRFLOW_CTX_DAG_OWNER='***' AIRFLOW_CTX_DAG_ID='data_transformation' AIRFLOW_CTX_TASK_ID='wait_for_stock_data' AIRFLOW_CTX_EXECUTION_DATE='2025-05-09T17:00:00+00:00' AIRFLOW_CTX_TRY_NUMBER='1' AIRFLOW_CTX_DAG_RUN_ID='scheduled__2025-05-09T17:00:00+00:00'
[2025-05-11T16:41:29.062+0700] {taskinstance.py:430} INFO - ::endgroup::
[2025-05-11T16:41:29.089+0700] {baseoperator.py:400} WARNING - ExternalTaskSensor.execute cannot be called outside TaskInstance!
[2025-05-11T16:41:29.114+0700] {external_task.py:258} INFO - Poking for tasks ['end_task'] in dag stock_data_ingestion on 2025-05-09T17:00:00+00:00 ... 
[2025-05-11T16:41:29.117+0700] {logging_mixin.py:188} WARNING - /home/***/.local/lib/python3.12/site-packages/***/utils/session.py:79 DeprecationWarning: This method is deprecated and will be removed in future.
[2025-05-11T16:41:29.145+0700] {taskinstance.py:441} INFO - ::group::Post task execution logs
[2025-05-11T16:41:29.189+0700] {taskinstance.py:2865} INFO - Rescheduling task, marking task as UP_FOR_RESCHEDULE
[2025-05-11T16:41:29.214+0700] {local_task_job_runner.py:240} INFO - Task exited with return code 0
[2025-05-11T16:41:29.295+0700] {taskinstance.py:3503} INFO - 0 downstream tasks scheduled from follow-on schedule check
[2025-05-11T16:41:29.301+0700] {local_task_job_runner.py:222} INFO - ::endgroup::
[2025-05-11T16:42:30.433+0700] {local_task_job_runner.py:120} INFO - ::group::Pre task execution logs
[2025-05-11T16:42:30.486+0700] {taskinstance.py:2076} INFO - Dependencies all met for dep_context=non-requeueable deps ti=<TaskInstance: data_transformation.wait_for_stock_data scheduled__2025-05-09T17:00:00+00:00 [queued]>
[2025-05-11T16:42:30.498+0700] {taskinstance.py:2076} INFO - Dependencies all met for dep_context=requeueable deps ti=<TaskInstance: data_transformation.wait_for_stock_data scheduled__2025-05-09T17:00:00+00:00 [queued]>
[2025-05-11T16:42:30.499+0700] {taskinstance.py:2306} INFO - Starting attempt 1 of 2
[2025-05-11T16:42:30.520+0700] {taskinstance.py:2330} INFO - Executing <Task(ExternalTaskSensor): wait_for_stock_data> on 2025-05-09 17:00:00+00:00
[2025-05-11T16:42:30.529+0700] {logging_mixin.py:188} WARNING - /home/***/.local/lib/python3.12/site-packages/***/task/task_runner/standard_task_runner.py:61 DeprecationWarning: This process (pid=2235) is multi-threaded, use of fork() may lead to deadlocks in the child.
[2025-05-11T16:42:30.531+0700] {standard_task_runner.py:63} INFO - Started process 2236 to run task
[2025-05-11T16:42:30.529+0700] {standard_task_runner.py:90} INFO - Running: ['***', 'tasks', 'run', 'data_transformation', 'wait_for_stock_data', 'scheduled__2025-05-09T17:00:00+00:00', '--job-id', '95', '--raw', '--subdir', 'DAGS_FOLDER/data_transformation.py', '--cfg-path', '/tmp/tmppxw04m3i']
[2025-05-11T16:42:30.532+0700] {standard_task_runner.py:91} INFO - Job 95: Subtask wait_for_stock_data
[2025-05-11T16:42:30.615+0700] {task_command.py:426} INFO - Running <TaskInstance: data_transformation.wait_for_stock_data scheduled__2025-05-09T17:00:00+00:00 [running]> on host 615e6c656dab
[2025-05-11T16:42:30.755+0700] {taskinstance.py:2648} INFO - Exporting env vars: AIRFLOW_CTX_DAG_OWNER='***' AIRFLOW_CTX_DAG_ID='data_transformation' AIRFLOW_CTX_TASK_ID='wait_for_stock_data' AIRFLOW_CTX_EXECUTION_DATE='2025-05-09T17:00:00+00:00' AIRFLOW_CTX_TRY_NUMBER='1' AIRFLOW_CTX_DAG_RUN_ID='scheduled__2025-05-09T17:00:00+00:00'
[2025-05-11T16:42:30.756+0700] {taskinstance.py:430} INFO - ::endgroup::
[2025-05-11T16:42:30.775+0700] {baseoperator.py:400} WARNING - ExternalTaskSensor.execute cannot be called outside TaskInstance!
[2025-05-11T16:42:30.796+0700] {external_task.py:258} INFO - Poking for tasks ['end_task'] in dag stock_data_ingestion on 2025-05-09T17:00:00+00:00 ... 
[2025-05-11T16:42:30.799+0700] {logging_mixin.py:188} WARNING - /home/***/.local/lib/python3.12/site-packages/***/utils/session.py:79 DeprecationWarning: This method is deprecated and will be removed in future.
[2025-05-11T16:42:30.824+0700] {taskinstance.py:441} INFO - ::group::Post task execution logs
[2025-05-11T16:42:30.863+0700] {taskinstance.py:2865} INFO - Rescheduling task, marking task as UP_FOR_RESCHEDULE
[2025-05-11T16:42:30.906+0700] {local_task_job_runner.py:240} INFO - Task exited with return code 0
[2025-05-11T16:42:30.976+0700] {taskinstance.py:3503} INFO - 0 downstream tasks scheduled from follow-on schedule check
[2025-05-11T16:42:30.982+0700] {local_task_job_runner.py:222} INFO - ::endgroup::
[2025-05-11T16:43:31.402+0700] {local_task_job_runner.py:120} INFO - ::group::Pre task execution logs
[2025-05-11T16:43:31.456+0700] {taskinstance.py:2076} INFO - Dependencies all met for dep_context=non-requeueable deps ti=<TaskInstance: data_transformation.wait_for_stock_data scheduled__2025-05-09T17:00:00+00:00 [queued]>
[2025-05-11T16:43:31.468+0700] {taskinstance.py:2076} INFO - Dependencies all met for dep_context=requeueable deps ti=<TaskInstance: data_transformation.wait_for_stock_data scheduled__2025-05-09T17:00:00+00:00 [queued]>
[2025-05-11T16:43:31.469+0700] {taskinstance.py:2306} INFO - Starting attempt 1 of 2
[2025-05-11T16:43:31.489+0700] {taskinstance.py:2330} INFO - Executing <Task(ExternalTaskSensor): wait_for_stock_data> on 2025-05-09 17:00:00+00:00
[2025-05-11T16:43:31.497+0700] {logging_mixin.py:188} WARNING - /home/***/.local/lib/python3.12/site-packages/***/task/task_runner/standard_task_runner.py:61 DeprecationWarning: This process (pid=2349) is multi-threaded, use of fork() may lead to deadlocks in the child.
[2025-05-11T16:43:31.499+0700] {standard_task_runner.py:63} INFO - Started process 2350 to run task
[2025-05-11T16:43:31.497+0700] {standard_task_runner.py:90} INFO - Running: ['***', 'tasks', 'run', 'data_transformation', 'wait_for_stock_data', 'scheduled__2025-05-09T17:00:00+00:00', '--job-id', '99', '--raw', '--subdir', 'DAGS_FOLDER/data_transformation.py', '--cfg-path', '/tmp/tmpr_o_ww37']
[2025-05-11T16:43:31.501+0700] {standard_task_runner.py:91} INFO - Job 99: Subtask wait_for_stock_data
[2025-05-11T16:43:31.582+0700] {task_command.py:426} INFO - Running <TaskInstance: data_transformation.wait_for_stock_data scheduled__2025-05-09T17:00:00+00:00 [running]> on host 615e6c656dab
[2025-05-11T16:43:31.729+0700] {taskinstance.py:2648} INFO - Exporting env vars: AIRFLOW_CTX_DAG_OWNER='***' AIRFLOW_CTX_DAG_ID='data_transformation' AIRFLOW_CTX_TASK_ID='wait_for_stock_data' AIRFLOW_CTX_EXECUTION_DATE='2025-05-09T17:00:00+00:00' AIRFLOW_CTX_TRY_NUMBER='1' AIRFLOW_CTX_DAG_RUN_ID='scheduled__2025-05-09T17:00:00+00:00'
[2025-05-11T16:43:31.730+0700] {taskinstance.py:430} INFO - ::endgroup::
[2025-05-11T16:43:31.748+0700] {baseoperator.py:400} WARNING - ExternalTaskSensor.execute cannot be called outside TaskInstance!
[2025-05-11T16:43:31.764+0700] {external_task.py:258} INFO - Poking for tasks ['end_task'] in dag stock_data_ingestion on 2025-05-09T17:00:00+00:00 ... 
[2025-05-11T16:43:31.767+0700] {logging_mixin.py:188} WARNING - /home/***/.local/lib/python3.12/site-packages/***/utils/session.py:79 DeprecationWarning: This method is deprecated and will be removed in future.
[2025-05-11T16:43:31.788+0700] {taskinstance.py:441} INFO - ::group::Post task execution logs
[2025-05-11T16:43:31.823+0700] {taskinstance.py:2865} INFO - Rescheduling task, marking task as UP_FOR_RESCHEDULE
[2025-05-11T16:43:31.835+0700] {local_task_job_runner.py:240} INFO - Task exited with return code 0
[2025-05-11T16:43:31.891+0700] {taskinstance.py:3503} INFO - 0 downstream tasks scheduled from follow-on schedule check
[2025-05-11T16:43:31.896+0700] {local_task_job_runner.py:222} INFO - ::endgroup::
[2025-05-11T16:44:33.142+0700] {local_task_job_runner.py:120} INFO - ::group::Pre task execution logs
[2025-05-11T16:44:33.195+0700] {taskinstance.py:2076} INFO - Dependencies all met for dep_context=non-requeueable deps ti=<TaskInstance: data_transformation.wait_for_stock_data scheduled__2025-05-09T17:00:00+00:00 [queued]>
[2025-05-11T16:44:33.207+0700] {taskinstance.py:2076} INFO - Dependencies all met for dep_context=requeueable deps ti=<TaskInstance: data_transformation.wait_for_stock_data scheduled__2025-05-09T17:00:00+00:00 [queued]>
[2025-05-11T16:44:33.208+0700] {taskinstance.py:2306} INFO - Starting attempt 1 of 2
[2025-05-11T16:44:33.227+0700] {taskinstance.py:2330} INFO - Executing <Task(ExternalTaskSensor): wait_for_stock_data> on 2025-05-09 17:00:00+00:00
[2025-05-11T16:44:33.236+0700] {logging_mixin.py:188} WARNING - /home/***/.local/lib/python3.12/site-packages/***/task/task_runner/standard_task_runner.py:61 DeprecationWarning: This process (pid=2457) is multi-threaded, use of fork() may lead to deadlocks in the child.
[2025-05-11T16:44:33.235+0700] {standard_task_runner.py:90} INFO - Running: ['***', 'tasks', 'run', 'data_transformation', 'wait_for_stock_data', 'scheduled__2025-05-09T17:00:00+00:00', '--job-id', '105', '--raw', '--subdir', 'DAGS_FOLDER/data_transformation.py', '--cfg-path', '/tmp/tmpjrodp6wi']
[2025-05-11T16:44:33.238+0700] {standard_task_runner.py:63} INFO - Started process 2458 to run task
[2025-05-11T16:44:33.238+0700] {standard_task_runner.py:91} INFO - Job 105: Subtask wait_for_stock_data
[2025-05-11T16:44:33.319+0700] {task_command.py:426} INFO - Running <TaskInstance: data_transformation.wait_for_stock_data scheduled__2025-05-09T17:00:00+00:00 [running]> on host 615e6c656dab
[2025-05-11T16:44:33.461+0700] {taskinstance.py:2648} INFO - Exporting env vars: AIRFLOW_CTX_DAG_OWNER='***' AIRFLOW_CTX_DAG_ID='data_transformation' AIRFLOW_CTX_TASK_ID='wait_for_stock_data' AIRFLOW_CTX_EXECUTION_DATE='2025-05-09T17:00:00+00:00' AIRFLOW_CTX_TRY_NUMBER='1' AIRFLOW_CTX_DAG_RUN_ID='scheduled__2025-05-09T17:00:00+00:00'
[2025-05-11T16:44:33.462+0700] {taskinstance.py:430} INFO - ::endgroup::
[2025-05-11T16:44:33.478+0700] {baseoperator.py:400} WARNING - ExternalTaskSensor.execute cannot be called outside TaskInstance!
[2025-05-11T16:44:33.495+0700] {external_task.py:258} INFO - Poking for tasks ['end_task'] in dag stock_data_ingestion on 2025-05-09T17:00:00+00:00 ... 
[2025-05-11T16:44:33.498+0700] {logging_mixin.py:188} WARNING - /home/***/.local/lib/python3.12/site-packages/***/utils/session.py:79 DeprecationWarning: This method is deprecated and will be removed in future.
[2025-05-11T16:44:33.524+0700] {taskinstance.py:441} INFO - ::group::Post task execution logs
[2025-05-11T16:44:33.564+0700] {taskinstance.py:2865} INFO - Rescheduling task, marking task as UP_FOR_RESCHEDULE
[2025-05-11T16:44:33.574+0700] {local_task_job_runner.py:240} INFO - Task exited with return code 0
[2025-05-11T16:44:33.635+0700] {taskinstance.py:3503} INFO - 0 downstream tasks scheduled from follow-on schedule check
[2025-05-11T16:44:33.639+0700] {local_task_job_runner.py:222} INFO - ::endgroup::
[2025-05-11T16:45:34.749+0700] {local_task_job_runner.py:120} INFO - ::group::Pre task execution logs
[2025-05-11T16:45:34.791+0700] {taskinstance.py:2076} INFO - Dependencies all met for dep_context=non-requeueable deps ti=<TaskInstance: data_transformation.wait_for_stock_data scheduled__2025-05-09T17:00:00+00:00 [queued]>
[2025-05-11T16:45:34.800+0700] {taskinstance.py:2076} INFO - Dependencies all met for dep_context=requeueable deps ti=<TaskInstance: data_transformation.wait_for_stock_data scheduled__2025-05-09T17:00:00+00:00 [queued]>
[2025-05-11T16:45:34.801+0700] {taskinstance.py:2306} INFO - Starting attempt 1 of 2
[2025-05-11T16:45:34.821+0700] {taskinstance.py:2330} INFO - Executing <Task(ExternalTaskSensor): wait_for_stock_data> on 2025-05-09 17:00:00+00:00
[2025-05-11T16:45:34.830+0700] {logging_mixin.py:188} WARNING - /home/***/.local/lib/python3.12/site-packages/***/task/task_runner/standard_task_runner.py:61 DeprecationWarning: This process (pid=2575) is multi-threaded, use of fork() may lead to deadlocks in the child.
[2025-05-11T16:45:34.832+0700] {standard_task_runner.py:63} INFO - Started process 2576 to run task
[2025-05-11T16:45:34.830+0700] {standard_task_runner.py:90} INFO - Running: ['***', 'tasks', 'run', 'data_transformation', 'wait_for_stock_data', 'scheduled__2025-05-09T17:00:00+00:00', '--job-id', '111', '--raw', '--subdir', 'DAGS_FOLDER/data_transformation.py', '--cfg-path', '/tmp/tmp6g0f65ns']
[2025-05-11T16:45:34.833+0700] {standard_task_runner.py:91} INFO - Job 111: Subtask wait_for_stock_data
[2025-05-11T16:45:34.916+0700] {task_command.py:426} INFO - Running <TaskInstance: data_transformation.wait_for_stock_data scheduled__2025-05-09T17:00:00+00:00 [running]> on host 615e6c656dab
[2025-05-11T16:45:35.028+0700] {taskinstance.py:2648} INFO - Exporting env vars: AIRFLOW_CTX_DAG_OWNER='***' AIRFLOW_CTX_DAG_ID='data_transformation' AIRFLOW_CTX_TASK_ID='wait_for_stock_data' AIRFLOW_CTX_EXECUTION_DATE='2025-05-09T17:00:00+00:00' AIRFLOW_CTX_TRY_NUMBER='1' AIRFLOW_CTX_DAG_RUN_ID='scheduled__2025-05-09T17:00:00+00:00'
[2025-05-11T16:45:35.029+0700] {taskinstance.py:430} INFO - ::endgroup::
[2025-05-11T16:45:35.043+0700] {baseoperator.py:400} WARNING - ExternalTaskSensor.execute cannot be called outside TaskInstance!
[2025-05-11T16:45:35.057+0700] {external_task.py:258} INFO - Poking for tasks ['end_task'] in dag stock_data_ingestion on 2025-05-09T17:00:00+00:00 ... 
[2025-05-11T16:45:35.059+0700] {logging_mixin.py:188} WARNING - /home/***/.local/lib/python3.12/site-packages/***/utils/session.py:79 DeprecationWarning: This method is deprecated and will be removed in future.
[2025-05-11T16:45:35.076+0700] {taskinstance.py:441} INFO - ::group::Post task execution logs
[2025-05-11T16:45:35.119+0700] {taskinstance.py:2865} INFO - Rescheduling task, marking task as UP_FOR_RESCHEDULE
[2025-05-11T16:45:35.167+0700] {local_task_job_runner.py:240} INFO - Task exited with return code 0
[2025-05-11T16:45:35.214+0700] {taskinstance.py:3503} INFO - 0 downstream tasks scheduled from follow-on schedule check
[2025-05-11T16:45:35.221+0700] {local_task_job_runner.py:222} INFO - ::endgroup::
[2025-05-11T16:46:36.251+0700] {local_task_job_runner.py:120} INFO - ::group::Pre task execution logs
[2025-05-11T16:46:36.299+0700] {taskinstance.py:2076} INFO - Dependencies all met for dep_context=non-requeueable deps ti=<TaskInstance: data_transformation.wait_for_stock_data scheduled__2025-05-09T17:00:00+00:00 [queued]>
[2025-05-11T16:46:36.309+0700] {taskinstance.py:2076} INFO - Dependencies all met for dep_context=requeueable deps ti=<TaskInstance: data_transformation.wait_for_stock_data scheduled__2025-05-09T17:00:00+00:00 [queued]>
[2025-05-11T16:46:36.310+0700] {taskinstance.py:2306} INFO - Starting attempt 1 of 2
[2025-05-11T16:46:36.327+0700] {taskinstance.py:2330} INFO - Executing <Task(ExternalTaskSensor): wait_for_stock_data> on 2025-05-09 17:00:00+00:00
[2025-05-11T16:46:36.335+0700] {logging_mixin.py:188} WARNING - /home/***/.local/lib/python3.12/site-packages/***/task/task_runner/standard_task_runner.py:61 DeprecationWarning: This process (pid=2698) is multi-threaded, use of fork() may lead to deadlocks in the child.
[2025-05-11T16:46:36.336+0700] {standard_task_runner.py:63} INFO - Started process 2699 to run task
[2025-05-11T16:46:36.335+0700] {standard_task_runner.py:90} INFO - Running: ['***', 'tasks', 'run', 'data_transformation', 'wait_for_stock_data', 'scheduled__2025-05-09T17:00:00+00:00', '--job-id', '117', '--raw', '--subdir', 'DAGS_FOLDER/data_transformation.py', '--cfg-path', '/tmp/tmpiuvvdcd2']
[2025-05-11T16:46:36.337+0700] {standard_task_runner.py:91} INFO - Job 117: Subtask wait_for_stock_data
[2025-05-11T16:46:36.406+0700] {task_command.py:426} INFO - Running <TaskInstance: data_transformation.wait_for_stock_data scheduled__2025-05-09T17:00:00+00:00 [running]> on host 615e6c656dab
[2025-05-11T16:46:36.521+0700] {taskinstance.py:2648} INFO - Exporting env vars: AIRFLOW_CTX_DAG_OWNER='***' AIRFLOW_CTX_DAG_ID='data_transformation' AIRFLOW_CTX_TASK_ID='wait_for_stock_data' AIRFLOW_CTX_EXECUTION_DATE='2025-05-09T17:00:00+00:00' AIRFLOW_CTX_TRY_NUMBER='1' AIRFLOW_CTX_DAG_RUN_ID='scheduled__2025-05-09T17:00:00+00:00'
[2025-05-11T16:46:36.522+0700] {taskinstance.py:430} INFO - ::endgroup::
[2025-05-11T16:46:36.539+0700] {baseoperator.py:400} WARNING - ExternalTaskSensor.execute cannot be called outside TaskInstance!
[2025-05-11T16:46:36.554+0700] {external_task.py:258} INFO - Poking for tasks ['end_task'] in dag stock_data_ingestion on 2025-05-09T17:00:00+00:00 ... 
[2025-05-11T16:46:36.558+0700] {logging_mixin.py:188} WARNING - /home/***/.local/lib/python3.12/site-packages/***/utils/session.py:79 DeprecationWarning: This method is deprecated and will be removed in future.
[2025-05-11T16:46:36.580+0700] {taskinstance.py:441} INFO - ::group::Post task execution logs
[2025-05-11T16:46:36.638+0700] {taskinstance.py:2865} INFO - Rescheduling task, marking task as UP_FOR_RESCHEDULE
[2025-05-11T16:46:36.672+0700] {local_task_job_runner.py:240} INFO - Task exited with return code 0
[2025-05-11T16:46:36.769+0700] {taskinstance.py:3503} INFO - 0 downstream tasks scheduled from follow-on schedule check
[2025-05-11T16:46:36.772+0700] {local_task_job_runner.py:222} INFO - ::endgroup::
[2025-05-11T16:47:37.082+0700] {local_task_job_runner.py:120} INFO - ::group::Pre task execution logs
[2025-05-11T16:47:37.143+0700] {taskinstance.py:2076} INFO - Dependencies all met for dep_context=non-requeueable deps ti=<TaskInstance: data_transformation.wait_for_stock_data scheduled__2025-05-09T17:00:00+00:00 [queued]>
[2025-05-11T16:47:37.158+0700] {taskinstance.py:2076} INFO - Dependencies all met for dep_context=requeueable deps ti=<TaskInstance: data_transformation.wait_for_stock_data scheduled__2025-05-09T17:00:00+00:00 [queued]>
[2025-05-11T16:47:37.159+0700] {taskinstance.py:2306} INFO - Starting attempt 1 of 2
[2025-05-11T16:47:37.180+0700] {taskinstance.py:2330} INFO - Executing <Task(ExternalTaskSensor): wait_for_stock_data> on 2025-05-09 17:00:00+00:00
[2025-05-11T16:47:37.192+0700] {logging_mixin.py:188} WARNING - /home/***/.local/lib/python3.12/site-packages/***/task/task_runner/standard_task_runner.py:61 DeprecationWarning: This process (pid=2805) is multi-threaded, use of fork() may lead to deadlocks in the child.
[2025-05-11T16:47:37.192+0700] {standard_task_runner.py:90} INFO - Running: ['***', 'tasks', 'run', 'data_transformation', 'wait_for_stock_data', 'scheduled__2025-05-09T17:00:00+00:00', '--job-id', '123', '--raw', '--subdir', 'DAGS_FOLDER/data_transformation.py', '--cfg-path', '/tmp/tmp7ukeonrn']
[2025-05-11T16:47:37.194+0700] {standard_task_runner.py:63} INFO - Started process 2806 to run task
[2025-05-11T16:47:37.194+0700] {standard_task_runner.py:91} INFO - Job 123: Subtask wait_for_stock_data
[2025-05-11T16:47:37.301+0700] {task_command.py:426} INFO - Running <TaskInstance: data_transformation.wait_for_stock_data scheduled__2025-05-09T17:00:00+00:00 [running]> on host 615e6c656dab
[2025-05-11T16:47:37.591+0700] {taskinstance.py:2648} INFO - Exporting env vars: AIRFLOW_CTX_DAG_OWNER='***' AIRFLOW_CTX_DAG_ID='data_transformation' AIRFLOW_CTX_TASK_ID='wait_for_stock_data' AIRFLOW_CTX_EXECUTION_DATE='2025-05-09T17:00:00+00:00' AIRFLOW_CTX_TRY_NUMBER='1' AIRFLOW_CTX_DAG_RUN_ID='scheduled__2025-05-09T17:00:00+00:00'
[2025-05-11T16:47:37.593+0700] {taskinstance.py:430} INFO - ::endgroup::
[2025-05-11T16:47:37.628+0700] {baseoperator.py:400} WARNING - ExternalTaskSensor.execute cannot be called outside TaskInstance!
[2025-05-11T16:47:37.653+0700] {external_task.py:258} INFO - Poking for tasks ['end_task'] in dag stock_data_ingestion on 2025-05-09T17:00:00+00:00 ... 
[2025-05-11T16:47:37.657+0700] {logging_mixin.py:188} WARNING - /home/***/.local/lib/python3.12/site-packages/***/utils/session.py:79 DeprecationWarning: This method is deprecated and will be removed in future.
[2025-05-11T16:47:37.687+0700] {taskinstance.py:441} INFO - ::group::Post task execution logs
[2025-05-11T16:47:37.739+0700] {taskinstance.py:2865} INFO - Rescheduling task, marking task as UP_FOR_RESCHEDULE
[2025-05-11T16:47:37.772+0700] {local_task_job_runner.py:240} INFO - Task exited with return code 0
[2025-05-11T16:47:37.864+0700] {taskinstance.py:3503} INFO - 0 downstream tasks scheduled from follow-on schedule check
[2025-05-11T16:47:37.868+0700] {local_task_job_runner.py:222} INFO - ::endgroup::
