[2025-05-11T06:32:25.786+0700] {local_task_job_runner.py:120} INFO - ::group::Pre task execution logs
[2025-05-11T06:32:25.841+0700] {taskinstance.py:2076} INFO - Dependencies all met for dep_context=non-requeueable deps ti=<TaskInstance: bbca_lstm_prediction_enhanced.train_models scheduled__2025-05-08T11:30:00+00:00 [queued]>
[2025-05-11T06:32:25.857+0700] {taskinstance.py:2076} INFO - Dependencies all met for dep_context=requeueable deps ti=<TaskInstance: bbca_lstm_prediction_enhanced.train_models scheduled__2025-05-08T11:30:00+00:00 [queued]>
[2025-05-11T06:32:25.858+0700] {taskinstance.py:2306} INFO - Starting attempt 2 of 3
[2025-05-11T06:32:25.883+0700] {taskinstance.py:2330} INFO - Executing <Task(PythonOperator): train_models> on 2025-05-08 11:30:00+00:00
[2025-05-11T06:32:25.898+0700] {standard_task_runner.py:90} INFO - Running: ['***', 'tasks', 'run', 'bbca_lstm_prediction_enhanced', 'train_models', 'scheduled__2025-05-08T11:30:00+00:00', '--job-id', '124', '--raw', '--subdir', 'DAGS_FOLDER/bbca_dag.py', '--cfg-path', '/tmp/tmpfz35q7w9']
[2025-05-11T06:32:25.903+0700] {standard_task_runner.py:91} INFO - Job 124: Subtask train_models
[2025-05-11T06:32:25.913+0700] {logging_mixin.py:188} WARNING - /home/***/.local/lib/python3.12/site-packages/***/task/task_runner/standard_task_runner.py:61 DeprecationWarning: This process (pid=7827) is multi-threaded, use of fork() may lead to deadlocks in the child.
[2025-05-11T06:32:25.914+0700] {standard_task_runner.py:63} INFO - Started process 7840 to run task
[2025-05-11T06:32:26.001+0700] {task_command.py:426} INFO - Running <TaskInstance: bbca_lstm_prediction_enhanced.train_models scheduled__2025-05-08T11:30:00+00:00 [running]> on host 63831b4a45c6
[2025-05-11T06:32:26.152+0700] {taskinstance.py:2648} INFO - Exporting env vars: AIRFLOW_CTX_DAG_OWNER='***' AIRFLOW_CTX_DAG_ID='bbca_lstm_prediction_enhanced' AIRFLOW_CTX_TASK_ID='train_models' AIRFLOW_CTX_EXECUTION_DATE='2025-05-08T11:30:00+00:00' AIRFLOW_CTX_TRY_NUMBER='2' AIRFLOW_CTX_DAG_RUN_ID='scheduled__2025-05-08T11:30:00+00:00'
[2025-05-11T06:32:26.153+0700] {taskinstance.py:430} INFO - ::endgroup::
[2025-05-11T06:32:26.188+0700] {bbca_dag.py:134} INFO - Training models with data path: /opt/***/data/lstm/bbca_data.csv
[2025-05-11T06:32:26.189+0700] {lstm_models.py:152} INFO - Training models: ['LSTM', 'BiLSTM', 'ConvLSTM'] with data from /opt/***/data/lstm/bbca_data.csv
[2025-05-11T06:32:26.190+0700] {python.py:237} INFO - Done. Returned value was: {'status': 'success', 'models_trained': ['LSTM', 'BiLSTM', 'ConvLSTM']}
[2025-05-11T06:32:26.191+0700] {taskinstance.py:441} INFO - ::group::Post task execution logs
[2025-05-11T06:32:26.233+0700] {taskinstance.py:1206} INFO - Marking task as SUCCESS. dag_id=bbca_lstm_prediction_enhanced, task_id=train_models, run_id=scheduled__2025-05-08T11:30:00+00:00, execution_date=20250508T113000, start_date=20250510T233225, end_date=20250510T233226
[2025-05-11T06:32:26.292+0700] {local_task_job_runner.py:240} INFO - Task exited with return code 0
[2025-05-11T06:32:26.330+0700] {taskinstance.py:3503} INFO - 2 downstream tasks scheduled from follow-on schedule check
[2025-05-11T06:32:26.337+0700] {local_task_job_runner.py:222} INFO - ::endgroup::
