[2025-05-11T06:30:27.171+0700] {local_task_job_runner.py:120} INFO - ::group::Pre task execution logs
[2025-05-11T06:30:27.240+0700] {taskinstance.py:2076} INFO - Dependencies all met for dep_context=non-requeueable deps ti=<TaskInstance: bbca_lstm_prediction_enhanced.train_models scheduled__2025-05-08T11:30:00+00:00 [queued]>
[2025-05-11T06:30:27.255+0700] {taskinstance.py:2076} INFO - Dependencies all met for dep_context=requeueable deps ti=<TaskInstance: bbca_lstm_prediction_enhanced.train_models scheduled__2025-05-08T11:30:00+00:00 [queued]>
[2025-05-11T06:30:27.256+0700] {taskinstance.py:2306} INFO - Starting attempt 1 of 2
[2025-05-11T06:30:27.281+0700] {taskinstance.py:2330} INFO - Executing <Task(PythonOperator): train_models> on 2025-05-08 11:30:00+00:00
[2025-05-11T06:30:27.295+0700] {standard_task_runner.py:63} INFO - Started process 7698 to run task
[2025-05-11T06:30:27.303+0700] {standard_task_runner.py:90} INFO - Running: ['***', 'tasks', 'run', 'bbca_lstm_prediction_enhanced', 'train_models', 'scheduled__2025-05-08T11:30:00+00:00', '--job-id', '122', '--raw', '--subdir', 'DAGS_FOLDER/bbca_dag.py', '--cfg-path', '/tmp/tmp1_wabrh3']
[2025-05-11T06:30:27.309+0700] {standard_task_runner.py:91} INFO - Job 122: Subtask train_models
[2025-05-11T06:30:27.420+0700] {task_command.py:426} INFO - Running <TaskInstance: bbca_lstm_prediction_enhanced.train_models scheduled__2025-05-08T11:30:00+00:00 [running]> on host 63831b4a45c6
[2025-05-11T06:30:28.034+0700] {taskinstance.py:2648} INFO - Exporting env vars: AIRFLOW_CTX_DAG_OWNER='***' AIRFLOW_CTX_DAG_ID='bbca_lstm_prediction_enhanced' AIRFLOW_CTX_TASK_ID='train_models' AIRFLOW_CTX_EXECUTION_DATE='2025-05-08T11:30:00+00:00' AIRFLOW_CTX_TRY_NUMBER='1' AIRFLOW_CTX_DAG_RUN_ID='scheduled__2025-05-08T11:30:00+00:00'
[2025-05-11T06:30:28.042+0700] {taskinstance.py:430} INFO - ::endgroup::
[2025-05-11T06:30:28.122+0700] {bbca_dag.py:134} INFO - Training models with data path: /opt/***/data/lstm/bbca_data.csv
[2025-05-11T06:30:28.123+0700] {taskinstance.py:441} INFO - ::group::Post task execution logs
[2025-05-11T06:30:28.124+0700] {taskinstance.py:2905} ERROR - Task failed with exception
Traceback (most recent call last):
  File "/home/airflow/.local/lib/python3.12/site-packages/airflow/models/taskinstance.py", line 465, in _execute_task
    result = _execute_callable(context=context, **execute_callable_kwargs)
             ^^^^^^^^^^^^^^^^^^^^^^^^^^^^^^^^^^^^^^^^^^^^^^^^^^^^^^^^^^^^^
  File "/home/airflow/.local/lib/python3.12/site-packages/airflow/models/taskinstance.py", line 432, in _execute_callable
    return execute_callable(context=context, **execute_callable_kwargs)
           ^^^^^^^^^^^^^^^^^^^^^^^^^^^^^^^^^^^^^^^^^^^^^^^^^^^^^^^^^^^^
  File "/home/airflow/.local/lib/python3.12/site-packages/airflow/models/baseoperator.py", line 401, in wrapper
    return func(self, *args, **kwargs)
           ^^^^^^^^^^^^^^^^^^^^^^^^^^^
  File "/home/airflow/.local/lib/python3.12/site-packages/airflow/operators/python.py", line 235, in execute
    return_value = self.execute_callable()
                   ^^^^^^^^^^^^^^^^^^^^^^^
  File "/home/airflow/.local/lib/python3.12/site-packages/airflow/operators/python.py", line 252, in execute_callable
    return self.python_callable(*self.op_args, **self.op_kwargs)
           ^^^^^^^^^^^^^^^^^^^^^^^^^^^^^^^^^^^^^^^^^^^^^^^^^^^^^
  File "/opt/airflow/dags/bbca_dag.py", line 135, in task_train_models
    return train_models(data_path, model_types=['LSTM', 'BiLSTM', 'ConvLSTM'])
           ^^^^^^^^^^^^
NameError: name 'train_models' is not defined. Did you mean: 'task_train_models'?
[2025-05-11T06:30:28.154+0700] {taskinstance.py:1206} INFO - Marking task as UP_FOR_RETRY. dag_id=bbca_lstm_prediction_enhanced, task_id=train_models, run_id=scheduled__2025-05-08T11:30:00+00:00, execution_date=20250508T113000, start_date=20250510T233027, end_date=20250510T233028
[2025-05-11T06:30:28.177+0700] {standard_task_runner.py:110} ERROR - Failed to execute job 122 for task train_models (name 'train_models' is not defined; 7698)
[2025-05-11T06:30:28.237+0700] {local_task_job_runner.py:240} INFO - Task exited with return code 1
[2025-05-11T06:30:28.280+0700] {taskinstance.py:3503} INFO - 0 downstream tasks scheduled from follow-on schedule check
[2025-05-11T06:30:28.285+0700] {local_task_job_runner.py:222} INFO - ::endgroup::
[2025-05-11T16:51:51.254+0700] {local_task_job_runner.py:120} INFO - ::group::Pre task execution logs
[2025-05-11T16:51:51.336+0700] {taskinstance.py:2076} INFO - Dependencies all met for dep_context=non-requeueable deps ti=<TaskInstance: bbca_lstm_prediction_enhanced.train_models scheduled__2025-05-08T11:30:00+00:00 [queued]>
[2025-05-11T16:51:51.357+0700] {taskinstance.py:2076} INFO - Dependencies all met for dep_context=requeueable deps ti=<TaskInstance: bbca_lstm_prediction_enhanced.train_models scheduled__2025-05-08T11:30:00+00:00 [queued]>
[2025-05-11T16:51:51.358+0700] {taskinstance.py:2306} INFO - Starting attempt 1 of 2
[2025-05-11T16:51:51.386+0700] {taskinstance.py:2330} INFO - Executing <Task(PythonOperator): train_models> on 2025-05-08 11:30:00+00:00
[2025-05-11T16:51:51.407+0700] {logging_mixin.py:188} WARNING - /home/***/.local/lib/python3.12/site-packages/***/task/task_runner/standard_task_runner.py:61 DeprecationWarning: This process (pid=3356) is multi-threaded, use of fork() may lead to deadlocks in the child.
[2025-05-11T16:51:51.407+0700] {standard_task_runner.py:90} INFO - Running: ['***', 'tasks', 'run', 'bbca_lstm_prediction_enhanced', 'train_models', 'scheduled__2025-05-08T11:30:00+00:00', '--job-id', '152', '--raw', '--subdir', 'DAGS_FOLDER/bbca_dag.py', '--cfg-path', '/tmp/tmpaxmfbae9']
[2025-05-11T16:51:51.413+0700] {standard_task_runner.py:63} INFO - Started process 3374 to run task
[2025-05-11T16:51:51.413+0700] {standard_task_runner.py:91} INFO - Job 152: Subtask train_models
[2025-05-11T16:51:51.582+0700] {task_command.py:426} INFO - Running <TaskInstance: bbca_lstm_prediction_enhanced.train_models scheduled__2025-05-08T11:30:00+00:00 [running]> on host 615e6c656dab
[2025-05-11T16:51:51.955+0700] {taskinstance.py:2648} INFO - Exporting env vars: AIRFLOW_CTX_DAG_OWNER='***' AIRFLOW_CTX_DAG_ID='bbca_lstm_prediction_enhanced' AIRFLOW_CTX_TASK_ID='train_models' AIRFLOW_CTX_EXECUTION_DATE='2025-05-08T11:30:00+00:00' AIRFLOW_CTX_TRY_NUMBER='1' AIRFLOW_CTX_DAG_RUN_ID='scheduled__2025-05-08T11:30:00+00:00'
[2025-05-11T16:51:51.965+0700] {taskinstance.py:430} INFO - ::endgroup::
[2025-05-11T16:51:52.081+0700] {bbca_dag.py:134} INFO - Training models with data path: /opt/***/data/lstm/bbca_data.csv
[2025-05-11T16:51:52.082+0700] {lstm_models.py:152} INFO - Training models: ['LSTM', 'BiLSTM', 'ConvLSTM'] with data from /opt/***/data/lstm/bbca_data.csv
[2025-05-11T16:51:52.088+0700] {python.py:237} INFO - Done. Returned value was: {'status': 'success', 'models_trained': ['LSTM', 'BiLSTM', 'ConvLSTM']}
[2025-05-11T16:51:52.089+0700] {taskinstance.py:441} INFO - ::group::Post task execution logs
[2025-05-11T16:51:52.177+0700] {taskinstance.py:1206} INFO - Marking task as SUCCESS. dag_id=bbca_lstm_prediction_enhanced, task_id=train_models, run_id=scheduled__2025-05-08T11:30:00+00:00, execution_date=20250508T113000, start_date=20250511T095151, end_date=20250511T095152
[2025-05-11T16:51:52.234+0700] {local_task_job_runner.py:240} INFO - Task exited with return code 0
[2025-05-11T16:51:52.317+0700] {taskinstance.py:3503} INFO - 2 downstream tasks scheduled from follow-on schedule check
[2025-05-11T16:51:52.326+0700] {local_task_job_runner.py:222} INFO - ::endgroup::
